#
# A fatal error has been detected by the Java Runtime Environment:
#
#  SIGSEGV (0xb) at pc=0x00007fd4c5069eba, pid=4668, tid=0x00007fd4b0194700
#
# JRE version: Java(TM) SE Runtime Environment (8.0_201-b09) (build 1.8.0_201-b09)
# Java VM: Java HotSpot(TM) 64-Bit Server VM (25.201-b09 mixed mode linux-amd64 compressed oops)
# Problematic frame:
# v  ~BufferBlob::jni_fast_GetLongField
#
# Failed to write core dump. Core dumps have been disabled. To enable core dumping, try "ulimit -c unlimited" before starting Java again
#
# If you would like to submit a bug report, please visit:
#   http://bugreport.java.com/bugreport/crash.jsp
# The crash happened outside the Java Virtual Machine in native code.
# See problematic frame for where to report the bug.
#

---------------  T H R E A D  ---------------

Current thread (0x00007fd4d4223800):  JavaThread "AWT-XAWT" daemon [_thread_in_native, id=4689, stack(0x00007fd4b0094000,0x00007fd4b0195000)]

siginfo: si_signo: 11 (SIGSEGV), si_code: 1 (SEGV_MAPERR), si_addr: 0x0000000000000000

Registers:
RAX=0x00007fd4dca04400, RBX=0x00007fd4d42239f8, RCX=0x0000000000000001, RDX=0x0000000000000042
RSP=0x00007fd4b0193878, RBP=0x00007fd4b01938a0, RSI=0x0000000000000000, RDI=0x00007fd4d42239f8
R8 =0x00000000ebe6f5d0, R9 =0x0000000000000000, R10=0x000000000000001e, R11=0x00007fd4c525fbd8
R12=0x00007fd47c0a0990, R13=0x0000000000000000, R14=0x00007fd4b1afbb00, R15=0x00007fd4d4223800
RIP=0x00007fd4c5069eba, EFLAGS=0x0000000000010246, CSGSFS=0x002b000000000033, ERR=0x0000000000000004
  TRAPNO=0x000000000000000e

Top of Stack: (sp=0x00007fd4b0193878)
0x00007fd4b0193878:   00007fd4b18d9f24 00007fd4d9698580
0x00007fd4b0193888:   00007fd47c0a0990 00007fd4b0193950
0x00007fd4b0193898:   00007fd4b0193920 0000000000000000
0x00007fd4b01938a8:   00007fd4b13bd3c0 00007fd4d9698580
0x00007fd4b01938b8:   00007fd4b01938e0 0000000000000000
0x00007fd4b01938c8:   00007fd4b13b4f93 00007fd4b0193950
0x00007fd4b01938d8:   00007fd4b18d22af 00007fd4b0193930
0x00007fd4b01938e8:   00007fd4c525fc76 0000000000000000
0x00007fd4b01938f8:   00007fd4c5239636 00007fd4b0193950
0x00007fd4b0193908:   00007fd4c51733ac 00007fd4b01939b0
0x00007fd4b0193918:   00000000ec061ea8 00000000ec062d98
0x00007fd4b0193928:   0000000000000001 00007fd4b01939b0
0x00007fd4b0193938:   00007fd4c5007a90 00007fd4b01939b0
0x00007fd4b0193948:   00007fd4c5007a90 0000000000000000
0x00007fd4b0193958:   00007fd4c5007dd0 00007fd480000e30
0x00007fd4b0193968:   00000000ec0caea0 00007fd4b0193970
0x00007fd4b0193978:   00007fd4d9678714 00007fd4b01939f8
0x00007fd4b0193988:   00007fd4d9681690 0000000000000000
0x00007fd4b0193998:   00007fd4d9678850 00007fd4b0193950
0x00007fd4b01939a8:   00007fd4b01939f0 00007fd4b0193a40
0x00007fd4b01939b8:   00007fd4c50082bd 0000000000000000
0x00007fd4b01939c8:   0000000000000000 0000000000000000
0x00007fd4b01939d8:   0000000000000000 0000000000000000
0x00007fd4b01939e8:   00000000ec0caea0 0000000000000000
0x00007fd4b01939f8:   00000000ec096d50 00007fd4b0193a00
0x00007fd4b0193a08:   00007fd4d9678555 00007fd4b0193a50
0x00007fd4b0193a18:   00007fd4d9681690 0000000000000000
0x00007fd4b0193a28:   00007fd4d9678560 00007fd4b01939f0
0x00007fd4b0193a38:   00007fd4b0193a50 00007fd4b0193a98
0x00007fd4b0193a48:   00007fd4c5008302 00000000ec096d50
0x00007fd4b0193a58:   00007fd4b0193a58 00007fd4d922d6cb
0x00007fd4b0193a68:   00007fd4b0193aa8 00007fd4d92b53e8 

Instructions: (pc=0x00007fd4c5069eba)
0x00007fd4c5069e9a:   00 00 00 00 00 00 44 8b 15 95 a0 9d 17 4c 8b ce
0x00007fd4c5069eaa:   41 f6 c2 01 0f 85 2e 00 00 00 4d 33 ca 4d 33 ca
0x00007fd4c5069eba:   4d 8b 09 4c 8b da 49 c1 eb 02 4b 8b 04 19 49 bb
0x00007fd4c5069eca:   3c 3f a4 dc d4 7f 00 00 4c 33 d8 4c 33 d8 45 3b 

Register to memory mapping:

RAX=0x00007fd4dca04400: <offset 0xf8d400> in /home/nico/Escritorio/programacion II/Netbeans/jdk1.8.0_201/jre/lib/amd64/server/libjvm.so at 0x00007fd4dba77000
RBX=0x00007fd4d42239f8 is an unknown value
RCX=0x0000000000000001 is an unknown value
RDX=0x0000000000000042 is an unknown value
RSP=0x00007fd4b0193878 is pointing into the stack for thread: 0x00007fd4d4223800
RBP=0x00007fd4b01938a0 is pointing into the stack for thread: 0x00007fd4d4223800
RSI=0x0000000000000000 is an unknown value
RDI=0x00007fd4d42239f8 is an unknown value
R8 =0x00000000ebe6f5d0 is an oop
sun.util.logging.PlatformLogger$Level 
 - klass: 'sun/util/logging/PlatformLogger$Level'
R9 =0x0000000000000000 is an unknown value
R10=0x000000000000001e is an unknown value
R11=0x00007fd4c525fbd8 is at entry_point+24 in (nmethod*)0x00007fd4c525fa50
R12=0x00007fd47c0a0990 is an unknown value
R13=0x0000000000000000 is an unknown value
R14=0x00007fd4b1afbb00: <offset 0x256b00> in /home/nico/Escritorio/programacion II/Netbeans/jdk1.8.0_201/jre/lib/amd64/libawt_xawt.so at 0x00007fd4b18a5000
R15=0x00007fd4d4223800 is a thread


Stack: [0x00007fd4b0094000,0x00007fd4b0195000],  sp=0x00007fd4b0193878,  free space=1022k
Native frames: (J=compiled Java code, j=interpreted, Vv=VM code, C=native code)
v  ~BufferBlob::jni_fast_GetLongField
C  [libX11.so.6+0x643c0]  _XimServerDestroy+0x70

Java frames: (J=compiled Java code, j=interpreted, Vv=VM code)
J 601  sun.awt.X11.XlibWrapper.XFilterEvent(JJ)Z (0 bytes) @ 0x00007fd4c525fc04 [0x00007fd4c525fbc0+0x44]
j  sun.awt.X11.XToolkit.run(Z)V+300
j  sun.awt.X11.XToolkit.run()V+5
j  java.lang.Thread.run()V+11
v  ~StubRoutines::call_stub

---------------  P R O C E S S  ---------------

Java Threads: ( => current thread )
  0x00007fd470033800 JavaThread "XToolkt-Shutdown-Thread" [_thread_in_native, id=5935, stack(0x00007fd47785d000,0x00007fd47795e000)]
  0x00007fd49c003800 JavaThread "SIGTERM handler" daemon [_thread_blocked, id=5933, stack(0x00007fd47795e000,0x00007fd477a5f000)]
  0x00007fd49c002000 JavaThread "SIGTERM handler" daemon [_thread_blocked, id=5907, stack(0x00007fd477a5f000,0x00007fd477b60000)]
  0x00007fd49c001000 JavaThread "SIGHUP handler" daemon [_thread_blocked, id=5885, stack(0x00007fd4882c2000,0x00007fd4883c3000)]
  0x00007fd4d400a800 JavaThread "DestroyJavaVM" [_thread_blocked, id=4673, stack(0x00007fd4dd569000,0x00007fd4dd66a000)]
  0x00007fd4d4252800 JavaThread "AWT-EventQueue-0" [_thread_blocked, id=4691, stack(0x00007fd4885c3000,0x00007fd4886c4000)]
  0x00007fd4d423e000 JavaThread "AWT-Shutdown" [_thread_blocked, id=4690, stack(0x00007fd4886c4000,0x00007fd4887c5000)]
=>0x00007fd4d4223800 JavaThread "AWT-XAWT" daemon [_thread_in_native, id=4689, stack(0x00007fd4b0094000,0x00007fd4b0195000)]
  0x00007fd4d4202800 JavaThread "Java2D Disposer" daemon [_thread_blocked, id=4688, stack(0x00007fd4b0195000,0x00007fd4b0296000)]
  0x00007fd4d40c1800 JavaThread "Service Thread" daemon [_thread_blocked, id=4686, stack(0x00007fd4b1ecd000,0x00007fd4b1fce000)]
  0x00007fd4d40be800 JavaThread "C1 CompilerThread2" daemon [_thread_blocked, id=4685, stack(0x00007fd4b1fce000,0x00007fd4b20cf000)]
  0x00007fd4d40bc800 JavaThread "C2 CompilerThread1" daemon [_thread_blocked, id=4684, stack(0x00007fd4b20cf000,0x00007fd4b21d0000)]
  0x00007fd4d40b9800 JavaThread "C2 CompilerThread0" daemon [_thread_blocked, id=4683, stack(0x00007fd4c403b000,0x00007fd4c413c000)]
  0x00007fd4d40b8000 JavaThread "Signal Dispatcher" daemon [_thread_blocked, id=4682, stack(0x00007fd4c413c000,0x00007fd4c423d000)]
  0x00007fd4d4085000 JavaThread "Finalizer" daemon [_thread_blocked, id=4681, stack(0x00007fd4c4bfc000,0x00007fd4c4cfd000)]
  0x00007fd4d4082800 JavaThread "Reference Handler" daemon [_thread_blocked, id=4679, stack(0x00007fd4c4cfd000,0x00007fd4c4dfe000)]

Other Threads:
  0x00007fd4d4079000 VMThread [stack: 0x00007fd4c4dfe000,0x00007fd4c4eff000] [id=4678]
  0x00007fd4d40c4000 WatcherThread [stack: 0x00007fd4b1dcc000,0x00007fd4b1ecd000] [id=4687]

VM state:not at safepoint (normal execution)

VM Mutex/Monitor currently owned by a thread: None

heap address: 0x00000000c3a00000, size: 966 MB, Compressed Oops mode: 32-bit
Narrow klass base: 0x0000000000000000, Narrow klass shift: 3
Compressed class space size: 1073741824 Address: 0x0000000100000000

Heap:
 PSYoungGen      total 18432K, used 7635K [0x00000000ebe00000, 0x00000000ed280000, 0x0000000100000000)
  eden space 15872K, 48% used [0x00000000ebe00000,0x00000000ec574e40,0x00000000ecd80000)
  from space 2560K, 0% used [0x00000000ed000000,0x00000000ed000000,0x00000000ed280000)
  to   space 2560K, 0% used [0x00000000ecd80000,0x00000000ecd80000,0x00000000ed000000)
 ParOldGen       total 42496K, used 0K [0x00000000c3a00000, 0x00000000c6380000, 0x00000000ebe00000)
  object space 42496K, 0% used [0x00000000c3a00000,0x00000000c3a00000,0x00000000c6380000)
 Metaspace       used 12498K, capacity 12658K, committed 12928K, reserved 1060864K
  class space    used 1540K, capacity 1639K, committed 1664K, reserved 1048576K

Card table byte_map: [0x00007fd4da128000,0x00007fd4da30c000] byte_map_base: 0x00007fd4d9b0b000

Marking Bits: (ParMarkBitMap*) 0x00007fd4dca42d80
 Begin Bits: [0x00007fd4b21d0000, 0x00007fd4b30e8000)
 End Bits:   [0x00007fd4b30e8000, 0x00007fd4b4000000)

Polling page: 0x00007fd4dd686000

CodeCache: size=245760Kb used=2584Kb max_used=2595Kb free=243176Kb
 bounds [0x00007fd4c5000000, 0x00007fd4c5290000, 0x00007fd4d4000000]
 total_blobs=1160 nmethods=622 adapters=452
 compilation: enabled

Compilation events (10 events):
Event: 1136,040 Thread 0x00007fd4d40be800  618   !   3       sun.awt.X11.XToolkit$1::dispatchEvent (34 bytes)
Event: 1136,042 Thread 0x00007fd4d40be800 nmethod 618 0x00007fd4c5285650 code [0x00007fd4c52858a0, 0x00007fd4c52866b8]
Event: 1136,042 Thread 0x00007fd4d40be800  619       3       sun.awt.X11.XMSelection$1::dispatchEvent (10 bytes)
Event: 1136,043 Thread 0x00007fd4d40be800 nmethod 619 0x00007fd4c5283310 code [0x00007fd4c52834c0, 0x00007fd4c5283918]
Event: 1256,499 Thread 0x00007fd4d40bc800  620       4       java.lang.Long::compareTo (9 bytes)
Event: 1256,501 Thread 0x00007fd4d40bc800 nmethod 620 0x00007fd4c5280c90 code [0x00007fd4c5280de0, 0x00007fd4c5280e98]
Event: 1272,975 Thread 0x00007fd4d40be800  621       3       java.util.Vector::<init> (53 bytes)
Event: 1272,976 Thread 0x00007fd4d40be800 nmethod 621 0x00007fd4c5282ad0 code [0x00007fd4c5282c80, 0x00007fd4c5283138]
Event: 1836,882 Thread 0x00007fd4d40bc800  622   !   4       sun.awt.X11.XToolkit::callTimeoutTasks (220 bytes)
Event: 1836,887 Thread 0x00007fd4d40bc800 nmethod 622 0x00007fd4c5282510 code [0x00007fd4c5282680, 0x00007fd4c52827d8]

GC Heap History (0 events):
No events

Deoptimization events (7 events):
Event: 0,791 Thread 0x00007fd47c01b800 Uncommon trap: reason=unstable_if action=reinterpret pc=0x00007fd4c51aef00 method=java.util.Properties.loadConvert([CII[C)Ljava/lang/String; @ 57
Event: 0,857 Thread 0x00007fd47c01b800 Uncommon trap: reason=unstable_if action=reinterpret pc=0x00007fd4c51cef28 method=java.lang.String.<init>([CII)V @ 18
Event: 0,894 Thread 0x00007fd4d4252800 Uncommon trap: reason=class_check action=maybe_recompile pc=0x00007fd4c51f24dc method=java.util.HashMap.putVal(ILjava/lang/Object;Ljava/lang/Object;ZZ)Ljava/lang/Object; @ 253
Event: 0,898 Thread 0x00007fd4d4252800 Uncommon trap: reason=class_check action=maybe_recompile pc=0x00007fd4c51f24dc method=java.util.HashMap.putVal(ILjava/lang/Object;Ljava/lang/Object;ZZ)Ljava/lang/Object; @ 253
Event: 0,899 Thread 0x00007fd4d4252800 Uncommon trap: reason=class_check action=maybe_recompile pc=0x00007fd4c51f24dc method=java.util.HashMap.putVal(ILjava/lang/Object;Ljava/lang/Object;ZZ)Ljava/lang/Object; @ 253
Event: 0,899 Thread 0x00007fd4d4252800 Uncommon trap: reason=class_check action=maybe_recompile pc=0x00007fd4c51f24dc method=java.util.HashMap.putVal(ILjava/lang/Object;Ljava/lang/Object;ZZ)Ljava/lang/Object; @ 253
Event: 0,899 Thread 0x00007fd4d4252800 Uncommon trap: reason=class_check action=maybe_recompile pc=0x00007fd4c51f4fd4 method=java.util.HashMap.putVal(ILjava/lang/Object;Ljava/lang/Object;ZZ)Ljava/lang/Object; @ 253

Classes redefined (0 events):
No events

Internal exceptions (10 events):
Event: 0,672 Thread 0x00007fd4d400a800 Exception <a 'java/lang/ClassNotFoundException': ToolBar> (0x00000000ec22ace8) thrown at [/HUDSON/workspace/8-2-build-linux-amd64/jdk8u201/12317/hotspot/src/share/vm/classfile/systemDictionary.cpp, line 210]
Event: 0,672 Thread 0x00007fd4d400a800 Exception <a 'java/lang/ClassNotFoundException': ToggleButton> (0x00000000ec22b298) thrown at [/HUDSON/workspace/8-2-build-linux-amd64/jdk8u201/12317/hotspot/src/share/vm/classfile/systemDictionary.cpp, line 210]
Event: 0,672 Thread 0x00007fd4d400a800 Exception <a 'java/lang/ClassNotFoundException': javax/swing/JToolBarSeparator> (0x00000000ec22b6f8) thrown at [/HUDSON/workspace/8-2-build-linux-amd64/jdk8u201/12317/hotspot/src/share/vm/classfile/systemDictionary.cpp, line 210]
Event: 0,672 Thread 0x00007fd4d400a800 Exception <a 'java/lang/ClassNotFoundException': ToolBarSeparator> (0x00000000ec22bb90) thrown at [/HUDSON/workspace/8-2-build-linux-amd64/jdk8u201/12317/hotspot/src/share/vm/classfile/systemDictionary.cpp, line 210]
Event: 0,672 Thread 0x00007fd4d400a800 Exception <a 'java/lang/ClassNotFoundException': ToolTip> (0x00000000ec22c2d0) thrown at [/HUDSON/workspace/8-2-build-linux-amd64/jdk8u201/12317/hotspot/src/share/vm/classfile/systemDictionary.cpp, line 210]
Event: 0,674 Thread 0x00007fd4d400a800 Exception <a 'java/lang/ClassNotFoundException': Tree> (0x00000000ec22cef0) thrown at [/HUDSON/workspace/8-2-build-linux-amd64/jdk8u201/12317/hotspot/src/share/vm/classfile/systemDictionary.cpp, line 210]
Event: 0,674 Thread 0x00007fd4d400a800 Exception <a 'java/lang/ClassNotFoundException': Tree> (0x00000000ec22d630) thrown at [/HUDSON/workspace/8-2-build-linux-amd64/jdk8u201/12317/hotspot/src/share/vm/classfile/systemDictionary.cpp, line 210]
Event: 0,674 Thread 0x00007fd4d400a800 Exception <a 'java/lang/ClassNotFoundException': javax/swing/JTreeCell> (0x00000000ec22d9b0) thrown at [/HUDSON/workspace/8-2-build-linux-amd64/jdk8u201/12317/hotspot/src/share/vm/classfile/systemDictionary.cpp, line 210]
Event: 0,674 Thread 0x00007fd4d400a800 Exception <a 'java/lang/ClassNotFoundException': TreeCell> (0x00000000ec22de38) thrown at [/HUDSON/workspace/8-2-build-linux-amd64/jdk8u201/12317/hotspot/src/share/vm/classfile/systemDictionary.cpp, line 210]
Event: 0,674 Thread 0x00007fd4d400a800 Exception <a 'java/lang/ClassNotFoundException': RootPane> (0x00000000ec22e898) thrown at [/HUDSON/workspace/8-2-build-linux-amd64/jdk8u201/12317/hotspot/src/share/vm/classfile/systemDictionary.cpp, line 210]

Events (10 events):
Event: 1,982 loading class sun/awt/X11/XButtonEvent done
Event: 4,162 Executing VM operation: EnableBiasedLocking
Event: 4,162 Executing VM operation: EnableBiasedLocking done
Event: 5,939 Thread 0x00007fd47c01b800 Thread exited: 0x00007fd47c01b800
Event: 9,299 loading class sun/awt/X11/XUnmapEvent
Event: 9,300 loading class sun/awt/X11/XUnmapEvent done
Event: 129,204 loading class sun/awt/X11/XkbEvent
Event: 129,276 loading class sun/awt/X11/XkbEvent done
Event: 129,276 loading class sun/awt/X11/XkbAnyEvent
Event: 129,276 loading class sun/awt/X11/XkbAnyEvent done


Dynamic libraries:
00400000-00401000 r-xp 00000000 08:05 5243413                            /home/nico/Escritorio/programacion II/Netbeans/jdk1.8.0_201/bin/java
00600000-00601000 r--p 00000000 08:05 5243413                            /home/nico/Escritorio/programacion II/Netbeans/jdk1.8.0_201/bin/java
00601000-00602000 rw-p 00001000 08:05 5243413                            /home/nico/Escritorio/programacion II/Netbeans/jdk1.8.0_201/bin/java
01117000-01138000 rw-p 00000000 00:00 0                                  [heap]
c3a00000-c6380000 rw-p 00000000 00:00 0 
c6380000-ebe00000 ---p 00000000 00:00 0 
ebe00000-ed280000 rw-p 00000000 00:00 0 
ed280000-100000000 ---p 00000000 00:00 0 
100000000-1001a0000 rw-p 00000000 00:00 0 
1001a0000-140000000 ---p 00000000 00:00 0 
7fd464000000-7fd464021000 rw-p 00000000 00:00 0 
7fd464021000-7fd468000000 ---p 00000000 00:00 0 
7fd468000000-7fd468021000 rw-p 00000000 00:00 0 
7fd468021000-7fd46c000000 ---p 00000000 00:00 0 
7fd46c000000-7fd46c021000 rw-p 00000000 00:00 0 
7fd46c021000-7fd470000000 ---p 00000000 00:00 0 
7fd470000000-7fd470047000 rw-p 00000000 00:00 0 
7fd470047000-7fd474000000 ---p 00000000 00:00 0 
7fd47785d000-7fd477860000 ---p 00000000 00:00 0 
7fd477860000-7fd47795e000 rw-p 00000000 00:00 0 
7fd47795e000-7fd477961000 ---p 00000000 00:00 0 
7fd477961000-7fd477a5f000 rw-p 00000000 00:00 0 
7fd477a5f000-7fd477a62000 ---p 00000000 00:00 0 
7fd477a62000-7fd477b60000 rw-p 00000000 00:00 0 
7fd477b60000-7fd477b8a000 r-xp 00000000 08:05 6030741                    /home/nico/Escritorio/programacion II/Netbeans/jdk1.8.0_201/jre/lib/amd64/libdcpr.so
7fd477b8a000-7fd477d89000 ---p 0002a000 08:05 6030741                    /home/nico/Escritorio/programacion II/Netbeans/jdk1.8.0_201/jre/lib/amd64/libdcpr.so
7fd477d89000-7fd477d8a000 r--p 00029000 08:05 6030741                    /home/nico/Escritorio/programacion II/Netbeans/jdk1.8.0_201/jre/lib/amd64/libdcpr.so
7fd477d8a000-7fd477d8d000 rw-p 0002a000 08:05 6030741                    /home/nico/Escritorio/programacion II/Netbeans/jdk1.8.0_201/jre/lib/amd64/libdcpr.so
7fd477d8d000-7fd477df9000 r-xp 00000000 08:05 6030756                    /home/nico/Escritorio/programacion II/Netbeans/jdk1.8.0_201/jre/lib/amd64/libt2k.so
7fd477df9000-7fd477ff9000 ---p 0006c000 08:05 6030756                    /home/nico/Escritorio/programacion II/Netbeans/jdk1.8.0_201/jre/lib/amd64/libt2k.so
7fd477ff9000-7fd477fff000 r--p 0006c000 08:05 6030756                    /home/nico/Escritorio/programacion II/Netbeans/jdk1.8.0_201/jre/lib/amd64/libt2k.so
7fd477fff000-7fd478000000 rw-p 00072000 08:05 6030756                    /home/nico/Escritorio/programacion II/Netbeans/jdk1.8.0_201/jre/lib/amd64/libt2k.so
7fd478000000-7fd478021000 rw-p 00000000 00:00 0 
7fd478021000-7fd47c000000 ---p 00000000 00:00 0 
7fd47c000000-7fd47c0af000 rw-p 00000000 00:00 0 
7fd47c0af000-7fd480000000 ---p 00000000 00:00 0 
7fd480000000-7fd48002c000 rw-p 00000000 00:00 0 
7fd48002c000-7fd484000000 ---p 00000000 00:00 0 
7fd484000000-7fd484021000 rw-p 00000000 00:00 0 
7fd484021000-7fd488000000 ---p 00000000 00:00 0 
7fd4880c2000-7fd4881c2000 rw-p 00000000 00:00 0 
7fd4881c2000-7fd4882c2000 ---p 00000000 00:00 0 
7fd4882c2000-7fd4882c5000 ---p 00000000 00:00 0 
7fd4882c5000-7fd4885c3000 rw-p 00000000 00:00 0 
7fd4885c3000-7fd4885c6000 ---p 00000000 00:00 0 
7fd4885c6000-7fd4886c4000 rw-p 00000000 00:00 0 
7fd4886c4000-7fd4886c7000 ---p 00000000 00:00 0 
7fd4886c7000-7fd4887c5000 rw-p 00000000 00:00 0 
7fd4887c5000-7fd4887d6000 r-xp 00000000 08:05 6030797                    /home/nico/Escritorio/programacion II/Netbeans/jdk1.8.0_201/jre/lib/amd64/libnio.so
7fd4887d6000-7fd4889d5000 ---p 00011000 08:05 6030797                    /home/nico/Escritorio/programacion II/Netbeans/jdk1.8.0_201/jre/lib/amd64/libnio.so
7fd4889d5000-7fd4889d6000 r--p 00010000 08:05 6030797                    /home/nico/Escritorio/programacion II/Netbeans/jdk1.8.0_201/jre/lib/amd64/libnio.so
7fd4889d6000-7fd4889d7000 rw-p 00011000 08:05 6030797                    /home/nico/Escritorio/programacion II/Netbeans/jdk1.8.0_201/jre/lib/amd64/libnio.so
7fd4889d7000-7fd48b9d8000 rw-p 00000000 00:00 0 
7fd48b9d8000-7fd48b9ee000 r-xp 00000000 08:05 6030794                    /home/nico/Escritorio/programacion II/Netbeans/jdk1.8.0_201/jre/lib/amd64/libnet.so
7fd48b9ee000-7fd48bbee000 ---p 00016000 08:05 6030794                    /home/nico/Escritorio/programacion II/Netbeans/jdk1.8.0_201/jre/lib/amd64/libnet.so
7fd48bbee000-7fd48bbef000 r--p 00016000 08:05 6030794                    /home/nico/Escritorio/programacion II/Netbeans/jdk1.8.0_201/jre/lib/amd64/libnet.so
7fd48bbef000-7fd48bbf0000 rw-p 00017000 08:05 6030794                    /home/nico/Escritorio/programacion II/Netbeans/jdk1.8.0_201/jre/lib/amd64/libnet.so
7fd48bbf0000-7fd48bbf5000 r-xp 00000000 08:05 7479373                    /usr/lib/x86_64-linux-gnu/libXfixes.so.3.1.0
7fd48bbf5000-7fd48bdf4000 ---p 00005000 08:05 7479373                    /usr/lib/x86_64-linux-gnu/libXfixes.so.3.1.0
7fd48bdf4000-7fd48bdf5000 r--p 00004000 08:05 7479373                    /usr/lib/x86_64-linux-gnu/libXfixes.so.3.1.0
7fd48bdf5000-7fd48bdf6000 rw-p 00005000 08:05 7479373                    /usr/lib/x86_64-linux-gnu/libXfixes.so.3.1.0
7fd48bdf6000-7fd48bdff000 r-xp 00000000 08:05 7479365                    /usr/lib/x86_64-linux-gnu/libXcursor.so.1.0.2
7fd48bdff000-7fd48bffe000 ---p 00009000 08:05 7479365                    /usr/lib/x86_64-linux-gnu/libXcursor.so.1.0.2
7fd48bffe000-7fd48bfff000 r--p 00008000 08:05 7479365                    /usr/lib/x86_64-linux-gnu/libXcursor.so.1.0.2
7fd48bfff000-7fd48c000000 rw-p 00009000 08:05 7479365                    /usr/lib/x86_64-linux-gnu/libXcursor.so.1.0.2
7fd48c000000-7fd48c021000 rw-p 00000000 00:00 0 
7fd48c021000-7fd490000000 ---p 00000000 00:00 0 
7fd490000000-7fd490021000 rw-p 00000000 00:00 0 
7fd490021000-7fd494000000 ---p 00000000 00:00 0 
7fd494000000-7fd494090000 rw-p 00000000 00:00 0 
7fd494090000-7fd498000000 ---p 00000000 00:00 0 
7fd498000000-7fd49856b000 rw-p 00000000 00:00 0 
7fd49856b000-7fd49c000000 ---p 00000000 00:00 0 
7fd49c000000-7fd49c021000 rw-p 00000000 00:00 0 
7fd49c021000-7fd4a0000000 ---p 00000000 00:00 0 
7fd4a0000000-7fd4a00e4000 rw-p 00000000 00:00 0 
7fd4a00e4000-7fd4a4000000 ---p 00000000 00:00 0 
7fd4a4000000-7fd4a4021000 rw-p 00000000 00:00 0 
7fd4a4021000-7fd4a8000000 ---p 00000000 00:00 0 
7fd4a8000000-7fd4a8021000 rw-p 00000000 00:00 0 
7fd4a8021000-7fd4ac000000 ---p 00000000 00:00 0 
7fd4ac000000-7fd4ac021000 rw-p 00000000 00:00 0 
7fd4ac021000-7fd4b0000000 ---p 00000000 00:00 0 
7fd4b0094000-7fd4b0097000 ---p 00000000 00:00 0 
7fd4b0097000-7fd4b0195000 rw-p 00000000 00:00 0 
7fd4b0195000-7fd4b0198000 ---p 00000000 00:00 0 
7fd4b0198000-7fd4b0296000 rw-p 00000000 00:00 0 
7fd4b0296000-7fd4b02ac000 r-xp 00000000 08:05 7868943                    /lib/x86_64-linux-gnu/libgcc_s.so.1
7fd4b02ac000-7fd4b04ab000 ---p 00016000 08:05 7868943                    /lib/x86_64-linux-gnu/libgcc_s.so.1
7fd4b04ab000-7fd4b04ac000 rw-p 00015000 08:05 7868943                    /lib/x86_64-linux-gnu/libgcc_s.so.1
7fd4b04ac000-7fd4b0509000 r-xp 00000000 08:05 6030774                    /home/nico/Escritorio/programacion II/Netbeans/jdk1.8.0_201/jre/lib/amd64/libfontmanager.so
7fd4b0509000-7fd4b0709000 ---p 0005d000 08:05 6030774                    /home/nico/Escritorio/programacion II/Netbeans/jdk1.8.0_201/jre/lib/amd64/libfontmanager.so
7fd4b0709000-7fd4b070c000 r--p 0005d000 08:05 6030774                    /home/nico/Escritorio/programacion II/Netbeans/jdk1.8.0_201/jre/lib/amd64/libfontmanager.so
7fd4b070c000-7fd4b070d000 rw-p 00060000 08:05 6030774                    /home/nico/Escritorio/programacion II/Netbeans/jdk1.8.0_201/jre/lib/amd64/libfontmanager.so
7fd4b070d000-7fd4b0712000 r-xp 00000000 08:05 7479369                    /usr/lib/x86_64-linux-gnu/libXdmcp.so.6.0.0
7fd4b0712000-7fd4b0911000 ---p 00005000 08:05 7479369                    /usr/lib/x86_64-linux-gnu/libXdmcp.so.6.0.0
7fd4b0911000-7fd4b0912000 r--p 00004000 08:05 7479369                    /usr/lib/x86_64-linux-gnu/libXdmcp.so.6.0.0
7fd4b0912000-7fd4b0913000 rw-p 00005000 08:05 7479369                    /usr/lib/x86_64-linux-gnu/libXdmcp.so.6.0.0
7fd4b0913000-7fd4b0915000 r-xp 00000000 08:05 7479358                    /usr/lib/x86_64-linux-gnu/libXau.so.6.0.0
7fd4b0915000-7fd4b0b15000 ---p 00002000 08:05 7479358                    /usr/lib/x86_64-linux-gnu/libXau.so.6.0.0
7fd4b0b15000-7fd4b0b16000 r--p 00002000 08:05 7479358                    /usr/lib/x86_64-linux-gnu/libXau.so.6.0.0
7fd4b0b16000-7fd4b0b17000 rw-p 00003000 08:05 7479358                    /usr/lib/x86_64-linux-gnu/libXau.so.6.0.0
7fd4b0b17000-7fd4b0b38000 r-xp 00000000 08:05 7480778                    /usr/lib/x86_64-linux-gnu/libxcb.so.1.1.0
7fd4b0b38000-7fd4b0d37000 ---p 00021000 08:05 7480778                    /usr/lib/x86_64-linux-gnu/libxcb.so.1.1.0
7fd4b0d37000-7fd4b0d38000 r--p 00020000 08:05 7480778                    /usr/lib/x86_64-linux-gnu/libxcb.so.1.1.0
7fd4b0d38000-7fd4b0d39000 rw-p 00021000 08:05 7480778                    /usr/lib/x86_64-linux-gnu/libxcb.so.1.1.0
7fd4b0d39000-7fd4b0d48000 r-xp 00000000 08:05 7479381                    /usr/lib/x86_64-linux-gnu/libXi.so.6.1.0
7fd4b0d48000-7fd4b0f47000 ---p 0000f000 08:05 7479381                    /usr/lib/x86_64-linux-gnu/libXi.so.6.1.0
7fd4b0f47000-7fd4b0f48000 r--p 0000e000 08:05 7479381                    /usr/lib/x86_64-linux-gnu/libXi.so.6.1.0
7fd4b0f48000-7fd4b0f49000 rw-p 0000f000 08:05 7479381                    /usr/lib/x86_64-linux-gnu/libXi.so.6.1.0
7fd4b0f49000-7fd4b0f4e000 r-xp 00000000 08:05 7479399                    /usr/lib/x86_64-linux-gnu/libXtst.so.6.1.0
7fd4b0f4e000-7fd4b114d000 ---p 00005000 08:05 7479399                    /usr/lib/x86_64-linux-gnu/libXtst.so.6.1.0
7fd4b114d000-7fd4b114e000 r--p 00004000 08:05 7479399                    /usr/lib/x86_64-linux-gnu/libXtst.so.6.1.0
7fd4b114e000-7fd4b114f000 rw-p 00005000 08:05 7479399                    /usr/lib/x86_64-linux-gnu/libXtst.so.6.1.0
7fd4b114f000-7fd4b1158000 r-xp 00000000 08:05 7479393                    /usr/lib/x86_64-linux-gnu/libXrender.so.1.3.0
7fd4b1158000-7fd4b1357000 ---p 00009000 08:05 7479393                    /usr/lib/x86_64-linux-gnu/libXrender.so.1.3.0
7fd4b1357000-7fd4b1358000 r--p 00008000 08:05 7479393                    /usr/lib/x86_64-linux-gnu/libXrender.so.1.3.0
7fd4b1358000-7fd4b1359000 rw-p 00009000 08:05 7479393                    /usr/lib/x86_64-linux-gnu/libXrender.so.1.3.0
7fd4b1359000-7fd4b148e000 r-xp 00000000 08:05 7479354                    /usr/lib/x86_64-linux-gnu/libX11.so.6.3.0
7fd4b148e000-7fd4b168e000 ---p 00135000 08:05 7479354                    /usr/lib/x86_64-linux-gnu/libX11.so.6.3.0
7fd4b168e000-7fd4b168f000 r--p 00135000 08:05 7479354                    /usr/lib/x86_64-linux-gnu/libX11.so.6.3.0
7fd4b168f000-7fd4b1693000 rw-p 00136000 08:05 7479354                    /usr/lib/x86_64-linux-gnu/libX11.so.6.3.0
7fd4b1693000-7fd4b16a4000 r-xp 00000000 08:05 7479371                    /usr/lib/x86_64-linux-gnu/libXext.so.6.4.0
7fd4b16a4000-7fd4b18a3000 ---p 00011000 08:05 7479371                    /usr/lib/x86_64-linux-gnu/libXext.so.6.4.0
7fd4b18a3000-7fd4b18a4000 r--p 00010000 08:05 7479371                    /usr/lib/x86_64-linux-gnu/libXext.so.6.4.0
7fd4b18a4000-7fd4b18a5000 rw-p 00011000 08:05 7479371                    /usr/lib/x86_64-linux-gnu/libXext.so.6.4.0
7fd4b18a5000-7fd4b18f8000 r-xp 00000000 08:05 6030801                    /home/nico/Escritorio/programacion II/Netbeans/jdk1.8.0_201/jre/lib/amd64/libawt_xawt.so
7fd4b18f8000-7fd4b1af7000 ---p 00053000 08:05 6030801                    /home/nico/Escritorio/programacion II/Netbeans/jdk1.8.0_201/jre/lib/amd64/libawt_xawt.so
7fd4b1af7000-7fd4b1af8000 r--p 00052000 08:05 6030801                    /home/nico/Escritorio/programacion II/Netbeans/jdk1.8.0_201/jre/lib/amd64/libawt_xawt.so
7fd4b1af8000-7fd4b1afb000 rw-p 00053000 08:05 6030801                    /home/nico/Escritorio/programacion II/Netbeans/jdk1.8.0_201/jre/lib/amd64/libawt_xawt.so
7fd4b1afb000-7fd4b1afc000 rw-p 00000000 00:00 0 
7fd4b1afc000-7fd4b1b9c000 r-xp 00000000 08:05 6030787                    /home/nico/Escritorio/programacion II/Netbeans/jdk1.8.0_201/jre/lib/amd64/libawt.so
7fd4b1b9c000-7fd4b1d9b000 ---p 000a0000 08:05 6030787                    /home/nico/Escritorio/programacion II/Netbeans/jdk1.8.0_201/jre/lib/amd64/libawt.so
7fd4b1d9b000-7fd4b1d9c000 r--p 0009f000 08:05 6030787                    /home/nico/Escritorio/programacion II/Netbeans/jdk1.8.0_201/jre/lib/amd64/libawt.so
7fd4b1d9c000-7fd4b1da7000 rw-p 000a0000 08:05 6030787                    /home/nico/Escritorio/programacion II/Netbeans/jdk1.8.0_201/jre/lib/amd64/libawt.so
7fd4b1da7000-7fd4b1dcc000 rw-p 00000000 00:00 0 
7fd4b1dcc000-7fd4b1dcd000 ---p 00000000 00:00 0 
7fd4b1dcd000-7fd4b1ecd000 rw-p 00000000 00:00 0 
7fd4b1ecd000-7fd4b1ed0000 ---p 00000000 00:00 0 
7fd4b1ed0000-7fd4b1fce000 rw-p 00000000 00:00 0 
7fd4b1fce000-7fd4b1fd1000 ---p 00000000 00:00 0 
7fd4b1fd1000-7fd4b20cf000 rw-p 00000000 00:00 0 
7fd4b20cf000-7fd4b20d2000 ---p 00000000 00:00 0 
7fd4b20d2000-7fd4b4000000 rw-p 00000000 00:00 0 
7fd4b4000000-7fd4b4021000 rw-p 00000000 00:00 0 
7fd4b4021000-7fd4b8000000 ---p 00000000 00:00 0 
7fd4b8000000-7fd4b8021000 rw-p 00000000 00:00 0 
7fd4b8021000-7fd4bc000000 ---p 00000000 00:00 0 
7fd4bc000000-7fd4bc021000 rw-p 00000000 00:00 0 
7fd4bc021000-7fd4c0000000 ---p 00000000 00:00 0 
7fd4c0000000-7fd4c0021000 rw-p 00000000 00:00 0 
7fd4c0021000-7fd4c4000000 ---p 00000000 00:00 0 
7fd4c403b000-7fd4c403e000 ---p 00000000 00:00 0 
7fd4c403e000-7fd4c413c000 rw-p 00000000 00:00 0 
7fd4c413c000-7fd4c413f000 ---p 00000000 00:00 0 
7fd4c413f000-7fd4c423d000 rw-p 00000000 00:00 0 
7fd4c423d000-7fd4c4bfc000 r--p 00000000 08:05 7478496                    /usr/lib/locale/locale-archive
7fd4c4bfc000-7fd4c4bff000 ---p 00000000 00:00 0 
7fd4c4bff000-7fd4c4cfd000 rw-p 00000000 00:00 0 
7fd4c4cfd000-7fd4c4d00000 ---p 00000000 00:00 0 
7fd4c4d00000-7fd4c4dfe000 rw-p 00000000 00:00 0 
7fd4c4dfe000-7fd4c4dff000 ---p 00000000 00:00 0 
7fd4c4dff000-7fd4c5000000 rw-p 00000000 00:00 0 
7fd4c5000000-7fd4c5290000 rwxp 00000000 00:00 0 
7fd4c5290000-7fd4d4000000 ---p 00000000 00:00 0 
7fd4d4000000-7fd4d4540000 rw-p 00000000 00:00 0 
7fd4d4540000-7fd4d8000000 ---p 00000000 00:00 0 
7fd4d8047000-7fd4d8052000 r--s 00000000 08:05 7999220                    /var/cache/fontconfig/945677eb7aeaf62f1d50efc3fb3ec7d8-le64.cache-6
7fd4d8052000-7fd4d8058000 r--s 00000000 08:05 7999202                    /var/cache/fontconfig/2cd17615ca594fa2959ae173292e504c-le64.cache-6
7fd4d8058000-7fd4d8059000 r--s 00000000 08:05 7999199                    /var/cache/fontconfig/0d8c3b2ac0904cb8a57a757ad11a4a08-le64.cache-6
7fd4d8059000-7fd4d806e000 r--s 00000000 08:05 7999196                    /var/cache/fontconfig/04aabc0a78ac019cf9454389977116d2-le64.cache-6
7fd4d806e000-7fd4d806f000 r--s 00000000 08:05 7999201                    /var/cache/fontconfig/1ac9eb803944fde146138c791f5cc56a-le64.cache-6
7fd4d806f000-7fd4d8073000 r--s 00000000 08:05 7999206                    /var/cache/fontconfig/385c0604a188198f04d133e54aba7fe7-le64.cache-6
7fd4d8073000-7fd4d8074000 r--s 00000000 08:05 7999233                    /var/cache/fontconfig/dc05db6664285cc2f12bf69c139ae4c3-le64.cache-6
7fd4d8074000-7fd4d8077000 r--s 00000000 08:05 7999216                    /var/cache/fontconfig/767a8244fc0220cfb567a839d0392e0b-le64.cache-6
7fd4d8077000-7fd4d8078000 r--s 00000000 08:05 7999207                    /var/cache/fontconfig/4794a0821666d79190d59a36cb4f44b5-le64.cache-6
7fd4d8078000-7fd4d807d000 r--s 00000000 08:05 7999219                    /var/cache/fontconfig/8801497958630a81b71ace7c5f9b32a8-le64.cache-6
7fd4d807d000-7fd4d807e000 r--s 00000000 08:05 7999226                    /var/cache/fontconfig/bab58bb527bb656aaa9f116d68a48d89-le64.cache-6
7fd4d807e000-7fd4d8085000 r--s 00000000 08:05 7999203                    /var/cache/fontconfig/3047814df9a2f067bd2d96a2b9c36e5a-le64.cache-6
7fd4d8085000-7fd4d8086000 r--s 00000000 08:05 7999210                    /var/cache/fontconfig/56cf4f4769d0f4abc89a4895d7bd3ae1-le64.cache-6
7fd4d8086000-7fd4d8087000 r--s 00000000 08:05 7999225                    /var/cache/fontconfig/b9d506c9ac06c20b433354fa67a72993-le64.cache-6
7fd4d8087000-7fd4d808d000 r--s 00000000 08:05 7999224                    /var/cache/fontconfig/b47c4e1ecd0709278f4910c18777a504-le64.cache-6
7fd4d808d000-7fd4d80a0000 r--s 00000000 08:05 7999230                    /var/cache/fontconfig/d52a8644073d54c13679302ca1180695-le64.cache-6
7fd4d80a0000-7fd4d80a1000 r--s 00000000 08:05 7999209                    /var/cache/fontconfig/551ecf3b0e8b0bca0f25c0944f561853-le64.cache-6
7fd4d80a1000-7fd4d80ac000 r--s 00000000 08:05 7999515                    /var/cache/fontconfig/d589a48862398ed80a3d6066f4f56f4c-le64.cache-6
7fd4d80ac000-7fd4d80ad000 r--s 00000000 08:05 7999204                    /var/cache/fontconfig/30829fa25452a46451e813d634d7f916-le64.cache-6
7fd4d80ad000-7fd4d80b8000 r--s 00000000 08:05 7999218                    /var/cache/fontconfig/83bf95040141907cd45bb53cf7c1c148-le64.cache-6
7fd4d80b8000-7fd4d80ca000 r--s 00000000 08:05 7999222                    /var/cache/fontconfig/9b89f8e3dae116d678bbf48e5f21f69b-le64.cache-6
7fd4d80ca000-7fd4d80ef000 r--p 00000000 08:05 9068393                    /usr/share/locale-langpack/es/LC_MESSAGES/libc.mo
7fd4d80ef000-7fd4d8faf000 rw-p 00000000 00:00 0 
7fd4d8faf000-7fd4d9189000 r--s 03d6f000 08:05 5245945                    /home/nico/Escritorio/programacion II/Netbeans/jdk1.8.0_201/jre/lib/rt.jar
7fd4d9189000-7fd4d9be2000 rw-p 00000000 00:00 0 
7fd4d9be2000-7fd4d9be3000 ---p 00000000 00:00 0 
7fd4d9be3000-7fd4d9ce3000 rw-p 00000000 00:00 0 
7fd4d9ce3000-7fd4d9ce4000 ---p 00000000 00:00 0 
7fd4d9ce4000-7fd4d9de4000 rw-p 00000000 00:00 0 
7fd4d9de4000-7fd4d9de5000 ---p 00000000 00:00 0 
7fd4d9de5000-7fd4d9ee5000 rw-p 00000000 00:00 0 
7fd4d9ee5000-7fd4d9ee6000 ---p 00000000 00:00 0 
7fd4d9ee6000-7fd4d9ffb000 rw-p 00000000 00:00 0 
7fd4d9ffb000-7fd4da128000 ---p 00000000 00:00 0 
7fd4da128000-7fd4da13d000 rw-p 00000000 00:00 0 
7fd4da13d000-7fd4da26a000 ---p 00000000 00:00 0 
7fd4da26a000-7fd4da275000 rw-p 00000000 00:00 0 
7fd4da275000-7fd4da30b000 ---p 00000000 00:00 0 
7fd4da30b000-7fd4da317000 rw-p 00000000 00:00 0 
7fd4da317000-7fd4da6cc000 ---p 00000000 00:00 0 
7fd4da6cc000-7fd4da6e7000 r-xp 00000000 08:05 6030790                    /home/nico/Escritorio/programacion II/Netbeans/jdk1.8.0_201/jre/lib/amd64/libzip.so
7fd4da6e7000-7fd4da8e6000 ---p 0001b000 08:05 6030790                    /home/nico/Escritorio/programacion II/Netbeans/jdk1.8.0_201/jre/lib/amd64/libzip.so
7fd4da8e6000-7fd4da8e7000 r--p 0001a000 08:05 6030790                    /home/nico/Escritorio/programacion II/Netbeans/jdk1.8.0_201/jre/lib/amd64/libzip.so
7fd4da8e7000-7fd4da8e8000 rw-p 0001b000 08:05 6030790                    /home/nico/Escritorio/programacion II/Netbeans/jdk1.8.0_201/jre/lib/amd64/libzip.so
7fd4da8e8000-7fd4da8f3000 r-xp 00000000 08:05 7869004                    /lib/x86_64-linux-gnu/libnss_files-2.23.so
7fd4da8f3000-7fd4daaf2000 ---p 0000b000 08:05 7869004                    /lib/x86_64-linux-gnu/libnss_files-2.23.so
7fd4daaf2000-7fd4daaf3000 r--p 0000a000 08:05 7869004                    /lib/x86_64-linux-gnu/libnss_files-2.23.so
7fd4daaf3000-7fd4daaf4000 rw-p 0000b000 08:05 7869004                    /lib/x86_64-linux-gnu/libnss_files-2.23.so
7fd4daaf4000-7fd4daafa000 rw-p 00000000 00:00 0 
7fd4daafa000-7fd4dab05000 r-xp 00000000 08:05 7869014                    /lib/x86_64-linux-gnu/libnss_nis-2.23.so
7fd4dab05000-7fd4dad04000 ---p 0000b000 08:05 7869014                    /lib/x86_64-linux-gnu/libnss_nis-2.23.so
7fd4dad04000-7fd4dad05000 r--p 0000a000 08:05 7869014                    /lib/x86_64-linux-gnu/libnss_nis-2.23.so
7fd4dad05000-7fd4dad06000 rw-p 0000b000 08:05 7869014                    /lib/x86_64-linux-gnu/libnss_nis-2.23.so
7fd4dad06000-7fd4dad1c000 r-xp 00000000 08:05 7868998                    /lib/x86_64-linux-gnu/libnsl-2.23.so
7fd4dad1c000-7fd4daf1b000 ---p 00016000 08:05 7868998                    /lib/x86_64-linux-gnu/libnsl-2.23.so
7fd4daf1b000-7fd4daf1c000 r--p 00015000 08:05 7868998                    /lib/x86_64-linux-gnu/libnsl-2.23.so
7fd4daf1c000-7fd4daf1d000 rw-p 00016000 08:05 7868998                    /lib/x86_64-linux-gnu/libnsl-2.23.so
7fd4daf1d000-7fd4daf1f000 rw-p 00000000 00:00 0 
7fd4daf1f000-7fd4daf27000 r-xp 00000000 08:05 7869000                    /lib/x86_64-linux-gnu/libnss_compat-2.23.so
7fd4daf27000-7fd4db126000 ---p 00008000 08:05 7869000                    /lib/x86_64-linux-gnu/libnss_compat-2.23.so
7fd4db126000-7fd4db127000 r--p 00007000 08:05 7869000                    /lib/x86_64-linux-gnu/libnss_compat-2.23.so
7fd4db127000-7fd4db128000 rw-p 00008000 08:05 7869000                    /lib/x86_64-linux-gnu/libnss_compat-2.23.so
7fd4db128000-7fd4db154000 r-xp 00000000 08:05 6030784                    /home/nico/Escritorio/programacion II/Netbeans/jdk1.8.0_201/jre/lib/amd64/libjava.so
7fd4db154000-7fd4db354000 ---p 0002c000 08:05 6030784                    /home/nico/Escritorio/programacion II/Netbeans/jdk1.8.0_201/jre/lib/amd64/libjava.so
7fd4db354000-7fd4db355000 r--p 0002c000 08:05 6030784                    /home/nico/Escritorio/programacion II/Netbeans/jdk1.8.0_201/jre/lib/amd64/libjava.so
7fd4db355000-7fd4db357000 rw-p 0002d000 08:05 6030784                    /home/nico/Escritorio/programacion II/Netbeans/jdk1.8.0_201/jre/lib/amd64/libjava.so
7fd4db357000-7fd4db364000 r-xp 00000000 08:05 6030789                    /home/nico/Escritorio/programacion II/Netbeans/jdk1.8.0_201/jre/lib/amd64/libverify.so
7fd4db364000-7fd4db563000 ---p 0000d000 08:05 6030789                    /home/nico/Escritorio/programacion II/Netbeans/jdk1.8.0_201/jre/lib/amd64/libverify.so
7fd4db563000-7fd4db565000 r--p 0000c000 08:05 6030789                    /home/nico/Escritorio/programacion II/Netbeans/jdk1.8.0_201/jre/lib/amd64/libverify.so
7fd4db565000-7fd4db566000 rw-p 0000e000 08:05 6030789                    /home/nico/Escritorio/programacion II/Netbeans/jdk1.8.0_201/jre/lib/amd64/libverify.so
7fd4db566000-7fd4db56d000 r-xp 00000000 08:05 7869059                    /lib/x86_64-linux-gnu/librt-2.23.so
7fd4db56d000-7fd4db76c000 ---p 00007000 08:05 7869059                    /lib/x86_64-linux-gnu/librt-2.23.so
7fd4db76c000-7fd4db76d000 r--p 00006000 08:05 7869059                    /lib/x86_64-linux-gnu/librt-2.23.so
7fd4db76d000-7fd4db76e000 rw-p 00007000 08:05 7869059                    /lib/x86_64-linux-gnu/librt-2.23.so
7fd4db76e000-7fd4db876000 r-xp 00000000 08:05 7868975                    /lib/x86_64-linux-gnu/libm-2.23.so
7fd4db876000-7fd4dba75000 ---p 00108000 08:05 7868975                    /lib/x86_64-linux-gnu/libm-2.23.so
7fd4dba75000-7fd4dba76000 r--p 00107000 08:05 7868975                    /lib/x86_64-linux-gnu/libm-2.23.so
7fd4dba76000-7fd4dba77000 rw-p 00108000 08:05 7868975                    /lib/x86_64-linux-gnu/libm-2.23.so
7fd4dba77000-7fd4dc75f000 r-xp 00000000 08:05 6030766                    /home/nico/Escritorio/programacion II/Netbeans/jdk1.8.0_201/jre/lib/amd64/server/libjvm.so
7fd4dc75f000-7fd4dc95e000 ---p 00ce8000 08:05 6030766                    /home/nico/Escritorio/programacion II/Netbeans/jdk1.8.0_201/jre/lib/amd64/server/libjvm.so
7fd4dc95e000-7fd4dc9f4000 r--p 00ce7000 08:05 6030766                    /home/nico/Escritorio/programacion II/Netbeans/jdk1.8.0_201/jre/lib/amd64/server/libjvm.so
7fd4dc9f4000-7fd4dca25000 rw-p 00d7d000 08:05 6030766                    /home/nico/Escritorio/programacion II/Netbeans/jdk1.8.0_201/jre/lib/amd64/server/libjvm.so
7fd4dca25000-7fd4dca60000 rw-p 00000000 00:00 0 
7fd4dca60000-7fd4dcc20000 r-xp 00000000 08:05 7868905                    /lib/x86_64-linux-gnu/libc-2.23.so
7fd4dcc20000-7fd4dce20000 ---p 001c0000 08:05 7868905                    /lib/x86_64-linux-gnu/libc-2.23.so
7fd4dce20000-7fd4dce24000 r--p 001c0000 08:05 7868905                    /lib/x86_64-linux-gnu/libc-2.23.so
7fd4dce24000-7fd4dce26000 rw-p 001c4000 08:05 7868905                    /lib/x86_64-linux-gnu/libc-2.23.so
7fd4dce26000-7fd4dce2a000 rw-p 00000000 00:00 0 
7fd4dce2a000-7fd4dce2d000 r-xp 00000000 08:05 7868929                    /lib/x86_64-linux-gnu/libdl-2.23.so
7fd4dce2d000-7fd4dd02c000 ---p 00003000 08:05 7868929                    /lib/x86_64-linux-gnu/libdl-2.23.so
7fd4dd02c000-7fd4dd02d000 r--p 00002000 08:05 7868929                    /lib/x86_64-linux-gnu/libdl-2.23.so
7fd4dd02d000-7fd4dd02e000 rw-p 00003000 08:05 7868929                    /lib/x86_64-linux-gnu/libdl-2.23.so
7fd4dd02e000-7fd4dd045000 r-xp 00000000 08:05 5244916                    /home/nico/Escritorio/programacion II/Netbeans/jdk1.8.0_201/lib/amd64/jli/libjli.so
7fd4dd045000-7fd4dd244000 ---p 00017000 08:05 5244916                    /home/nico/Escritorio/programacion II/Netbeans/jdk1.8.0_201/lib/amd64/jli/libjli.so
7fd4dd244000-7fd4dd245000 r--p 00016000 08:05 5244916                    /home/nico/Escritorio/programacion II/Netbeans/jdk1.8.0_201/lib/amd64/jli/libjli.so
7fd4dd245000-7fd4dd246000 rw-p 00017000 08:05 5244916                    /home/nico/Escritorio/programacion II/Netbeans/jdk1.8.0_201/lib/amd64/jli/libjli.so
7fd4dd246000-7fd4dd25e000 r-xp 00000000 08:05 7869051                    /lib/x86_64-linux-gnu/libpthread-2.23.so
7fd4dd25e000-7fd4dd45d000 ---p 00018000 08:05 7869051                    /lib/x86_64-linux-gnu/libpthread-2.23.so
7fd4dd45d000-7fd4dd45e000 r--p 00017000 08:05 7869051                    /lib/x86_64-linux-gnu/libpthread-2.23.so
7fd4dd45e000-7fd4dd45f000 rw-p 00018000 08:05 7869051                    /lib/x86_64-linux-gnu/libpthread-2.23.so
7fd4dd45f000-7fd4dd463000 rw-p 00000000 00:00 0 
7fd4dd463000-7fd4dd489000 r-xp 00000000 08:05 7868877                    /lib/x86_64-linux-gnu/ld-2.23.so
7fd4dd489000-7fd4dd48a000 r--s 00000000 08:05 7999198                    /var/cache/fontconfig/0c9eb80ebd1c36541ebe2852d3bb0c49-le64.cache-6
7fd4dd48a000-7fd4dd48d000 r--s 00000000 08:05 7999215                    /var/cache/fontconfig/75114ca45c98e8a441da0ff356701271-le64.cache-6
7fd4dd48d000-7fd4dd491000 r--s 00000000 08:05 7999322                    /var/cache/fontconfig/7ef2298fde41cc6eeb7af42e48b7d293-le64.cache-6
7fd4dd491000-7fd4dd569000 rw-p 00000000 00:00 0 
7fd4dd569000-7fd4dd56c000 ---p 00000000 00:00 0 
7fd4dd56c000-7fd4dd66e000 rw-p 00000000 00:00 0 
7fd4dd66e000-7fd4dd671000 r--s 00000000 08:05 7999234                    /var/cache/fontconfig/e13b20fdb08344e0e664864cc2ede53d-le64.cache-6
7fd4dd671000-7fd4dd678000 r--s 00000000 08:05 7736400                    /usr/lib/x86_64-linux-gnu/gconv/gconv-modules.cache
7fd4dd678000-7fd4dd67d000 r--s 002f9000 08:05 5245943                    /home/nico/Escritorio/programacion II/Netbeans/jdk1.8.0_201/jre/lib/charsets.jar
7fd4dd67d000-7fd4dd685000 rw-s 00000000 08:05 3933471                    /tmp/hsperfdata_nico/4668
7fd4dd685000-7fd4dd686000 rw-p 00000000 00:00 0 
7fd4dd686000-7fd4dd687000 r--p 00000000 00:00 0 
7fd4dd687000-7fd4dd688000 rw-p 00000000 00:00 0 
7fd4dd688000-7fd4dd689000 r--p 00025000 08:05 7868877                    /lib/x86_64-linux-gnu/ld-2.23.so
7fd4dd689000-7fd4dd68a000 rw-p 00026000 08:05 7868877                    /lib/x86_64-linux-gnu/ld-2.23.so
7fd4dd68a000-7fd4dd68b000 rw-p 00000000 00:00 0 
7ffc9b6d0000-7ffc9b6f1000 rw-p 00000000 00:00 0                          [stack]
7ffc9b76c000-7ffc9b76f000 r--p 00000000 00:00 0                          [vvar]
7ffc9b76f000-7ffc9b771000 r-xp 00000000 00:00 0                          [vdso]
ffffffffff600000-ffffffffff601000 r-xp 00000000 00:00 0                  [vsyscall]

VM Arguments:
jvm_args: -Dfile.encoding=UTF-8 
java_command: proyectointe.NewJFrame
java_class_path (initial): /home/nico/Escritorio/programacion II/ProyectoInte/build/classes
Launcher Type: SUN_STANDARD

Environment Variables:
PATH=/home/nico/bin:/home/nico/.local/bin:/usr/local/sbin:/usr/local/bin:/usr/sbin:/usr/bin:/sbin:/bin:/usr/games:/usr/local/games:/snap/bin
LD_LIBRARY_PATH=/home/nico/Escritorio/programacion II/Netbeans/jdk1.8.0_201/jre/lib/amd64:/home/nico/Escritorio/programacion II/Netbeans/jdk1.8.0_201/jre/lib/i386:
SHELL=/bin/bash
DISPLAY=:0

Signal Handlers:
SIGSEGV: [libjvm.so+0xad3e60], sa_mask[0]=11111111011111111101111111111110, sa_flags=SA_RESTART|SA_SIGINFO
SIGBUS: [libjvm.so+0xad3e60], sa_mask[0]=11111111011111111101111111111110, sa_flags=SA_RESTART|SA_SIGINFO
SIGFPE: [libjvm.so+0x90b880], sa_mask[0]=11111111011111111101111111111110, sa_flags=SA_RESTART|SA_SIGINFO
SIGPIPE: [libjvm.so+0x90b880], sa_mask[0]=11111111011111111101111111111110, sa_flags=SA_RESTART|SA_SIGINFO
SIGXFSZ: [libjvm.so+0x90b880], sa_mask[0]=11111111011111111101111111111110, sa_flags=SA_RESTART|SA_SIGINFO
SIGILL: [libjvm.so+0x90b880], sa_mask[0]=11111111011111111101111111111110, sa_flags=SA_RESTART|SA_SIGINFO
SIGUSR1: SIG_DFL, sa_mask[0]=00000000000000000000000000000000, sa_flags=none
SIGUSR2: [libjvm.so+0x90b750], sa_mask[0]=00100000000000000000000000000000, sa_flags=SA_RESTART|SA_SIGINFO
SIGHUP: [libjvm.so+0x90bd70], sa_mask[0]=11111111011111111101111111111110, sa_flags=SA_RESTART|SA_SIGINFO
SIGINT: SIG_IGN, sa_mask[0]=00000000000000000000000000000000, sa_flags=none
SIGTERM: [libjvm.so+0x90bd70], sa_mask[0]=11111111011111111101111111111110, sa_flags=SA_RESTART|SA_SIGINFO
SIGQUIT: [libjvm.so+0x90bd70], sa_mask[0]=11111111011111111101111111111110, sa_flags=SA_RESTART|SA_SIGINFO


---------------  S Y S T E M  ---------------

OS:DISTRIB_ID=Ubuntu
DISTRIB_RELEASE=16.04
DISTRIB_CODENAME=xenial
DISTRIB_DESCRIPTION="Ubuntu 16.04.4 LTS"

uname:Linux 4.13.0-36-generic #40~16.04.1-Ubuntu SMP Fri Feb 16 23:25:58 UTC 2018 x86_64
libc:glibc 2.23 NPTL 2.23 
rlimit: STACK 8192k, CORE 0k, NPROC 14959, NOFILE 1048576, AS infinity
load average:22,96 8,08 4,85

/proc/meminfo:
MemTotal:        3950336 kB
MemFree:         2694332 kB
MemAvailable:    2654508 kB
Buffers:            8700 kB
Cached:           272844 kB
SwapCached:            0 kB
Active:           894264 kB
Inactive:         222712 kB
Active(anon):     841660 kB
Inactive(anon):   143628 kB
Active(file):      52604 kB
Inactive(file):    79084 kB
Unevictable:          32 kB
Mlocked:              32 kB
SwapTotal:             0 kB
SwapFree:              0 kB
Dirty:               916 kB
Writeback:           108 kB
AnonPages:        835720 kB
Mapped:           149760 kB
Shmem:            149572 kB
Slab:              64788 kB
SReclaimable:      32312 kB
SUnreclaim:        32476 kB
KernelStack:        8984 kB
PageTables:         9712 kB
NFS_Unstable:          0 kB
Bounce:                0 kB
WritebackTmp:          0 kB
CommitLimit:     1975168 kB
Committed_AS:    3803372 kB
VmallocTotal:   34359738367 kB
VmallocUsed:           0 kB
VmallocChunk:          0 kB
HardwareCorrupted:     0 kB
AnonHugePages:         0 kB
ShmemHugePages:        0 kB
ShmemPmdMapped:        0 kB
CmaTotal:              0 kB
CmaFree:               0 kB
HugePages_Total:       0
HugePages_Free:        0
HugePages_Rsvd:        0
HugePages_Surp:        0
Hugepagesize:       2048 kB
DirectMap4k:      129836 kB
DirectMap2M:     3975168 kB
DirectMap1G:     1048576 kB

container (cgroup) information:
container_type: cgroupv1
cpu_cpuset_cpus: 0-3
cpu_memory_nodes: 0
active_processor_count: 4
cpu_quota: -1
cpu_period: 100000
cpu_shares: -1
memory_limit_in_bytes: -1
memory_and_swap_limit_in_bytes: -2
memory_soft_limit_in_bytes: -1
memory_usage_in_bytes: 1144229888
memory_max_usage_in_bytes: 0


CPU:total 4 (initial active 4) (2 cores per cpu, 2 threads per core) family 6 model 61 stepping 4, cmov, cx8, fxsr, mmx, sse, sse2, sse3, ssse3, sse4.1, sse4.2, popcnt, avx, avx2, aes, clmul, erms, 3dnowpref, lzcnt, ht, tsc, tscinvbit, bmi1, bmi2, adx

/proc/cpuinfo:
processor	: 0
vendor_id	: GenuineIntel
cpu family	: 6
model		: 61
model name	: Intel(R) Core(TM) i3-5015U CPU @ 2.10GHz
stepping	: 4
microcode	: 0x19
cpu MHz		: 2095.133
cache size	: 3072 KB
physical id	: 0
siblings	: 4
core id		: 0
cpu cores	: 2
apicid		: 0
initial apicid	: 0
fpu		: yes
fpu_exception	: yes
cpuid level	: 20
wp		: yes
flags		: fpu vme de pse tsc msr pae mce cx8 apic sep mtrr pge mca cmov pat pse36 clflush dts acpi mmx fxsr sse sse2 ss ht tm pbe syscall nx pdpe1gb rdtscp lm constant_tsc arch_perfmon pebs bts rep_good nopl xtopology nonstop_tsc cpuid aperfmperf pni pclmulqdq dtes64 monitor ds_cpl vmx est tm2 ssse3 sdbg fma cx16 xtpr pdcm pcid sse4_1 sse4_2 x2apic movbe popcnt aes xsave avx f16c rdrand lahf_lm abm 3dnowprefetch cpuid_fault epb invpcid_single pti retpoline intel_pt tpr_shadow vnmi flexpriority ept vpid fsgsbase tsc_adjust bmi1 avx2 smep bmi2 erms invpcid rdseed adx smap xsaveopt dtherm arat pln pts
bugs		: cpu_meltdown spectre_v1 spectre_v2
bogomips	: 4190.26
clflush size	: 64
cache_alignment	: 64
address sizes	: 39 bits physical, 48 bits virtual
power management:

processor	: 1
vendor_id	: GenuineIntel
cpu family	: 6
model		: 61
model name	: Intel(R) Core(TM) i3-5015U CPU @ 2.10GHz
stepping	: 4
microcode	: 0x19
cpu MHz		: 2095.133
cache size	: 3072 KB
physical id	: 0
siblings	: 4
core id		: 1
cpu cores	: 2
apicid		: 2
initial apicid	: 2
fpu		: yes
fpu_exception	: yes
cpuid level	: 20
wp		: yes
flags		: fpu vme de pse tsc msr pae mce cx8 apic sep mtrr pge mca cmov pat pse36 clflush dts acpi mmx fxsr sse sse2 ss ht tm pbe syscall nx pdpe1gb rdtscp lm constant_tsc arch_perfmon pebs bts rep_good nopl xtopology nonstop_tsc cpuid aperfmperf pni pclmulqdq dtes64 monitor ds_cpl vmx est tm2 ssse3 sdbg fma cx16 xtpr pdcm pcid sse4_1 sse4_2 x2apic movbe popcnt aes xsave avx f16c rdrand lahf_lm abm 3dnowprefetch cpuid_fault epb invpcid_single pti retpoline intel_pt tpr_shadow vnmi flexpriority ept vpid fsgsbase tsc_adjust bmi1 avx2 smep bmi2 erms invpcid rdseed adx smap xsaveopt dtherm arat pln pts
bugs		: cpu_meltdown spectre_v1 spectre_v2
bogomips	: 4190.26
clflush size	: 64
cache_alignment	: 64
address sizes	: 39 bits physical, 48 bits virtual
power management:

processor	: 2
vendor_id	: GenuineIntel
cpu family	: 6
model		: 61
model name	: Intel(R) Core(TM) i3-5015U CPU @ 2.10GHz
stepping	: 4
microcode	: 0x19
cpu MHz		: 2095.133
cache size	: 3072 KB
physical id	: 0
siblings	: 4
core id		: 0
cpu cores	: 2
apicid		: 1
initial apicid	: 1
fpu		: yes
fpu_exception	: yes
cpuid level	: 20
wp		: yes
flags		: fpu vme de pse tsc msr pae mce cx8 apic sep mtrr pge mca cmov pat pse36 clflush dts acpi mmx fxsr sse sse2 ss ht tm pbe syscall nx pdpe1gb rdtscp lm constant_tsc arch_perfmon pebs bts rep_good nopl xtopology nonstop_tsc cpuid aperfmperf pni pclmulqdq dtes64 monitor ds_cpl vmx est tm2 ssse3 sdbg fma cx16 xtpr pdcm pcid sse4_1 sse4_2 x2apic movbe popcnt aes xsave avx f16c rdrand lahf_lm abm 3dnowprefetch cpuid_fault epb invpcid_single pti retpoline intel_pt tpr_shadow vnmi flexpriority ept vpid fsgsbase tsc_adjust bmi1 avx2 smep bmi2 erms invpcid rdseed adx smap xsaveopt dtherm arat pln pts
bugs		: cpu_meltdown spectre_v1 spectre_v2
bogomips	: 4190.26
clflush size	: 64
cache_alignment	: 64
address sizes	: 39 bits physical, 48 bits virtual
power management:

processor	: 3
vendor_id	: GenuineIntel
cpu family	: 6
model		: 61
model name	: Intel(R) Core(TM) i3-5015U CPU @ 2.10GHz
stepping	: 4
microcode	: 0x19
cpu MHz		: 2095.133
cache size	: 3072 KB
physical id	: 0
siblings	: 4
core id		: 1
cpu cores	: 2
apicid		: 3
initial apicid	: 3
fpu		: yes
fpu_exception	: yes
cpuid level	: 20
wp		: yes
flags		: fpu vme de pse tsc msr pae mce cx8 apic sep mtrr pge mca cmov pat pse36 clflush dts acpi mmx fxsr sse sse2 ss ht tm pbe syscall nx pdpe1gb rdtscp lm constant_tsc arch_perfmon pebs bts rep_good nopl xtopology nonstop_tsc cpuid aperfmperf pni pclmulqdq dtes64 monitor ds_cpl vmx est tm2 ssse3 sdbg fma cx16 xtpr pdcm pcid sse4_1 sse4_2 x2apic movbe popcnt aes xsave avx f16c rdrand lahf_lm abm 3dnowprefetch cpuid_fault epb invpcid_single pti retpoline intel_pt tpr_shadow vnmi flexpriority ept vpid fsgsbase tsc_adjust bmi1 avx2 smep bmi2 erms invpcid rdseed adx smap xsaveopt dtherm arat pln pts
bugs		: cpu_meltdown spectre_v1 spectre_v2
bogomips	: 4190.26
clflush size	: 64
cache_alignment	: 64
address sizes	: 39 bits physical, 48 bits virtual
power management:



Memory: 4k page, physical 3950336k(2694208k free), swap 0k(0k free)

vm_info: Java HotSpot(TM) 64-Bit Server VM (25.201-b09) for linux-amd64 JRE (1.8.0_201-b09), built on Dec 15 2018 11:35:59 by "java_re" with gcc 7.3.0

time: Tue Aug 27 09:50:03 2019
timezone: -03
elapsed time: 2052 seconds (0d 0h 34m 12s)

