#
# A fatal error has been detected by the Java Runtime Environment:
#
#  SIGSEGV (0xb) at pc=0x00007faa19069eba, pid=4340, tid=0x00007fa9de7f2700
#
# JRE version: Java(TM) SE Runtime Environment (8.0_201-b09) (build 1.8.0_201-b09)
# Java VM: Java HotSpot(TM) 64-Bit Server VM (25.201-b09 mixed mode linux-amd64 compressed oops)
# Problematic frame:
# v  ~BufferBlob::jni_fast_GetLongField
#
# Failed to write core dump. Core dumps have been disabled. To enable core dumping, try "ulimit -c unlimited" before starting Java again
#
# If you would like to submit a bug report, please visit:
#   http://bugreport.java.com/bugreport/crash.jsp
# The crash happened outside the Java Virtual Machine in native code.
# See problematic frame for where to report the bug.
#

---------------  T H R E A D  ---------------

Current thread (0x00007faa2820c000):  JavaThread "AWT-XAWT" daemon [_thread_in_native, id=4361, stack(0x00007fa9de6f2000,0x00007fa9de7f3000)]

siginfo: si_signo: 11 (SIGSEGV), si_code: 1 (SEGV_MAPERR), si_addr: 0x0000000000000000

Registers:
RAX=0x00007faa2f46b400, RBX=0x00007faa2820c1f8, RCX=0x0000000000000001, RDX=0x0000000000000042
RSP=0x00007fa9de7f1878, RBP=0x00007fa9de7f18a0, RSI=0x0000000000000000, RDI=0x00007faa2820c1f8
R8 =0x00000000ebe6d7e8, R9 =0x0000000000000000, R10=0x0000000000000012, R11=0x00007faa1921fdd8
R12=0x00007fa9c409c210, R13=0x0000000000000000, R14=0x00007faa14629b00, R15=0x00007faa2820c000
RIP=0x00007faa19069eba, EFLAGS=0x0000000000010246, CSGSFS=0x002b000000000033, ERR=0x0000000000000004
  TRAPNO=0x000000000000000e

Top of Stack: (sp=0x00007fa9de7f1878)
0x00007fa9de7f1878:   00007faa14407f24 00007faa16e63030
0x00007fa9de7f1888:   00007fa9c409c210 00007fa9de7f1950
0x00007fa9de7f1898:   00007fa9de7f1920 0000000000000000
0x00007fa9de7f18a8:   00007fa9dfd2a3c0 00007faa16e63030
0x00007fa9de7f18b8:   00007fa9de7f18e0 0000000000000000
0x00007fa9de7f18c8:   00007fa9dfd21f93 00007fa9de7f1950
0x00007fa9de7f18d8:   00007faa144002af 00007fa9de7f1930
0x00007fa9de7f18e8:   00007faa1921fe76 0000000000000000
0x00007fa9de7f18f8:   00007faa1920b9f6 00007fa9de7f1950
0x00007fa9de7f1908:   00007faa1916802c 00007fa9de7f19b0
0x00007fa9de7f1918:   00000000ec05fc58 00000000ec060b48
0x00007fa9de7f1928:   0000000000000001 00007fa9de7f19b0
0x00007fa9de7f1938:   00007faa19007a90 00007fa9de7f19b0
0x00007fa9de7f1948:   00007faa19007a90 0000000000000000
0x00007fa9de7f1958:   00007faa19007dd0 00007fa9d0000e30
0x00007fa9de7f1968:   00000000ec0cb0a0 00007fa9de7f1970
0x00007fa9de7f1978:   00007faa16e4318c 00007fa9de7f19f8
0x00007fa9de7f1988:   00007faa16e4c170 0000000000000000
0x00007fa9de7f1998:   00007faa16e432c8 00007fa9de7f1950
0x00007fa9de7f19a8:   00007fa9de7f19f0 00007fa9de7f1a40
0x00007fa9de7f19b8:   00007faa190082bd 0000000000000000
0x00007fa9de7f19c8:   0000000000000000 0000000000000000
0x00007fa9de7f19d8:   0000000000000000 0000000000000000
0x00007fa9de7f19e8:   00000000ec0cb0a0 0000000000000000
0x00007fa9de7f19f8:   00000000ec094c58 00007fa9de7f1a00
0x00007fa9de7f1a08:   00007faa16e42fcd 00007fa9de7f1a50
0x00007fa9de7f1a18:   00007faa16e4c170 0000000000000000
0x00007fa9de7f1a28:   00007faa16e42fd8 00007fa9de7f19f0
0x00007fa9de7f1a38:   00007fa9de7f1a50 00007fa9de7f1a98
0x00007fa9de7f1a48:   00007faa19008302 00000000ec094c58
0x00007fa9de7f1a58:   00007fa9de7f1a58 00007faa169fe6cb
0x00007fa9de7f1a68:   00007fa9de7f1aa8 00007faa16a863e8 

Instructions: (pc=0x00007faa19069eba)
0x00007faa19069e9a:   00 00 00 00 00 00 44 8b 15 95 10 44 16 4c 8b ce
0x00007faa19069eaa:   41 f6 c2 01 0f 85 2e 00 00 00 4d 33 ca 4d 33 ca
0x00007faa19069eba:   4d 8b 09 4c 8b da 49 c1 eb 02 4b 8b 04 19 49 bb
0x00007faa19069eca:   3c af 4a 2f aa 7f 00 00 4c 33 d8 4c 33 d8 45 3b 

Register to memory mapping:

RAX=0x00007faa2f46b400: <offset 0xf8d400> in /home/nico/Escritorio/programacion II/Netbeans/jdk1.8.0_201/jre/lib/amd64/server/libjvm.so at 0x00007faa2e4de000
RBX=0x00007faa2820c1f8 is an unknown value
RCX=0x0000000000000001 is an unknown value
RDX=0x0000000000000042 is an unknown value
RSP=0x00007fa9de7f1878 is pointing into the stack for thread: 0x00007faa2820c000
RBP=0x00007fa9de7f18a0 is pointing into the stack for thread: 0x00007faa2820c000
RSI=0x0000000000000000 is an unknown value
RDI=0x00007faa2820c1f8 is an unknown value
R8 =0x00000000ebe6d7e8 is an oop
sun.util.logging.PlatformLogger$Level 
 - klass: 'sun/util/logging/PlatformLogger$Level'
R9 =0x0000000000000000 is an unknown value
R10=0x0000000000000012 is an unknown value
R11=0x00007faa1921fdd8 is at entry_point+24 in (nmethod*)0x00007faa1921fc50
R12=0x00007fa9c409c210 is an unknown value
R13=0x0000000000000000 is an unknown value
R14=0x00007faa14629b00: <offset 0x256b00> in /home/nico/Escritorio/programacion II/Netbeans/jdk1.8.0_201/jre/lib/amd64/libawt_xawt.so at 0x00007faa143d3000
R15=0x00007faa2820c000 is a thread


Stack: [0x00007fa9de6f2000,0x00007fa9de7f3000],  sp=0x00007fa9de7f1878,  free space=1022k
Native frames: (J=compiled Java code, j=interpreted, Vv=VM code, C=native code)
v  ~BufferBlob::jni_fast_GetLongField
C  [libX11.so.6+0x643c0]  _XimServerDestroy+0x70

Java frames: (J=compiled Java code, j=interpreted, Vv=VM code)
J 515  sun.awt.X11.XlibWrapper.XFilterEvent(JJ)Z (0 bytes) @ 0x00007faa1921fe04 [0x00007faa1921fdc0+0x44]
j  sun.awt.X11.XToolkit.run(Z)V+300
j  sun.awt.X11.XToolkit.run()V+5
j  java.lang.Thread.run()V+11
v  ~StubRoutines::call_stub

---------------  P R O C E S S  ---------------

Java Threads: ( => current thread )
  0x00007fa9c8010000 JavaThread "XToolkt-Shutdown-Thread" [_thread_in_native, id=5934, stack(0x00007fa9dd422000,0x00007fa9dd523000)]
  0x00007fa9f0003800 JavaThread "SIGTERM handler" daemon [_thread_blocked, id=5918, stack(0x00007fa9dd523000,0x00007fa9dd624000)]
  0x00007fa9f0002000 JavaThread "SIGTERM handler" daemon [_thread_blocked, id=5890, stack(0x00007fa9dd624000,0x00007fa9dd725000)]
  0x00007fa9f0001000 JavaThread "SIGHUP handler" daemon [_thread_blocked, id=5883, stack(0x00007fa9ddb52000,0x00007fa9ddc53000)]
  0x00007faa2800a800 JavaThread "DestroyJavaVM" [_thread_blocked, id=4345, stack(0x00007faa2ffd0000,0x00007faa300d1000)]
  0x00007faa2823b000 JavaThread "AWT-EventQueue-0" [_thread_blocked, id=4363, stack(0x00007fa9de0c6000,0x00007fa9de1c7000)]
  0x00007faa28226800 JavaThread "AWT-Shutdown" [_thread_blocked, id=4362, stack(0x00007fa9de1c7000,0x00007fa9de2c8000)]
=>0x00007faa2820c000 JavaThread "AWT-XAWT" daemon [_thread_in_native, id=4361, stack(0x00007fa9de6f2000,0x00007fa9de7f3000)]
  0x00007faa281eb000 JavaThread "Java2D Disposer" daemon [_thread_blocked, id=4360, stack(0x00007faa140c0000,0x00007faa141c1000)]
  0x00007faa280e3800 JavaThread "Service Thread" daemon [_thread_blocked, id=4358, stack(0x00007faa149fb000,0x00007faa14afc000)]
  0x00007faa280be800 JavaThread "C1 CompilerThread2" daemon [_thread_blocked, id=4357, stack(0x00007faa14afc000,0x00007faa14bfd000)]
  0x00007faa280bc800 JavaThread "C2 CompilerThread1" daemon [_thread_in_native, id=4356, stack(0x00007faa14bfd000,0x00007faa14cfe000)]
  0x00007faa280b9800 JavaThread "C2 CompilerThread0" daemon [_thread_blocked, id=4355, stack(0x00007faa14cfe000,0x00007faa14dff000)]
  0x00007faa280b8000 JavaThread "Signal Dispatcher" daemon [_thread_blocked, id=4354, stack(0x00007faa14dff000,0x00007faa14f00000)]
  0x00007faa28085000 JavaThread "Finalizer" daemon [_thread_blocked, id=4352, stack(0x00007faa158bf000,0x00007faa159c0000)]
  0x00007faa28082800 JavaThread "Reference Handler" daemon [_thread_blocked, id=4351, stack(0x00007faa159c0000,0x00007faa15ac1000)]

Other Threads:
  0x00007faa28079000 VMThread [stack: 0x00007faa15ac1000,0x00007faa15bc2000] [id=4350]
  0x00007faa280e6800 WatcherThread [stack: 0x00007faa148fa000,0x00007faa149fb000] [id=4359]

VM state:not at safepoint (normal execution)

VM Mutex/Monitor currently owned by a thread: None

heap address: 0x00000000c3a00000, size: 966 MB, Compressed Oops mode: 32-bit
Narrow klass base: 0x0000000000000000, Narrow klass shift: 3
Compressed class space size: 1073741824 Address: 0x0000000100000000

Heap:
 PSYoungGen      total 18432K, used 7024K [0x00000000ebe00000, 0x00000000ed280000, 0x0000000100000000)
  eden space 15872K, 44% used [0x00000000ebe00000,0x00000000ec4dc088,0x00000000ecd80000)
  from space 2560K, 0% used [0x00000000ed000000,0x00000000ed000000,0x00000000ed280000)
  to   space 2560K, 0% used [0x00000000ecd80000,0x00000000ecd80000,0x00000000ed000000)
 ParOldGen       total 42496K, used 0K [0x00000000c3a00000, 0x00000000c6380000, 0x00000000ebe00000)
  object space 42496K, 0% used [0x00000000c3a00000,0x00000000c3a00000,0x00000000c6380000)
 Metaspace       used 11810K, capacity 12014K, committed 12160K, reserved 1060864K
  class space    used 1475K, capacity 1575K, committed 1664K, reserved 1048576K

Card table byte_map: [0x00007faa2cb8f000,0x00007faa2cd73000] byte_map_base: 0x00007faa2c572000

Marking Bits: (ParMarkBitMap*) 0x00007faa2f4a9d80
 Begin Bits: [0x00007faa171d0000, 0x00007faa180e8000)
 End Bits:   [0x00007faa180e8000, 0x00007faa19000000)

Polling page: 0x00007faa300ed000

CodeCache: size=245760Kb used=2306Kb max_used=2318Kb free=243453Kb
 bounds [0x00007faa19000000, 0x00007faa19270000, 0x00007faa28000000]
 total_blobs=1061 nmethods=531 adapters=444
 compilation: enabled

Compilation events (10 events):
Event: 866,098 Thread 0x00007faa280be800  527   !   3       sun.awt.X11.XToolkit::notifyListeners (100 bytes)
Event: 866,100 Thread 0x00007faa280be800 nmethod 527 0x00007faa1923ed10 code [0x00007faa1923efe0, 0x00007faa19240258]
Event: 987,183 Thread 0x00007faa280bc800  528       4       sun.awt.SunToolkit::awtLock (7 bytes)
Event: 987,186 Thread 0x00007faa280bc800 nmethod 528 0x00007faa19222950 code [0x00007faa19222ac0, 0x00007faa19222c48]
Event: 1086,002 Thread 0x00007faa280b9800  529       4       java.util.HashMap::get (23 bytes)
Event: 1086,008 Thread 0x00007faa280b9800 nmethod 529 0x00007faa19222250 code [0x00007faa192223c0, 0x00007faa19222688]
Event: 1113,390 Thread 0x00007faa280be800  530       3       java.util.Vector::<init> (53 bytes)
Event: 1114,932 Thread 0x00007faa280be800 nmethod 530 0x00007faa19244f50 code [0x00007faa19245100, 0x00007faa192455b8]
Event: 2026,468 Thread 0x00007faa280b9800  531   !   4       sun.awt.X11.XToolkit::callTimeoutTasks (220 bytes)
Event: 2026,470 Thread 0x00007faa280b9800 nmethod 531 0x00007faa19221c90 code [0x00007faa19221e00, 0x00007faa19221f58]

GC Heap History (0 events):
No events

Deoptimization events (1 events):
Event: 0,588 Thread 0x00007faa2823b000 Uncommon trap: reason=unstable_if action=reinterpret pc=0x00007faa191c77a8 method=java.lang.String.<init>([CII)V @ 18

Classes redefined (0 events):
No events

Internal exceptions (10 events):
Event: 0,516 Thread 0x00007faa2800a800 Exception <a 'java/lang/ClassNotFoundException': ToolBar> (0x00000000ec228a40) thrown at [/HUDSON/workspace/8-2-build-linux-amd64/jdk8u201/12317/hotspot/src/share/vm/classfile/systemDictionary.cpp, line 210]
Event: 0,516 Thread 0x00007faa2800a800 Exception <a 'java/lang/ClassNotFoundException': ToggleButton> (0x00000000ec228ff0) thrown at [/HUDSON/workspace/8-2-build-linux-amd64/jdk8u201/12317/hotspot/src/share/vm/classfile/systemDictionary.cpp, line 210]
Event: 0,516 Thread 0x00007faa2800a800 Exception <a 'java/lang/ClassNotFoundException': javax/swing/JToolBarSeparator> (0x00000000ec229450) thrown at [/HUDSON/workspace/8-2-build-linux-amd64/jdk8u201/12317/hotspot/src/share/vm/classfile/systemDictionary.cpp, line 210]
Event: 0,516 Thread 0x00007faa2800a800 Exception <a 'java/lang/ClassNotFoundException': ToolBarSeparator> (0x00000000ec2298e8) thrown at [/HUDSON/workspace/8-2-build-linux-amd64/jdk8u201/12317/hotspot/src/share/vm/classfile/systemDictionary.cpp, line 210]
Event: 0,517 Thread 0x00007faa2800a800 Exception <a 'java/lang/ClassNotFoundException': ToolTip> (0x00000000ec22a028) thrown at [/HUDSON/workspace/8-2-build-linux-amd64/jdk8u201/12317/hotspot/src/share/vm/classfile/systemDictionary.cpp, line 210]
Event: 0,518 Thread 0x00007faa2800a800 Exception <a 'java/lang/ClassNotFoundException': Tree> (0x00000000ec22ac48) thrown at [/HUDSON/workspace/8-2-build-linux-amd64/jdk8u201/12317/hotspot/src/share/vm/classfile/systemDictionary.cpp, line 210]
Event: 0,518 Thread 0x00007faa2800a800 Exception <a 'java/lang/ClassNotFoundException': Tree> (0x00000000ec22b388) thrown at [/HUDSON/workspace/8-2-build-linux-amd64/jdk8u201/12317/hotspot/src/share/vm/classfile/systemDictionary.cpp, line 210]
Event: 0,518 Thread 0x00007faa2800a800 Exception <a 'java/lang/ClassNotFoundException': javax/swing/JTreeCell> (0x00000000ec22b708) thrown at [/HUDSON/workspace/8-2-build-linux-amd64/jdk8u201/12317/hotspot/src/share/vm/classfile/systemDictionary.cpp, line 210]
Event: 0,518 Thread 0x00007faa2800a800 Exception <a 'java/lang/ClassNotFoundException': TreeCell> (0x00000000ec22bb90) thrown at [/HUDSON/workspace/8-2-build-linux-amd64/jdk8u201/12317/hotspot/src/share/vm/classfile/systemDictionary.cpp, line 210]
Event: 0,518 Thread 0x00007faa2800a800 Exception <a 'java/lang/ClassNotFoundException': RootPane> (0x00000000ec22c5f0) thrown at [/HUDSON/workspace/8-2-build-linux-amd64/jdk8u201/12317/hotspot/src/share/vm/classfile/systemDictionary.cpp, line 210]

Events (10 events):
Event: 1,363 loading class java/awt/LightweightDispatcher$2 done
Event: 4,126 Executing VM operation: EnableBiasedLocking
Event: 4,126 Executing VM operation: EnableBiasedLocking done
Event: 5,638 Thread 0x00007fa9c408a800 Thread exited: 0x00007fa9c408a800
Event: 183,542 loading class sun/awt/X11/XkbEvent
Event: 183,576 loading class sun/awt/X11/XkbEvent done
Event: 183,576 loading class sun/awt/X11/XkbAnyEvent
Event: 183,642 loading class sun/awt/X11/XkbAnyEvent done
Event: 650,860 loading class sun/awt/X11/XUnmapEvent
Event: 650,900 loading class sun/awt/X11/XUnmapEvent done


Dynamic libraries:
00400000-00401000 r-xp 00000000 08:05 5243413                            /home/nico/Escritorio/programacion II/Netbeans/jdk1.8.0_201/bin/java
00600000-00601000 r--p 00000000 08:05 5243413                            /home/nico/Escritorio/programacion II/Netbeans/jdk1.8.0_201/bin/java
00601000-00602000 rw-p 00001000 08:05 5243413                            /home/nico/Escritorio/programacion II/Netbeans/jdk1.8.0_201/bin/java
00f5c000-00f7d000 rw-p 00000000 00:00 0                                  [heap]
c3a00000-c6380000 rw-p 00000000 00:00 0 
c6380000-ebe00000 ---p 00000000 00:00 0 
ebe00000-ed280000 rw-p 00000000 00:00 0 
ed280000-100000000 ---p 00000000 00:00 0 
100000000-1001a0000 rw-p 00000000 00:00 0 
1001a0000-140000000 ---p 00000000 00:00 0 
7fa9b4000000-7fa9b4021000 rw-p 00000000 00:00 0 
7fa9b4021000-7fa9b8000000 ---p 00000000 00:00 0 
7fa9bc000000-7fa9bc021000 rw-p 00000000 00:00 0 
7fa9bc021000-7fa9c0000000 ---p 00000000 00:00 0 
7fa9c0000000-7fa9c0021000 rw-p 00000000 00:00 0 
7fa9c0021000-7fa9c4000000 ---p 00000000 00:00 0 
7fa9c4000000-7fa9c40a7000 rw-p 00000000 00:00 0 
7fa9c40a7000-7fa9c8000000 ---p 00000000 00:00 0 
7fa9c8000000-7fa9c8021000 rw-p 00000000 00:00 0 
7fa9c8021000-7fa9cc000000 ---p 00000000 00:00 0 
7fa9cc000000-7fa9cc021000 rw-p 00000000 00:00 0 
7fa9cc021000-7fa9d0000000 ---p 00000000 00:00 0 
7fa9d0000000-7fa9d002a000 rw-p 00000000 00:00 0 
7fa9d002a000-7fa9d4000000 ---p 00000000 00:00 0 
7fa9d4fff000-7fa9d8000000 rw-p 00000000 00:00 0 
7fa9d8000000-7fa9d8021000 rw-p 00000000 00:00 0 
7fa9d8021000-7fa9dc000000 ---p 00000000 00:00 0 
7fa9dd422000-7fa9dd425000 ---p 00000000 00:00 0 
7fa9dd425000-7fa9dd523000 rw-p 00000000 00:00 0 
7fa9dd523000-7fa9dd526000 ---p 00000000 00:00 0 
7fa9dd526000-7fa9dd624000 rw-p 00000000 00:00 0 
7fa9dd624000-7fa9dd627000 ---p 00000000 00:00 0 
7fa9dd627000-7fa9dd765000 rw-p 00000000 00:00 0 
7fa9dd765000-7fa9dd925000 ---p 00000000 00:00 0 
7fa9dd925000-7fa9dd94f000 r-xp 00000000 08:05 6030741                    /home/nico/Escritorio/programacion II/Netbeans/jdk1.8.0_201/jre/lib/amd64/libdcpr.so
7fa9dd94f000-7fa9ddb4e000 ---p 0002a000 08:05 6030741                    /home/nico/Escritorio/programacion II/Netbeans/jdk1.8.0_201/jre/lib/amd64/libdcpr.so
7fa9ddb4e000-7fa9ddb4f000 r--p 00029000 08:05 6030741                    /home/nico/Escritorio/programacion II/Netbeans/jdk1.8.0_201/jre/lib/amd64/libdcpr.so
7fa9ddb4f000-7fa9ddb52000 rw-p 0002a000 08:05 6030741                    /home/nico/Escritorio/programacion II/Netbeans/jdk1.8.0_201/jre/lib/amd64/libdcpr.so
7fa9ddb52000-7fa9ddb55000 ---p 00000000 00:00 0 
7fa9ddb55000-7fa9ddc53000 rw-p 00000000 00:00 0 
7fa9ddc53000-7fa9ddcbf000 r-xp 00000000 08:05 6030756                    /home/nico/Escritorio/programacion II/Netbeans/jdk1.8.0_201/jre/lib/amd64/libt2k.so
7fa9ddcbf000-7fa9ddebf000 ---p 0006c000 08:05 6030756                    /home/nico/Escritorio/programacion II/Netbeans/jdk1.8.0_201/jre/lib/amd64/libt2k.so
7fa9ddebf000-7fa9ddec5000 r--p 0006c000 08:05 6030756                    /home/nico/Escritorio/programacion II/Netbeans/jdk1.8.0_201/jre/lib/amd64/libt2k.so
7fa9ddec5000-7fa9ddec6000 rw-p 00072000 08:05 6030756                    /home/nico/Escritorio/programacion II/Netbeans/jdk1.8.0_201/jre/lib/amd64/libt2k.so
7fa9ddec6000-7fa9de0c6000 rw-p 00000000 00:00 0 
7fa9de0c6000-7fa9de0c9000 ---p 00000000 00:00 0 
7fa9de0c9000-7fa9de1c7000 rw-p 00000000 00:00 0 
7fa9de1c7000-7fa9de1ca000 ---p 00000000 00:00 0 
7fa9de1ca000-7fa9de2c8000 rw-p 00000000 00:00 0 
7fa9de2c8000-7fa9de2d9000 r-xp 00000000 08:05 6030797                    /home/nico/Escritorio/programacion II/Netbeans/jdk1.8.0_201/jre/lib/amd64/libnio.so
7fa9de2d9000-7fa9de4d8000 ---p 00011000 08:05 6030797                    /home/nico/Escritorio/programacion II/Netbeans/jdk1.8.0_201/jre/lib/amd64/libnio.so
7fa9de4d8000-7fa9de4d9000 r--p 00010000 08:05 6030797                    /home/nico/Escritorio/programacion II/Netbeans/jdk1.8.0_201/jre/lib/amd64/libnio.so
7fa9de4d9000-7fa9de4da000 rw-p 00011000 08:05 6030797                    /home/nico/Escritorio/programacion II/Netbeans/jdk1.8.0_201/jre/lib/amd64/libnio.so
7fa9de4da000-7fa9de4f0000 r-xp 00000000 08:05 6030794                    /home/nico/Escritorio/programacion II/Netbeans/jdk1.8.0_201/jre/lib/amd64/libnet.so
7fa9de4f0000-7fa9de6f0000 ---p 00016000 08:05 6030794                    /home/nico/Escritorio/programacion II/Netbeans/jdk1.8.0_201/jre/lib/amd64/libnet.so
7fa9de6f0000-7fa9de6f1000 r--p 00016000 08:05 6030794                    /home/nico/Escritorio/programacion II/Netbeans/jdk1.8.0_201/jre/lib/amd64/libnet.so
7fa9de6f1000-7fa9de6f2000 rw-p 00017000 08:05 6030794                    /home/nico/Escritorio/programacion II/Netbeans/jdk1.8.0_201/jre/lib/amd64/libnet.so
7fa9de6f2000-7fa9de6f5000 ---p 00000000 00:00 0 
7fa9de6f5000-7fa9de7f3000 rw-p 00000000 00:00 0 
7fa9de7f3000-7fa9de7f8000 r-xp 00000000 08:05 7479373                    /usr/lib/x86_64-linux-gnu/libXfixes.so.3.1.0
7fa9de7f8000-7fa9de9f7000 ---p 00005000 08:05 7479373                    /usr/lib/x86_64-linux-gnu/libXfixes.so.3.1.0
7fa9de9f7000-7fa9de9f8000 r--p 00004000 08:05 7479373                    /usr/lib/x86_64-linux-gnu/libXfixes.so.3.1.0
7fa9de9f8000-7fa9de9f9000 rw-p 00005000 08:05 7479373                    /usr/lib/x86_64-linux-gnu/libXfixes.so.3.1.0
7fa9de9f9000-7fa9dea02000 r-xp 00000000 08:05 7479365                    /usr/lib/x86_64-linux-gnu/libXcursor.so.1.0.2
7fa9dea02000-7fa9dec01000 ---p 00009000 08:05 7479365                    /usr/lib/x86_64-linux-gnu/libXcursor.so.1.0.2
7fa9dec01000-7fa9dec02000 r--p 00008000 08:05 7479365                    /usr/lib/x86_64-linux-gnu/libXcursor.so.1.0.2
7fa9dec02000-7fa9dec03000 rw-p 00009000 08:05 7479365                    /usr/lib/x86_64-linux-gnu/libXcursor.so.1.0.2
7fa9dec03000-7fa9dec19000 r-xp 00000000 08:05 7868943                    /lib/x86_64-linux-gnu/libgcc_s.so.1
7fa9dec19000-7fa9dee18000 ---p 00016000 08:05 7868943                    /lib/x86_64-linux-gnu/libgcc_s.so.1
7fa9dee18000-7fa9dee19000 rw-p 00015000 08:05 7868943                    /lib/x86_64-linux-gnu/libgcc_s.so.1
7fa9dee19000-7fa9dee76000 r-xp 00000000 08:05 6030774                    /home/nico/Escritorio/programacion II/Netbeans/jdk1.8.0_201/jre/lib/amd64/libfontmanager.so
7fa9dee76000-7fa9df076000 ---p 0005d000 08:05 6030774                    /home/nico/Escritorio/programacion II/Netbeans/jdk1.8.0_201/jre/lib/amd64/libfontmanager.so
7fa9df076000-7fa9df079000 r--p 0005d000 08:05 6030774                    /home/nico/Escritorio/programacion II/Netbeans/jdk1.8.0_201/jre/lib/amd64/libfontmanager.so
7fa9df079000-7fa9df07a000 rw-p 00060000 08:05 6030774                    /home/nico/Escritorio/programacion II/Netbeans/jdk1.8.0_201/jre/lib/amd64/libfontmanager.so
7fa9df07a000-7fa9df07f000 r-xp 00000000 08:05 7479369                    /usr/lib/x86_64-linux-gnu/libXdmcp.so.6.0.0
7fa9df07f000-7fa9df27e000 ---p 00005000 08:05 7479369                    /usr/lib/x86_64-linux-gnu/libXdmcp.so.6.0.0
7fa9df27e000-7fa9df27f000 r--p 00004000 08:05 7479369                    /usr/lib/x86_64-linux-gnu/libXdmcp.so.6.0.0
7fa9df27f000-7fa9df280000 rw-p 00005000 08:05 7479369                    /usr/lib/x86_64-linux-gnu/libXdmcp.so.6.0.0
7fa9df280000-7fa9df282000 r-xp 00000000 08:05 7479358                    /usr/lib/x86_64-linux-gnu/libXau.so.6.0.0
7fa9df282000-7fa9df482000 ---p 00002000 08:05 7479358                    /usr/lib/x86_64-linux-gnu/libXau.so.6.0.0
7fa9df482000-7fa9df483000 r--p 00002000 08:05 7479358                    /usr/lib/x86_64-linux-gnu/libXau.so.6.0.0
7fa9df483000-7fa9df484000 rw-p 00003000 08:05 7479358                    /usr/lib/x86_64-linux-gnu/libXau.so.6.0.0
7fa9df484000-7fa9df4a5000 r-xp 00000000 08:05 7480778                    /usr/lib/x86_64-linux-gnu/libxcb.so.1.1.0
7fa9df4a5000-7fa9df6a4000 ---p 00021000 08:05 7480778                    /usr/lib/x86_64-linux-gnu/libxcb.so.1.1.0
7fa9df6a4000-7fa9df6a5000 r--p 00020000 08:05 7480778                    /usr/lib/x86_64-linux-gnu/libxcb.so.1.1.0
7fa9df6a5000-7fa9df6a6000 rw-p 00021000 08:05 7480778                    /usr/lib/x86_64-linux-gnu/libxcb.so.1.1.0
7fa9df6a6000-7fa9df6b5000 r-xp 00000000 08:05 7479381                    /usr/lib/x86_64-linux-gnu/libXi.so.6.1.0
7fa9df6b5000-7fa9df8b4000 ---p 0000f000 08:05 7479381                    /usr/lib/x86_64-linux-gnu/libXi.so.6.1.0
7fa9df8b4000-7fa9df8b5000 r--p 0000e000 08:05 7479381                    /usr/lib/x86_64-linux-gnu/libXi.so.6.1.0
7fa9df8b5000-7fa9df8b6000 rw-p 0000f000 08:05 7479381                    /usr/lib/x86_64-linux-gnu/libXi.so.6.1.0
7fa9df8b6000-7fa9df8bb000 r-xp 00000000 08:05 7479399                    /usr/lib/x86_64-linux-gnu/libXtst.so.6.1.0
7fa9df8bb000-7fa9dfaba000 ---p 00005000 08:05 7479399                    /usr/lib/x86_64-linux-gnu/libXtst.so.6.1.0
7fa9dfaba000-7fa9dfabb000 r--p 00004000 08:05 7479399                    /usr/lib/x86_64-linux-gnu/libXtst.so.6.1.0
7fa9dfabb000-7fa9dfabc000 rw-p 00005000 08:05 7479399                    /usr/lib/x86_64-linux-gnu/libXtst.so.6.1.0
7fa9dfabc000-7fa9dfac5000 r-xp 00000000 08:05 7479393                    /usr/lib/x86_64-linux-gnu/libXrender.so.1.3.0
7fa9dfac5000-7fa9dfcc4000 ---p 00009000 08:05 7479393                    /usr/lib/x86_64-linux-gnu/libXrender.so.1.3.0
7fa9dfcc4000-7fa9dfcc5000 r--p 00008000 08:05 7479393                    /usr/lib/x86_64-linux-gnu/libXrender.so.1.3.0
7fa9dfcc5000-7fa9dfcc6000 rw-p 00009000 08:05 7479393                    /usr/lib/x86_64-linux-gnu/libXrender.so.1.3.0
7fa9dfcc6000-7fa9dfdfb000 r-xp 00000000 08:05 7479354                    /usr/lib/x86_64-linux-gnu/libX11.so.6.3.0
7fa9dfdfb000-7fa9dfffb000 ---p 00135000 08:05 7479354                    /usr/lib/x86_64-linux-gnu/libX11.so.6.3.0
7fa9dfffb000-7fa9dfffc000 r--p 00135000 08:05 7479354                    /usr/lib/x86_64-linux-gnu/libX11.so.6.3.0
7fa9dfffc000-7fa9e0000000 rw-p 00136000 08:05 7479354                    /usr/lib/x86_64-linux-gnu/libX11.so.6.3.0
7fa9e0000000-7fa9e0021000 rw-p 00000000 00:00 0 
7fa9e0021000-7fa9e4000000 ---p 00000000 00:00 0 
7fa9e4000000-7fa9e4021000 rw-p 00000000 00:00 0 
7fa9e4021000-7fa9e8000000 ---p 00000000 00:00 0 
7fa9e8000000-7fa9e8119000 rw-p 00000000 00:00 0 
7fa9e8119000-7fa9ec000000 ---p 00000000 00:00 0 
7fa9ec000000-7fa9ec3c0000 rw-p 00000000 00:00 0 
7fa9ec3c0000-7fa9f0000000 ---p 00000000 00:00 0 
7fa9f0000000-7fa9f0021000 rw-p 00000000 00:00 0 
7fa9f0021000-7fa9f4000000 ---p 00000000 00:00 0 
7fa9f4000000-7fa9f407d000 rw-p 00000000 00:00 0 
7fa9f407d000-7fa9f8000000 ---p 00000000 00:00 0 
7fa9f8000000-7fa9f8021000 rw-p 00000000 00:00 0 
7fa9f8021000-7fa9fc000000 ---p 00000000 00:00 0 
7fa9fc000000-7fa9fc021000 rw-p 00000000 00:00 0 
7fa9fc021000-7faa00000000 ---p 00000000 00:00 0 
7faa00000000-7faa00021000 rw-p 00000000 00:00 0 
7faa00021000-7faa04000000 ---p 00000000 00:00 0 
7faa04000000-7faa04021000 rw-p 00000000 00:00 0 
7faa04021000-7faa08000000 ---p 00000000 00:00 0 
7faa08000000-7faa08021000 rw-p 00000000 00:00 0 
7faa08021000-7faa0c000000 ---p 00000000 00:00 0 
7faa0c000000-7faa0c021000 rw-p 00000000 00:00 0 
7faa0c021000-7faa10000000 ---p 00000000 00:00 0 
7faa10000000-7faa10021000 rw-p 00000000 00:00 0 
7faa10021000-7faa14000000 ---p 00000000 00:00 0 
7faa1407b000-7faa14086000 r--s 00000000 08:05 7999220                    /var/cache/fontconfig/945677eb7aeaf62f1d50efc3fb3ec7d8-le64.cache-6
7faa14086000-7faa1408c000 r--s 00000000 08:05 7999202                    /var/cache/fontconfig/2cd17615ca594fa2959ae173292e504c-le64.cache-6
7faa1408c000-7faa1408d000 r--s 00000000 08:05 7999199                    /var/cache/fontconfig/0d8c3b2ac0904cb8a57a757ad11a4a08-le64.cache-6
7faa1408d000-7faa140a2000 r--s 00000000 08:05 7999196                    /var/cache/fontconfig/04aabc0a78ac019cf9454389977116d2-le64.cache-6
7faa140a2000-7faa140a3000 r--s 00000000 08:05 7999201                    /var/cache/fontconfig/1ac9eb803944fde146138c791f5cc56a-le64.cache-6
7faa140a3000-7faa140a7000 r--s 00000000 08:05 7999206                    /var/cache/fontconfig/385c0604a188198f04d133e54aba7fe7-le64.cache-6
7faa140a7000-7faa140a8000 r--s 00000000 08:05 7999233                    /var/cache/fontconfig/dc05db6664285cc2f12bf69c139ae4c3-le64.cache-6
7faa140a8000-7faa140ab000 r--s 00000000 08:05 7999216                    /var/cache/fontconfig/767a8244fc0220cfb567a839d0392e0b-le64.cache-6
7faa140ab000-7faa140ac000 r--s 00000000 08:05 7999207                    /var/cache/fontconfig/4794a0821666d79190d59a36cb4f44b5-le64.cache-6
7faa140ac000-7faa140b1000 r--s 00000000 08:05 7999219                    /var/cache/fontconfig/8801497958630a81b71ace7c5f9b32a8-le64.cache-6
7faa140b1000-7faa140b2000 r--s 00000000 08:05 7999226                    /var/cache/fontconfig/bab58bb527bb656aaa9f116d68a48d89-le64.cache-6
7faa140b2000-7faa140b9000 r--s 00000000 08:05 7999203                    /var/cache/fontconfig/3047814df9a2f067bd2d96a2b9c36e5a-le64.cache-6
7faa140b9000-7faa140ba000 r--s 00000000 08:05 7999210                    /var/cache/fontconfig/56cf4f4769d0f4abc89a4895d7bd3ae1-le64.cache-6
7faa140ba000-7faa140c0000 r--s 00000000 08:05 7999224                    /var/cache/fontconfig/b47c4e1ecd0709278f4910c18777a504-le64.cache-6
7faa140c0000-7faa140c3000 ---p 00000000 00:00 0 
7faa140c3000-7faa141c1000 rw-p 00000000 00:00 0 
7faa141c1000-7faa141d2000 r-xp 00000000 08:05 7479371                    /usr/lib/x86_64-linux-gnu/libXext.so.6.4.0
7faa141d2000-7faa143d1000 ---p 00011000 08:05 7479371                    /usr/lib/x86_64-linux-gnu/libXext.so.6.4.0
7faa143d1000-7faa143d2000 r--p 00010000 08:05 7479371                    /usr/lib/x86_64-linux-gnu/libXext.so.6.4.0
7faa143d2000-7faa143d3000 rw-p 00011000 08:05 7479371                    /usr/lib/x86_64-linux-gnu/libXext.so.6.4.0
7faa143d3000-7faa14426000 r-xp 00000000 08:05 6030801                    /home/nico/Escritorio/programacion II/Netbeans/jdk1.8.0_201/jre/lib/amd64/libawt_xawt.so
7faa14426000-7faa14625000 ---p 00053000 08:05 6030801                    /home/nico/Escritorio/programacion II/Netbeans/jdk1.8.0_201/jre/lib/amd64/libawt_xawt.so
7faa14625000-7faa14626000 r--p 00052000 08:05 6030801                    /home/nico/Escritorio/programacion II/Netbeans/jdk1.8.0_201/jre/lib/amd64/libawt_xawt.so
7faa14626000-7faa14629000 rw-p 00053000 08:05 6030801                    /home/nico/Escritorio/programacion II/Netbeans/jdk1.8.0_201/jre/lib/amd64/libawt_xawt.so
7faa14629000-7faa1462a000 rw-p 00000000 00:00 0 
7faa1462a000-7faa146ca000 r-xp 00000000 08:05 6030787                    /home/nico/Escritorio/programacion II/Netbeans/jdk1.8.0_201/jre/lib/amd64/libawt.so
7faa146ca000-7faa148c9000 ---p 000a0000 08:05 6030787                    /home/nico/Escritorio/programacion II/Netbeans/jdk1.8.0_201/jre/lib/amd64/libawt.so
7faa148c9000-7faa148ca000 r--p 0009f000 08:05 6030787                    /home/nico/Escritorio/programacion II/Netbeans/jdk1.8.0_201/jre/lib/amd64/libawt.so
7faa148ca000-7faa148d5000 rw-p 000a0000 08:05 6030787                    /home/nico/Escritorio/programacion II/Netbeans/jdk1.8.0_201/jre/lib/amd64/libawt.so
7faa148d5000-7faa148fa000 rw-p 00000000 00:00 0 
7faa148fa000-7faa148fb000 ---p 00000000 00:00 0 
7faa148fb000-7faa149fb000 rw-p 00000000 00:00 0 
7faa149fb000-7faa149fe000 ---p 00000000 00:00 0 
7faa149fe000-7faa14afc000 rw-p 00000000 00:00 0 
7faa14afc000-7faa14aff000 ---p 00000000 00:00 0 
7faa14aff000-7faa14bfd000 rw-p 00000000 00:00 0 
7faa14bfd000-7faa14c00000 ---p 00000000 00:00 0 
7faa14c00000-7faa14cfe000 rw-p 00000000 00:00 0 
7faa14cfe000-7faa14d01000 ---p 00000000 00:00 0 
7faa14d01000-7faa14dff000 rw-p 00000000 00:00 0 
7faa14dff000-7faa14e02000 ---p 00000000 00:00 0 
7faa14e02000-7faa14f00000 rw-p 00000000 00:00 0 
7faa14f00000-7faa158bf000 r--p 00000000 08:05 7478496                    /usr/lib/locale/locale-archive
7faa158bf000-7faa158c2000 ---p 00000000 00:00 0 
7faa158c2000-7faa159c0000 rw-p 00000000 00:00 0 
7faa159c0000-7faa159c3000 ---p 00000000 00:00 0 
7faa159c3000-7faa15ac1000 rw-p 00000000 00:00 0 
7faa15ac1000-7faa15ac2000 ---p 00000000 00:00 0 
7faa15ac2000-7faa19000000 rw-p 00000000 00:00 0 
7faa19000000-7faa19270000 rwxp 00000000 00:00 0 
7faa19270000-7faa28000000 ---p 00000000 00:00 0 
7faa28000000-7faa28529000 rw-p 00000000 00:00 0 
7faa28529000-7faa2c000000 ---p 00000000 00:00 0 
7faa2c000000-7faa2c001000 r--s 00000000 08:05 7999225                    /var/cache/fontconfig/b9d506c9ac06c20b433354fa67a72993-le64.cache-6
7faa2c001000-7faa2c014000 r--s 00000000 08:05 7999230                    /var/cache/fontconfig/d52a8644073d54c13679302ca1180695-le64.cache-6
7faa2c014000-7faa2c015000 r--s 00000000 08:05 7999209                    /var/cache/fontconfig/551ecf3b0e8b0bca0f25c0944f561853-le64.cache-6
7faa2c015000-7faa2c020000 r--s 00000000 08:05 7999515                    /var/cache/fontconfig/d589a48862398ed80a3d6066f4f56f4c-le64.cache-6
7faa2c020000-7faa2c021000 r--s 00000000 08:05 7999204                    /var/cache/fontconfig/30829fa25452a46451e813d634d7f916-le64.cache-6
7faa2c021000-7faa2c02c000 r--s 00000000 08:05 7999218                    /var/cache/fontconfig/83bf95040141907cd45bb53cf7c1c148-le64.cache-6
7faa2c02c000-7faa2c03e000 r--s 00000000 08:05 7999222                    /var/cache/fontconfig/9b89f8e3dae116d678bbf48e5f21f69b-le64.cache-6
7faa2c03e000-7faa2c063000 r--p 00000000 08:05 9068393                    /usr/share/locale-langpack/es/LC_MESSAGES/libc.mo
7faa2c063000-7faa2c216000 rw-p 00000000 00:00 0 
7faa2c216000-7faa2c3f0000 r--s 03d6f000 08:05 5245945                    /home/nico/Escritorio/programacion II/Netbeans/jdk1.8.0_201/jre/lib/rt.jar
7faa2c3f0000-7faa2c649000 rw-p 00000000 00:00 0 
7faa2c649000-7faa2c64a000 ---p 00000000 00:00 0 
7faa2c64a000-7faa2c74a000 rw-p 00000000 00:00 0 
7faa2c74a000-7faa2c74b000 ---p 00000000 00:00 0 
7faa2c74b000-7faa2c84b000 rw-p 00000000 00:00 0 
7faa2c84b000-7faa2c84c000 ---p 00000000 00:00 0 
7faa2c84c000-7faa2c94c000 rw-p 00000000 00:00 0 
7faa2c94c000-7faa2c94d000 ---p 00000000 00:00 0 
7faa2c94d000-7faa2ca62000 rw-p 00000000 00:00 0 
7faa2ca62000-7faa2cb8f000 ---p 00000000 00:00 0 
7faa2cb8f000-7faa2cba4000 rw-p 00000000 00:00 0 
7faa2cba4000-7faa2ccd1000 ---p 00000000 00:00 0 
7faa2ccd1000-7faa2ccdc000 rw-p 00000000 00:00 0 
7faa2ccdc000-7faa2cd72000 ---p 00000000 00:00 0 
7faa2cd72000-7faa2cd7d000 rw-p 00000000 00:00 0 
7faa2cd7d000-7faa2d133000 ---p 00000000 00:00 0 
7faa2d133000-7faa2d14e000 r-xp 00000000 08:05 6030790                    /home/nico/Escritorio/programacion II/Netbeans/jdk1.8.0_201/jre/lib/amd64/libzip.so
7faa2d14e000-7faa2d34d000 ---p 0001b000 08:05 6030790                    /home/nico/Escritorio/programacion II/Netbeans/jdk1.8.0_201/jre/lib/amd64/libzip.so
7faa2d34d000-7faa2d34e000 r--p 0001a000 08:05 6030790                    /home/nico/Escritorio/programacion II/Netbeans/jdk1.8.0_201/jre/lib/amd64/libzip.so
7faa2d34e000-7faa2d34f000 rw-p 0001b000 08:05 6030790                    /home/nico/Escritorio/programacion II/Netbeans/jdk1.8.0_201/jre/lib/amd64/libzip.so
7faa2d34f000-7faa2d35a000 r-xp 00000000 08:05 7869004                    /lib/x86_64-linux-gnu/libnss_files-2.23.so
7faa2d35a000-7faa2d559000 ---p 0000b000 08:05 7869004                    /lib/x86_64-linux-gnu/libnss_files-2.23.so
7faa2d559000-7faa2d55a000 r--p 0000a000 08:05 7869004                    /lib/x86_64-linux-gnu/libnss_files-2.23.so
7faa2d55a000-7faa2d55b000 rw-p 0000b000 08:05 7869004                    /lib/x86_64-linux-gnu/libnss_files-2.23.so
7faa2d55b000-7faa2d561000 rw-p 00000000 00:00 0 
7faa2d561000-7faa2d56c000 r-xp 00000000 08:05 7869014                    /lib/x86_64-linux-gnu/libnss_nis-2.23.so
7faa2d56c000-7faa2d76b000 ---p 0000b000 08:05 7869014                    /lib/x86_64-linux-gnu/libnss_nis-2.23.so
7faa2d76b000-7faa2d76c000 r--p 0000a000 08:05 7869014                    /lib/x86_64-linux-gnu/libnss_nis-2.23.so
7faa2d76c000-7faa2d76d000 rw-p 0000b000 08:05 7869014                    /lib/x86_64-linux-gnu/libnss_nis-2.23.so
7faa2d76d000-7faa2d783000 r-xp 00000000 08:05 7868998                    /lib/x86_64-linux-gnu/libnsl-2.23.so
7faa2d783000-7faa2d982000 ---p 00016000 08:05 7868998                    /lib/x86_64-linux-gnu/libnsl-2.23.so
7faa2d982000-7faa2d983000 r--p 00015000 08:05 7868998                    /lib/x86_64-linux-gnu/libnsl-2.23.so
7faa2d983000-7faa2d984000 rw-p 00016000 08:05 7868998                    /lib/x86_64-linux-gnu/libnsl-2.23.so
7faa2d984000-7faa2d986000 rw-p 00000000 00:00 0 
7faa2d986000-7faa2d98e000 r-xp 00000000 08:05 7869000                    /lib/x86_64-linux-gnu/libnss_compat-2.23.so
7faa2d98e000-7faa2db8d000 ---p 00008000 08:05 7869000                    /lib/x86_64-linux-gnu/libnss_compat-2.23.so
7faa2db8d000-7faa2db8e000 r--p 00007000 08:05 7869000                    /lib/x86_64-linux-gnu/libnss_compat-2.23.so
7faa2db8e000-7faa2db8f000 rw-p 00008000 08:05 7869000                    /lib/x86_64-linux-gnu/libnss_compat-2.23.so
7faa2db8f000-7faa2dbbb000 r-xp 00000000 08:05 6030784                    /home/nico/Escritorio/programacion II/Netbeans/jdk1.8.0_201/jre/lib/amd64/libjava.so
7faa2dbbb000-7faa2ddbb000 ---p 0002c000 08:05 6030784                    /home/nico/Escritorio/programacion II/Netbeans/jdk1.8.0_201/jre/lib/amd64/libjava.so
7faa2ddbb000-7faa2ddbc000 r--p 0002c000 08:05 6030784                    /home/nico/Escritorio/programacion II/Netbeans/jdk1.8.0_201/jre/lib/amd64/libjava.so
7faa2ddbc000-7faa2ddbe000 rw-p 0002d000 08:05 6030784                    /home/nico/Escritorio/programacion II/Netbeans/jdk1.8.0_201/jre/lib/amd64/libjava.so
7faa2ddbe000-7faa2ddcb000 r-xp 00000000 08:05 6030789                    /home/nico/Escritorio/programacion II/Netbeans/jdk1.8.0_201/jre/lib/amd64/libverify.so
7faa2ddcb000-7faa2dfca000 ---p 0000d000 08:05 6030789                    /home/nico/Escritorio/programacion II/Netbeans/jdk1.8.0_201/jre/lib/amd64/libverify.so
7faa2dfca000-7faa2dfcc000 r--p 0000c000 08:05 6030789                    /home/nico/Escritorio/programacion II/Netbeans/jdk1.8.0_201/jre/lib/amd64/libverify.so
7faa2dfcc000-7faa2dfcd000 rw-p 0000e000 08:05 6030789                    /home/nico/Escritorio/programacion II/Netbeans/jdk1.8.0_201/jre/lib/amd64/libverify.so
7faa2dfcd000-7faa2dfd4000 r-xp 00000000 08:05 7869059                    /lib/x86_64-linux-gnu/librt-2.23.so
7faa2dfd4000-7faa2e1d3000 ---p 00007000 08:05 7869059                    /lib/x86_64-linux-gnu/librt-2.23.so
7faa2e1d3000-7faa2e1d4000 r--p 00006000 08:05 7869059                    /lib/x86_64-linux-gnu/librt-2.23.so
7faa2e1d4000-7faa2e1d5000 rw-p 00007000 08:05 7869059                    /lib/x86_64-linux-gnu/librt-2.23.so
7faa2e1d5000-7faa2e2dd000 r-xp 00000000 08:05 7868975                    /lib/x86_64-linux-gnu/libm-2.23.so
7faa2e2dd000-7faa2e4dc000 ---p 00108000 08:05 7868975                    /lib/x86_64-linux-gnu/libm-2.23.so
7faa2e4dc000-7faa2e4dd000 r--p 00107000 08:05 7868975                    /lib/x86_64-linux-gnu/libm-2.23.so
7faa2e4dd000-7faa2e4de000 rw-p 00108000 08:05 7868975                    /lib/x86_64-linux-gnu/libm-2.23.so
7faa2e4de000-7faa2f1c6000 r-xp 00000000 08:05 6030766                    /home/nico/Escritorio/programacion II/Netbeans/jdk1.8.0_201/jre/lib/amd64/server/libjvm.so
7faa2f1c6000-7faa2f3c5000 ---p 00ce8000 08:05 6030766                    /home/nico/Escritorio/programacion II/Netbeans/jdk1.8.0_201/jre/lib/amd64/server/libjvm.so
7faa2f3c5000-7faa2f45b000 r--p 00ce7000 08:05 6030766                    /home/nico/Escritorio/programacion II/Netbeans/jdk1.8.0_201/jre/lib/amd64/server/libjvm.so
7faa2f45b000-7faa2f48c000 rw-p 00d7d000 08:05 6030766                    /home/nico/Escritorio/programacion II/Netbeans/jdk1.8.0_201/jre/lib/amd64/server/libjvm.so
7faa2f48c000-7faa2f4c7000 rw-p 00000000 00:00 0 
7faa2f4c7000-7faa2f687000 r-xp 00000000 08:05 7868905                    /lib/x86_64-linux-gnu/libc-2.23.so
7faa2f687000-7faa2f887000 ---p 001c0000 08:05 7868905                    /lib/x86_64-linux-gnu/libc-2.23.so
7faa2f887000-7faa2f88b000 r--p 001c0000 08:05 7868905                    /lib/x86_64-linux-gnu/libc-2.23.so
7faa2f88b000-7faa2f88d000 rw-p 001c4000 08:05 7868905                    /lib/x86_64-linux-gnu/libc-2.23.so
7faa2f88d000-7faa2f891000 rw-p 00000000 00:00 0 
7faa2f891000-7faa2f894000 r-xp 00000000 08:05 7868929                    /lib/x86_64-linux-gnu/libdl-2.23.so
7faa2f894000-7faa2fa93000 ---p 00003000 08:05 7868929                    /lib/x86_64-linux-gnu/libdl-2.23.so
7faa2fa93000-7faa2fa94000 r--p 00002000 08:05 7868929                    /lib/x86_64-linux-gnu/libdl-2.23.so
7faa2fa94000-7faa2fa95000 rw-p 00003000 08:05 7868929                    /lib/x86_64-linux-gnu/libdl-2.23.so
7faa2fa95000-7faa2faac000 r-xp 00000000 08:05 5244916                    /home/nico/Escritorio/programacion II/Netbeans/jdk1.8.0_201/lib/amd64/jli/libjli.so
7faa2faac000-7faa2fcab000 ---p 00017000 08:05 5244916                    /home/nico/Escritorio/programacion II/Netbeans/jdk1.8.0_201/lib/amd64/jli/libjli.so
7faa2fcab000-7faa2fcac000 r--p 00016000 08:05 5244916                    /home/nico/Escritorio/programacion II/Netbeans/jdk1.8.0_201/lib/amd64/jli/libjli.so
7faa2fcac000-7faa2fcad000 rw-p 00017000 08:05 5244916                    /home/nico/Escritorio/programacion II/Netbeans/jdk1.8.0_201/lib/amd64/jli/libjli.so
7faa2fcad000-7faa2fcc5000 r-xp 00000000 08:05 7869051                    /lib/x86_64-linux-gnu/libpthread-2.23.so
7faa2fcc5000-7faa2fec4000 ---p 00018000 08:05 7869051                    /lib/x86_64-linux-gnu/libpthread-2.23.so
7faa2fec4000-7faa2fec5000 r--p 00017000 08:05 7869051                    /lib/x86_64-linux-gnu/libpthread-2.23.so
7faa2fec5000-7faa2fec6000 rw-p 00018000 08:05 7869051                    /lib/x86_64-linux-gnu/libpthread-2.23.so
7faa2fec6000-7faa2feca000 rw-p 00000000 00:00 0 
7faa2feca000-7faa2fef0000 r-xp 00000000 08:05 7868877                    /lib/x86_64-linux-gnu/ld-2.23.so
7faa2fef0000-7faa2fef1000 r--s 00000000 08:05 7999198                    /var/cache/fontconfig/0c9eb80ebd1c36541ebe2852d3bb0c49-le64.cache-6
7faa2fef1000-7faa2fef4000 r--s 00000000 08:05 7999215                    /var/cache/fontconfig/75114ca45c98e8a441da0ff356701271-le64.cache-6
7faa2fef4000-7faa2fef8000 r--s 00000000 08:05 7999322                    /var/cache/fontconfig/7ef2298fde41cc6eeb7af42e48b7d293-le64.cache-6
7faa2fef8000-7faa2ffd0000 rw-p 00000000 00:00 0 
7faa2ffd0000-7faa2ffd3000 ---p 00000000 00:00 0 
7faa2ffd3000-7faa300d5000 rw-p 00000000 00:00 0 
7faa300d5000-7faa300d8000 r--s 00000000 08:05 7999234                    /var/cache/fontconfig/e13b20fdb08344e0e664864cc2ede53d-le64.cache-6
7faa300d8000-7faa300df000 r--s 00000000 08:05 7736400                    /usr/lib/x86_64-linux-gnu/gconv/gconv-modules.cache
7faa300df000-7faa300e4000 r--s 002f9000 08:05 5245943                    /home/nico/Escritorio/programacion II/Netbeans/jdk1.8.0_201/jre/lib/charsets.jar
7faa300e4000-7faa300ec000 rw-s 00000000 08:05 3933455                    /tmp/hsperfdata_nico/4340
7faa300ec000-7faa300ed000 rw-p 00000000 00:00 0 
7faa300ed000-7faa300ee000 r--p 00000000 00:00 0 
7faa300ee000-7faa300ef000 rw-p 00000000 00:00 0 
7faa300ef000-7faa300f0000 r--p 00025000 08:05 7868877                    /lib/x86_64-linux-gnu/ld-2.23.so
7faa300f0000-7faa300f1000 rw-p 00026000 08:05 7868877                    /lib/x86_64-linux-gnu/ld-2.23.so
7faa300f1000-7faa300f2000 rw-p 00000000 00:00 0 
7ffdfe13f000-7ffdfe160000 rw-p 00000000 00:00 0                          [stack]
7ffdfe19e000-7ffdfe1a1000 r--p 00000000 00:00 0                          [vvar]
7ffdfe1a1000-7ffdfe1a3000 r-xp 00000000 00:00 0                          [vdso]
ffffffffff600000-ffffffffff601000 r-xp 00000000 00:00 0                  [vsyscall]

VM Arguments:
jvm_args: -Dfile.encoding=UTF-8 
java_command: proyectointe.NewJFrame
java_class_path (initial): /home/nico/Escritorio/programacion II/ProyectoInte/build/classes
Launcher Type: SUN_STANDARD

Environment Variables:
PATH=/home/nico/bin:/home/nico/.local/bin:/usr/local/sbin:/usr/local/bin:/usr/sbin:/usr/bin:/sbin:/bin:/usr/games:/usr/local/games:/snap/bin
LD_LIBRARY_PATH=/home/nico/Escritorio/programacion II/Netbeans/jdk1.8.0_201/jre/lib/amd64:/home/nico/Escritorio/programacion II/Netbeans/jdk1.8.0_201/jre/lib/i386:
SHELL=/bin/bash
DISPLAY=:0

Signal Handlers:
SIGSEGV: [libjvm.so+0xad3e60], sa_mask[0]=11111111011111111101111111111110, sa_flags=SA_RESTART|SA_SIGINFO
SIGBUS: [libjvm.so+0xad3e60], sa_mask[0]=11111111011111111101111111111110, sa_flags=SA_RESTART|SA_SIGINFO
SIGFPE: [libjvm.so+0x90b880], sa_mask[0]=11111111011111111101111111111110, sa_flags=SA_RESTART|SA_SIGINFO
SIGPIPE: [libjvm.so+0x90b880], sa_mask[0]=11111111011111111101111111111110, sa_flags=SA_RESTART|SA_SIGINFO
SIGXFSZ: [libjvm.so+0x90b880], sa_mask[0]=11111111011111111101111111111110, sa_flags=SA_RESTART|SA_SIGINFO
SIGILL: [libjvm.so+0x90b880], sa_mask[0]=11111111011111111101111111111110, sa_flags=SA_RESTART|SA_SIGINFO
SIGUSR1: SIG_DFL, sa_mask[0]=00000000000000000000000000000000, sa_flags=none
SIGUSR2: [libjvm.so+0x90b750], sa_mask[0]=00100000000000000000000000000000, sa_flags=SA_RESTART|SA_SIGINFO
SIGHUP: [libjvm.so+0x90bd70], sa_mask[0]=11111111011111111101111111111110, sa_flags=SA_RESTART|SA_SIGINFO
SIGINT: SIG_IGN, sa_mask[0]=00000000000000000000000000000000, sa_flags=none
SIGTERM: [libjvm.so+0x90bd70], sa_mask[0]=11111111011111111101111111111110, sa_flags=SA_RESTART|SA_SIGINFO
SIGQUIT: [libjvm.so+0x90bd70], sa_mask[0]=11111111011111111101111111111110, sa_flags=SA_RESTART|SA_SIGINFO


---------------  S Y S T E M  ---------------

OS:DISTRIB_ID=Ubuntu
DISTRIB_RELEASE=16.04
DISTRIB_CODENAME=xenial
DISTRIB_DESCRIPTION="Ubuntu 16.04.4 LTS"

uname:Linux 4.13.0-36-generic #40~16.04.1-Ubuntu SMP Fri Feb 16 23:25:58 UTC 2018 x86_64
libc:glibc 2.23 NPTL 2.23 
rlimit: STACK 8192k, CORE 0k, NPROC 14959, NOFILE 1048576, AS infinity
load average:22,96 8,08 4,85

/proc/meminfo:
MemTotal:        3950336 kB
MemFree:         2694208 kB
MemAvailable:    2654384 kB
Buffers:            8700 kB
Cached:           272844 kB
SwapCached:            0 kB
Active:           894264 kB
Inactive:         222712 kB
Active(anon):     841660 kB
Inactive(anon):   143628 kB
Active(file):      52604 kB
Inactive(file):    79084 kB
Unevictable:          32 kB
Mlocked:              32 kB
SwapTotal:             0 kB
SwapFree:              0 kB
Dirty:              1064 kB
Writeback:           108 kB
AnonPages:        835720 kB
Mapped:           149760 kB
Shmem:            149572 kB
Slab:              64788 kB
SReclaimable:      32312 kB
SUnreclaim:        32476 kB
KernelStack:        8984 kB
PageTables:         9712 kB
NFS_Unstable:          0 kB
Bounce:                0 kB
WritebackTmp:          0 kB
CommitLimit:     1975168 kB
Committed_AS:    3803372 kB
VmallocTotal:   34359738367 kB
VmallocUsed:           0 kB
VmallocChunk:          0 kB
HardwareCorrupted:     0 kB
AnonHugePages:         0 kB
ShmemHugePages:        0 kB
ShmemPmdMapped:        0 kB
CmaTotal:              0 kB
CmaFree:               0 kB
HugePages_Total:       0
HugePages_Free:        0
HugePages_Rsvd:        0
HugePages_Surp:        0
Hugepagesize:       2048 kB
DirectMap4k:      129836 kB
DirectMap2M:     3975168 kB
DirectMap1G:     1048576 kB

container (cgroup) information:
container_type: cgroupv1
cpu_cpuset_cpus: 0-3
cpu_memory_nodes: 0
active_processor_count: 4
cpu_quota: -1
cpu_period: 100000
cpu_shares: -1
memory_limit_in_bytes: -1
memory_and_swap_limit_in_bytes: -2
memory_soft_limit_in_bytes: -1
memory_usage_in_bytes: 1144295424
memory_max_usage_in_bytes: 0


CPU:total 4 (initial active 4) (2 cores per cpu, 2 threads per core) family 6 model 61 stepping 4, cmov, cx8, fxsr, mmx, sse, sse2, sse3, ssse3, sse4.1, sse4.2, popcnt, avx, avx2, aes, clmul, erms, 3dnowpref, lzcnt, ht, tsc, tscinvbit, bmi1, bmi2, adx

/proc/cpuinfo:
processor	: 0
vendor_id	: GenuineIntel
cpu family	: 6
model		: 61
model name	: Intel(R) Core(TM) i3-5015U CPU @ 2.10GHz
stepping	: 4
microcode	: 0x19
cpu MHz		: 2095.133
cache size	: 3072 KB
physical id	: 0
siblings	: 4
core id		: 0
cpu cores	: 2
apicid		: 0
initial apicid	: 0
fpu		: yes
fpu_exception	: yes
cpuid level	: 20
wp		: yes
flags		: fpu vme de pse tsc msr pae mce cx8 apic sep mtrr pge mca cmov pat pse36 clflush dts acpi mmx fxsr sse sse2 ss ht tm pbe syscall nx pdpe1gb rdtscp lm constant_tsc arch_perfmon pebs bts rep_good nopl xtopology nonstop_tsc cpuid aperfmperf pni pclmulqdq dtes64 monitor ds_cpl vmx est tm2 ssse3 sdbg fma cx16 xtpr pdcm pcid sse4_1 sse4_2 x2apic movbe popcnt aes xsave avx f16c rdrand lahf_lm abm 3dnowprefetch cpuid_fault epb invpcid_single pti retpoline intel_pt tpr_shadow vnmi flexpriority ept vpid fsgsbase tsc_adjust bmi1 avx2 smep bmi2 erms invpcid rdseed adx smap xsaveopt dtherm arat pln pts
bugs		: cpu_meltdown spectre_v1 spectre_v2
bogomips	: 4190.26
clflush size	: 64
cache_alignment	: 64
address sizes	: 39 bits physical, 48 bits virtual
power management:

processor	: 1
vendor_id	: GenuineIntel
cpu family	: 6
model		: 61
model name	: Intel(R) Core(TM) i3-5015U CPU @ 2.10GHz
stepping	: 4
microcode	: 0x19
cpu MHz		: 2095.133
cache size	: 3072 KB
physical id	: 0
siblings	: 4
core id		: 1
cpu cores	: 2
apicid		: 2
initial apicid	: 2
fpu		: yes
fpu_exception	: yes
cpuid level	: 20
wp		: yes
flags		: fpu vme de pse tsc msr pae mce cx8 apic sep mtrr pge mca cmov pat pse36 clflush dts acpi mmx fxsr sse sse2 ss ht tm pbe syscall nx pdpe1gb rdtscp lm constant_tsc arch_perfmon pebs bts rep_good nopl xtopology nonstop_tsc cpuid aperfmperf pni pclmulqdq dtes64 monitor ds_cpl vmx est tm2 ssse3 sdbg fma cx16 xtpr pdcm pcid sse4_1 sse4_2 x2apic movbe popcnt aes xsave avx f16c rdrand lahf_lm abm 3dnowprefetch cpuid_fault epb invpcid_single pti retpoline intel_pt tpr_shadow vnmi flexpriority ept vpid fsgsbase tsc_adjust bmi1 avx2 smep bmi2 erms invpcid rdseed adx smap xsaveopt dtherm arat pln pts
bugs		: cpu_meltdown spectre_v1 spectre_v2
bogomips	: 4190.26
clflush size	: 64
cache_alignment	: 64
address sizes	: 39 bits physical, 48 bits virtual
power management:

processor	: 2
vendor_id	: GenuineIntel
cpu family	: 6
model		: 61
model name	: Intel(R) Core(TM) i3-5015U CPU @ 2.10GHz
stepping	: 4
microcode	: 0x19
cpu MHz		: 2095.133
cache size	: 3072 KB
physical id	: 0
siblings	: 4
core id		: 0
cpu cores	: 2
apicid		: 1
initial apicid	: 1
fpu		: yes
fpu_exception	: yes
cpuid level	: 20
wp		: yes
flags		: fpu vme de pse tsc msr pae mce cx8 apic sep mtrr pge mca cmov pat pse36 clflush dts acpi mmx fxsr sse sse2 ss ht tm pbe syscall nx pdpe1gb rdtscp lm constant_tsc arch_perfmon pebs bts rep_good nopl xtopology nonstop_tsc cpuid aperfmperf pni pclmulqdq dtes64 monitor ds_cpl vmx est tm2 ssse3 sdbg fma cx16 xtpr pdcm pcid sse4_1 sse4_2 x2apic movbe popcnt aes xsave avx f16c rdrand lahf_lm abm 3dnowprefetch cpuid_fault epb invpcid_single pti retpoline intel_pt tpr_shadow vnmi flexpriority ept vpid fsgsbase tsc_adjust bmi1 avx2 smep bmi2 erms invpcid rdseed adx smap xsaveopt dtherm arat pln pts
bugs		: cpu_meltdown spectre_v1 spectre_v2
bogomips	: 4190.26
clflush size	: 64
cache_alignment	: 64
address sizes	: 39 bits physical, 48 bits virtual
power management:

processor	: 3
vendor_id	: GenuineIntel
cpu family	: 6
model		: 61
model name	: Intel(R) Core(TM) i3-5015U CPU @ 2.10GHz
stepping	: 4
microcode	: 0x19
cpu MHz		: 2095.133
cache size	: 3072 KB
physical id	: 0
siblings	: 4
core id		: 1
cpu cores	: 2
apicid		: 3
initial apicid	: 3
fpu		: yes
fpu_exception	: yes
cpuid level	: 20
wp		: yes
flags		: fpu vme de pse tsc msr pae mce cx8 apic sep mtrr pge mca cmov pat pse36 clflush dts acpi mmx fxsr sse sse2 ss ht tm pbe syscall nx pdpe1gb rdtscp lm constant_tsc arch_perfmon pebs bts rep_good nopl xtopology nonstop_tsc cpuid aperfmperf pni pclmulqdq dtes64 monitor ds_cpl vmx est tm2 ssse3 sdbg fma cx16 xtpr pdcm pcid sse4_1 sse4_2 x2apic movbe popcnt aes xsave avx f16c rdrand lahf_lm abm 3dnowprefetch cpuid_fault epb invpcid_single pti retpoline intel_pt tpr_shadow vnmi flexpriority ept vpid fsgsbase tsc_adjust bmi1 avx2 smep bmi2 erms invpcid rdseed adx smap xsaveopt dtherm arat pln pts
bugs		: cpu_meltdown spectre_v1 spectre_v2
bogomips	: 4190.26
clflush size	: 64
cache_alignment	: 64
address sizes	: 39 bits physical, 48 bits virtual
power management:



Memory: 4k page, physical 3950336k(2694084k free), swap 0k(0k free)

vm_info: Java HotSpot(TM) 64-Bit Server VM (25.201-b09) for linux-amd64 JRE (1.8.0_201-b09), built on Dec 15 2018 11:35:59 by "java_re" with gcc 7.3.0

time: Tue Aug 27 09:50:03 2019
timezone: -03
elapsed time: 2385 seconds (0d 0h 39m 45s)

