#
# A fatal error has been detected by the Java Runtime Environment:
#
#  SIGSEGV (0xb) at pc=0x00007f20d1069eba, pid=5174, tid=0x00007f209aa2b700
#
# JRE version: Java(TM) SE Runtime Environment (8.0_201-b09) (build 1.8.0_201-b09)
# Java VM: Java HotSpot(TM) 64-Bit Server VM (25.201-b09 mixed mode linux-amd64 compressed oops)
# Problematic frame:
# v  ~BufferBlob::jni_fast_GetLongField
#
# Failed to write core dump. Core dumps have been disabled. To enable core dumping, try "ulimit -c unlimited" before starting Java again
#
# If you would like to submit a bug report, please visit:
#   http://bugreport.java.com/bugreport/crash.jsp
# The crash happened outside the Java Virtual Machine in native code.
# See problematic frame for where to report the bug.
#

---------------  T H R E A D  ---------------

Current thread (0x00007f20e0223800):  JavaThread "AWT-XAWT" daemon [_thread_in_native, id=5195, stack(0x00007f209a92b000,0x00007f209aa2c000)]

siginfo: si_signo: 11 (SIGSEGV), si_code: 1 (SEGV_MAPERR), si_addr: 0x0000000000000000

Registers:
RAX=0x00007f20e7709400, RBX=0x00007f20e02239f8, RCX=0x0000000000000001, RDX=0x0000000000000042
RSP=0x00007f209aa2a878, RBP=0x00007f209aa2a8a0, RSI=0x0000000000000000, RDI=0x00007f20e02239f8
R8 =0x00000000ebe6f5b8, R9 =0x0000000000000000, R10=0x0000000000000010, R11=0x00007f20d12470d8
R12=0x00007f207c0a51c0, R13=0x0000000000000000, R14=0x00007f20c8833b00, R15=0x00007f20e0223800
RIP=0x00007f20d1069eba, EFLAGS=0x0000000000010246, CSGSFS=0x002b000000000033, ERR=0x0000000000000004
  TRAPNO=0x000000000000000e

Top of Stack: (sp=0x00007f209aa2a878)
0x00007f209aa2a878:   00007f20c8611f24 00007f20d0c94030
0x00007f209aa2a888:   00007f207c0a51c0 00007f209aa2a950
0x00007f209aa2a898:   00007f209aa2a920 0000000000000000
0x00007f209aa2a8a8:   00007f20c80f53c0 00007f20d0c94030
0x00007f209aa2a8b8:   00007f209aa2a8e0 0000000000000000
0x00007f209aa2a8c8:   00007f20c80ecf93 00007f209aa2a950
0x00007f209aa2a8d8:   00007f20c860a2af 00007f209aa2a930
0x00007f209aa2a8e8:   00007f20d1247176 0000000000000000
0x00007f209aa2a8f8:   00007f20d122c0b6 00007f209aa2a950
0x00007f209aa2a908:   00007f20e6dfad46 00007f209aa2a9b0
0x00007f209aa2a918:   00000000ec061e68 00000000ec062d58
0x00007f209aa2a928:   0000000000000001 00007f209aa2a9b0
0x00007f209aa2a938:   00007f20d1007a90 00007f209aa2a9b0
0x00007f209aa2a948:   00007f20d1007a90 0000000000000000
0x00007f209aa2a958:   00007f20d1007dd0 00007f2088000e30
0x00007f209aa2a968:   00000000ec0cae60 00007f209aa2a970
0x00007f209aa2a978:   00007f20d0c7418c 00007f209aa2a9f8
0x00007f209aa2a988:   00007f20d0c7d170 0000000000000000
0x00007f209aa2a998:   00007f20d0c742c8 00007f209aa2a950
0x00007f209aa2a9a8:   00007f209aa2a9f0 00007f209aa2aa40
0x00007f209aa2a9b8:   00007f20d10082bd 0000000000000000
0x00007f209aa2a9c8:   0000000000000000 0000000000000000
0x00007f209aa2a9d8:   0000000000000000 0000000000000000
0x00007f209aa2a9e8:   00000000ec0cae60 0000000000000000
0x00007f209aa2a9f8:   00000000ec096d10 00007f209aa2aa00
0x00007f209aa2aa08:   00007f20d0c73fcd 00007f209aa2aa50
0x00007f209aa2aa18:   00007f20d0c7d170 0000000000000000
0x00007f209aa2aa28:   00007f20d0c73fd8 00007f209aa2a9f0
0x00007f209aa2aa38:   00007f209aa2aa50 00007f209aa2aa98
0x00007f209aa2aa48:   00007f20d1008302 00000000ec096d10
0x00007f209aa2aa58:   00007f209aa2aa58 00007f20d082e6cb
0x00007f209aa2aa68:   00007f209aa2aaa8 00007f20d08b63e8 

Instructions: (pc=0x00007f20d1069eba)
0x00007f20d1069e9a:   00 00 00 00 00 00 44 8b 15 95 f0 6d 16 4c 8b ce
0x00007f20d1069eaa:   41 f6 c2 01 0f 85 2e 00 00 00 4d 33 ca 4d 33 ca
0x00007f20d1069eba:   4d 8b 09 4c 8b da 49 c1 eb 02 4b 8b 04 19 49 bb
0x00007f20d1069eca:   3c 8f 74 e7 20 7f 00 00 4c 33 d8 4c 33 d8 45 3b 

Register to memory mapping:

RAX=0x00007f20e7709400: <offset 0xf8d400> in /home/nico/Escritorio/programacion II/Netbeans/jdk1.8.0_201/jre/lib/amd64/server/libjvm.so at 0x00007f20e677c000
RBX=0x00007f20e02239f8 is an unknown value
RCX=0x0000000000000001 is an unknown value
RDX=0x0000000000000042 is an unknown value
RSP=0x00007f209aa2a878 is pointing into the stack for thread: 0x00007f20e0223800
RBP=0x00007f209aa2a8a0 is pointing into the stack for thread: 0x00007f20e0223800
RSI=0x0000000000000000 is an unknown value
RDI=0x00007f20e02239f8 is an unknown value
R8 =0x00000000ebe6f5b8 is an oop
sun.util.logging.PlatformLogger$Level 
 - klass: 'sun/util/logging/PlatformLogger$Level'
R9 =0x0000000000000000 is an unknown value
R10=0x0000000000000010 is an unknown value
R11=0x00007f20d12470d8 is at entry_point+24 in (nmethod*)0x00007f20d1246f50
R12=0x00007f207c0a51c0 is an unknown value
R13=0x0000000000000000 is an unknown value
R14=0x00007f20c8833b00: <offset 0x256b00> in /home/nico/Escritorio/programacion II/Netbeans/jdk1.8.0_201/jre/lib/amd64/libawt_xawt.so at 0x00007f20c85dd000
R15=0x00007f20e0223800 is a thread


Stack: [0x00007f209a92b000,0x00007f209aa2c000],  sp=0x00007f209aa2a878,  free space=1022k
Native frames: (J=compiled Java code, j=interpreted, Vv=VM code, C=native code)
v  ~BufferBlob::jni_fast_GetLongField
C  [libX11.so.6+0x643c0]  _XimServerDestroy+0x70

Java frames: (J=compiled Java code, j=interpreted, Vv=VM code)
J 560  sun.awt.X11.XlibWrapper.XFilterEvent(JJ)Z (0 bytes) @ 0x00007f20d1247104 [0x00007f20d12470c0+0x44]
j  sun.awt.X11.XToolkit.run(Z)V+300
j  sun.awt.X11.XToolkit.run()V+5
j  java.lang.Thread.run()V+11
v  ~StubRoutines::call_stub

---------------  P R O C E S S  ---------------

Java Threads: ( => current thread )
  0x00007f2080013800 JavaThread "XToolkt-Shutdown-Thread" [_thread_in_native, id=5921, stack(0x00007f2099418000,0x00007f2099519000)]
  0x00007f20b0003800 JavaThread "SIGTERM handler" daemon [_thread_blocked, id=5912, stack(0x00007f2099519000,0x00007f209961a000)]
  0x00007f20b0002000 JavaThread "SIGTERM handler" daemon [_thread_blocked, id=5891, stack(0x00007f209961a000,0x00007f209971b000)]
  0x00007f20b0001000 JavaThread "SIGHUP handler" daemon [_thread_blocked, id=5884, stack(0x00007f2099ffe000,0x00007f209a0ff000)]
  0x00007f20e000a800 JavaThread "DestroyJavaVM" [_thread_blocked, id=5175, stack(0x00007f20e826e000,0x00007f20e836f000)]
  0x00007f20e0253000 JavaThread "AWT-EventQueue-0" [_thread_blocked, id=5197, stack(0x00007f209a2ff000,0x00007f209a400000)]
  0x00007f20e023e800 JavaThread "AWT-Shutdown" [_thread_blocked, id=5196, stack(0x00007f209a400000,0x00007f209a501000)]
=>0x00007f20e0223800 JavaThread "AWT-XAWT" daemon [_thread_in_native, id=5195, stack(0x00007f209a92b000,0x00007f209aa2c000)]
  0x00007f20e0202800 JavaThread "Java2D Disposer" daemon [_thread_blocked, id=5194, stack(0x00007f209ae3c000,0x00007f209af3d000)]
  0x00007f20e00c1800 JavaThread "Service Thread" daemon [_thread_blocked, id=5192, stack(0x00007f20c8c05000,0x00007f20c8d06000)]
  0x00007f20e00be800 JavaThread "C1 CompilerThread2" daemon [_thread_blocked, id=5191, stack(0x00007f20c8d06000,0x00007f20c8e07000)]
  0x00007f20e00bc800 JavaThread "C2 CompilerThread1" daemon [_thread_blocked, id=5190, stack(0x00007f20c8e07000,0x00007f20c8f08000)]
  0x00007f20e00b9800 JavaThread "C2 CompilerThread0" daemon [_thread_blocked, id=5189, stack(0x00007f20c8f08000,0x00007f20c9009000)]
  0x00007f20e00b8000 JavaThread "Signal Dispatcher" daemon [_thread_blocked, id=5188, stack(0x00007f20c9009000,0x00007f20c910a000)]
  0x00007f20e0085000 JavaThread "Finalizer" daemon [_thread_blocked, id=5186, stack(0x00007f20c9ac9000,0x00007f20c9bca000)]
  0x00007f20e0082800 JavaThread "Reference Handler" daemon [_thread_blocked, id=5185, stack(0x00007f20c9bca000,0x00007f20c9ccb000)]

Other Threads:
  0x00007f20e0079000 VMThread [stack: 0x00007f20c9ccb000,0x00007f20c9dcc000] [id=5184]
  0x00007f20e00c4000 WatcherThread [stack: 0x00007f20c8b04000,0x00007f20c8c05000] [id=5193]

VM state:not at safepoint (normal execution)

VM Mutex/Monitor currently owned by a thread: None

heap address: 0x00000000c3a00000, size: 966 MB, Compressed Oops mode: 32-bit
Narrow klass base: 0x0000000000000000, Narrow klass shift: 3
Compressed class space size: 1073741824 Address: 0x0000000100000000

Heap:
 PSYoungGen      total 18432K, used 7635K [0x00000000ebe00000, 0x00000000ed280000, 0x0000000100000000)
  eden space 15872K, 48% used [0x00000000ebe00000,0x00000000ec574f88,0x00000000ecd80000)
  from space 2560K, 0% used [0x00000000ed000000,0x00000000ed000000,0x00000000ed280000)
  to   space 2560K, 0% used [0x00000000ecd80000,0x00000000ecd80000,0x00000000ed000000)
 ParOldGen       total 42496K, used 0K [0x00000000c3a00000, 0x00000000c6380000, 0x00000000ebe00000)
  object space 42496K, 0% used [0x00000000c3a00000,0x00000000c3a00000,0x00000000c6380000)
 Metaspace       used 12623K, capacity 12786K, committed 12928K, reserved 1060864K
  class space    used 1553K, capacity 1639K, committed 1664K, reserved 1048576K

Card table byte_map: [0x00007f20e4e2d000,0x00007f20e5011000] byte_map_base: 0x00007f20e4810000

Marking Bits: (ParMarkBitMap*) 0x00007f20e7747d80
 Begin Bits: [0x00007f20ca1d0000, 0x00007f20cb0e8000)
 End Bits:   [0x00007f20cb0e8000, 0x00007f20cc000000)

Polling page: 0x00007f20e838b000

CodeCache: size=245760Kb used=2469Kb max_used=2480Kb free=243290Kb
 bounds [0x00007f20d1000000, 0x00007f20d1270000, 0x00007f20e0000000]
 total_blobs=1121 nmethods=569 adapters=466
 compilation: enabled

Compilation events (10 events):
Event: 450,487 Thread 0x00007f20e00bc800  565       4       sun.awt.SunToolkit::awtLock (7 bytes)
Event: 450,897 Thread 0x00007f20e00bc800 nmethod 565 0x00007f20d1267490 code [0x00007f20d1267600, 0x00007f20d1267788]
Event: 623,561 Thread 0x00007f20e00b9800  566       4       sun.util.logging.PlatformLogger::isLoggable (38 bytes)
Event: 623,563 Thread 0x00007f20e00b9800 nmethod 566 0x00007f20d1266f90 code [0x00007f20d1267100, 0x00007f20d1267278]
Event: 644,695 Thread 0x00007f20e00bc800  567       4       sun.awt.SunToolkit::awtUnlock (7 bytes)
Event: 645,309 Thread 0x00007f20e00bc800 nmethod 567 0x00007f20d1266c10 code [0x00007f20d1266d60, 0x00007f20d1266e48]
Event: 674,441 Thread 0x00007f20e00be800  568   !   3       sun.awt.X11.XToolkit::notifyListeners (100 bytes)
Event: 674,443 Thread 0x00007f20e00be800 nmethod 568 0x00007f20d126aed0 code [0x00007f20d126b1a0, 0x00007f20d126c418]
Event: 679,852 Thread 0x00007f20e00b9800  569       4       sun.awt.X11.XToolkit::getDisplay (20 bytes)
Event: 681,501 Thread 0x00007f20e00b9800 nmethod 569 0x00007f20d1230950 code [0x00007f20d1230a80, 0x00007f20d1230ad8]

GC Heap History (0 events):
No events

Deoptimization events (7 events):
Event: 0,582 Thread 0x00007f207c01b800 Uncommon trap: reason=unstable_if action=reinterpret pc=0x00007f20d11adf00 method=java.util.Properties.loadConvert([CII[C)Ljava/lang/String; @ 57
Event: 0,610 Thread 0x00007f207c01b800 Uncommon trap: reason=unstable_if action=reinterpret pc=0x00007f20d11ca528 method=java.lang.String.<init>([CII)V @ 18
Event: 0,639 Thread 0x00007f20e0253000 Uncommon trap: reason=class_check action=maybe_recompile pc=0x00007f20d11efa1c method=java.util.HashMap.putVal(ILjava/lang/Object;Ljava/lang/Object;ZZ)Ljava/lang/Object; @ 253
Event: 0,639 Thread 0x00007f20e0253000 Uncommon trap: reason=class_check action=maybe_recompile pc=0x00007f20d11efa1c method=java.util.HashMap.putVal(ILjava/lang/Object;Ljava/lang/Object;ZZ)Ljava/lang/Object; @ 253
Event: 0,640 Thread 0x00007f20e0253000 Uncommon trap: reason=class_check action=maybe_recompile pc=0x00007f20d11efa1c method=java.util.HashMap.putVal(ILjava/lang/Object;Ljava/lang/Object;ZZ)Ljava/lang/Object; @ 253
Event: 0,640 Thread 0x00007f20e0253000 Uncommon trap: reason=class_check action=maybe_recompile pc=0x00007f20d11efa1c method=java.util.HashMap.putVal(ILjava/lang/Object;Ljava/lang/Object;ZZ)Ljava/lang/Object; @ 253
Event: 0,640 Thread 0x00007f20e0253000 Uncommon trap: reason=class_check action=maybe_recompile pc=0x00007f20d11f4f14 method=java.util.HashMap.putVal(ILjava/lang/Object;Ljava/lang/Object;ZZ)Ljava/lang/Object; @ 253

Classes redefined (0 events):
No events

Internal exceptions (10 events):
Event: 0,511 Thread 0x00007f20e000a800 Exception <a 'java/lang/ClassNotFoundException': ToolBar> (0x00000000ec22ad70) thrown at [/HUDSON/workspace/8-2-build-linux-amd64/jdk8u201/12317/hotspot/src/share/vm/classfile/systemDictionary.cpp, line 210]
Event: 0,512 Thread 0x00007f20e000a800 Exception <a 'java/lang/ClassNotFoundException': ToggleButton> (0x00000000ec22b320) thrown at [/HUDSON/workspace/8-2-build-linux-amd64/jdk8u201/12317/hotspot/src/share/vm/classfile/systemDictionary.cpp, line 210]
Event: 0,512 Thread 0x00007f20e000a800 Exception <a 'java/lang/ClassNotFoundException': javax/swing/JToolBarSeparator> (0x00000000ec22b780) thrown at [/HUDSON/workspace/8-2-build-linux-amd64/jdk8u201/12317/hotspot/src/share/vm/classfile/systemDictionary.cpp, line 210]
Event: 0,512 Thread 0x00007f20e000a800 Exception <a 'java/lang/ClassNotFoundException': ToolBarSeparator> (0x00000000ec22bc18) thrown at [/HUDSON/workspace/8-2-build-linux-amd64/jdk8u201/12317/hotspot/src/share/vm/classfile/systemDictionary.cpp, line 210]
Event: 0,512 Thread 0x00007f20e000a800 Exception <a 'java/lang/ClassNotFoundException': ToolTip> (0x00000000ec22c358) thrown at [/HUDSON/workspace/8-2-build-linux-amd64/jdk8u201/12317/hotspot/src/share/vm/classfile/systemDictionary.cpp, line 210]
Event: 0,514 Thread 0x00007f20e000a800 Exception <a 'java/lang/ClassNotFoundException': Tree> (0x00000000ec22cf78) thrown at [/HUDSON/workspace/8-2-build-linux-amd64/jdk8u201/12317/hotspot/src/share/vm/classfile/systemDictionary.cpp, line 210]
Event: 0,514 Thread 0x00007f20e000a800 Exception <a 'java/lang/ClassNotFoundException': Tree> (0x00000000ec22d6b8) thrown at [/HUDSON/workspace/8-2-build-linux-amd64/jdk8u201/12317/hotspot/src/share/vm/classfile/systemDictionary.cpp, line 210]
Event: 0,514 Thread 0x00007f20e000a800 Exception <a 'java/lang/ClassNotFoundException': javax/swing/JTreeCell> (0x00000000ec22da38) thrown at [/HUDSON/workspace/8-2-build-linux-amd64/jdk8u201/12317/hotspot/src/share/vm/classfile/systemDictionary.cpp, line 210]
Event: 0,514 Thread 0x00007f20e000a800 Exception <a 'java/lang/ClassNotFoundException': TreeCell> (0x00000000ec22dec0) thrown at [/HUDSON/workspace/8-2-build-linux-amd64/jdk8u201/12317/hotspot/src/share/vm/classfile/systemDictionary.cpp, line 210]
Event: 0,515 Thread 0x00007f20e000a800 Exception <a 'java/lang/ClassNotFoundException': RootPane> (0x00000000ec22e920) thrown at [/HUDSON/workspace/8-2-build-linux-amd64/jdk8u201/12317/hotspot/src/share/vm/classfile/systemDictionary.cpp, line 210]

Events (10 events):
Event: 1,463 loading class sun/awt/X11/XButtonEvent done
Event: 4,139 Executing VM operation: EnableBiasedLocking
Event: 4,139 Executing VM operation: EnableBiasedLocking done
Event: 5,685 Thread 0x00007f207c01b800 Thread exited: 0x00007f207c01b800
Event: 8,079 loading class sun/awt/X11/XUnmapEvent
Event: 8,079 loading class sun/awt/X11/XUnmapEvent done
Event: 1356,402 loading class sun/awt/X11/XkbEvent
Event: 1356,827 loading class sun/awt/X11/XkbEvent done
Event: 1356,848 loading class sun/awt/X11/XkbAnyEvent
Event: 1356,873 loading class sun/awt/X11/XkbAnyEvent done


Dynamic libraries:
00400000-00401000 r-xp 00000000 08:05 5243413                            /home/nico/Escritorio/programacion II/Netbeans/jdk1.8.0_201/bin/java
00600000-00601000 r--p 00000000 08:05 5243413                            /home/nico/Escritorio/programacion II/Netbeans/jdk1.8.0_201/bin/java
00601000-00602000 rw-p 00001000 08:05 5243413                            /home/nico/Escritorio/programacion II/Netbeans/jdk1.8.0_201/bin/java
00db4000-00dd5000 rw-p 00000000 00:00 0                                  [heap]
c3a00000-c6380000 rw-p 00000000 00:00 0 
c6380000-ebe00000 ---p 00000000 00:00 0 
ebe00000-ed280000 rw-p 00000000 00:00 0 
ed280000-100000000 ---p 00000000 00:00 0 
100000000-1001a0000 rw-p 00000000 00:00 0 
1001a0000-140000000 ---p 00000000 00:00 0 
7f206c000000-7f206c021000 rw-p 00000000 00:00 0 
7f206c021000-7f2070000000 ---p 00000000 00:00 0 
7f2074000000-7f2074021000 rw-p 00000000 00:00 0 
7f2074021000-7f2078000000 ---p 00000000 00:00 0 
7f2078000000-7f2078021000 rw-p 00000000 00:00 0 
7f2078021000-7f207c000000 ---p 00000000 00:00 0 
7f207c000000-7f207c0b3000 rw-p 00000000 00:00 0 
7f207c0b3000-7f2080000000 ---p 00000000 00:00 0 
7f2080000000-7f2080029000 rw-p 00000000 00:00 0 
7f2080029000-7f2084000000 ---p 00000000 00:00 0 
7f2084000000-7f2084021000 rw-p 00000000 00:00 0 
7f2084021000-7f2088000000 ---p 00000000 00:00 0 
7f2088000000-7f208829f000 rw-p 00000000 00:00 0 
7f208829f000-7f208c000000 ---p 00000000 00:00 0 
7f208cfff000-7f2090000000 rw-p 00000000 00:00 0 
7f2090000000-7f2090021000 rw-p 00000000 00:00 0 
7f2090021000-7f2094000000 ---p 00000000 00:00 0 
7f2094000000-7f2094021000 rw-p 00000000 00:00 0 
7f2094021000-7f2098000000 ---p 00000000 00:00 0 
7f2099418000-7f209941b000 ---p 00000000 00:00 0 
7f209941b000-7f2099519000 rw-p 00000000 00:00 0 
7f2099519000-7f209951c000 ---p 00000000 00:00 0 
7f209951c000-7f209961a000 rw-p 00000000 00:00 0 
7f209961a000-7f209961d000 ---p 00000000 00:00 0 
7f209961d000-7f209971b000 rw-p 00000000 00:00 0 
7f209971b000-7f2099745000 r-xp 00000000 08:05 6030741                    /home/nico/Escritorio/programacion II/Netbeans/jdk1.8.0_201/jre/lib/amd64/libdcpr.so
7f2099745000-7f2099944000 ---p 0002a000 08:05 6030741                    /home/nico/Escritorio/programacion II/Netbeans/jdk1.8.0_201/jre/lib/amd64/libdcpr.so
7f2099944000-7f2099945000 r--p 00029000 08:05 6030741                    /home/nico/Escritorio/programacion II/Netbeans/jdk1.8.0_201/jre/lib/amd64/libdcpr.so
7f2099945000-7f2099948000 rw-p 0002a000 08:05 6030741                    /home/nico/Escritorio/programacion II/Netbeans/jdk1.8.0_201/jre/lib/amd64/libdcpr.so
7f2099948000-7f20999b4000 r-xp 00000000 08:05 6030756                    /home/nico/Escritorio/programacion II/Netbeans/jdk1.8.0_201/jre/lib/amd64/libt2k.so
7f20999b4000-7f2099bb4000 ---p 0006c000 08:05 6030756                    /home/nico/Escritorio/programacion II/Netbeans/jdk1.8.0_201/jre/lib/amd64/libt2k.so
7f2099bb4000-7f2099bba000 r--p 0006c000 08:05 6030756                    /home/nico/Escritorio/programacion II/Netbeans/jdk1.8.0_201/jre/lib/amd64/libt2k.so
7f2099bba000-7f2099bbb000 rw-p 00072000 08:05 6030756                    /home/nico/Escritorio/programacion II/Netbeans/jdk1.8.0_201/jre/lib/amd64/libt2k.so
7f2099bbb000-7f2099cbb000 rw-p 00000000 00:00 0 
7f2099cbb000-7f2099dbb000 ---p 00000000 00:00 0 
7f2099dbb000-7f2099dfc000 r-xp 00000000 08:05 6030738                    /home/nico/Escritorio/programacion II/Netbeans/jdk1.8.0_201/jre/lib/amd64/libjpeg.so
7f2099dfc000-7f2099ffc000 ---p 00041000 08:05 6030738                    /home/nico/Escritorio/programacion II/Netbeans/jdk1.8.0_201/jre/lib/amd64/libjpeg.so
7f2099ffc000-7f2099ffd000 r--p 00041000 08:05 6030738                    /home/nico/Escritorio/programacion II/Netbeans/jdk1.8.0_201/jre/lib/amd64/libjpeg.so
7f2099ffd000-7f2099ffe000 rw-p 00042000 08:05 6030738                    /home/nico/Escritorio/programacion II/Netbeans/jdk1.8.0_201/jre/lib/amd64/libjpeg.so
7f2099ffe000-7f209a001000 ---p 00000000 00:00 0 
7f209a001000-7f209a2ff000 rw-p 00000000 00:00 0 
7f209a2ff000-7f209a302000 ---p 00000000 00:00 0 
7f209a302000-7f209a400000 rw-p 00000000 00:00 0 
7f209a400000-7f209a403000 ---p 00000000 00:00 0 
7f209a403000-7f209a501000 rw-p 00000000 00:00 0 
7f209a501000-7f209a512000 r-xp 00000000 08:05 6030797                    /home/nico/Escritorio/programacion II/Netbeans/jdk1.8.0_201/jre/lib/amd64/libnio.so
7f209a512000-7f209a711000 ---p 00011000 08:05 6030797                    /home/nico/Escritorio/programacion II/Netbeans/jdk1.8.0_201/jre/lib/amd64/libnio.so
7f209a711000-7f209a712000 r--p 00010000 08:05 6030797                    /home/nico/Escritorio/programacion II/Netbeans/jdk1.8.0_201/jre/lib/amd64/libnio.so
7f209a712000-7f209a713000 rw-p 00011000 08:05 6030797                    /home/nico/Escritorio/programacion II/Netbeans/jdk1.8.0_201/jre/lib/amd64/libnio.so
7f209a713000-7f209a729000 r-xp 00000000 08:05 6030794                    /home/nico/Escritorio/programacion II/Netbeans/jdk1.8.0_201/jre/lib/amd64/libnet.so
7f209a729000-7f209a929000 ---p 00016000 08:05 6030794                    /home/nico/Escritorio/programacion II/Netbeans/jdk1.8.0_201/jre/lib/amd64/libnet.so
7f209a929000-7f209a92a000 r--p 00016000 08:05 6030794                    /home/nico/Escritorio/programacion II/Netbeans/jdk1.8.0_201/jre/lib/amd64/libnet.so
7f209a92a000-7f209a92b000 rw-p 00017000 08:05 6030794                    /home/nico/Escritorio/programacion II/Netbeans/jdk1.8.0_201/jre/lib/amd64/libnet.so
7f209a92b000-7f209a92e000 ---p 00000000 00:00 0 
7f209a92e000-7f209aa2c000 rw-p 00000000 00:00 0 
7f209aa2c000-7f209aa31000 r-xp 00000000 08:05 7479373                    /usr/lib/x86_64-linux-gnu/libXfixes.so.3.1.0
7f209aa31000-7f209ac30000 ---p 00005000 08:05 7479373                    /usr/lib/x86_64-linux-gnu/libXfixes.so.3.1.0
7f209ac30000-7f209ac31000 r--p 00004000 08:05 7479373                    /usr/lib/x86_64-linux-gnu/libXfixes.so.3.1.0
7f209ac31000-7f209ac32000 rw-p 00005000 08:05 7479373                    /usr/lib/x86_64-linux-gnu/libXfixes.so.3.1.0
7f209ac32000-7f209ac3b000 r-xp 00000000 08:05 7479365                    /usr/lib/x86_64-linux-gnu/libXcursor.so.1.0.2
7f209ac3b000-7f209ae3a000 ---p 00009000 08:05 7479365                    /usr/lib/x86_64-linux-gnu/libXcursor.so.1.0.2
7f209ae3a000-7f209ae3b000 r--p 00008000 08:05 7479365                    /usr/lib/x86_64-linux-gnu/libXcursor.so.1.0.2
7f209ae3b000-7f209ae3c000 rw-p 00009000 08:05 7479365                    /usr/lib/x86_64-linux-gnu/libXcursor.so.1.0.2
7f209ae3c000-7f209ae3f000 ---p 00000000 00:00 0 
7f209ae3f000-7f209af3d000 rw-p 00000000 00:00 0 
7f209af3d000-7f209af53000 r-xp 00000000 08:05 7868943                    /lib/x86_64-linux-gnu/libgcc_s.so.1
7f209af53000-7f209b152000 ---p 00016000 08:05 7868943                    /lib/x86_64-linux-gnu/libgcc_s.so.1
7f209b152000-7f209b153000 rw-p 00015000 08:05 7868943                    /lib/x86_64-linux-gnu/libgcc_s.so.1
7f209b153000-7f209b1b0000 r-xp 00000000 08:05 6030774                    /home/nico/Escritorio/programacion II/Netbeans/jdk1.8.0_201/jre/lib/amd64/libfontmanager.so
7f209b1b0000-7f209b3b0000 ---p 0005d000 08:05 6030774                    /home/nico/Escritorio/programacion II/Netbeans/jdk1.8.0_201/jre/lib/amd64/libfontmanager.so
7f209b3b0000-7f209b3b3000 r--p 0005d000 08:05 6030774                    /home/nico/Escritorio/programacion II/Netbeans/jdk1.8.0_201/jre/lib/amd64/libfontmanager.so
7f209b3b3000-7f209b3b4000 rw-p 00060000 08:05 6030774                    /home/nico/Escritorio/programacion II/Netbeans/jdk1.8.0_201/jre/lib/amd64/libfontmanager.so
7f209b3b4000-7f209b3b9000 r-xp 00000000 08:05 7479369                    /usr/lib/x86_64-linux-gnu/libXdmcp.so.6.0.0
7f209b3b9000-7f209b5b8000 ---p 00005000 08:05 7479369                    /usr/lib/x86_64-linux-gnu/libXdmcp.so.6.0.0
7f209b5b8000-7f209b5b9000 r--p 00004000 08:05 7479369                    /usr/lib/x86_64-linux-gnu/libXdmcp.so.6.0.0
7f209b5b9000-7f209b5ba000 rw-p 00005000 08:05 7479369                    /usr/lib/x86_64-linux-gnu/libXdmcp.so.6.0.0
7f209b5ba000-7f209b5bc000 r-xp 00000000 08:05 7479358                    /usr/lib/x86_64-linux-gnu/libXau.so.6.0.0
7f209b5bc000-7f209b7bc000 ---p 00002000 08:05 7479358                    /usr/lib/x86_64-linux-gnu/libXau.so.6.0.0
7f209b7bc000-7f209b7bd000 r--p 00002000 08:05 7479358                    /usr/lib/x86_64-linux-gnu/libXau.so.6.0.0
7f209b7bd000-7f209b7be000 rw-p 00003000 08:05 7479358                    /usr/lib/x86_64-linux-gnu/libXau.so.6.0.0
7f209b7be000-7f209b7df000 r-xp 00000000 08:05 7480778                    /usr/lib/x86_64-linux-gnu/libxcb.so.1.1.0
7f209b7df000-7f209b9de000 ---p 00021000 08:05 7480778                    /usr/lib/x86_64-linux-gnu/libxcb.so.1.1.0
7f209b9de000-7f209b9df000 r--p 00020000 08:05 7480778                    /usr/lib/x86_64-linux-gnu/libxcb.so.1.1.0
7f209b9df000-7f209b9e0000 rw-p 00021000 08:05 7480778                    /usr/lib/x86_64-linux-gnu/libxcb.so.1.1.0
7f209b9e0000-7f209b9ef000 r-xp 00000000 08:05 7479381                    /usr/lib/x86_64-linux-gnu/libXi.so.6.1.0
7f209b9ef000-7f209bbee000 ---p 0000f000 08:05 7479381                    /usr/lib/x86_64-linux-gnu/libXi.so.6.1.0
7f209bbee000-7f209bbef000 r--p 0000e000 08:05 7479381                    /usr/lib/x86_64-linux-gnu/libXi.so.6.1.0
7f209bbef000-7f209bbf0000 rw-p 0000f000 08:05 7479381                    /usr/lib/x86_64-linux-gnu/libXi.so.6.1.0
7f209bbf0000-7f209bbf5000 r-xp 00000000 08:05 7479399                    /usr/lib/x86_64-linux-gnu/libXtst.so.6.1.0
7f209bbf5000-7f209bdf4000 ---p 00005000 08:05 7479399                    /usr/lib/x86_64-linux-gnu/libXtst.so.6.1.0
7f209bdf4000-7f209bdf5000 r--p 00004000 08:05 7479399                    /usr/lib/x86_64-linux-gnu/libXtst.so.6.1.0
7f209bdf5000-7f209bdf6000 rw-p 00005000 08:05 7479399                    /usr/lib/x86_64-linux-gnu/libXtst.so.6.1.0
7f209bdf6000-7f209bdff000 r-xp 00000000 08:05 7479393                    /usr/lib/x86_64-linux-gnu/libXrender.so.1.3.0
7f209bdff000-7f209bffe000 ---p 00009000 08:05 7479393                    /usr/lib/x86_64-linux-gnu/libXrender.so.1.3.0
7f209bffe000-7f209bfff000 r--p 00008000 08:05 7479393                    /usr/lib/x86_64-linux-gnu/libXrender.so.1.3.0
7f209bfff000-7f209c000000 rw-p 00009000 08:05 7479393                    /usr/lib/x86_64-linux-gnu/libXrender.so.1.3.0
7f209c000000-7f209c531000 rw-p 00000000 00:00 0 
7f209c531000-7f20a0000000 ---p 00000000 00:00 0 
7f20a0000000-7f20a0021000 rw-p 00000000 00:00 0 
7f20a0021000-7f20a4000000 ---p 00000000 00:00 0 
7f20a4000000-7f20a4170000 rw-p 00000000 00:00 0 
7f20a4170000-7f20a8000000 ---p 00000000 00:00 0 
7f20a8000000-7f20a808e000 rw-p 00000000 00:00 0 
7f20a808e000-7f20ac000000 ---p 00000000 00:00 0 
7f20ac000000-7f20ac021000 rw-p 00000000 00:00 0 
7f20ac021000-7f20b0000000 ---p 00000000 00:00 0 
7f20b0000000-7f20b0021000 rw-p 00000000 00:00 0 
7f20b0021000-7f20b4000000 ---p 00000000 00:00 0 
7f20b4000000-7f20b4021000 rw-p 00000000 00:00 0 
7f20b4021000-7f20b8000000 ---p 00000000 00:00 0 
7f20b8000000-7f20b8021000 rw-p 00000000 00:00 0 
7f20b8021000-7f20bc000000 ---p 00000000 00:00 0 
7f20bc000000-7f20bc021000 rw-p 00000000 00:00 0 
7f20bc021000-7f20c0000000 ---p 00000000 00:00 0 
7f20c0000000-7f20c0021000 rw-p 00000000 00:00 0 
7f20c0021000-7f20c4000000 ---p 00000000 00:00 0 
7f20c4000000-7f20c4021000 rw-p 00000000 00:00 0 
7f20c4021000-7f20c8000000 ---p 00000000 00:00 0 
7f20c8091000-7f20c81c6000 r-xp 00000000 08:05 7479354                    /usr/lib/x86_64-linux-gnu/libX11.so.6.3.0
7f20c81c6000-7f20c83c6000 ---p 00135000 08:05 7479354                    /usr/lib/x86_64-linux-gnu/libX11.so.6.3.0
7f20c83c6000-7f20c83c7000 r--p 00135000 08:05 7479354                    /usr/lib/x86_64-linux-gnu/libX11.so.6.3.0
7f20c83c7000-7f20c83cb000 rw-p 00136000 08:05 7479354                    /usr/lib/x86_64-linux-gnu/libX11.so.6.3.0
7f20c83cb000-7f20c83dc000 r-xp 00000000 08:05 7479371                    /usr/lib/x86_64-linux-gnu/libXext.so.6.4.0
7f20c83dc000-7f20c85db000 ---p 00011000 08:05 7479371                    /usr/lib/x86_64-linux-gnu/libXext.so.6.4.0
7f20c85db000-7f20c85dc000 r--p 00010000 08:05 7479371                    /usr/lib/x86_64-linux-gnu/libXext.so.6.4.0
7f20c85dc000-7f20c85dd000 rw-p 00011000 08:05 7479371                    /usr/lib/x86_64-linux-gnu/libXext.so.6.4.0
7f20c85dd000-7f20c8630000 r-xp 00000000 08:05 6030801                    /home/nico/Escritorio/programacion II/Netbeans/jdk1.8.0_201/jre/lib/amd64/libawt_xawt.so
7f20c8630000-7f20c882f000 ---p 00053000 08:05 6030801                    /home/nico/Escritorio/programacion II/Netbeans/jdk1.8.0_201/jre/lib/amd64/libawt_xawt.so
7f20c882f000-7f20c8830000 r--p 00052000 08:05 6030801                    /home/nico/Escritorio/programacion II/Netbeans/jdk1.8.0_201/jre/lib/amd64/libawt_xawt.so
7f20c8830000-7f20c8833000 rw-p 00053000 08:05 6030801                    /home/nico/Escritorio/programacion II/Netbeans/jdk1.8.0_201/jre/lib/amd64/libawt_xawt.so
7f20c8833000-7f20c8834000 rw-p 00000000 00:00 0 
7f20c8834000-7f20c88d4000 r-xp 00000000 08:05 6030787                    /home/nico/Escritorio/programacion II/Netbeans/jdk1.8.0_201/jre/lib/amd64/libawt.so
7f20c88d4000-7f20c8ad3000 ---p 000a0000 08:05 6030787                    /home/nico/Escritorio/programacion II/Netbeans/jdk1.8.0_201/jre/lib/amd64/libawt.so
7f20c8ad3000-7f20c8ad4000 r--p 0009f000 08:05 6030787                    /home/nico/Escritorio/programacion II/Netbeans/jdk1.8.0_201/jre/lib/amd64/libawt.so
7f20c8ad4000-7f20c8adf000 rw-p 000a0000 08:05 6030787                    /home/nico/Escritorio/programacion II/Netbeans/jdk1.8.0_201/jre/lib/amd64/libawt.so
7f20c8adf000-7f20c8b04000 rw-p 00000000 00:00 0 
7f20c8b04000-7f20c8b05000 ---p 00000000 00:00 0 
7f20c8b05000-7f20c8c05000 rw-p 00000000 00:00 0 
7f20c8c05000-7f20c8c08000 ---p 00000000 00:00 0 
7f20c8c08000-7f20c8d06000 rw-p 00000000 00:00 0 
7f20c8d06000-7f20c8d09000 ---p 00000000 00:00 0 
7f20c8d09000-7f20c8e07000 rw-p 00000000 00:00 0 
7f20c8e07000-7f20c8e0a000 ---p 00000000 00:00 0 
7f20c8e0a000-7f20c8f08000 rw-p 00000000 00:00 0 
7f20c8f08000-7f20c8f0b000 ---p 00000000 00:00 0 
7f20c8f0b000-7f20c9009000 rw-p 00000000 00:00 0 
7f20c9009000-7f20c900c000 ---p 00000000 00:00 0 
7f20c900c000-7f20c910a000 rw-p 00000000 00:00 0 
7f20c910a000-7f20c9ac9000 r--p 00000000 08:05 7478496                    /usr/lib/locale/locale-archive
7f20c9ac9000-7f20c9acc000 ---p 00000000 00:00 0 
7f20c9acc000-7f20c9bca000 rw-p 00000000 00:00 0 
7f20c9bca000-7f20c9bcd000 ---p 00000000 00:00 0 
7f20c9bcd000-7f20c9ccb000 rw-p 00000000 00:00 0 
7f20c9ccb000-7f20c9ccc000 ---p 00000000 00:00 0 
7f20c9ccc000-7f20cc000000 rw-p 00000000 00:00 0 
7f20cc000000-7f20cc021000 rw-p 00000000 00:00 0 
7f20cc021000-7f20d0000000 ---p 00000000 00:00 0 
7f20d003d000-7f20d004f000 rw-s 00000000 00:05 5341211                    /SYSV00000000 (deleted)
7f20d004f000-7f20d005a000 r--s 00000000 08:05 7999220                    /var/cache/fontconfig/945677eb7aeaf62f1d50efc3fb3ec7d8-le64.cache-6
7f20d005a000-7f20d0060000 r--s 00000000 08:05 7999202                    /var/cache/fontconfig/2cd17615ca594fa2959ae173292e504c-le64.cache-6
7f20d0060000-7f20d0061000 r--s 00000000 08:05 7999199                    /var/cache/fontconfig/0d8c3b2ac0904cb8a57a757ad11a4a08-le64.cache-6
7f20d0061000-7f20d0076000 r--s 00000000 08:05 7999196                    /var/cache/fontconfig/04aabc0a78ac019cf9454389977116d2-le64.cache-6
7f20d0076000-7f20d0077000 r--s 00000000 08:05 7999201                    /var/cache/fontconfig/1ac9eb803944fde146138c791f5cc56a-le64.cache-6
7f20d0077000-7f20d007b000 r--s 00000000 08:05 7999206                    /var/cache/fontconfig/385c0604a188198f04d133e54aba7fe7-le64.cache-6
7f20d007b000-7f20d007c000 r--s 00000000 08:05 7999233                    /var/cache/fontconfig/dc05db6664285cc2f12bf69c139ae4c3-le64.cache-6
7f20d007c000-7f20d007f000 r--s 00000000 08:05 7999216                    /var/cache/fontconfig/767a8244fc0220cfb567a839d0392e0b-le64.cache-6
7f20d007f000-7f20d0080000 r--s 00000000 08:05 7999207                    /var/cache/fontconfig/4794a0821666d79190d59a36cb4f44b5-le64.cache-6
7f20d0080000-7f20d0085000 r--s 00000000 08:05 7999219                    /var/cache/fontconfig/8801497958630a81b71ace7c5f9b32a8-le64.cache-6
7f20d0085000-7f20d0086000 r--s 00000000 08:05 7999226                    /var/cache/fontconfig/bab58bb527bb656aaa9f116d68a48d89-le64.cache-6
7f20d0086000-7f20d008d000 r--s 00000000 08:05 7999203                    /var/cache/fontconfig/3047814df9a2f067bd2d96a2b9c36e5a-le64.cache-6
7f20d008d000-7f20d008e000 r--s 00000000 08:05 7999210                    /var/cache/fontconfig/56cf4f4769d0f4abc89a4895d7bd3ae1-le64.cache-6
7f20d008e000-7f20d008f000 r--s 00000000 08:05 7999225                    /var/cache/fontconfig/b9d506c9ac06c20b433354fa67a72993-le64.cache-6
7f20d008f000-7f20d0095000 r--s 00000000 08:05 7999224                    /var/cache/fontconfig/b47c4e1ecd0709278f4910c18777a504-le64.cache-6
7f20d0095000-7f20d00a8000 r--s 00000000 08:05 7999230                    /var/cache/fontconfig/d52a8644073d54c13679302ca1180695-le64.cache-6
7f20d00a8000-7f20d00b3000 r--s 00000000 08:05 7999515                    /var/cache/fontconfig/d589a48862398ed80a3d6066f4f56f4c-le64.cache-6
7f20d00b3000-7f20d00d8000 r--p 00000000 08:05 9068393                    /usr/share/locale-langpack/es/LC_MESSAGES/libc.mo
7f20d00d8000-7f20d1000000 rw-p 00000000 00:00 0 
7f20d1000000-7f20d1270000 rwxp 00000000 00:00 0 
7f20d1270000-7f20e0000000 ---p 00000000 00:00 0 
7f20e0000000-7f20e0541000 rw-p 00000000 00:00 0 
7f20e0541000-7f20e4000000 ---p 00000000 00:00 0 
7f20e4000000-7f20e4001000 r--s 00000000 08:05 7999209                    /var/cache/fontconfig/551ecf3b0e8b0bca0f25c0944f561853-le64.cache-6
7f20e4001000-7f20e4002000 r--s 00000000 08:05 7999204                    /var/cache/fontconfig/30829fa25452a46451e813d634d7f916-le64.cache-6
7f20e4002000-7f20e400d000 r--s 00000000 08:05 7999218                    /var/cache/fontconfig/83bf95040141907cd45bb53cf7c1c148-le64.cache-6
7f20e400d000-7f20e401f000 r--s 00000000 08:05 7999222                    /var/cache/fontconfig/9b89f8e3dae116d678bbf48e5f21f69b-le64.cache-6
7f20e401f000-7f20e44b4000 rw-p 00000000 00:00 0 
7f20e44b4000-7f20e468e000 r--s 03d6f000 08:05 5245945                    /home/nico/Escritorio/programacion II/Netbeans/jdk1.8.0_201/jre/lib/rt.jar
7f20e468e000-7f20e48e7000 rw-p 00000000 00:00 0 
7f20e48e7000-7f20e48e8000 ---p 00000000 00:00 0 
7f20e48e8000-7f20e49e8000 rw-p 00000000 00:00 0 
7f20e49e8000-7f20e49e9000 ---p 00000000 00:00 0 
7f20e49e9000-7f20e4ae9000 rw-p 00000000 00:00 0 
7f20e4ae9000-7f20e4aea000 ---p 00000000 00:00 0 
7f20e4aea000-7f20e4bea000 rw-p 00000000 00:00 0 
7f20e4bea000-7f20e4beb000 ---p 00000000 00:00 0 
7f20e4beb000-7f20e4d00000 rw-p 00000000 00:00 0 
7f20e4d00000-7f20e4e2d000 ---p 00000000 00:00 0 
7f20e4e2d000-7f20e4e42000 rw-p 00000000 00:00 0 
7f20e4e42000-7f20e4f6f000 ---p 00000000 00:00 0 
7f20e4f6f000-7f20e4f7a000 rw-p 00000000 00:00 0 
7f20e4f7a000-7f20e5010000 ---p 00000000 00:00 0 
7f20e5010000-7f20e501b000 rw-p 00000000 00:00 0 
7f20e501b000-7f20e53d1000 ---p 00000000 00:00 0 
7f20e53d1000-7f20e53ec000 r-xp 00000000 08:05 6030790                    /home/nico/Escritorio/programacion II/Netbeans/jdk1.8.0_201/jre/lib/amd64/libzip.so
7f20e53ec000-7f20e55eb000 ---p 0001b000 08:05 6030790                    /home/nico/Escritorio/programacion II/Netbeans/jdk1.8.0_201/jre/lib/amd64/libzip.so
7f20e55eb000-7f20e55ec000 r--p 0001a000 08:05 6030790                    /home/nico/Escritorio/programacion II/Netbeans/jdk1.8.0_201/jre/lib/amd64/libzip.so
7f20e55ec000-7f20e55ed000 rw-p 0001b000 08:05 6030790                    /home/nico/Escritorio/programacion II/Netbeans/jdk1.8.0_201/jre/lib/amd64/libzip.so
7f20e55ed000-7f20e55f8000 r-xp 00000000 08:05 7869004                    /lib/x86_64-linux-gnu/libnss_files-2.23.so
7f20e55f8000-7f20e57f7000 ---p 0000b000 08:05 7869004                    /lib/x86_64-linux-gnu/libnss_files-2.23.so
7f20e57f7000-7f20e57f8000 r--p 0000a000 08:05 7869004                    /lib/x86_64-linux-gnu/libnss_files-2.23.so
7f20e57f8000-7f20e57f9000 rw-p 0000b000 08:05 7869004                    /lib/x86_64-linux-gnu/libnss_files-2.23.so
7f20e57f9000-7f20e57ff000 rw-p 00000000 00:00 0 
7f20e57ff000-7f20e580a000 r-xp 00000000 08:05 7869014                    /lib/x86_64-linux-gnu/libnss_nis-2.23.so
7f20e580a000-7f20e5a09000 ---p 0000b000 08:05 7869014                    /lib/x86_64-linux-gnu/libnss_nis-2.23.so
7f20e5a09000-7f20e5a0a000 r--p 0000a000 08:05 7869014                    /lib/x86_64-linux-gnu/libnss_nis-2.23.so
7f20e5a0a000-7f20e5a0b000 rw-p 0000b000 08:05 7869014                    /lib/x86_64-linux-gnu/libnss_nis-2.23.so
7f20e5a0b000-7f20e5a21000 r-xp 00000000 08:05 7868998                    /lib/x86_64-linux-gnu/libnsl-2.23.so
7f20e5a21000-7f20e5c20000 ---p 00016000 08:05 7868998                    /lib/x86_64-linux-gnu/libnsl-2.23.so
7f20e5c20000-7f20e5c21000 r--p 00015000 08:05 7868998                    /lib/x86_64-linux-gnu/libnsl-2.23.so
7f20e5c21000-7f20e5c22000 rw-p 00016000 08:05 7868998                    /lib/x86_64-linux-gnu/libnsl-2.23.so
7f20e5c22000-7f20e5c24000 rw-p 00000000 00:00 0 
7f20e5c24000-7f20e5c2c000 r-xp 00000000 08:05 7869000                    /lib/x86_64-linux-gnu/libnss_compat-2.23.so
7f20e5c2c000-7f20e5e2b000 ---p 00008000 08:05 7869000                    /lib/x86_64-linux-gnu/libnss_compat-2.23.so
7f20e5e2b000-7f20e5e2c000 r--p 00007000 08:05 7869000                    /lib/x86_64-linux-gnu/libnss_compat-2.23.so
7f20e5e2c000-7f20e5e2d000 rw-p 00008000 08:05 7869000                    /lib/x86_64-linux-gnu/libnss_compat-2.23.so
7f20e5e2d000-7f20e5e59000 r-xp 00000000 08:05 6030784                    /home/nico/Escritorio/programacion II/Netbeans/jdk1.8.0_201/jre/lib/amd64/libjava.so
7f20e5e59000-7f20e6059000 ---p 0002c000 08:05 6030784                    /home/nico/Escritorio/programacion II/Netbeans/jdk1.8.0_201/jre/lib/amd64/libjava.so
7f20e6059000-7f20e605a000 r--p 0002c000 08:05 6030784                    /home/nico/Escritorio/programacion II/Netbeans/jdk1.8.0_201/jre/lib/amd64/libjava.so
7f20e605a000-7f20e605c000 rw-p 0002d000 08:05 6030784                    /home/nico/Escritorio/programacion II/Netbeans/jdk1.8.0_201/jre/lib/amd64/libjava.so
7f20e605c000-7f20e6069000 r-xp 00000000 08:05 6030789                    /home/nico/Escritorio/programacion II/Netbeans/jdk1.8.0_201/jre/lib/amd64/libverify.so
7f20e6069000-7f20e6268000 ---p 0000d000 08:05 6030789                    /home/nico/Escritorio/programacion II/Netbeans/jdk1.8.0_201/jre/lib/amd64/libverify.so
7f20e6268000-7f20e626a000 r--p 0000c000 08:05 6030789                    /home/nico/Escritorio/programacion II/Netbeans/jdk1.8.0_201/jre/lib/amd64/libverify.so
7f20e626a000-7f20e626b000 rw-p 0000e000 08:05 6030789                    /home/nico/Escritorio/programacion II/Netbeans/jdk1.8.0_201/jre/lib/amd64/libverify.so
7f20e626b000-7f20e6272000 r-xp 00000000 08:05 7869059                    /lib/x86_64-linux-gnu/librt-2.23.so
7f20e6272000-7f20e6471000 ---p 00007000 08:05 7869059                    /lib/x86_64-linux-gnu/librt-2.23.so
7f20e6471000-7f20e6472000 r--p 00006000 08:05 7869059                    /lib/x86_64-linux-gnu/librt-2.23.so
7f20e6472000-7f20e6473000 rw-p 00007000 08:05 7869059                    /lib/x86_64-linux-gnu/librt-2.23.so
7f20e6473000-7f20e657b000 r-xp 00000000 08:05 7868975                    /lib/x86_64-linux-gnu/libm-2.23.so
7f20e657b000-7f20e677a000 ---p 00108000 08:05 7868975                    /lib/x86_64-linux-gnu/libm-2.23.so
7f20e677a000-7f20e677b000 r--p 00107000 08:05 7868975                    /lib/x86_64-linux-gnu/libm-2.23.so
7f20e677b000-7f20e677c000 rw-p 00108000 08:05 7868975                    /lib/x86_64-linux-gnu/libm-2.23.so
7f20e677c000-7f20e7464000 r-xp 00000000 08:05 6030766                    /home/nico/Escritorio/programacion II/Netbeans/jdk1.8.0_201/jre/lib/amd64/server/libjvm.so
7f20e7464000-7f20e7663000 ---p 00ce8000 08:05 6030766                    /home/nico/Escritorio/programacion II/Netbeans/jdk1.8.0_201/jre/lib/amd64/server/libjvm.so
7f20e7663000-7f20e76f9000 r--p 00ce7000 08:05 6030766                    /home/nico/Escritorio/programacion II/Netbeans/jdk1.8.0_201/jre/lib/amd64/server/libjvm.so
7f20e76f9000-7f20e772a000 rw-p 00d7d000 08:05 6030766                    /home/nico/Escritorio/programacion II/Netbeans/jdk1.8.0_201/jre/lib/amd64/server/libjvm.so
7f20e772a000-7f20e7765000 rw-p 00000000 00:00 0 
7f20e7765000-7f20e7925000 r-xp 00000000 08:05 7868905                    /lib/x86_64-linux-gnu/libc-2.23.so
7f20e7925000-7f20e7b25000 ---p 001c0000 08:05 7868905                    /lib/x86_64-linux-gnu/libc-2.23.so
7f20e7b25000-7f20e7b29000 r--p 001c0000 08:05 7868905                    /lib/x86_64-linux-gnu/libc-2.23.so
7f20e7b29000-7f20e7b2b000 rw-p 001c4000 08:05 7868905                    /lib/x86_64-linux-gnu/libc-2.23.so
7f20e7b2b000-7f20e7b2f000 rw-p 00000000 00:00 0 
7f20e7b2f000-7f20e7b32000 r-xp 00000000 08:05 7868929                    /lib/x86_64-linux-gnu/libdl-2.23.so
7f20e7b32000-7f20e7d31000 ---p 00003000 08:05 7868929                    /lib/x86_64-linux-gnu/libdl-2.23.so
7f20e7d31000-7f20e7d32000 r--p 00002000 08:05 7868929                    /lib/x86_64-linux-gnu/libdl-2.23.so
7f20e7d32000-7f20e7d33000 rw-p 00003000 08:05 7868929                    /lib/x86_64-linux-gnu/libdl-2.23.so
7f20e7d33000-7f20e7d4a000 r-xp 00000000 08:05 5244916                    /home/nico/Escritorio/programacion II/Netbeans/jdk1.8.0_201/lib/amd64/jli/libjli.so
7f20e7d4a000-7f20e7f49000 ---p 00017000 08:05 5244916                    /home/nico/Escritorio/programacion II/Netbeans/jdk1.8.0_201/lib/amd64/jli/libjli.so
7f20e7f49000-7f20e7f4a000 r--p 00016000 08:05 5244916                    /home/nico/Escritorio/programacion II/Netbeans/jdk1.8.0_201/lib/amd64/jli/libjli.so
7f20e7f4a000-7f20e7f4b000 rw-p 00017000 08:05 5244916                    /home/nico/Escritorio/programacion II/Netbeans/jdk1.8.0_201/lib/amd64/jli/libjli.so
7f20e7f4b000-7f20e7f63000 r-xp 00000000 08:05 7869051                    /lib/x86_64-linux-gnu/libpthread-2.23.so
7f20e7f63000-7f20e8162000 ---p 00018000 08:05 7869051                    /lib/x86_64-linux-gnu/libpthread-2.23.so
7f20e8162000-7f20e8163000 r--p 00017000 08:05 7869051                    /lib/x86_64-linux-gnu/libpthread-2.23.so
7f20e8163000-7f20e8164000 rw-p 00018000 08:05 7869051                    /lib/x86_64-linux-gnu/libpthread-2.23.so
7f20e8164000-7f20e8168000 rw-p 00000000 00:00 0 
7f20e8168000-7f20e818e000 r-xp 00000000 08:05 7868877                    /lib/x86_64-linux-gnu/ld-2.23.so
7f20e818e000-7f20e818f000 r--s 00000000 08:05 7999198                    /var/cache/fontconfig/0c9eb80ebd1c36541ebe2852d3bb0c49-le64.cache-6
7f20e818f000-7f20e8192000 r--s 00000000 08:05 7999215                    /var/cache/fontconfig/75114ca45c98e8a441da0ff356701271-le64.cache-6
7f20e8192000-7f20e8196000 r--s 00000000 08:05 7999322                    /var/cache/fontconfig/7ef2298fde41cc6eeb7af42e48b7d293-le64.cache-6
7f20e8196000-7f20e826e000 rw-p 00000000 00:00 0 
7f20e826e000-7f20e8271000 ---p 00000000 00:00 0 
7f20e8271000-7f20e8373000 rw-p 00000000 00:00 0 
7f20e8373000-7f20e8376000 r--s 00000000 08:05 7999234                    /var/cache/fontconfig/e13b20fdb08344e0e664864cc2ede53d-le64.cache-6
7f20e8376000-7f20e837d000 r--s 00000000 08:05 7736400                    /usr/lib/x86_64-linux-gnu/gconv/gconv-modules.cache
7f20e837d000-7f20e8382000 r--s 002f9000 08:05 5245943                    /home/nico/Escritorio/programacion II/Netbeans/jdk1.8.0_201/jre/lib/charsets.jar
7f20e8382000-7f20e838a000 rw-s 00000000 08:05 3933483                    /tmp/hsperfdata_nico/5174
7f20e838a000-7f20e838b000 rw-p 00000000 00:00 0 
7f20e838b000-7f20e838c000 r--p 00000000 00:00 0 
7f20e838c000-7f20e838d000 rw-p 00000000 00:00 0 
7f20e838d000-7f20e838e000 r--p 00025000 08:05 7868877                    /lib/x86_64-linux-gnu/ld-2.23.so
7f20e838e000-7f20e838f000 rw-p 00026000 08:05 7868877                    /lib/x86_64-linux-gnu/ld-2.23.so
7f20e838f000-7f20e8390000 rw-p 00000000 00:00 0 
7ffd5cec7000-7ffd5cee8000 rw-p 00000000 00:00 0                          [stack]
7ffd5cef3000-7ffd5cef6000 r--p 00000000 00:00 0                          [vvar]
7ffd5cef6000-7ffd5cef8000 r-xp 00000000 00:00 0                          [vdso]
ffffffffff600000-ffffffffff601000 r-xp 00000000 00:00 0                  [vsyscall]

VM Arguments:
jvm_args: -Dfile.encoding=UTF-8 
java_command: proyectointe.NewJFrame
java_class_path (initial): /home/nico/Escritorio/programacion II/ProyectoInte/build/classes
Launcher Type: SUN_STANDARD

Environment Variables:
PATH=/home/nico/bin:/home/nico/.local/bin:/usr/local/sbin:/usr/local/bin:/usr/sbin:/usr/bin:/sbin:/bin:/usr/games:/usr/local/games:/snap/bin
LD_LIBRARY_PATH=/home/nico/Escritorio/programacion II/Netbeans/jdk1.8.0_201/jre/lib/amd64:/home/nico/Escritorio/programacion II/Netbeans/jdk1.8.0_201/jre/lib/i386:
SHELL=/bin/bash
DISPLAY=:0

Signal Handlers:
SIGSEGV: [libjvm.so+0xad3e60], sa_mask[0]=11111111011111111101111111111110, sa_flags=SA_RESTART|SA_SIGINFO
SIGBUS: [libjvm.so+0xad3e60], sa_mask[0]=11111111011111111101111111111110, sa_flags=SA_RESTART|SA_SIGINFO
SIGFPE: [libjvm.so+0x90b880], sa_mask[0]=11111111011111111101111111111110, sa_flags=SA_RESTART|SA_SIGINFO
SIGPIPE: [libjvm.so+0x90b880], sa_mask[0]=11111111011111111101111111111110, sa_flags=SA_RESTART|SA_SIGINFO
SIGXFSZ: [libjvm.so+0x90b880], sa_mask[0]=11111111011111111101111111111110, sa_flags=SA_RESTART|SA_SIGINFO
SIGILL: [libjvm.so+0x90b880], sa_mask[0]=11111111011111111101111111111110, sa_flags=SA_RESTART|SA_SIGINFO
SIGUSR1: SIG_DFL, sa_mask[0]=00000000000000000000000000000000, sa_flags=none
SIGUSR2: [libjvm.so+0x90b750], sa_mask[0]=00100000000000000000000000000000, sa_flags=SA_RESTART|SA_SIGINFO
SIGHUP: [libjvm.so+0x90bd70], sa_mask[0]=11111111011111111101111111111110, sa_flags=SA_RESTART|SA_SIGINFO
SIGINT: SIG_IGN, sa_mask[0]=00000000000000000000000000000000, sa_flags=none
SIGTERM: [libjvm.so+0x90bd70], sa_mask[0]=11111111011111111101111111111110, sa_flags=SA_RESTART|SA_SIGINFO
SIGQUIT: [libjvm.so+0x90bd70], sa_mask[0]=11111111011111111101111111111110, sa_flags=SA_RESTART|SA_SIGINFO


---------------  S Y S T E M  ---------------

OS:DISTRIB_ID=Ubuntu
DISTRIB_RELEASE=16.04
DISTRIB_CODENAME=xenial
DISTRIB_DESCRIPTION="Ubuntu 16.04.4 LTS"

uname:Linux 4.13.0-36-generic #40~16.04.1-Ubuntu SMP Fri Feb 16 23:25:58 UTC 2018 x86_64
libc:glibc 2.23 NPTL 2.23 
rlimit: STACK 8192k, CORE 0k, NPROC 14959, NOFILE 1048576, AS infinity
load average:22,96 8,08 4,85

/proc/meminfo:
MemTotal:        3950336 kB
MemFree:         2694208 kB
MemAvailable:    2654384 kB
Buffers:            8700 kB
Cached:           272844 kB
SwapCached:            0 kB
Active:           894264 kB
Inactive:         222712 kB
Active(anon):     841660 kB
Inactive(anon):   143628 kB
Active(file):      52604 kB
Inactive(file):    79084 kB
Unevictable:          32 kB
Mlocked:              32 kB
SwapTotal:             0 kB
SwapFree:              0 kB
Dirty:               916 kB
Writeback:           108 kB
AnonPages:        835720 kB
Mapped:           149760 kB
Shmem:            149572 kB
Slab:              64788 kB
SReclaimable:      32312 kB
SUnreclaim:        32476 kB
KernelStack:        8984 kB
PageTables:         9712 kB
NFS_Unstable:          0 kB
Bounce:                0 kB
WritebackTmp:          0 kB
CommitLimit:     1975168 kB
Committed_AS:    3803372 kB
VmallocTotal:   34359738367 kB
VmallocUsed:           0 kB
VmallocChunk:          0 kB
HardwareCorrupted:     0 kB
AnonHugePages:         0 kB
ShmemHugePages:        0 kB
ShmemPmdMapped:        0 kB
CmaTotal:              0 kB
CmaFree:               0 kB
HugePages_Total:       0
HugePages_Free:        0
HugePages_Rsvd:        0
HugePages_Surp:        0
Hugepagesize:       2048 kB
DirectMap4k:      129836 kB
DirectMap2M:     3975168 kB
DirectMap1G:     1048576 kB

container (cgroup) information:
container_type: cgroupv1
cpu_cpuset_cpus: 0-3
cpu_memory_nodes: 0
active_processor_count: 4
cpu_quota: -1
cpu_period: 100000
cpu_shares: -1
memory_limit_in_bytes: -1
memory_and_swap_limit_in_bytes: -2
memory_soft_limit_in_bytes: -1
memory_usage_in_bytes: 1144258560
memory_max_usage_in_bytes: 0


CPU:total 4 (initial active 4) (2 cores per cpu, 2 threads per core) family 6 model 61 stepping 4, cmov, cx8, fxsr, mmx, sse, sse2, sse3, ssse3, sse4.1, sse4.2, popcnt, avx, avx2, aes, clmul, erms, 3dnowpref, lzcnt, ht, tsc, tscinvbit, bmi1, bmi2, adx

/proc/cpuinfo:
processor	: 0
vendor_id	: GenuineIntel
cpu family	: 6
model		: 61
model name	: Intel(R) Core(TM) i3-5015U CPU @ 2.10GHz
stepping	: 4
microcode	: 0x19
cpu MHz		: 2095.133
cache size	: 3072 KB
physical id	: 0
siblings	: 4
core id		: 0
cpu cores	: 2
apicid		: 0
initial apicid	: 0
fpu		: yes
fpu_exception	: yes
cpuid level	: 20
wp		: yes
flags		: fpu vme de pse tsc msr pae mce cx8 apic sep mtrr pge mca cmov pat pse36 clflush dts acpi mmx fxsr sse sse2 ss ht tm pbe syscall nx pdpe1gb rdtscp lm constant_tsc arch_perfmon pebs bts rep_good nopl xtopology nonstop_tsc cpuid aperfmperf pni pclmulqdq dtes64 monitor ds_cpl vmx est tm2 ssse3 sdbg fma cx16 xtpr pdcm pcid sse4_1 sse4_2 x2apic movbe popcnt aes xsave avx f16c rdrand lahf_lm abm 3dnowprefetch cpuid_fault epb invpcid_single pti retpoline intel_pt tpr_shadow vnmi flexpriority ept vpid fsgsbase tsc_adjust bmi1 avx2 smep bmi2 erms invpcid rdseed adx smap xsaveopt dtherm arat pln pts
bugs		: cpu_meltdown spectre_v1 spectre_v2
bogomips	: 4190.26
clflush size	: 64
cache_alignment	: 64
address sizes	: 39 bits physical, 48 bits virtual
power management:

processor	: 1
vendor_id	: GenuineIntel
cpu family	: 6
model		: 61
model name	: Intel(R) Core(TM) i3-5015U CPU @ 2.10GHz
stepping	: 4
microcode	: 0x19
cpu MHz		: 2095.133
cache size	: 3072 KB
physical id	: 0
siblings	: 4
core id		: 1
cpu cores	: 2
apicid		: 2
initial apicid	: 2
fpu		: yes
fpu_exception	: yes
cpuid level	: 20
wp		: yes
flags		: fpu vme de pse tsc msr pae mce cx8 apic sep mtrr pge mca cmov pat pse36 clflush dts acpi mmx fxsr sse sse2 ss ht tm pbe syscall nx pdpe1gb rdtscp lm constant_tsc arch_perfmon pebs bts rep_good nopl xtopology nonstop_tsc cpuid aperfmperf pni pclmulqdq dtes64 monitor ds_cpl vmx est tm2 ssse3 sdbg fma cx16 xtpr pdcm pcid sse4_1 sse4_2 x2apic movbe popcnt aes xsave avx f16c rdrand lahf_lm abm 3dnowprefetch cpuid_fault epb invpcid_single pti retpoline intel_pt tpr_shadow vnmi flexpriority ept vpid fsgsbase tsc_adjust bmi1 avx2 smep bmi2 erms invpcid rdseed adx smap xsaveopt dtherm arat pln pts
bugs		: cpu_meltdown spectre_v1 spectre_v2
bogomips	: 4190.26
clflush size	: 64
cache_alignment	: 64
address sizes	: 39 bits physical, 48 bits virtual
power management:

processor	: 2
vendor_id	: GenuineIntel
cpu family	: 6
model		: 61
model name	: Intel(R) Core(TM) i3-5015U CPU @ 2.10GHz
stepping	: 4
microcode	: 0x19
cpu MHz		: 2095.133
cache size	: 3072 KB
physical id	: 0
siblings	: 4
core id		: 0
cpu cores	: 2
apicid		: 1
initial apicid	: 1
fpu		: yes
fpu_exception	: yes
cpuid level	: 20
wp		: yes
flags		: fpu vme de pse tsc msr pae mce cx8 apic sep mtrr pge mca cmov pat pse36 clflush dts acpi mmx fxsr sse sse2 ss ht tm pbe syscall nx pdpe1gb rdtscp lm constant_tsc arch_perfmon pebs bts rep_good nopl xtopology nonstop_tsc cpuid aperfmperf pni pclmulqdq dtes64 monitor ds_cpl vmx est tm2 ssse3 sdbg fma cx16 xtpr pdcm pcid sse4_1 sse4_2 x2apic movbe popcnt aes xsave avx f16c rdrand lahf_lm abm 3dnowprefetch cpuid_fault epb invpcid_single pti retpoline intel_pt tpr_shadow vnmi flexpriority ept vpid fsgsbase tsc_adjust bmi1 avx2 smep bmi2 erms invpcid rdseed adx smap xsaveopt dtherm arat pln pts
bugs		: cpu_meltdown spectre_v1 spectre_v2
bogomips	: 4190.26
clflush size	: 64
cache_alignment	: 64
address sizes	: 39 bits physical, 48 bits virtual
power management:

processor	: 3
vendor_id	: GenuineIntel
cpu family	: 6
model		: 61
model name	: Intel(R) Core(TM) i3-5015U CPU @ 2.10GHz
stepping	: 4
microcode	: 0x19
cpu MHz		: 2095.133
cache size	: 3072 KB
physical id	: 0
siblings	: 4
core id		: 1
cpu cores	: 2
apicid		: 3
initial apicid	: 3
fpu		: yes
fpu_exception	: yes
cpuid level	: 20
wp		: yes
flags		: fpu vme de pse tsc msr pae mce cx8 apic sep mtrr pge mca cmov pat pse36 clflush dts acpi mmx fxsr sse sse2 ss ht tm pbe syscall nx pdpe1gb rdtscp lm constant_tsc arch_perfmon pebs bts rep_good nopl xtopology nonstop_tsc cpuid aperfmperf pni pclmulqdq dtes64 monitor ds_cpl vmx est tm2 ssse3 sdbg fma cx16 xtpr pdcm pcid sse4_1 sse4_2 x2apic movbe popcnt aes xsave avx f16c rdrand lahf_lm abm 3dnowprefetch cpuid_fault epb invpcid_single pti retpoline intel_pt tpr_shadow vnmi flexpriority ept vpid fsgsbase tsc_adjust bmi1 avx2 smep bmi2 erms invpcid rdseed adx smap xsaveopt dtherm arat pln pts
bugs		: cpu_meltdown spectre_v1 spectre_v2
bogomips	: 4190.26
clflush size	: 64
cache_alignment	: 64
address sizes	: 39 bits physical, 48 bits virtual
power management:



Memory: 4k page, physical 3950336k(2694208k free), swap 0k(0k free)

vm_info: Java HotSpot(TM) 64-Bit Server VM (25.201-b09) for linux-amd64 JRE (1.8.0_201-b09), built on Dec 15 2018 11:35:59 by "java_re" with gcc 7.3.0

time: Tue Aug 27 09:50:03 2019
timezone: -03
elapsed time: 1454 seconds (0d 0h 24m 14s)

