#
# A fatal error has been detected by the Java Runtime Environment:
#
#  SIGSEGV (0xb) at pc=0x00007feb8d069eba, pid=4403, tid=0x00007feb75c90700
#
# JRE version: Java(TM) SE Runtime Environment (8.0_201-b09) (build 1.8.0_201-b09)
# Java VM: Java HotSpot(TM) 64-Bit Server VM (25.201-b09 mixed mode linux-amd64 compressed oops)
# Problematic frame:
# v  ~BufferBlob::jni_fast_GetLongField
#
# Failed to write core dump. Core dumps have been disabled. To enable core dumping, try "ulimit -c unlimited" before starting Java again
#
# If you would like to submit a bug report, please visit:
#   http://bugreport.java.com/bugreport/crash.jsp
# The crash happened outside the Java Virtual Machine in native code.
# See problematic frame for where to report the bug.
#

---------------  T H R E A D  ---------------

Current thread (0x00007feb9c1f3800):  JavaThread "AWT-XAWT" daemon [_thread_in_native, id=4424, stack(0x00007feb75b90000,0x00007feb75c91000)]

siginfo: si_signo: 11 (SIGSEGV), si_code: 1 (SEGV_MAPERR), si_addr: 0x0000000000000000

Registers:
RAX=0x00007feba2850400, RBX=0x00007feb9c1f39f8, RCX=0x0000000000000001, RDX=0x0000000000000042
RSP=0x00007feb75c8f878, RBP=0x00007feb75c8f8a0, RSI=0x0000000000000000, RDI=0x00007feb9c1f39f8
R8 =0x00000000ebe6d7e8, R9 =0x0000000000000000, R10=0x0000000000000016, R11=0x00007feb8d21f6d8
R12=0x00007feb3809bf90, R13=0x0000000000000000, R14=0x00007feb77a2cb00, R15=0x00007feb9c1f3800
RIP=0x00007feb8d069eba, EFLAGS=0x0000000000010246, CSGSFS=0x002b000000000033, ERR=0x0000000000000004
  TRAPNO=0x000000000000000e

Top of Stack: (sp=0x00007feb75c8f878)
0x00007feb75c8f878:   00007feb7780af24 00007feb8c4c8030
0x00007feb75c8f888:   00007feb3809bf90 00007feb75c8f950
0x00007feb75c8f898:   00007feb75c8f920 0000000000000000
0x00007feb75c8f8a8:   00007feb772ee3c0 00007feb8c4c8030
0x00007feb75c8f8b8:   00007feb75c8f8e0 0000000000000000
0x00007feb75c8f8c8:   00007feb772e5f93 00007feb75c8f950
0x00007feb75c8f8d8:   00007feb778032af 00007feb75c8f930
0x00007feb75c8f8e8:   00007feb8d21f776 0000000000000000
0x00007feb75c8f8f8:   00007feb8d211576 00007feb75c8f950
0x00007feb75c8f908:   00007feb8d16856c 00007feb75c8f9b0
0x00007feb75c8f918:   00000000ec05fc58 00000000ec060b48
0x00007feb75c8f928:   0000000000000001 00007feb75c8f9b0
0x00007feb75c8f938:   00007feb8d007a90 00007feb75c8f9b0
0x00007feb75c8f948:   00007feb8d007a90 0000000000000000
0x00007feb75c8f958:   00007feb8d007dd0 00007feb4c000e30
0x00007feb75c8f968:   00000000ec0cb0a0 00007feb75c8f970
0x00007feb75c8f978:   00007feb8c4a818c 00007feb75c8f9f8
0x00007feb75c8f988:   00007feb8c4b1170 0000000000000000
0x00007feb75c8f998:   00007feb8c4a82c8 00007feb75c8f950
0x00007feb75c8f9a8:   00007feb75c8f9f0 00007feb75c8fa40
0x00007feb75c8f9b8:   00007feb8d0082bd 0000000000000000
0x00007feb75c8f9c8:   0000000000000000 0000000000000000
0x00007feb75c8f9d8:   0000000000000000 0000000000000000
0x00007feb75c8f9e8:   00000000ec0cb0a0 0000000000000000
0x00007feb75c8f9f8:   00000000ec094c58 00007feb75c8fa00
0x00007feb75c8fa08:   00007feb8c4a7fcd 00007feb75c8fa50
0x00007feb75c8fa18:   00007feb8c4b1170 0000000000000000
0x00007feb75c8fa28:   00007feb8c4a7fd8 00007feb75c8f9f0
0x00007feb75c8fa38:   00007feb75c8fa50 00007feb75c8fa98
0x00007feb75c8fa48:   00007feb8d008302 00000000ec094c58
0x00007feb75c8fa58:   00007feb75c8fa58 00007feb8c0636cb
0x00007feb75c8fa68:   00007feb75c8faa8 00007feb8c0eb3e8 

Instructions: (pc=0x00007feb8d069eba)
0x00007feb8d069e9a:   00 00 00 00 00 00 44 8b 15 95 60 82 15 4c 8b ce
0x00007feb8d069eaa:   41 f6 c2 01 0f 85 2e 00 00 00 4d 33 ca 4d 33 ca
0x00007feb8d069eba:   4d 8b 09 4c 8b da 49 c1 eb 02 4b 8b 04 19 49 bb
0x00007feb8d069eca:   3c ff 88 a2 eb 7f 00 00 4c 33 d8 4c 33 d8 45 3b 

Register to memory mapping:

RAX=0x00007feba2850400: <offset 0xf8d400> in /home/nico/Escritorio/programacion II/Netbeans/jdk1.8.0_201/jre/lib/amd64/server/libjvm.so at 0x00007feba18c3000
RBX=0x00007feb9c1f39f8 is an unknown value
RCX=0x0000000000000001 is an unknown value
RDX=0x0000000000000042 is an unknown value
RSP=0x00007feb75c8f878 is pointing into the stack for thread: 0x00007feb9c1f3800
RBP=0x00007feb75c8f8a0 is pointing into the stack for thread: 0x00007feb9c1f3800
RSI=0x0000000000000000 is an unknown value
RDI=0x00007feb9c1f39f8 is an unknown value
R8 =0x00000000ebe6d7e8 is an oop
sun.util.logging.PlatformLogger$Level 
 - klass: 'sun/util/logging/PlatformLogger$Level'
R9 =0x0000000000000000 is an unknown value
R10=0x0000000000000016 is an unknown value
R11=0x00007feb8d21f6d8 is at entry_point+24 in (nmethod*)0x00007feb8d21f550
R12=0x00007feb3809bf90 is an unknown value
R13=0x0000000000000000 is an unknown value
R14=0x00007feb77a2cb00: <offset 0x256b00> in /home/nico/Escritorio/programacion II/Netbeans/jdk1.8.0_201/jre/lib/amd64/libawt_xawt.so at 0x00007feb777d6000
R15=0x00007feb9c1f3800 is a thread


Stack: [0x00007feb75b90000,0x00007feb75c91000],  sp=0x00007feb75c8f878,  free space=1022k
Native frames: (J=compiled Java code, j=interpreted, Vv=VM code, C=native code)
v  ~BufferBlob::jni_fast_GetLongField
C  [libX11.so.6+0x643c0]  _XimServerDestroy+0x70

Java frames: (J=compiled Java code, j=interpreted, Vv=VM code)
J 509  sun.awt.X11.XlibWrapper.XFilterEvent(JJ)Z (0 bytes) @ 0x00007feb8d21f704 [0x00007feb8d21f6c0+0x44]
j  sun.awt.X11.XToolkit.run(Z)V+300
j  sun.awt.X11.XToolkit.run()V+5
j  java.lang.Thread.run()V+11
v  ~StubRoutines::call_stub

---------------  P R O C E S S  ---------------

Java Threads: ( => current thread )
  0x00007feb3c00d800 JavaThread "XToolkt-Shutdown-Thread" [_thread_in_native, id=5945, stack(0x00007feb747b6000,0x00007feb748b7000)]
  0x00007feb60003800 JavaThread "SIGTERM handler" daemon [_thread_blocked, id=5923, stack(0x00007feb748b7000,0x00007feb749b8000)]
  0x00007feb60002000 JavaThread "SIGTERM handler" daemon [_thread_blocked, id=5914, stack(0x00007feb74eef000,0x00007feb74ff0000)]
  0x00007feb60001000 JavaThread "SIGHUP handler" daemon [_thread_blocked, id=5882, stack(0x00007feb74ff0000,0x00007feb750f1000)]
  0x00007feb9c00a800 JavaThread "DestroyJavaVM" [_thread_blocked, id=4404, stack(0x00007feba33b5000,0x00007feba34b6000)]
  0x00007feb9c222800 JavaThread "AWT-EventQueue-0" [_thread_blocked, id=4426, stack(0x00007feb75564000,0x00007feb75665000)]
  0x00007feb9c20e800 JavaThread "AWT-Shutdown" [_thread_blocked, id=4425, stack(0x00007feb75665000,0x00007feb75766000)]
=>0x00007feb9c1f3800 JavaThread "AWT-XAWT" daemon [_thread_in_native, id=4424, stack(0x00007feb75b90000,0x00007feb75c91000)]
  0x00007feb9c1d2800 JavaThread "Java2D Disposer" daemon [_thread_blocked, id=4423, stack(0x00007feb760a1000,0x00007feb761a2000)]
  0x00007feb9c0c1800 JavaThread "Service Thread" daemon [_thread_blocked, id=4421, stack(0x00007feb77dfe000,0x00007feb77eff000)]
  0x00007feb9c0be800 JavaThread "C1 CompilerThread2" daemon [_thread_blocked, id=4420, stack(0x00007feb77eff000,0x00007feb78000000)]
  0x00007feb9c0bc800 JavaThread "C2 CompilerThread1" daemon [_thread_blocked, id=4419, stack(0x00007feb8401b000,0x00007feb8411c000)]
  0x00007feb9c0b9800 JavaThread "C2 CompilerThread0" daemon [_thread_blocked, id=4418, stack(0x00007feb8411c000,0x00007feb8421d000)]
  0x00007feb9c0b8000 JavaThread "Signal Dispatcher" daemon [_thread_blocked, id=4417, stack(0x00007feb8421d000,0x00007feb8431e000)]
  0x00007feb9c085000 JavaThread "Finalizer" daemon [_thread_blocked, id=4416, stack(0x00007feb84cdd000,0x00007feb84dde000)]
  0x00007feb9c082800 JavaThread "Reference Handler" daemon [_thread_blocked, id=4414, stack(0x00007feb84dde000,0x00007feb84edf000)]

Other Threads:
  0x00007feb9c079000 VMThread [stack: 0x00007feb84edf000,0x00007feb84fe0000] [id=4413]
  0x00007feb9c0c4000 WatcherThread [stack: 0x00007feb77cfd000,0x00007feb77dfe000] [id=4422]

VM state:not at safepoint (normal execution)

VM Mutex/Monitor currently owned by a thread: None

heap address: 0x00000000c3a00000, size: 966 MB, Compressed Oops mode: 32-bit
Narrow klass base: 0x0000000000000000, Narrow klass shift: 3
Compressed class space size: 1073741824 Address: 0x0000000100000000

Heap:
 PSYoungGen      total 18432K, used 7024K [0x00000000ebe00000, 0x00000000ed280000, 0x0000000100000000)
  eden space 15872K, 44% used [0x00000000ebe00000,0x00000000ec4dc020,0x00000000ecd80000)
  from space 2560K, 0% used [0x00000000ed000000,0x00000000ed000000,0x00000000ed280000)
  to   space 2560K, 0% used [0x00000000ecd80000,0x00000000ecd80000,0x00000000ed000000)
 ParOldGen       total 42496K, used 0K [0x00000000c3a00000, 0x00000000c6380000, 0x00000000ebe00000)
  object space 42496K, 0% used [0x00000000c3a00000,0x00000000c3a00000,0x00000000c6380000)
 Metaspace       used 11774K, capacity 11918K, committed 12160K, reserved 1060864K
  class space    used 1469K, capacity 1543K, committed 1664K, reserved 1048576K

Card table byte_map: [0x00007feb8ce1c000,0x00007feb8d000000] byte_map_base: 0x00007feb8c7ff000

Marking Bits: (ParMarkBitMap*) 0x00007feba288ed80
 Begin Bits: [0x00007feb861d0000, 0x00007feb870e8000)
 End Bits:   [0x00007feb870e8000, 0x00007feb88000000)

Polling page: 0x00007feba34d2000

CodeCache: size=245760Kb used=2329Kb max_used=2340Kb free=243430Kb
 bounds [0x00007feb8d000000, 0x00007feb8d270000, 0x00007feb9c000000]
 total_blobs=1057 nmethods=531 adapters=440
 compilation: enabled

Compilation events (10 events):
Event: 805,030 Thread 0x00007feb9c0be800  527  s    3       java.util.Vector::toArray (12 bytes)
Event: 805,031 Thread 0x00007feb9c0be800 nmethod 527 0x00007feb8d23fb90 code [0x00007feb8d23fd00, 0x00007feb8d240108]
Event: 805,031 Thread 0x00007feb9c0be800  528   !   3       sun.awt.X11.XToolkit$1::dispatchEvent (34 bytes)
Event: 805,032 Thread 0x00007feb9c0be800 nmethod 528 0x00007feb8d245350 code [0x00007feb8d2455a0, 0x00007feb8d2463b8]
Event: 1850,537 Thread 0x00007feb9c0b9800  529   !   4       sun.awt.X11.XToolkit::callTimeoutTasks (220 bytes)
Event: 1850,896 Thread 0x00007feb9c0b9800 nmethod 529 0x00007feb8d23f610 code [0x00007feb8d23f780, 0x00007feb8d23f8d8]
Event: 2248,908 Thread 0x00007feb9c0bc800  530   !   4       sun.awt.X11.XToolkit::getNextTaskTime (55 bytes)
Event: 2255,034 Thread 0x00007feb9c0bc800 nmethod 530 0x00007feb8d247b50 code [0x00007feb8d247ce0, 0x00007feb8d247f70]
Event: 2303,274 Thread 0x00007feb9c0b9800  531       4       java.lang.Long::compareTo (9 bytes)
Event: 2307,638 Thread 0x00007feb9c0b9800 nmethod 531 0x00007feb8d23f350 code [0x00007feb8d23f4a0, 0x00007feb8d23f558]

GC Heap History (0 events):
No events

Deoptimization events (1 events):
Event: 0,526 Thread 0x00007feb9c222800 Uncommon trap: reason=unstable_if action=reinterpret pc=0x00007feb8d1c8228 method=java.lang.String.<init>([CII)V @ 18

Classes redefined (0 events):
No events

Internal exceptions (10 events):
Event: 0,455 Thread 0x00007feb9c00a800 Exception <a 'java/lang/ClassNotFoundException': ToggleButton> (0x00000000ec2292a0) thrown at [/HUDSON/workspace/8-2-build-linux-amd64/jdk8u201/12317/hotspot/src/share/vm/classfile/systemDictionary.cpp, line 210]
Event: 0,455 Thread 0x00007feb9c00a800 Exception <a 'java/lang/ClassNotFoundException': javax/swing/JToolBarSeparator> (0x00000000ec229700) thrown at [/HUDSON/workspace/8-2-build-linux-amd64/jdk8u201/12317/hotspot/src/share/vm/classfile/systemDictionary.cpp, line 210]
Event: 0,455 Thread 0x00007feb9c00a800 Exception <a 'java/lang/ClassNotFoundException': ToolBarSeparator> (0x00000000ec229b98) thrown at [/HUDSON/workspace/8-2-build-linux-amd64/jdk8u201/12317/hotspot/src/share/vm/classfile/systemDictionary.cpp, line 210]
Event: 0,455 Thread 0x00007feb9c00a800 Exception <a 'java/lang/ClassNotFoundException': ToolTip> (0x00000000ec22a2d8) thrown at [/HUDSON/workspace/8-2-build-linux-amd64/jdk8u201/12317/hotspot/src/share/vm/classfile/systemDictionary.cpp, line 210]
Event: 0,456 Thread 0x00007feb9c00a800 Exception <a 'java/lang/ClassNotFoundException': Tree> (0x00000000ec22aef8) thrown at [/HUDSON/workspace/8-2-build-linux-amd64/jdk8u201/12317/hotspot/src/share/vm/classfile/systemDictionary.cpp, line 210]
Event: 0,456 Thread 0x00007feb9c00a800 Exception <a 'java/lang/ClassNotFoundException': Tree> (0x00000000ec22b638) thrown at [/HUDSON/workspace/8-2-build-linux-amd64/jdk8u201/12317/hotspot/src/share/vm/classfile/systemDictionary.cpp, line 210]
Event: 0,456 Thread 0x00007feb9c00a800 Exception <a 'java/lang/ClassNotFoundException': javax/swing/JTreeCell> (0x00000000ec22b9b8) thrown at [/HUDSON/workspace/8-2-build-linux-amd64/jdk8u201/12317/hotspot/src/share/vm/classfile/systemDictionary.cpp, line 210]
Event: 0,456 Thread 0x00007feb9c00a800 Exception <a 'java/lang/ClassNotFoundException': TreeCell> (0x00000000ec22be40) thrown at [/HUDSON/workspace/8-2-build-linux-amd64/jdk8u201/12317/hotspot/src/share/vm/classfile/systemDictionary.cpp, line 210]
Event: 0,457 Thread 0x00007feb9c00a800 Exception <a 'java/lang/ClassNotFoundException': RootPane> (0x00000000ec22c8a0) thrown at [/HUDSON/workspace/8-2-build-linux-amd64/jdk8u201/12317/hotspot/src/share/vm/classfile/systemDictionary.cpp, line 210]
Event: 0,567 Thread 0x00007feb3808a800 Exception <a 'java/io/FileNotFoundException'> (0x00000000ec3ee198) thrown at [/HUDSON/workspace/8-2-build-linux-amd64/jdk8u201/12317/hotspot/src/share/vm/prims/jni.cpp, line 709]

Events (10 events):
Event: 2,636 loading class java/awt/LightweightDispatcher$2 done
Event: 4,134 Executing VM operation: EnableBiasedLocking
Event: 4,134 Executing VM operation: EnableBiasedLocking done
Event: 4,472 loading class sun/awt/X11/XUnmapEvent
Event: 4,472 loading class sun/awt/X11/XUnmapEvent done
Event: 5,571 Thread 0x00007feb3808a800 Thread exited: 0x00007feb3808a800
Event: 122,411 loading class sun/awt/X11/XkbEvent
Event: 122,446 loading class sun/awt/X11/XkbEvent done
Event: 122,446 loading class sun/awt/X11/XkbAnyEvent
Event: 122,512 loading class sun/awt/X11/XkbAnyEvent done


Dynamic libraries:
00400000-00401000 r-xp 00000000 08:05 5243413                            /home/nico/Escritorio/programacion II/Netbeans/jdk1.8.0_201/bin/java
00600000-00601000 r--p 00000000 08:05 5243413                            /home/nico/Escritorio/programacion II/Netbeans/jdk1.8.0_201/bin/java
00601000-00602000 rw-p 00001000 08:05 5243413                            /home/nico/Escritorio/programacion II/Netbeans/jdk1.8.0_201/bin/java
00ab1000-00ad2000 rw-p 00000000 00:00 0                                  [heap]
c3a00000-c6380000 rw-p 00000000 00:00 0 
c6380000-ebe00000 ---p 00000000 00:00 0 
ebe00000-ed280000 rw-p 00000000 00:00 0 
ed280000-100000000 ---p 00000000 00:00 0 
100000000-1001a0000 rw-p 00000000 00:00 0 
1001a0000-140000000 ---p 00000000 00:00 0 
7feb28000000-7feb28021000 rw-p 00000000 00:00 0 
7feb28021000-7feb2c000000 ---p 00000000 00:00 0 
7feb30000000-7feb30021000 rw-p 00000000 00:00 0 
7feb30021000-7feb34000000 ---p 00000000 00:00 0 
7feb34000000-7feb34021000 rw-p 00000000 00:00 0 
7feb34021000-7feb38000000 ---p 00000000 00:00 0 
7feb38000000-7feb380a7000 rw-p 00000000 00:00 0 
7feb380a7000-7feb3c000000 ---p 00000000 00:00 0 
7feb3c000000-7feb3c021000 rw-p 00000000 00:00 0 
7feb3c021000-7feb40000000 ---p 00000000 00:00 0 
7feb40000000-7feb40021000 rw-p 00000000 00:00 0 
7feb40021000-7feb44000000 ---p 00000000 00:00 0 
7feb44fff000-7feb48000000 rw-p 00000000 00:00 0 
7feb48000000-7feb48021000 rw-p 00000000 00:00 0 
7feb48021000-7feb4c000000 ---p 00000000 00:00 0 
7feb4c000000-7feb4c029000 rw-p 00000000 00:00 0 
7feb4c029000-7feb50000000 ---p 00000000 00:00 0 
7feb50000000-7feb50021000 rw-p 00000000 00:00 0 
7feb50021000-7feb54000000 ---p 00000000 00:00 0 
7feb54000000-7feb54021000 rw-p 00000000 00:00 0 
7feb54021000-7feb58000000 ---p 00000000 00:00 0 
7feb58000000-7feb580e2000 rw-p 00000000 00:00 0 
7feb580e2000-7feb5c000000 ---p 00000000 00:00 0 
7feb5c000000-7feb5c4df000 rw-p 00000000 00:00 0 
7feb5c4df000-7feb60000000 ---p 00000000 00:00 0 
7feb60000000-7feb60021000 rw-p 00000000 00:00 0 
7feb60021000-7feb64000000 ---p 00000000 00:00 0 
7feb64000000-7feb64143000 rw-p 00000000 00:00 0 
7feb64143000-7feb68000000 ---p 00000000 00:00 0 
7feb68000000-7feb68021000 rw-p 00000000 00:00 0 
7feb68021000-7feb6c000000 ---p 00000000 00:00 0 
7feb6c000000-7feb6c021000 rw-p 00000000 00:00 0 
7feb6c021000-7feb70000000 ---p 00000000 00:00 0 
7feb70000000-7feb70021000 rw-p 00000000 00:00 0 
7feb70021000-7feb74000000 ---p 00000000 00:00 0 
7feb747b6000-7feb747b9000 ---p 00000000 00:00 0 
7feb747b9000-7feb748b7000 rw-p 00000000 00:00 0 
7feb748b7000-7feb748ba000 ---p 00000000 00:00 0 
7feb748ba000-7feb749f8000 rw-p 00000000 00:00 0 
7feb749f8000-7feb74bb8000 ---p 00000000 00:00 0 
7feb74bb8000-7feb74be2000 r-xp 00000000 08:05 6030741                    /home/nico/Escritorio/programacion II/Netbeans/jdk1.8.0_201/jre/lib/amd64/libdcpr.so
7feb74be2000-7feb74de1000 ---p 0002a000 08:05 6030741                    /home/nico/Escritorio/programacion II/Netbeans/jdk1.8.0_201/jre/lib/amd64/libdcpr.so
7feb74de1000-7feb74de2000 r--p 00029000 08:05 6030741                    /home/nico/Escritorio/programacion II/Netbeans/jdk1.8.0_201/jre/lib/amd64/libdcpr.so
7feb74de2000-7feb74de5000 rw-p 0002a000 08:05 6030741                    /home/nico/Escritorio/programacion II/Netbeans/jdk1.8.0_201/jre/lib/amd64/libdcpr.so
7feb74de5000-7feb74df0000 r--s 00000000 08:05 7999220                    /var/cache/fontconfig/945677eb7aeaf62f1d50efc3fb3ec7d8-le64.cache-6
7feb74df0000-7feb74df6000 r--s 00000000 08:05 7999202                    /var/cache/fontconfig/2cd17615ca594fa2959ae173292e504c-le64.cache-6
7feb74df6000-7feb74df7000 r--s 00000000 08:05 7999199                    /var/cache/fontconfig/0d8c3b2ac0904cb8a57a757ad11a4a08-le64.cache-6
7feb74df7000-7feb74e0c000 r--s 00000000 08:05 7999196                    /var/cache/fontconfig/04aabc0a78ac019cf9454389977116d2-le64.cache-6
7feb74e0c000-7feb74e10000 r--s 00000000 08:05 7999206                    /var/cache/fontconfig/385c0604a188198f04d133e54aba7fe7-le64.cache-6
7feb74e10000-7feb74e23000 r--s 00000000 08:05 7999230                    /var/cache/fontconfig/d52a8644073d54c13679302ca1180695-le64.cache-6
7feb74eef000-7feb74ef2000 ---p 00000000 00:00 0 
7feb74ef2000-7feb74ff0000 rw-p 00000000 00:00 0 
7feb74ff0000-7feb74ff3000 ---p 00000000 00:00 0 
7feb74ff3000-7feb750f1000 rw-p 00000000 00:00 0 
7feb750f1000-7feb7515d000 r-xp 00000000 08:05 6030756                    /home/nico/Escritorio/programacion II/Netbeans/jdk1.8.0_201/jre/lib/amd64/libt2k.so
7feb7515d000-7feb7535d000 ---p 0006c000 08:05 6030756                    /home/nico/Escritorio/programacion II/Netbeans/jdk1.8.0_201/jre/lib/amd64/libt2k.so
7feb7535d000-7feb75363000 r--p 0006c000 08:05 6030756                    /home/nico/Escritorio/programacion II/Netbeans/jdk1.8.0_201/jre/lib/amd64/libt2k.so
7feb75363000-7feb75364000 rw-p 00072000 08:05 6030756                    /home/nico/Escritorio/programacion II/Netbeans/jdk1.8.0_201/jre/lib/amd64/libt2k.so
7feb75364000-7feb75564000 rw-p 00000000 00:00 0 
7feb75564000-7feb75567000 ---p 00000000 00:00 0 
7feb75567000-7feb75665000 rw-p 00000000 00:00 0 
7feb75665000-7feb75668000 ---p 00000000 00:00 0 
7feb75668000-7feb75766000 rw-p 00000000 00:00 0 
7feb75766000-7feb75777000 r-xp 00000000 08:05 6030797                    /home/nico/Escritorio/programacion II/Netbeans/jdk1.8.0_201/jre/lib/amd64/libnio.so
7feb75777000-7feb75976000 ---p 00011000 08:05 6030797                    /home/nico/Escritorio/programacion II/Netbeans/jdk1.8.0_201/jre/lib/amd64/libnio.so
7feb75976000-7feb75977000 r--p 00010000 08:05 6030797                    /home/nico/Escritorio/programacion II/Netbeans/jdk1.8.0_201/jre/lib/amd64/libnio.so
7feb75977000-7feb75978000 rw-p 00011000 08:05 6030797                    /home/nico/Escritorio/programacion II/Netbeans/jdk1.8.0_201/jre/lib/amd64/libnio.so
7feb75978000-7feb7598e000 r-xp 00000000 08:05 6030794                    /home/nico/Escritorio/programacion II/Netbeans/jdk1.8.0_201/jre/lib/amd64/libnet.so
7feb7598e000-7feb75b8e000 ---p 00016000 08:05 6030794                    /home/nico/Escritorio/programacion II/Netbeans/jdk1.8.0_201/jre/lib/amd64/libnet.so
7feb75b8e000-7feb75b8f000 r--p 00016000 08:05 6030794                    /home/nico/Escritorio/programacion II/Netbeans/jdk1.8.0_201/jre/lib/amd64/libnet.so
7feb75b8f000-7feb75b90000 rw-p 00017000 08:05 6030794                    /home/nico/Escritorio/programacion II/Netbeans/jdk1.8.0_201/jre/lib/amd64/libnet.so
7feb75b90000-7feb75b93000 ---p 00000000 00:00 0 
7feb75b93000-7feb75c91000 rw-p 00000000 00:00 0 
7feb75c91000-7feb75c96000 r-xp 00000000 08:05 7479373                    /usr/lib/x86_64-linux-gnu/libXfixes.so.3.1.0
7feb75c96000-7feb75e95000 ---p 00005000 08:05 7479373                    /usr/lib/x86_64-linux-gnu/libXfixes.so.3.1.0
7feb75e95000-7feb75e96000 r--p 00004000 08:05 7479373                    /usr/lib/x86_64-linux-gnu/libXfixes.so.3.1.0
7feb75e96000-7feb75e97000 rw-p 00005000 08:05 7479373                    /usr/lib/x86_64-linux-gnu/libXfixes.so.3.1.0
7feb75e97000-7feb75ea0000 r-xp 00000000 08:05 7479365                    /usr/lib/x86_64-linux-gnu/libXcursor.so.1.0.2
7feb75ea0000-7feb7609f000 ---p 00009000 08:05 7479365                    /usr/lib/x86_64-linux-gnu/libXcursor.so.1.0.2
7feb7609f000-7feb760a0000 r--p 00008000 08:05 7479365                    /usr/lib/x86_64-linux-gnu/libXcursor.so.1.0.2
7feb760a0000-7feb760a1000 rw-p 00009000 08:05 7479365                    /usr/lib/x86_64-linux-gnu/libXcursor.so.1.0.2
7feb760a1000-7feb760a4000 ---p 00000000 00:00 0 
7feb760a4000-7feb761a2000 rw-p 00000000 00:00 0 
7feb761a2000-7feb761b8000 r-xp 00000000 08:05 7868943                    /lib/x86_64-linux-gnu/libgcc_s.so.1
7feb761b8000-7feb763b7000 ---p 00016000 08:05 7868943                    /lib/x86_64-linux-gnu/libgcc_s.so.1
7feb763b7000-7feb763b8000 rw-p 00015000 08:05 7868943                    /lib/x86_64-linux-gnu/libgcc_s.so.1
7feb763b8000-7feb76415000 r-xp 00000000 08:05 6030774                    /home/nico/Escritorio/programacion II/Netbeans/jdk1.8.0_201/jre/lib/amd64/libfontmanager.so
7feb76415000-7feb76615000 ---p 0005d000 08:05 6030774                    /home/nico/Escritorio/programacion II/Netbeans/jdk1.8.0_201/jre/lib/amd64/libfontmanager.so
7feb76615000-7feb76618000 r--p 0005d000 08:05 6030774                    /home/nico/Escritorio/programacion II/Netbeans/jdk1.8.0_201/jre/lib/amd64/libfontmanager.so
7feb76618000-7feb76619000 rw-p 00060000 08:05 6030774                    /home/nico/Escritorio/programacion II/Netbeans/jdk1.8.0_201/jre/lib/amd64/libfontmanager.so
7feb76619000-7feb7663e000 r--p 00000000 08:05 9068393                    /usr/share/locale-langpack/es/LC_MESSAGES/libc.mo
7feb7663e000-7feb76643000 r-xp 00000000 08:05 7479369                    /usr/lib/x86_64-linux-gnu/libXdmcp.so.6.0.0
7feb76643000-7feb76842000 ---p 00005000 08:05 7479369                    /usr/lib/x86_64-linux-gnu/libXdmcp.so.6.0.0
7feb76842000-7feb76843000 r--p 00004000 08:05 7479369                    /usr/lib/x86_64-linux-gnu/libXdmcp.so.6.0.0
7feb76843000-7feb76844000 rw-p 00005000 08:05 7479369                    /usr/lib/x86_64-linux-gnu/libXdmcp.so.6.0.0
7feb76844000-7feb76846000 r-xp 00000000 08:05 7479358                    /usr/lib/x86_64-linux-gnu/libXau.so.6.0.0
7feb76846000-7feb76a46000 ---p 00002000 08:05 7479358                    /usr/lib/x86_64-linux-gnu/libXau.so.6.0.0
7feb76a46000-7feb76a47000 r--p 00002000 08:05 7479358                    /usr/lib/x86_64-linux-gnu/libXau.so.6.0.0
7feb76a47000-7feb76a48000 rw-p 00003000 08:05 7479358                    /usr/lib/x86_64-linux-gnu/libXau.so.6.0.0
7feb76a48000-7feb76a69000 r-xp 00000000 08:05 7480778                    /usr/lib/x86_64-linux-gnu/libxcb.so.1.1.0
7feb76a69000-7feb76c68000 ---p 00021000 08:05 7480778                    /usr/lib/x86_64-linux-gnu/libxcb.so.1.1.0
7feb76c68000-7feb76c69000 r--p 00020000 08:05 7480778                    /usr/lib/x86_64-linux-gnu/libxcb.so.1.1.0
7feb76c69000-7feb76c6a000 rw-p 00021000 08:05 7480778                    /usr/lib/x86_64-linux-gnu/libxcb.so.1.1.0
7feb76c6a000-7feb76c79000 r-xp 00000000 08:05 7479381                    /usr/lib/x86_64-linux-gnu/libXi.so.6.1.0
7feb76c79000-7feb76e78000 ---p 0000f000 08:05 7479381                    /usr/lib/x86_64-linux-gnu/libXi.so.6.1.0
7feb76e78000-7feb76e79000 r--p 0000e000 08:05 7479381                    /usr/lib/x86_64-linux-gnu/libXi.so.6.1.0
7feb76e79000-7feb76e7a000 rw-p 0000f000 08:05 7479381                    /usr/lib/x86_64-linux-gnu/libXi.so.6.1.0
7feb76e7a000-7feb76e7f000 r-xp 00000000 08:05 7479399                    /usr/lib/x86_64-linux-gnu/libXtst.so.6.1.0
7feb76e7f000-7feb7707e000 ---p 00005000 08:05 7479399                    /usr/lib/x86_64-linux-gnu/libXtst.so.6.1.0
7feb7707e000-7feb7707f000 r--p 00004000 08:05 7479399                    /usr/lib/x86_64-linux-gnu/libXtst.so.6.1.0
7feb7707f000-7feb77080000 rw-p 00005000 08:05 7479399                    /usr/lib/x86_64-linux-gnu/libXtst.so.6.1.0
7feb77080000-7feb77089000 r-xp 00000000 08:05 7479393                    /usr/lib/x86_64-linux-gnu/libXrender.so.1.3.0
7feb77089000-7feb77288000 ---p 00009000 08:05 7479393                    /usr/lib/x86_64-linux-gnu/libXrender.so.1.3.0
7feb77288000-7feb77289000 r--p 00008000 08:05 7479393                    /usr/lib/x86_64-linux-gnu/libXrender.so.1.3.0
7feb77289000-7feb7728a000 rw-p 00009000 08:05 7479393                    /usr/lib/x86_64-linux-gnu/libXrender.so.1.3.0
7feb7728a000-7feb773bf000 r-xp 00000000 08:05 7479354                    /usr/lib/x86_64-linux-gnu/libX11.so.6.3.0
7feb773bf000-7feb775bf000 ---p 00135000 08:05 7479354                    /usr/lib/x86_64-linux-gnu/libX11.so.6.3.0
7feb775bf000-7feb775c0000 r--p 00135000 08:05 7479354                    /usr/lib/x86_64-linux-gnu/libX11.so.6.3.0
7feb775c0000-7feb775c4000 rw-p 00136000 08:05 7479354                    /usr/lib/x86_64-linux-gnu/libX11.so.6.3.0
7feb775c4000-7feb775d5000 r-xp 00000000 08:05 7479371                    /usr/lib/x86_64-linux-gnu/libXext.so.6.4.0
7feb775d5000-7feb777d4000 ---p 00011000 08:05 7479371                    /usr/lib/x86_64-linux-gnu/libXext.so.6.4.0
7feb777d4000-7feb777d5000 r--p 00010000 08:05 7479371                    /usr/lib/x86_64-linux-gnu/libXext.so.6.4.0
7feb777d5000-7feb777d6000 rw-p 00011000 08:05 7479371                    /usr/lib/x86_64-linux-gnu/libXext.so.6.4.0
7feb777d6000-7feb77829000 r-xp 00000000 08:05 6030801                    /home/nico/Escritorio/programacion II/Netbeans/jdk1.8.0_201/jre/lib/amd64/libawt_xawt.so
7feb77829000-7feb77a28000 ---p 00053000 08:05 6030801                    /home/nico/Escritorio/programacion II/Netbeans/jdk1.8.0_201/jre/lib/amd64/libawt_xawt.so
7feb77a28000-7feb77a29000 r--p 00052000 08:05 6030801                    /home/nico/Escritorio/programacion II/Netbeans/jdk1.8.0_201/jre/lib/amd64/libawt_xawt.so
7feb77a29000-7feb77a2c000 rw-p 00053000 08:05 6030801                    /home/nico/Escritorio/programacion II/Netbeans/jdk1.8.0_201/jre/lib/amd64/libawt_xawt.so
7feb77a2c000-7feb77a2d000 rw-p 00000000 00:00 0 
7feb77a2d000-7feb77acd000 r-xp 00000000 08:05 6030787                    /home/nico/Escritorio/programacion II/Netbeans/jdk1.8.0_201/jre/lib/amd64/libawt.so
7feb77acd000-7feb77ccc000 ---p 000a0000 08:05 6030787                    /home/nico/Escritorio/programacion II/Netbeans/jdk1.8.0_201/jre/lib/amd64/libawt.so
7feb77ccc000-7feb77ccd000 r--p 0009f000 08:05 6030787                    /home/nico/Escritorio/programacion II/Netbeans/jdk1.8.0_201/jre/lib/amd64/libawt.so
7feb77ccd000-7feb77cd8000 rw-p 000a0000 08:05 6030787                    /home/nico/Escritorio/programacion II/Netbeans/jdk1.8.0_201/jre/lib/amd64/libawt.so
7feb77cd8000-7feb77cfd000 rw-p 00000000 00:00 0 
7feb77cfd000-7feb77cfe000 ---p 00000000 00:00 0 
7feb77cfe000-7feb77dfe000 rw-p 00000000 00:00 0 
7feb77dfe000-7feb77e01000 ---p 00000000 00:00 0 
7feb77e01000-7feb77eff000 rw-p 00000000 00:00 0 
7feb77eff000-7feb77f02000 ---p 00000000 00:00 0 
7feb77f02000-7feb78000000 rw-p 00000000 00:00 0 
7feb78000000-7feb78021000 rw-p 00000000 00:00 0 
7feb78021000-7feb7c000000 ---p 00000000 00:00 0 
7feb7c000000-7feb7c021000 rw-p 00000000 00:00 0 
7feb7c021000-7feb80000000 ---p 00000000 00:00 0 
7feb80000000-7feb80021000 rw-p 00000000 00:00 0 
7feb80021000-7feb84000000 ---p 00000000 00:00 0 
7feb84000000-7feb84001000 r--s 00000000 08:05 7999201                    /var/cache/fontconfig/1ac9eb803944fde146138c791f5cc56a-le64.cache-6
7feb84001000-7feb84004000 r--s 00000000 08:05 7999216                    /var/cache/fontconfig/767a8244fc0220cfb567a839d0392e0b-le64.cache-6
7feb84004000-7feb84009000 r--s 00000000 08:05 7999219                    /var/cache/fontconfig/8801497958630a81b71ace7c5f9b32a8-le64.cache-6
7feb84009000-7feb84010000 r--s 00000000 08:05 7999203                    /var/cache/fontconfig/3047814df9a2f067bd2d96a2b9c36e5a-le64.cache-6
7feb84010000-7feb8401b000 r--s 00000000 08:05 7999515                    /var/cache/fontconfig/d589a48862398ed80a3d6066f4f56f4c-le64.cache-6
7feb8401b000-7feb8401e000 ---p 00000000 00:00 0 
7feb8401e000-7feb8411c000 rw-p 00000000 00:00 0 
7feb8411c000-7feb8411f000 ---p 00000000 00:00 0 
7feb8411f000-7feb8421d000 rw-p 00000000 00:00 0 
7feb8421d000-7feb84220000 ---p 00000000 00:00 0 
7feb84220000-7feb8431e000 rw-p 00000000 00:00 0 
7feb8431e000-7feb84cdd000 r--p 00000000 08:05 7478496                    /usr/lib/locale/locale-archive
7feb84cdd000-7feb84ce0000 ---p 00000000 00:00 0 
7feb84ce0000-7feb84dde000 rw-p 00000000 00:00 0 
7feb84dde000-7feb84de1000 ---p 00000000 00:00 0 
7feb84de1000-7feb84edf000 rw-p 00000000 00:00 0 
7feb84edf000-7feb84ee0000 ---p 00000000 00:00 0 
7feb84ee0000-7feb85f80000 rw-p 00000000 00:00 0 
7feb85f80000-7feb8615a000 r--s 03d6f000 08:05 5245945                    /home/nico/Escritorio/programacion II/Netbeans/jdk1.8.0_201/jre/lib/rt.jar
7feb8615a000-7feb88000000 rw-p 00000000 00:00 0 
7feb88000000-7feb88021000 rw-p 00000000 00:00 0 
7feb88021000-7feb8c000000 ---p 00000000 00:00 0 
7feb8c000000-7feb8c001000 r--s 00000000 08:05 7999233                    /var/cache/fontconfig/dc05db6664285cc2f12bf69c139ae4c3-le64.cache-6
7feb8c001000-7feb8c002000 r--s 00000000 08:05 7999207                    /var/cache/fontconfig/4794a0821666d79190d59a36cb4f44b5-le64.cache-6
7feb8c002000-7feb8c003000 r--s 00000000 08:05 7999226                    /var/cache/fontconfig/bab58bb527bb656aaa9f116d68a48d89-le64.cache-6
7feb8c003000-7feb8c009000 r--s 00000000 08:05 7999224                    /var/cache/fontconfig/b47c4e1ecd0709278f4910c18777a504-le64.cache-6
7feb8c009000-7feb8c014000 r--s 00000000 08:05 7999218                    /var/cache/fontconfig/83bf95040141907cd45bb53cf7c1c148-le64.cache-6
7feb8c014000-7feb8ca18000 rw-p 00000000 00:00 0 
7feb8ca18000-7feb8ca19000 ---p 00000000 00:00 0 
7feb8ca19000-7feb8cb19000 rw-p 00000000 00:00 0 
7feb8cb19000-7feb8cb1a000 ---p 00000000 00:00 0 
7feb8cb1a000-7feb8cc1a000 rw-p 00000000 00:00 0 
7feb8cc1a000-7feb8cc1b000 ---p 00000000 00:00 0 
7feb8cc1b000-7feb8cd1b000 rw-p 00000000 00:00 0 
7feb8cd1b000-7feb8cd1c000 ---p 00000000 00:00 0 
7feb8cd1c000-7feb8ce31000 rw-p 00000000 00:00 0 
7feb8ce31000-7feb8cf5e000 ---p 00000000 00:00 0 
7feb8cf5e000-7feb8cf69000 rw-p 00000000 00:00 0 
7feb8cf69000-7feb8cfff000 ---p 00000000 00:00 0 
7feb8cfff000-7feb8d000000 rw-p 00000000 00:00 0 
7feb8d000000-7feb8d270000 rwxp 00000000 00:00 0 
7feb8d270000-7feb9c000000 ---p 00000000 00:00 0 
7feb9c000000-7feb9c511000 rw-p 00000000 00:00 0 
7feb9c511000-7feba0000000 ---p 00000000 00:00 0 
7feba0000000-7feba0001000 r--s 00000000 08:05 7999210                    /var/cache/fontconfig/56cf4f4769d0f4abc89a4895d7bd3ae1-le64.cache-6
7feba0001000-7feba0002000 r--s 00000000 08:05 7999225                    /var/cache/fontconfig/b9d506c9ac06c20b433354fa67a72993-le64.cache-6
7feba0002000-7feba0003000 r--s 00000000 08:05 7999209                    /var/cache/fontconfig/551ecf3b0e8b0bca0f25c0944f561853-le64.cache-6
7feba0003000-7feba0004000 r--s 00000000 08:05 7999204                    /var/cache/fontconfig/30829fa25452a46451e813d634d7f916-le64.cache-6
7feba0004000-7feba0016000 r--s 00000000 08:05 7999222                    /var/cache/fontconfig/9b89f8e3dae116d678bbf48e5f21f69b-le64.cache-6
7feba0016000-7feba002b000 rw-p 00000000 00:00 0 
7feba002b000-7feba0158000 ---p 00000000 00:00 0 
7feba0158000-7feba0162000 rw-p 00000000 00:00 0 
7feba0162000-7feba0518000 ---p 00000000 00:00 0 
7feba0518000-7feba0533000 r-xp 00000000 08:05 6030790                    /home/nico/Escritorio/programacion II/Netbeans/jdk1.8.0_201/jre/lib/amd64/libzip.so
7feba0533000-7feba0732000 ---p 0001b000 08:05 6030790                    /home/nico/Escritorio/programacion II/Netbeans/jdk1.8.0_201/jre/lib/amd64/libzip.so
7feba0732000-7feba0733000 r--p 0001a000 08:05 6030790                    /home/nico/Escritorio/programacion II/Netbeans/jdk1.8.0_201/jre/lib/amd64/libzip.so
7feba0733000-7feba0734000 rw-p 0001b000 08:05 6030790                    /home/nico/Escritorio/programacion II/Netbeans/jdk1.8.0_201/jre/lib/amd64/libzip.so
7feba0734000-7feba073f000 r-xp 00000000 08:05 7869004                    /lib/x86_64-linux-gnu/libnss_files-2.23.so
7feba073f000-7feba093e000 ---p 0000b000 08:05 7869004                    /lib/x86_64-linux-gnu/libnss_files-2.23.so
7feba093e000-7feba093f000 r--p 0000a000 08:05 7869004                    /lib/x86_64-linux-gnu/libnss_files-2.23.so
7feba093f000-7feba0940000 rw-p 0000b000 08:05 7869004                    /lib/x86_64-linux-gnu/libnss_files-2.23.so
7feba0940000-7feba0946000 rw-p 00000000 00:00 0 
7feba0946000-7feba0951000 r-xp 00000000 08:05 7869014                    /lib/x86_64-linux-gnu/libnss_nis-2.23.so
7feba0951000-7feba0b50000 ---p 0000b000 08:05 7869014                    /lib/x86_64-linux-gnu/libnss_nis-2.23.so
7feba0b50000-7feba0b51000 r--p 0000a000 08:05 7869014                    /lib/x86_64-linux-gnu/libnss_nis-2.23.so
7feba0b51000-7feba0b52000 rw-p 0000b000 08:05 7869014                    /lib/x86_64-linux-gnu/libnss_nis-2.23.so
7feba0b52000-7feba0b68000 r-xp 00000000 08:05 7868998                    /lib/x86_64-linux-gnu/libnsl-2.23.so
7feba0b68000-7feba0d67000 ---p 00016000 08:05 7868998                    /lib/x86_64-linux-gnu/libnsl-2.23.so
7feba0d67000-7feba0d68000 r--p 00015000 08:05 7868998                    /lib/x86_64-linux-gnu/libnsl-2.23.so
7feba0d68000-7feba0d69000 rw-p 00016000 08:05 7868998                    /lib/x86_64-linux-gnu/libnsl-2.23.so
7feba0d69000-7feba0d6b000 rw-p 00000000 00:00 0 
7feba0d6b000-7feba0d73000 r-xp 00000000 08:05 7869000                    /lib/x86_64-linux-gnu/libnss_compat-2.23.so
7feba0d73000-7feba0f72000 ---p 00008000 08:05 7869000                    /lib/x86_64-linux-gnu/libnss_compat-2.23.so
7feba0f72000-7feba0f73000 r--p 00007000 08:05 7869000                    /lib/x86_64-linux-gnu/libnss_compat-2.23.so
7feba0f73000-7feba0f74000 rw-p 00008000 08:05 7869000                    /lib/x86_64-linux-gnu/libnss_compat-2.23.so
7feba0f74000-7feba0fa0000 r-xp 00000000 08:05 6030784                    /home/nico/Escritorio/programacion II/Netbeans/jdk1.8.0_201/jre/lib/amd64/libjava.so
7feba0fa0000-7feba11a0000 ---p 0002c000 08:05 6030784                    /home/nico/Escritorio/programacion II/Netbeans/jdk1.8.0_201/jre/lib/amd64/libjava.so
7feba11a0000-7feba11a1000 r--p 0002c000 08:05 6030784                    /home/nico/Escritorio/programacion II/Netbeans/jdk1.8.0_201/jre/lib/amd64/libjava.so
7feba11a1000-7feba11a3000 rw-p 0002d000 08:05 6030784                    /home/nico/Escritorio/programacion II/Netbeans/jdk1.8.0_201/jre/lib/amd64/libjava.so
7feba11a3000-7feba11b0000 r-xp 00000000 08:05 6030789                    /home/nico/Escritorio/programacion II/Netbeans/jdk1.8.0_201/jre/lib/amd64/libverify.so
7feba11b0000-7feba13af000 ---p 0000d000 08:05 6030789                    /home/nico/Escritorio/programacion II/Netbeans/jdk1.8.0_201/jre/lib/amd64/libverify.so
7feba13af000-7feba13b1000 r--p 0000c000 08:05 6030789                    /home/nico/Escritorio/programacion II/Netbeans/jdk1.8.0_201/jre/lib/amd64/libverify.so
7feba13b1000-7feba13b2000 rw-p 0000e000 08:05 6030789                    /home/nico/Escritorio/programacion II/Netbeans/jdk1.8.0_201/jre/lib/amd64/libverify.so
7feba13b2000-7feba13b9000 r-xp 00000000 08:05 7869059                    /lib/x86_64-linux-gnu/librt-2.23.so
7feba13b9000-7feba15b8000 ---p 00007000 08:05 7869059                    /lib/x86_64-linux-gnu/librt-2.23.so
7feba15b8000-7feba15b9000 r--p 00006000 08:05 7869059                    /lib/x86_64-linux-gnu/librt-2.23.so
7feba15b9000-7feba15ba000 rw-p 00007000 08:05 7869059                    /lib/x86_64-linux-gnu/librt-2.23.so
7feba15ba000-7feba16c2000 r-xp 00000000 08:05 7868975                    /lib/x86_64-linux-gnu/libm-2.23.so
7feba16c2000-7feba18c1000 ---p 00108000 08:05 7868975                    /lib/x86_64-linux-gnu/libm-2.23.so
7feba18c1000-7feba18c2000 r--p 00107000 08:05 7868975                    /lib/x86_64-linux-gnu/libm-2.23.so
7feba18c2000-7feba18c3000 rw-p 00108000 08:05 7868975                    /lib/x86_64-linux-gnu/libm-2.23.so
7feba18c3000-7feba25ab000 r-xp 00000000 08:05 6030766                    /home/nico/Escritorio/programacion II/Netbeans/jdk1.8.0_201/jre/lib/amd64/server/libjvm.so
7feba25ab000-7feba27aa000 ---p 00ce8000 08:05 6030766                    /home/nico/Escritorio/programacion II/Netbeans/jdk1.8.0_201/jre/lib/amd64/server/libjvm.so
7feba27aa000-7feba2840000 r--p 00ce7000 08:05 6030766                    /home/nico/Escritorio/programacion II/Netbeans/jdk1.8.0_201/jre/lib/amd64/server/libjvm.so
7feba2840000-7feba2871000 rw-p 00d7d000 08:05 6030766                    /home/nico/Escritorio/programacion II/Netbeans/jdk1.8.0_201/jre/lib/amd64/server/libjvm.so
7feba2871000-7feba28ac000 rw-p 00000000 00:00 0 
7feba28ac000-7feba2a6c000 r-xp 00000000 08:05 7868905                    /lib/x86_64-linux-gnu/libc-2.23.so
7feba2a6c000-7feba2c6c000 ---p 001c0000 08:05 7868905                    /lib/x86_64-linux-gnu/libc-2.23.so
7feba2c6c000-7feba2c70000 r--p 001c0000 08:05 7868905                    /lib/x86_64-linux-gnu/libc-2.23.so
7feba2c70000-7feba2c72000 rw-p 001c4000 08:05 7868905                    /lib/x86_64-linux-gnu/libc-2.23.so
7feba2c72000-7feba2c76000 rw-p 00000000 00:00 0 
7feba2c76000-7feba2c79000 r-xp 00000000 08:05 7868929                    /lib/x86_64-linux-gnu/libdl-2.23.so
7feba2c79000-7feba2e78000 ---p 00003000 08:05 7868929                    /lib/x86_64-linux-gnu/libdl-2.23.so
7feba2e78000-7feba2e79000 r--p 00002000 08:05 7868929                    /lib/x86_64-linux-gnu/libdl-2.23.so
7feba2e79000-7feba2e7a000 rw-p 00003000 08:05 7868929                    /lib/x86_64-linux-gnu/libdl-2.23.so
7feba2e7a000-7feba2e91000 r-xp 00000000 08:05 5244916                    /home/nico/Escritorio/programacion II/Netbeans/jdk1.8.0_201/lib/amd64/jli/libjli.so
7feba2e91000-7feba3090000 ---p 00017000 08:05 5244916                    /home/nico/Escritorio/programacion II/Netbeans/jdk1.8.0_201/lib/amd64/jli/libjli.so
7feba3090000-7feba3091000 r--p 00016000 08:05 5244916                    /home/nico/Escritorio/programacion II/Netbeans/jdk1.8.0_201/lib/amd64/jli/libjli.so
7feba3091000-7feba3092000 rw-p 00017000 08:05 5244916                    /home/nico/Escritorio/programacion II/Netbeans/jdk1.8.0_201/lib/amd64/jli/libjli.so
7feba3092000-7feba30aa000 r-xp 00000000 08:05 7869051                    /lib/x86_64-linux-gnu/libpthread-2.23.so
7feba30aa000-7feba32a9000 ---p 00018000 08:05 7869051                    /lib/x86_64-linux-gnu/libpthread-2.23.so
7feba32a9000-7feba32aa000 r--p 00017000 08:05 7869051                    /lib/x86_64-linux-gnu/libpthread-2.23.so
7feba32aa000-7feba32ab000 rw-p 00018000 08:05 7869051                    /lib/x86_64-linux-gnu/libpthread-2.23.so
7feba32ab000-7feba32af000 rw-p 00000000 00:00 0 
7feba32af000-7feba32d5000 r-xp 00000000 08:05 7868877                    /lib/x86_64-linux-gnu/ld-2.23.so
7feba32d5000-7feba32d6000 r--s 00000000 08:05 7999198                    /var/cache/fontconfig/0c9eb80ebd1c36541ebe2852d3bb0c49-le64.cache-6
7feba32d6000-7feba32d9000 r--s 00000000 08:05 7999215                    /var/cache/fontconfig/75114ca45c98e8a441da0ff356701271-le64.cache-6
7feba32d9000-7feba32dd000 r--s 00000000 08:05 7999322                    /var/cache/fontconfig/7ef2298fde41cc6eeb7af42e48b7d293-le64.cache-6
7feba32dd000-7feba33b5000 rw-p 00000000 00:00 0 
7feba33b5000-7feba33b8000 ---p 00000000 00:00 0 
7feba33b8000-7feba34ba000 rw-p 00000000 00:00 0 
7feba34ba000-7feba34bd000 r--s 00000000 08:05 7999234                    /var/cache/fontconfig/e13b20fdb08344e0e664864cc2ede53d-le64.cache-6
7feba34bd000-7feba34c4000 r--s 00000000 08:05 7736400                    /usr/lib/x86_64-linux-gnu/gconv/gconv-modules.cache
7feba34c4000-7feba34c9000 r--s 002f9000 08:05 5245943                    /home/nico/Escritorio/programacion II/Netbeans/jdk1.8.0_201/jre/lib/charsets.jar
7feba34c9000-7feba34d1000 rw-s 00000000 08:05 3933459                    /tmp/hsperfdata_nico/4403
7feba34d1000-7feba34d2000 rw-p 00000000 00:00 0 
7feba34d2000-7feba34d3000 r--p 00000000 00:00 0 
7feba34d3000-7feba34d4000 rw-p 00000000 00:00 0 
7feba34d4000-7feba34d5000 r--p 00025000 08:05 7868877                    /lib/x86_64-linux-gnu/ld-2.23.so
7feba34d5000-7feba34d6000 rw-p 00026000 08:05 7868877                    /lib/x86_64-linux-gnu/ld-2.23.so
7feba34d6000-7feba34d7000 rw-p 00000000 00:00 0 
7ffc253c9000-7ffc253ea000 rw-p 00000000 00:00 0                          [stack]
7ffc253f2000-7ffc253f5000 r--p 00000000 00:00 0                          [vvar]
7ffc253f5000-7ffc253f7000 r-xp 00000000 00:00 0                          [vdso]
ffffffffff600000-ffffffffff601000 r-xp 00000000 00:00 0                  [vsyscall]

VM Arguments:
jvm_args: -Dfile.encoding=UTF-8 
java_command: proyectointe.NewJFrame
java_class_path (initial): /home/nico/Escritorio/programacion II/ProyectoInte/build/classes
Launcher Type: SUN_STANDARD

Environment Variables:
PATH=/home/nico/bin:/home/nico/.local/bin:/usr/local/sbin:/usr/local/bin:/usr/sbin:/usr/bin:/sbin:/bin:/usr/games:/usr/local/games:/snap/bin
LD_LIBRARY_PATH=/home/nico/Escritorio/programacion II/Netbeans/jdk1.8.0_201/jre/lib/amd64:/home/nico/Escritorio/programacion II/Netbeans/jdk1.8.0_201/jre/lib/i386:
SHELL=/bin/bash
DISPLAY=:0

Signal Handlers:
SIGSEGV: [libjvm.so+0xad3e60], sa_mask[0]=11111111011111111101111111111110, sa_flags=SA_RESTART|SA_SIGINFO
SIGBUS: [libjvm.so+0xad3e60], sa_mask[0]=11111111011111111101111111111110, sa_flags=SA_RESTART|SA_SIGINFO
SIGFPE: [libjvm.so+0x90b880], sa_mask[0]=11111111011111111101111111111110, sa_flags=SA_RESTART|SA_SIGINFO
SIGPIPE: [libjvm.so+0x90b880], sa_mask[0]=11111111011111111101111111111110, sa_flags=SA_RESTART|SA_SIGINFO
SIGXFSZ: [libjvm.so+0x90b880], sa_mask[0]=11111111011111111101111111111110, sa_flags=SA_RESTART|SA_SIGINFO
SIGILL: [libjvm.so+0x90b880], sa_mask[0]=11111111011111111101111111111110, sa_flags=SA_RESTART|SA_SIGINFO
SIGUSR1: SIG_DFL, sa_mask[0]=00000000000000000000000000000000, sa_flags=none
SIGUSR2: [libjvm.so+0x90b750], sa_mask[0]=00100000000000000000000000000000, sa_flags=SA_RESTART|SA_SIGINFO
SIGHUP: [libjvm.so+0x90bd70], sa_mask[0]=11111111011111111101111111111110, sa_flags=SA_RESTART|SA_SIGINFO
SIGINT: SIG_IGN, sa_mask[0]=00000000000000000000000000000000, sa_flags=none
SIGTERM: [libjvm.so+0x90bd70], sa_mask[0]=11111111011111111101111111111110, sa_flags=SA_RESTART|SA_SIGINFO
SIGQUIT: [libjvm.so+0x90bd70], sa_mask[0]=11111111011111111101111111111110, sa_flags=SA_RESTART|SA_SIGINFO


---------------  S Y S T E M  ---------------

OS:DISTRIB_ID=Ubuntu
DISTRIB_RELEASE=16.04
DISTRIB_CODENAME=xenial
DISTRIB_DESCRIPTION="Ubuntu 16.04.4 LTS"

uname:Linux 4.13.0-36-generic #40~16.04.1-Ubuntu SMP Fri Feb 16 23:25:58 UTC 2018 x86_64
libc:glibc 2.23 NPTL 2.23 
rlimit: STACK 8192k, CORE 0k, NPROC 14959, NOFILE 1048576, AS infinity
load average:22,96 8,08 4,85

/proc/meminfo:
MemTotal:        3950336 kB
MemFree:         2694208 kB
MemAvailable:    2654384 kB
Buffers:            8700 kB
Cached:           272844 kB
SwapCached:            0 kB
Active:           894264 kB
Inactive:         222712 kB
Active(anon):     841660 kB
Inactive(anon):   143628 kB
Active(file):      52604 kB
Inactive(file):    79084 kB
Unevictable:          32 kB
Mlocked:              32 kB
SwapTotal:             0 kB
SwapFree:              0 kB
Dirty:               916 kB
Writeback:           108 kB
AnonPages:        835720 kB
Mapped:           149760 kB
Shmem:            149572 kB
Slab:              64788 kB
SReclaimable:      32312 kB
SUnreclaim:        32476 kB
KernelStack:        8984 kB
PageTables:         9712 kB
NFS_Unstable:          0 kB
Bounce:                0 kB
WritebackTmp:          0 kB
CommitLimit:     1975168 kB
Committed_AS:    3803372 kB
VmallocTotal:   34359738367 kB
VmallocUsed:           0 kB
VmallocChunk:          0 kB
HardwareCorrupted:     0 kB
AnonHugePages:         0 kB
ShmemHugePages:        0 kB
ShmemPmdMapped:        0 kB
CmaTotal:              0 kB
CmaFree:               0 kB
HugePages_Total:       0
HugePages_Free:        0
HugePages_Rsvd:        0
HugePages_Surp:        0
Hugepagesize:       2048 kB
DirectMap4k:      129836 kB
DirectMap2M:     3975168 kB
DirectMap1G:     1048576 kB

container (cgroup) information:
container_type: cgroupv1
cpu_cpuset_cpus: 0-3
cpu_memory_nodes: 0
active_processor_count: 4
cpu_quota: -1
cpu_period: 100000
cpu_shares: -1
memory_limit_in_bytes: -1
memory_and_swap_limit_in_bytes: -2
memory_soft_limit_in_bytes: -1
memory_usage_in_bytes: 1144242176
memory_max_usage_in_bytes: 0


CPU:total 4 (initial active 4) (2 cores per cpu, 2 threads per core) family 6 model 61 stepping 4, cmov, cx8, fxsr, mmx, sse, sse2, sse3, ssse3, sse4.1, sse4.2, popcnt, avx, avx2, aes, clmul, erms, 3dnowpref, lzcnt, ht, tsc, tscinvbit, bmi1, bmi2, adx

/proc/cpuinfo:
processor	: 0
vendor_id	: GenuineIntel
cpu family	: 6
model		: 61
model name	: Intel(R) Core(TM) i3-5015U CPU @ 2.10GHz
stepping	: 4
microcode	: 0x19
cpu MHz		: 2095.133
cache size	: 3072 KB
physical id	: 0
siblings	: 4
core id		: 0
cpu cores	: 2
apicid		: 0
initial apicid	: 0
fpu		: yes
fpu_exception	: yes
cpuid level	: 20
wp		: yes
flags		: fpu vme de pse tsc msr pae mce cx8 apic sep mtrr pge mca cmov pat pse36 clflush dts acpi mmx fxsr sse sse2 ss ht tm pbe syscall nx pdpe1gb rdtscp lm constant_tsc arch_perfmon pebs bts rep_good nopl xtopology nonstop_tsc cpuid aperfmperf pni pclmulqdq dtes64 monitor ds_cpl vmx est tm2 ssse3 sdbg fma cx16 xtpr pdcm pcid sse4_1 sse4_2 x2apic movbe popcnt aes xsave avx f16c rdrand lahf_lm abm 3dnowprefetch cpuid_fault epb invpcid_single pti retpoline intel_pt tpr_shadow vnmi flexpriority ept vpid fsgsbase tsc_adjust bmi1 avx2 smep bmi2 erms invpcid rdseed adx smap xsaveopt dtherm arat pln pts
bugs		: cpu_meltdown spectre_v1 spectre_v2
bogomips	: 4190.26
clflush size	: 64
cache_alignment	: 64
address sizes	: 39 bits physical, 48 bits virtual
power management:

processor	: 1
vendor_id	: GenuineIntel
cpu family	: 6
model		: 61
model name	: Intel(R) Core(TM) i3-5015U CPU @ 2.10GHz
stepping	: 4
microcode	: 0x19
cpu MHz		: 2095.133
cache size	: 3072 KB
physical id	: 0
siblings	: 4
core id		: 1
cpu cores	: 2
apicid		: 2
initial apicid	: 2
fpu		: yes
fpu_exception	: yes
cpuid level	: 20
wp		: yes
flags		: fpu vme de pse tsc msr pae mce cx8 apic sep mtrr pge mca cmov pat pse36 clflush dts acpi mmx fxsr sse sse2 ss ht tm pbe syscall nx pdpe1gb rdtscp lm constant_tsc arch_perfmon pebs bts rep_good nopl xtopology nonstop_tsc cpuid aperfmperf pni pclmulqdq dtes64 monitor ds_cpl vmx est tm2 ssse3 sdbg fma cx16 xtpr pdcm pcid sse4_1 sse4_2 x2apic movbe popcnt aes xsave avx f16c rdrand lahf_lm abm 3dnowprefetch cpuid_fault epb invpcid_single pti retpoline intel_pt tpr_shadow vnmi flexpriority ept vpid fsgsbase tsc_adjust bmi1 avx2 smep bmi2 erms invpcid rdseed adx smap xsaveopt dtherm arat pln pts
bugs		: cpu_meltdown spectre_v1 spectre_v2
bogomips	: 4190.26
clflush size	: 64
cache_alignment	: 64
address sizes	: 39 bits physical, 48 bits virtual
power management:

processor	: 2
vendor_id	: GenuineIntel
cpu family	: 6
model		: 61
model name	: Intel(R) Core(TM) i3-5015U CPU @ 2.10GHz
stepping	: 4
microcode	: 0x19
cpu MHz		: 2095.133
cache size	: 3072 KB
physical id	: 0
siblings	: 4
core id		: 0
cpu cores	: 2
apicid		: 1
initial apicid	: 1
fpu		: yes
fpu_exception	: yes
cpuid level	: 20
wp		: yes
flags		: fpu vme de pse tsc msr pae mce cx8 apic sep mtrr pge mca cmov pat pse36 clflush dts acpi mmx fxsr sse sse2 ss ht tm pbe syscall nx pdpe1gb rdtscp lm constant_tsc arch_perfmon pebs bts rep_good nopl xtopology nonstop_tsc cpuid aperfmperf pni pclmulqdq dtes64 monitor ds_cpl vmx est tm2 ssse3 sdbg fma cx16 xtpr pdcm pcid sse4_1 sse4_2 x2apic movbe popcnt aes xsave avx f16c rdrand lahf_lm abm 3dnowprefetch cpuid_fault epb invpcid_single pti retpoline intel_pt tpr_shadow vnmi flexpriority ept vpid fsgsbase tsc_adjust bmi1 avx2 smep bmi2 erms invpcid rdseed adx smap xsaveopt dtherm arat pln pts
bugs		: cpu_meltdown spectre_v1 spectre_v2
bogomips	: 4190.26
clflush size	: 64
cache_alignment	: 64
address sizes	: 39 bits physical, 48 bits virtual
power management:

processor	: 3
vendor_id	: GenuineIntel
cpu family	: 6
model		: 61
model name	: Intel(R) Core(TM) i3-5015U CPU @ 2.10GHz
stepping	: 4
microcode	: 0x19
cpu MHz		: 2095.133
cache size	: 3072 KB
physical id	: 0
siblings	: 4
core id		: 1
cpu cores	: 2
apicid		: 3
initial apicid	: 3
fpu		: yes
fpu_exception	: yes
cpuid level	: 20
wp		: yes
flags		: fpu vme de pse tsc msr pae mce cx8 apic sep mtrr pge mca cmov pat pse36 clflush dts acpi mmx fxsr sse sse2 ss ht tm pbe syscall nx pdpe1gb rdtscp lm constant_tsc arch_perfmon pebs bts rep_good nopl xtopology nonstop_tsc cpuid aperfmperf pni pclmulqdq dtes64 monitor ds_cpl vmx est tm2 ssse3 sdbg fma cx16 xtpr pdcm pcid sse4_1 sse4_2 x2apic movbe popcnt aes xsave avx f16c rdrand lahf_lm abm 3dnowprefetch cpuid_fault epb invpcid_single pti retpoline intel_pt tpr_shadow vnmi flexpriority ept vpid fsgsbase tsc_adjust bmi1 avx2 smep bmi2 erms invpcid rdseed adx smap xsaveopt dtherm arat pln pts
bugs		: cpu_meltdown spectre_v1 spectre_v2
bogomips	: 4190.26
clflush size	: 64
cache_alignment	: 64
address sizes	: 39 bits physical, 48 bits virtual
power management:



Memory: 4k page, physical 3950336k(2694208k free), swap 0k(0k free)

vm_info: Java HotSpot(TM) 64-Bit Server VM (25.201-b09) for linux-amd64 JRE (1.8.0_201-b09), built on Dec 15 2018 11:35:59 by "java_re" with gcc 7.3.0

time: Tue Aug 27 09:50:03 2019
timezone: -03
elapsed time: 2324 seconds (0d 0h 38m 44s)

