#
# A fatal error has been detected by the Java Runtime Environment:
#
#  SIGSEGV (0xb) at pc=0x00007fc98d069eba, pid=5076, tid=0x00007fc97c3e7700
#
# JRE version: Java(TM) SE Runtime Environment (8.0_201-b09) (build 1.8.0_201-b09)
# Java VM: Java HotSpot(TM) 64-Bit Server VM (25.201-b09 mixed mode linux-amd64 compressed oops)
# Problematic frame:
# v  ~BufferBlob::jni_fast_GetLongField
#
# Failed to write core dump. Core dumps have been disabled. To enable core dumping, try "ulimit -c unlimited" before starting Java again
#
# If you would like to submit a bug report, please visit:
#   http://bugreport.java.com/bugreport/crash.jsp
# The crash happened outside the Java Virtual Machine in native code.
# See problematic frame for where to report the bug.
#

---------------  T H R E A D  ---------------

Current thread (0x00007fc99c244000):  JavaThread "AWT-XAWT" daemon [_thread_in_native, id=5097, stack(0x00007fc97c2e7000,0x00007fc97c3e8000)]

siginfo: si_signo: 11 (SIGSEGV), si_code: 1 (SEGV_MAPERR), si_addr: 0x0000000000000000

Registers:
RAX=0x00007fc9a4fbf400, RBX=0x00007fc99c2441f8, RCX=0x0000000000000001, RDX=0x0000000000000042
RSP=0x00007fc97c3e6878, RBP=0x00007fc97c3e68a0, RSI=0x0000000000000000, RDI=0x00007fc99c2441f8
R8 =0x00000000ebe6f5b8, R9 =0x0000000000000000, R10=0x0000000000000012, R11=0x00007fc98d22d898
R12=0x00007fc93c0a4680, R13=0x0000000000000000, R14=0x00007fc97e15eb00, R15=0x00007fc99c244000
RIP=0x00007fc98d069eba, EFLAGS=0x0000000000010246, CSGSFS=0x002b000000000033, ERR=0x0000000000000004
  TRAPNO=0x000000000000000e

Top of Stack: (sp=0x00007fc97c3e6878)
0x00007fc97c3e6878:   00007fc97df3cf24 00007fc98cc93030
0x00007fc97c3e6888:   00007fc93c0a4680 00007fc97c3e6950
0x00007fc97c3e6898:   00007fc97c3e6920 0000000000000000
0x00007fc97c3e68a8:   00007fc97da203c0 00007fc98cc93030
0x00007fc97c3e68b8:   00007fc97c3e68e0 0000000000000000
0x00007fc97c3e68c8:   00007fc97da17f93 00007fc97c3e6950
0x00007fc97c3e68d8:   00007fc97df352af 00007fc97c3e6930
0x00007fc97c3e68e8:   00007fc98d22d936 0000000000000000
0x00007fc97c3e68f8:   00007fc98d21ee36 00007fc97c3e6950
0x00007fc97c3e6908:   00007fc98d15b5ec 00007fc97c3e69b0
0x00007fc97c3e6918:   00007fc97c3e6918 00000000ec062d58
0x00007fc97c3e6928:   00007fc97c3e6968 00007fc97c3e69b0
0x00007fc97c3e6938:   00007fc98d007a90 00007fc98cda42d0
0x00007fc97c3e6948:   00007fc98d007a90 0000000000000000
0x00007fc97c3e6958:   00007fc97c3e69b0 00007fc950000e30
0x00007fc97c3e6968:   00000000ec0cae60 00007fc97c3e6970
0x00007fc97c3e6978:   00007fc98cc7318c 00007fc97c3e69f8
0x00007fc97c3e6988:   00007fc98cc7c170 0000000000000000
0x00007fc97c3e6998:   00007fc98cc732c8 00007fc97c3e6950
0x00007fc97c3e69a8:   00007fc97c3e69f0 00007fc97c3e6a40
0x00007fc97c3e69b8:   00007fc98d0082bd 0000000000000000
0x00007fc97c3e69c8:   0000000000000000 0000000000000000
0x00007fc97c3e69d8:   0000000000000000 0000000000000000
0x00007fc97c3e69e8:   00000000ec0cae60 0000000000000000
0x00007fc97c3e69f8:   00000000ec096d10 00007fc97c3e6a00
0x00007fc97c3e6a08:   00007fc98cc72fcd 00007fc97c3e6a50
0x00007fc97c3e6a18:   00007fc98cc7c170 0000000000000000
0x00007fc97c3e6a28:   00007fc98cc72fd8 00007fc97c3e69f0
0x00007fc97c3e6a38:   00007fc97c3e6a50 00007fc97c3e6a98
0x00007fc97c3e6a48:   00007fc98d008302 00000000ec096d10
0x00007fc97c3e6a58:   00007fc97c3e6a58 00007fc98c82e6cb
0x00007fc97c3e6a68:   00007fc97c3e6aa8 00007fc98c8b63e8 

Instructions: (pc=0x00007fc98d069eba)
0x00007fc98d069e9a:   00 00 00 00 00 00 44 8b 15 95 50 f9 17 4c 8b ce
0x00007fc98d069eaa:   41 f6 c2 01 0f 85 2e 00 00 00 4d 33 ca 4d 33 ca
0x00007fc98d069eba:   4d 8b 09 4c 8b da 49 c1 eb 02 4b 8b 04 19 49 bb
0x00007fc98d069eca:   3c ef ff a4 c9 7f 00 00 4c 33 d8 4c 33 d8 45 3b 

Register to memory mapping:

RAX=0x00007fc9a4fbf400: <offset 0xf8d400> in /home/nico/Escritorio/programacion II/Netbeans/jdk1.8.0_201/jre/lib/amd64/server/libjvm.so at 0x00007fc9a4032000
RBX=0x00007fc99c2441f8 is an unknown value
RCX=0x0000000000000001 is an unknown value
RDX=0x0000000000000042 is an unknown value
RSP=0x00007fc97c3e6878 is pointing into the stack for thread: 0x00007fc99c244000
RBP=0x00007fc97c3e68a0 is pointing into the stack for thread: 0x00007fc99c244000
RSI=0x0000000000000000 is an unknown value
RDI=0x00007fc99c2441f8 is an unknown value
R8 =0x00000000ebe6f5b8 is an oop
sun.util.logging.PlatformLogger$Level 
 - klass: 'sun/util/logging/PlatformLogger$Level'
R9 =0x0000000000000000 is an unknown value
R10=0x0000000000000012 is an unknown value
R11=0x00007fc98d22d898 is at entry_point+24 in (nmethod*)0x00007fc98d22d710
R12=0x00007fc93c0a4680 is an unknown value
R13=0x0000000000000000 is an unknown value
R14=0x00007fc97e15eb00: <offset 0x256b00> in /home/nico/Escritorio/programacion II/Netbeans/jdk1.8.0_201/jre/lib/amd64/libawt_xawt.so at 0x00007fc97df08000
R15=0x00007fc99c244000 is a thread


Stack: [0x00007fc97c2e7000,0x00007fc97c3e8000],  sp=0x00007fc97c3e6878,  free space=1022k
Native frames: (J=compiled Java code, j=interpreted, Vv=VM code, C=native code)
v  ~BufferBlob::jni_fast_GetLongField
C  [libX11.so.6+0x643c0]  _XimServerDestroy+0x70

Java frames: (J=compiled Java code, j=interpreted, Vv=VM code)
J 530  sun.awt.X11.XlibWrapper.XFilterEvent(JJ)Z (0 bytes) @ 0x00007fc98d22d8c4 [0x00007fc98d22d880+0x44]
j  sun.awt.X11.XToolkit.run(Z)V+300
j  sun.awt.X11.XToolkit.run()V+5
j  java.lang.Thread.run()V+11
v  ~StubRoutines::call_stub

---------------  P R O C E S S  ---------------

Java Threads: ( => current thread )
  0x00007fc940013800 JavaThread "XToolkt-Shutdown-Thread" [_thread_in_native, id=5925, stack(0x00007fc93bcfd000,0x00007fc93bdfe000)]
  0x00007fc964003800 JavaThread "SIGTERM handler" daemon [_thread_blocked, id=5910, stack(0x00007fc93bdfe000,0x00007fc93beff000)]
  0x00007fc964002000 JavaThread "SIGTERM handler" daemon [_thread_blocked, id=5894, stack(0x00007fc93beff000,0x00007fc93c000000)]
  0x00007fc964001000 JavaThread "SIGHUP handler" daemon [_thread_blocked, id=5881, stack(0x00007fc9488ea000,0x00007fc9489eb000)]
  0x00007fc99c00a800 JavaThread "DestroyJavaVM" [_thread_blocked, id=5078, stack(0x00007fc9a5b24000,0x00007fc9a5c25000)]
  0x00007fc99c273000 JavaThread "AWT-EventQueue-0" [_thread_blocked, id=5099, stack(0x00007fc948beb000,0x00007fc948cec000)]
  0x00007fc99c25f000 JavaThread "AWT-Shutdown" [_thread_blocked, id=5098, stack(0x00007fc948cec000,0x00007fc948ded000)]
=>0x00007fc99c244000 JavaThread "AWT-XAWT" daemon [_thread_in_native, id=5097, stack(0x00007fc97c2e7000,0x00007fc97c3e8000)]
  0x00007fc99c223000 JavaThread "Java2D Disposer" daemon [_thread_blocked, id=5096, stack(0x00007fc97c7f8000,0x00007fc97c8f9000)]
  0x00007fc99c0e3800 JavaThread "Service Thread" daemon [_thread_blocked, id=5094, stack(0x00007fc97e530000,0x00007fc97e631000)]
  0x00007fc99c0be800 JavaThread "C1 CompilerThread2" daemon [_thread_blocked, id=5093, stack(0x00007fc97e631000,0x00007fc97e732000)]
  0x00007fc99c0bc800 JavaThread "C2 CompilerThread1" daemon [_thread_blocked, id=5092, stack(0x00007fc97e732000,0x00007fc97e833000)]
  0x00007fc99c0b9800 JavaThread "C2 CompilerThread0" daemon [_thread_blocked, id=5091, stack(0x00007fc97e833000,0x00007fc97e934000)]
  0x00007fc99c0b8000 JavaThread "Signal Dispatcher" daemon [_thread_blocked, id=5090, stack(0x00007fc97e934000,0x00007fc97ea35000)]
  0x00007fc99c085000 JavaThread "Finalizer" daemon [_thread_blocked, id=5089, stack(0x00007fc97f3f4000,0x00007fc97f4f5000)]
  0x00007fc99c082800 JavaThread "Reference Handler" daemon [_thread_blocked, id=5088, stack(0x00007fc97f4f5000,0x00007fc97f5f6000)]

Other Threads:
  0x00007fc99c079000 VMThread [stack: 0x00007fc97f5f6000,0x00007fc97f6f7000] [id=5086]
  0x00007fc99c0e6000 WatcherThread [stack: 0x00007fc97e42f000,0x00007fc97e530000] [id=5095]

VM state:not at safepoint (normal execution)

VM Mutex/Monitor currently owned by a thread: None

heap address: 0x00000000c3a00000, size: 966 MB, Compressed Oops mode: 32-bit
Narrow klass base: 0x0000000000000000, Narrow klass shift: 3
Compressed class space size: 1073741824 Address: 0x0000000100000000

Heap:
 PSYoungGen      total 18432K, used 7636K [0x00000000ebe00000, 0x00000000ed280000, 0x0000000100000000)
  eden space 15872K, 48% used [0x00000000ebe00000,0x00000000ec575008,0x00000000ecd80000)
  from space 2560K, 0% used [0x00000000ed000000,0x00000000ed000000,0x00000000ed280000)
  to   space 2560K, 0% used [0x00000000ecd80000,0x00000000ecd80000,0x00000000ed000000)
 ParOldGen       total 42496K, used 0K [0x00000000c3a00000, 0x00000000c6380000, 0x00000000ebe00000)
  object space 42496K, 0% used [0x00000000c3a00000,0x00000000c3a00000,0x00000000c6380000)
 Metaspace       used 12579K, capacity 12718K, committed 12928K, reserved 1060864K
  class space    used 1552K, capacity 1639K, committed 1664K, reserved 1048576K

Card table byte_map: [0x00007fc9a26e3000,0x00007fc9a28c7000] byte_map_base: 0x00007fc9a20c6000

Marking Bits: (ParMarkBitMap*) 0x00007fc9a4ffdd80
 Begin Bits: [0x00007fc9a036d000, 0x00007fc9a1285000)
 End Bits:   [0x00007fc9a1285000, 0x00007fc9a219d000)

Polling page: 0x00007fc9a5c41000

CodeCache: size=245760Kb used=2344Kb max_used=2356Kb free=243415Kb
 bounds [0x00007fc98d000000, 0x00007fc98d270000, 0x00007fc99c000000]
 total_blobs=1086 nmethods=534 adapters=466
 compilation: enabled

Compilation events (10 events):
Event: 759,749 Thread 0x00007fc99c0be800  532       3       sun.awt.X11.XBaseWindow::dispatchToWindow (44 bytes)
Event: 759,751 Thread 0x00007fc99c0be800 nmethod 532 0x00007fc98d230c90 code [0x00007fc98d230f20, 0x00007fc98d231fc8]
Event: 759,751 Thread 0x00007fc99c0be800  533   !   3       sun.awt.X11.XToolkit::notifyListeners (100 bytes)
Event: 759,752 Thread 0x00007fc99c0be800 nmethod 533 0x00007fc98d24ac50 code [0x00007fc98d24af20, 0x00007fc98d24c198]
Event: 894,520 Thread 0x00007fc99c0bc800  534       4       sun.awt.X11.XToolkit::getDisplay (20 bytes)
Event: 904,927 Thread 0x00007fc99c0bc800 nmethod 534 0x00007fc98d224ed0 code [0x00007fc98d225000, 0x00007fc98d225058]
Event: 924,262 Thread 0x00007fc99c0bc800  535       4       sun.awt.SunToolkit::awtLock (7 bytes)
Event: 930,375 Thread 0x00007fc99c0bc800 nmethod 535 0x00007fc98d22d210 code [0x00007fc98d22d380, 0x00007fc98d22d508]
Event: 1107,831 Thread 0x00007fc99c0b9800  536       4       sun.util.logging.PlatformLogger::isLoggable (38 bytes)
Event: 1107,833 Thread 0x00007fc99c0b9800 nmethod 536 0x00007fc98d230790 code [0x00007fc98d230900, 0x00007fc98d230a78]

GC Heap History (0 events):
No events

Deoptimization events (6 events):
Event: 0,557 Thread 0x00007fc93c01b800 Uncommon trap: reason=unstable_if action=reinterpret pc=0x00007fc98d1a15c0 method=java.util.Properties.loadConvert([CII[C)Ljava/lang/String; @ 57
Event: 0,586 Thread 0x00007fc93c01b800 Uncommon trap: reason=unstable_if action=reinterpret pc=0x00007fc98d1c5268 method=java.lang.String.<init>([CII)V @ 18
Event: 0,660 Thread 0x00007fc99c273000 Uncommon trap: reason=class_check action=maybe_recompile pc=0x00007fc98d1e6f54 method=java.util.HashMap.putVal(ILjava/lang/Object;Ljava/lang/Object;ZZ)Ljava/lang/Object; @ 253
Event: 0,660 Thread 0x00007fc99c273000 Uncommon trap: reason=class_check action=maybe_recompile pc=0x00007fc98d1e6f54 method=java.util.HashMap.putVal(ILjava/lang/Object;Ljava/lang/Object;ZZ)Ljava/lang/Object; @ 253
Event: 0,661 Thread 0x00007fc99c273000 Uncommon trap: reason=class_check action=maybe_recompile pc=0x00007fc98d1e6f54 method=java.util.HashMap.putVal(ILjava/lang/Object;Ljava/lang/Object;ZZ)Ljava/lang/Object; @ 253
Event: 0,661 Thread 0x00007fc99c273000 Uncommon trap: reason=class_check action=maybe_recompile pc=0x00007fc98d1e6f54 method=java.util.HashMap.putVal(ILjava/lang/Object;Ljava/lang/Object;ZZ)Ljava/lang/Object; @ 253

Classes redefined (0 events):
No events

Internal exceptions (10 events):
Event: 0,436 Thread 0x00007fc99c00a800 Exception <a 'java/lang/ClassNotFoundException': ToolBar> (0x00000000ec22aaa8) thrown at [/HUDSON/workspace/8-2-build-linux-amd64/jdk8u201/12317/hotspot/src/share/vm/classfile/systemDictionary.cpp, line 210]
Event: 0,436 Thread 0x00007fc99c00a800 Exception <a 'java/lang/ClassNotFoundException': ToggleButton> (0x00000000ec22b058) thrown at [/HUDSON/workspace/8-2-build-linux-amd64/jdk8u201/12317/hotspot/src/share/vm/classfile/systemDictionary.cpp, line 210]
Event: 0,436 Thread 0x00007fc99c00a800 Exception <a 'java/lang/ClassNotFoundException': javax/swing/JToolBarSeparator> (0x00000000ec22b4b8) thrown at [/HUDSON/workspace/8-2-build-linux-amd64/jdk8u201/12317/hotspot/src/share/vm/classfile/systemDictionary.cpp, line 210]
Event: 0,436 Thread 0x00007fc99c00a800 Exception <a 'java/lang/ClassNotFoundException': ToolBarSeparator> (0x00000000ec22b950) thrown at [/HUDSON/workspace/8-2-build-linux-amd64/jdk8u201/12317/hotspot/src/share/vm/classfile/systemDictionary.cpp, line 210]
Event: 0,436 Thread 0x00007fc99c00a800 Exception <a 'java/lang/ClassNotFoundException': ToolTip> (0x00000000ec22c090) thrown at [/HUDSON/workspace/8-2-build-linux-amd64/jdk8u201/12317/hotspot/src/share/vm/classfile/systemDictionary.cpp, line 210]
Event: 0,438 Thread 0x00007fc99c00a800 Exception <a 'java/lang/ClassNotFoundException': Tree> (0x00000000ec22ccb0) thrown at [/HUDSON/workspace/8-2-build-linux-amd64/jdk8u201/12317/hotspot/src/share/vm/classfile/systemDictionary.cpp, line 210]
Event: 0,438 Thread 0x00007fc99c00a800 Exception <a 'java/lang/ClassNotFoundException': Tree> (0x00000000ec22d3f0) thrown at [/HUDSON/workspace/8-2-build-linux-amd64/jdk8u201/12317/hotspot/src/share/vm/classfile/systemDictionary.cpp, line 210]
Event: 0,438 Thread 0x00007fc99c00a800 Exception <a 'java/lang/ClassNotFoundException': javax/swing/JTreeCell> (0x00000000ec22d770) thrown at [/HUDSON/workspace/8-2-build-linux-amd64/jdk8u201/12317/hotspot/src/share/vm/classfile/systemDictionary.cpp, line 210]
Event: 0,438 Thread 0x00007fc99c00a800 Exception <a 'java/lang/ClassNotFoundException': TreeCell> (0x00000000ec22dbf8) thrown at [/HUDSON/workspace/8-2-build-linux-amd64/jdk8u201/12317/hotspot/src/share/vm/classfile/systemDictionary.cpp, line 210]
Event: 0,439 Thread 0x00007fc99c00a800 Exception <a 'java/lang/ClassNotFoundException': RootPane> (0x00000000ec22e658) thrown at [/HUDSON/workspace/8-2-build-linux-amd64/jdk8u201/12317/hotspot/src/share/vm/classfile/systemDictionary.cpp, line 210]

Events (10 events):
Event: 1,183 loading class sun/awt/X11/XMotionEvent done
Event: 4,119 Executing VM operation: EnableBiasedLocking
Event: 4,119 Executing VM operation: EnableBiasedLocking done
Event: 5,744 Thread 0x00007fc93c01b800 Thread exited: 0x00007fc93c01b800
Event: 7,419 loading class sun/awt/X11/XUnmapEvent
Event: 7,419 loading class sun/awt/X11/XUnmapEvent done
Event: 1442,143 loading class sun/awt/X11/XkbEvent
Event: 1442,567 loading class sun/awt/X11/XkbEvent done
Event: 1442,589 loading class sun/awt/X11/XkbAnyEvent
Event: 1442,614 loading class sun/awt/X11/XkbAnyEvent done


Dynamic libraries:
00400000-00401000 r-xp 00000000 08:05 5243413                            /home/nico/Escritorio/programacion II/Netbeans/jdk1.8.0_201/bin/java
00600000-00601000 r--p 00000000 08:05 5243413                            /home/nico/Escritorio/programacion II/Netbeans/jdk1.8.0_201/bin/java
00601000-00602000 rw-p 00001000 08:05 5243413                            /home/nico/Escritorio/programacion II/Netbeans/jdk1.8.0_201/bin/java
00a44000-00a65000 rw-p 00000000 00:00 0                                  [heap]
c3a00000-c6380000 rw-p 00000000 00:00 0 
c6380000-ebe00000 ---p 00000000 00:00 0 
ebe00000-ed280000 rw-p 00000000 00:00 0 
ed280000-100000000 ---p 00000000 00:00 0 
100000000-1001a0000 rw-p 00000000 00:00 0 
1001a0000-140000000 ---p 00000000 00:00 0 
7fc92c000000-7fc92c021000 rw-p 00000000 00:00 0 
7fc92c021000-7fc930000000 ---p 00000000 00:00 0 
7fc930000000-7fc930021000 rw-p 00000000 00:00 0 
7fc930021000-7fc934000000 ---p 00000000 00:00 0 
7fc934000000-7fc934021000 rw-p 00000000 00:00 0 
7fc934021000-7fc938000000 ---p 00000000 00:00 0 
7fc93bcfd000-7fc93bd00000 ---p 00000000 00:00 0 
7fc93bd00000-7fc93bdfe000 rw-p 00000000 00:00 0 
7fc93bdfe000-7fc93be01000 ---p 00000000 00:00 0 
7fc93be01000-7fc93beff000 rw-p 00000000 00:00 0 
7fc93beff000-7fc93bf02000 ---p 00000000 00:00 0 
7fc93bf02000-7fc93c000000 rw-p 00000000 00:00 0 
7fc93c000000-7fc93c0b8000 rw-p 00000000 00:00 0 
7fc93c0b8000-7fc940000000 ---p 00000000 00:00 0 
7fc940000000-7fc940029000 rw-p 00000000 00:00 0 
7fc940029000-7fc944000000 ---p 00000000 00:00 0 
7fc944000000-7fc944021000 rw-p 00000000 00:00 0 
7fc944021000-7fc948000000 ---p 00000000 00:00 0 
7fc948007000-7fc948031000 r-xp 00000000 08:05 6030741                    /home/nico/Escritorio/programacion II/Netbeans/jdk1.8.0_201/jre/lib/amd64/libdcpr.so
7fc948031000-7fc948230000 ---p 0002a000 08:05 6030741                    /home/nico/Escritorio/programacion II/Netbeans/jdk1.8.0_201/jre/lib/amd64/libdcpr.so
7fc948230000-7fc948231000 r--p 00029000 08:05 6030741                    /home/nico/Escritorio/programacion II/Netbeans/jdk1.8.0_201/jre/lib/amd64/libdcpr.so
7fc948231000-7fc948234000 rw-p 0002a000 08:05 6030741                    /home/nico/Escritorio/programacion II/Netbeans/jdk1.8.0_201/jre/lib/amd64/libdcpr.so
7fc948234000-7fc9482a0000 r-xp 00000000 08:05 6030756                    /home/nico/Escritorio/programacion II/Netbeans/jdk1.8.0_201/jre/lib/amd64/libt2k.so
7fc9482a0000-7fc9484a0000 ---p 0006c000 08:05 6030756                    /home/nico/Escritorio/programacion II/Netbeans/jdk1.8.0_201/jre/lib/amd64/libt2k.so
7fc9484a0000-7fc9484a6000 r--p 0006c000 08:05 6030756                    /home/nico/Escritorio/programacion II/Netbeans/jdk1.8.0_201/jre/lib/amd64/libt2k.so
7fc9484a6000-7fc9484a7000 rw-p 00072000 08:05 6030756                    /home/nico/Escritorio/programacion II/Netbeans/jdk1.8.0_201/jre/lib/amd64/libt2k.so
7fc9484a7000-7fc9485a7000 rw-p 00000000 00:00 0 
7fc9485a7000-7fc9486a7000 ---p 00000000 00:00 0 
7fc9486a7000-7fc9486e8000 r-xp 00000000 08:05 6030738                    /home/nico/Escritorio/programacion II/Netbeans/jdk1.8.0_201/jre/lib/amd64/libjpeg.so
7fc9486e8000-7fc9488e8000 ---p 00041000 08:05 6030738                    /home/nico/Escritorio/programacion II/Netbeans/jdk1.8.0_201/jre/lib/amd64/libjpeg.so
7fc9488e8000-7fc9488e9000 r--p 00041000 08:05 6030738                    /home/nico/Escritorio/programacion II/Netbeans/jdk1.8.0_201/jre/lib/amd64/libjpeg.so
7fc9488e9000-7fc9488ea000 rw-p 00042000 08:05 6030738                    /home/nico/Escritorio/programacion II/Netbeans/jdk1.8.0_201/jre/lib/amd64/libjpeg.so
7fc9488ea000-7fc9488ed000 ---p 00000000 00:00 0 
7fc9488ed000-7fc948beb000 rw-p 00000000 00:00 0 
7fc948beb000-7fc948bee000 ---p 00000000 00:00 0 
7fc948bee000-7fc948cec000 rw-p 00000000 00:00 0 
7fc948cec000-7fc948cef000 ---p 00000000 00:00 0 
7fc948cef000-7fc948ded000 rw-p 00000000 00:00 0 
7fc948ded000-7fc948dfe000 r-xp 00000000 08:05 6030797                    /home/nico/Escritorio/programacion II/Netbeans/jdk1.8.0_201/jre/lib/amd64/libnio.so
7fc948dfe000-7fc948ffd000 ---p 00011000 08:05 6030797                    /home/nico/Escritorio/programacion II/Netbeans/jdk1.8.0_201/jre/lib/amd64/libnio.so
7fc948ffd000-7fc948ffe000 r--p 00010000 08:05 6030797                    /home/nico/Escritorio/programacion II/Netbeans/jdk1.8.0_201/jre/lib/amd64/libnio.so
7fc948ffe000-7fc948fff000 rw-p 00011000 08:05 6030797                    /home/nico/Escritorio/programacion II/Netbeans/jdk1.8.0_201/jre/lib/amd64/libnio.so
7fc948fff000-7fc94c000000 rw-p 00000000 00:00 0 
7fc94c000000-7fc94c021000 rw-p 00000000 00:00 0 
7fc94c021000-7fc950000000 ---p 00000000 00:00 0 
7fc950000000-7fc950024000 rw-p 00000000 00:00 0 
7fc950024000-7fc954000000 ---p 00000000 00:00 0 
7fc954000000-7fc954021000 rw-p 00000000 00:00 0 
7fc954021000-7fc958000000 ---p 00000000 00:00 0 
7fc958000000-7fc958021000 rw-p 00000000 00:00 0 
7fc958021000-7fc95c000000 ---p 00000000 00:00 0 
7fc95c000000-7fc95c09c000 rw-p 00000000 00:00 0 
7fc95c09c000-7fc960000000 ---p 00000000 00:00 0 
7fc960000000-7fc9603dc000 rw-p 00000000 00:00 0 
7fc9603dc000-7fc964000000 ---p 00000000 00:00 0 
7fc964000000-7fc964021000 rw-p 00000000 00:00 0 
7fc964021000-7fc968000000 ---p 00000000 00:00 0 
7fc968000000-7fc9680ef000 rw-p 00000000 00:00 0 
7fc9680ef000-7fc96c000000 ---p 00000000 00:00 0 
7fc96c000000-7fc96c021000 rw-p 00000000 00:00 0 
7fc96c021000-7fc970000000 ---p 00000000 00:00 0 
7fc970000000-7fc970021000 rw-p 00000000 00:00 0 
7fc970021000-7fc974000000 ---p 00000000 00:00 0 
7fc974000000-7fc974021000 rw-p 00000000 00:00 0 
7fc974021000-7fc978000000 ---p 00000000 00:00 0 
7fc978000000-7fc978021000 rw-p 00000000 00:00 0 
7fc978021000-7fc97c000000 ---p 00000000 00:00 0 
7fc97c097000-7fc97c0a9000 rw-s 00000000 00:05 5177369                    /SYSV00000000 (deleted)
7fc97c0a9000-7fc97c0b4000 r--s 00000000 08:05 7999220                    /var/cache/fontconfig/945677eb7aeaf62f1d50efc3fb3ec7d8-le64.cache-6
7fc97c0b4000-7fc97c0ba000 r--s 00000000 08:05 7999202                    /var/cache/fontconfig/2cd17615ca594fa2959ae173292e504c-le64.cache-6
7fc97c0ba000-7fc97c0cf000 r--s 00000000 08:05 7999196                    /var/cache/fontconfig/04aabc0a78ac019cf9454389977116d2-le64.cache-6
7fc97c0cf000-7fc97c0e5000 r-xp 00000000 08:05 6030794                    /home/nico/Escritorio/programacion II/Netbeans/jdk1.8.0_201/jre/lib/amd64/libnet.so
7fc97c0e5000-7fc97c2e5000 ---p 00016000 08:05 6030794                    /home/nico/Escritorio/programacion II/Netbeans/jdk1.8.0_201/jre/lib/amd64/libnet.so
7fc97c2e5000-7fc97c2e6000 r--p 00016000 08:05 6030794                    /home/nico/Escritorio/programacion II/Netbeans/jdk1.8.0_201/jre/lib/amd64/libnet.so
7fc97c2e6000-7fc97c2e7000 rw-p 00017000 08:05 6030794                    /home/nico/Escritorio/programacion II/Netbeans/jdk1.8.0_201/jre/lib/amd64/libnet.so
7fc97c2e7000-7fc97c2ea000 ---p 00000000 00:00 0 
7fc97c2ea000-7fc97c3e8000 rw-p 00000000 00:00 0 
7fc97c3e8000-7fc97c3ed000 r-xp 00000000 08:05 7479373                    /usr/lib/x86_64-linux-gnu/libXfixes.so.3.1.0
7fc97c3ed000-7fc97c5ec000 ---p 00005000 08:05 7479373                    /usr/lib/x86_64-linux-gnu/libXfixes.so.3.1.0
7fc97c5ec000-7fc97c5ed000 r--p 00004000 08:05 7479373                    /usr/lib/x86_64-linux-gnu/libXfixes.so.3.1.0
7fc97c5ed000-7fc97c5ee000 rw-p 00005000 08:05 7479373                    /usr/lib/x86_64-linux-gnu/libXfixes.so.3.1.0
7fc97c5ee000-7fc97c5f7000 r-xp 00000000 08:05 7479365                    /usr/lib/x86_64-linux-gnu/libXcursor.so.1.0.2
7fc97c5f7000-7fc97c7f6000 ---p 00009000 08:05 7479365                    /usr/lib/x86_64-linux-gnu/libXcursor.so.1.0.2
7fc97c7f6000-7fc97c7f7000 r--p 00008000 08:05 7479365                    /usr/lib/x86_64-linux-gnu/libXcursor.so.1.0.2
7fc97c7f7000-7fc97c7f8000 rw-p 00009000 08:05 7479365                    /usr/lib/x86_64-linux-gnu/libXcursor.so.1.0.2
7fc97c7f8000-7fc97c7fb000 ---p 00000000 00:00 0 
7fc97c7fb000-7fc97c8f9000 rw-p 00000000 00:00 0 
7fc97c8f9000-7fc97c90f000 r-xp 00000000 08:05 7868943                    /lib/x86_64-linux-gnu/libgcc_s.so.1
7fc97c90f000-7fc97cb0e000 ---p 00016000 08:05 7868943                    /lib/x86_64-linux-gnu/libgcc_s.so.1
7fc97cb0e000-7fc97cb0f000 rw-p 00015000 08:05 7868943                    /lib/x86_64-linux-gnu/libgcc_s.so.1
7fc97cb0f000-7fc97cb6c000 r-xp 00000000 08:05 6030774                    /home/nico/Escritorio/programacion II/Netbeans/jdk1.8.0_201/jre/lib/amd64/libfontmanager.so
7fc97cb6c000-7fc97cd6c000 ---p 0005d000 08:05 6030774                    /home/nico/Escritorio/programacion II/Netbeans/jdk1.8.0_201/jre/lib/amd64/libfontmanager.so
7fc97cd6c000-7fc97cd6f000 r--p 0005d000 08:05 6030774                    /home/nico/Escritorio/programacion II/Netbeans/jdk1.8.0_201/jre/lib/amd64/libfontmanager.so
7fc97cd6f000-7fc97cd70000 rw-p 00060000 08:05 6030774                    /home/nico/Escritorio/programacion II/Netbeans/jdk1.8.0_201/jre/lib/amd64/libfontmanager.so
7fc97cd70000-7fc97cd75000 r-xp 00000000 08:05 7479369                    /usr/lib/x86_64-linux-gnu/libXdmcp.so.6.0.0
7fc97cd75000-7fc97cf74000 ---p 00005000 08:05 7479369                    /usr/lib/x86_64-linux-gnu/libXdmcp.so.6.0.0
7fc97cf74000-7fc97cf75000 r--p 00004000 08:05 7479369                    /usr/lib/x86_64-linux-gnu/libXdmcp.so.6.0.0
7fc97cf75000-7fc97cf76000 rw-p 00005000 08:05 7479369                    /usr/lib/x86_64-linux-gnu/libXdmcp.so.6.0.0
7fc97cf76000-7fc97cf78000 r-xp 00000000 08:05 7479358                    /usr/lib/x86_64-linux-gnu/libXau.so.6.0.0
7fc97cf78000-7fc97d178000 ---p 00002000 08:05 7479358                    /usr/lib/x86_64-linux-gnu/libXau.so.6.0.0
7fc97d178000-7fc97d179000 r--p 00002000 08:05 7479358                    /usr/lib/x86_64-linux-gnu/libXau.so.6.0.0
7fc97d179000-7fc97d17a000 rw-p 00003000 08:05 7479358                    /usr/lib/x86_64-linux-gnu/libXau.so.6.0.0
7fc97d17a000-7fc97d19b000 r-xp 00000000 08:05 7480778                    /usr/lib/x86_64-linux-gnu/libxcb.so.1.1.0
7fc97d19b000-7fc97d39a000 ---p 00021000 08:05 7480778                    /usr/lib/x86_64-linux-gnu/libxcb.so.1.1.0
7fc97d39a000-7fc97d39b000 r--p 00020000 08:05 7480778                    /usr/lib/x86_64-linux-gnu/libxcb.so.1.1.0
7fc97d39b000-7fc97d39c000 rw-p 00021000 08:05 7480778                    /usr/lib/x86_64-linux-gnu/libxcb.so.1.1.0
7fc97d39c000-7fc97d3ab000 r-xp 00000000 08:05 7479381                    /usr/lib/x86_64-linux-gnu/libXi.so.6.1.0
7fc97d3ab000-7fc97d5aa000 ---p 0000f000 08:05 7479381                    /usr/lib/x86_64-linux-gnu/libXi.so.6.1.0
7fc97d5aa000-7fc97d5ab000 r--p 0000e000 08:05 7479381                    /usr/lib/x86_64-linux-gnu/libXi.so.6.1.0
7fc97d5ab000-7fc97d5ac000 rw-p 0000f000 08:05 7479381                    /usr/lib/x86_64-linux-gnu/libXi.so.6.1.0
7fc97d5ac000-7fc97d5b1000 r-xp 00000000 08:05 7479399                    /usr/lib/x86_64-linux-gnu/libXtst.so.6.1.0
7fc97d5b1000-7fc97d7b0000 ---p 00005000 08:05 7479399                    /usr/lib/x86_64-linux-gnu/libXtst.so.6.1.0
7fc97d7b0000-7fc97d7b1000 r--p 00004000 08:05 7479399                    /usr/lib/x86_64-linux-gnu/libXtst.so.6.1.0
7fc97d7b1000-7fc97d7b2000 rw-p 00005000 08:05 7479399                    /usr/lib/x86_64-linux-gnu/libXtst.so.6.1.0
7fc97d7b2000-7fc97d7bb000 r-xp 00000000 08:05 7479393                    /usr/lib/x86_64-linux-gnu/libXrender.so.1.3.0
7fc97d7bb000-7fc97d9ba000 ---p 00009000 08:05 7479393                    /usr/lib/x86_64-linux-gnu/libXrender.so.1.3.0
7fc97d9ba000-7fc97d9bb000 r--p 00008000 08:05 7479393                    /usr/lib/x86_64-linux-gnu/libXrender.so.1.3.0
7fc97d9bb000-7fc97d9bc000 rw-p 00009000 08:05 7479393                    /usr/lib/x86_64-linux-gnu/libXrender.so.1.3.0
7fc97d9bc000-7fc97daf1000 r-xp 00000000 08:05 7479354                    /usr/lib/x86_64-linux-gnu/libX11.so.6.3.0
7fc97daf1000-7fc97dcf1000 ---p 00135000 08:05 7479354                    /usr/lib/x86_64-linux-gnu/libX11.so.6.3.0
7fc97dcf1000-7fc97dcf2000 r--p 00135000 08:05 7479354                    /usr/lib/x86_64-linux-gnu/libX11.so.6.3.0
7fc97dcf2000-7fc97dcf6000 rw-p 00136000 08:05 7479354                    /usr/lib/x86_64-linux-gnu/libX11.so.6.3.0
7fc97dcf6000-7fc97dd07000 r-xp 00000000 08:05 7479371                    /usr/lib/x86_64-linux-gnu/libXext.so.6.4.0
7fc97dd07000-7fc97df06000 ---p 00011000 08:05 7479371                    /usr/lib/x86_64-linux-gnu/libXext.so.6.4.0
7fc97df06000-7fc97df07000 r--p 00010000 08:05 7479371                    /usr/lib/x86_64-linux-gnu/libXext.so.6.4.0
7fc97df07000-7fc97df08000 rw-p 00011000 08:05 7479371                    /usr/lib/x86_64-linux-gnu/libXext.so.6.4.0
7fc97df08000-7fc97df5b000 r-xp 00000000 08:05 6030801                    /home/nico/Escritorio/programacion II/Netbeans/jdk1.8.0_201/jre/lib/amd64/libawt_xawt.so
7fc97df5b000-7fc97e15a000 ---p 00053000 08:05 6030801                    /home/nico/Escritorio/programacion II/Netbeans/jdk1.8.0_201/jre/lib/amd64/libawt_xawt.so
7fc97e15a000-7fc97e15b000 r--p 00052000 08:05 6030801                    /home/nico/Escritorio/programacion II/Netbeans/jdk1.8.0_201/jre/lib/amd64/libawt_xawt.so
7fc97e15b000-7fc97e15e000 rw-p 00053000 08:05 6030801                    /home/nico/Escritorio/programacion II/Netbeans/jdk1.8.0_201/jre/lib/amd64/libawt_xawt.so
7fc97e15e000-7fc97e15f000 rw-p 00000000 00:00 0 
7fc97e15f000-7fc97e1ff000 r-xp 00000000 08:05 6030787                    /home/nico/Escritorio/programacion II/Netbeans/jdk1.8.0_201/jre/lib/amd64/libawt.so
7fc97e1ff000-7fc97e3fe000 ---p 000a0000 08:05 6030787                    /home/nico/Escritorio/programacion II/Netbeans/jdk1.8.0_201/jre/lib/amd64/libawt.so
7fc97e3fe000-7fc97e3ff000 r--p 0009f000 08:05 6030787                    /home/nico/Escritorio/programacion II/Netbeans/jdk1.8.0_201/jre/lib/amd64/libawt.so
7fc97e3ff000-7fc97e40a000 rw-p 000a0000 08:05 6030787                    /home/nico/Escritorio/programacion II/Netbeans/jdk1.8.0_201/jre/lib/amd64/libawt.so
7fc97e40a000-7fc97e42f000 rw-p 00000000 00:00 0 
7fc97e42f000-7fc97e430000 ---p 00000000 00:00 0 
7fc97e430000-7fc97e530000 rw-p 00000000 00:00 0 
7fc97e530000-7fc97e533000 ---p 00000000 00:00 0 
7fc97e533000-7fc97e631000 rw-p 00000000 00:00 0 
7fc97e631000-7fc97e634000 ---p 00000000 00:00 0 
7fc97e634000-7fc97e732000 rw-p 00000000 00:00 0 
7fc97e732000-7fc97e735000 ---p 00000000 00:00 0 
7fc97e735000-7fc97e833000 rw-p 00000000 00:00 0 
7fc97e833000-7fc97e836000 ---p 00000000 00:00 0 
7fc97e836000-7fc97e934000 rw-p 00000000 00:00 0 
7fc97e934000-7fc97e937000 ---p 00000000 00:00 0 
7fc97e937000-7fc97ea35000 rw-p 00000000 00:00 0 
7fc97ea35000-7fc97f3f4000 r--p 00000000 08:05 7478496                    /usr/lib/locale/locale-archive
7fc97f3f4000-7fc97f3f7000 ---p 00000000 00:00 0 
7fc97f3f7000-7fc97f4f5000 rw-p 00000000 00:00 0 
7fc97f4f5000-7fc97f4f8000 ---p 00000000 00:00 0 
7fc97f4f8000-7fc97f5f6000 rw-p 00000000 00:00 0 
7fc97f5f6000-7fc97f5f7000 ---p 00000000 00:00 0 
7fc97f5f7000-7fc980000000 rw-p 00000000 00:00 0 
7fc980000000-7fc980021000 rw-p 00000000 00:00 0 
7fc980021000-7fc984000000 ---p 00000000 00:00 0 
7fc984000000-7fc984021000 rw-p 00000000 00:00 0 
7fc984021000-7fc988000000 ---p 00000000 00:00 0 
7fc988000000-7fc988021000 rw-p 00000000 00:00 0 
7fc988021000-7fc98c000000 ---p 00000000 00:00 0 
7fc98c000000-7fc98c001000 r--s 00000000 08:05 7999199                    /var/cache/fontconfig/0d8c3b2ac0904cb8a57a757ad11a4a08-le64.cache-6
7fc98c001000-7fc98c002000 r--s 00000000 08:05 7999201                    /var/cache/fontconfig/1ac9eb803944fde146138c791f5cc56a-le64.cache-6
7fc98c002000-7fc98c006000 r--s 00000000 08:05 7999206                    /var/cache/fontconfig/385c0604a188198f04d133e54aba7fe7-le64.cache-6
7fc98c006000-7fc98c007000 r--s 00000000 08:05 7999233                    /var/cache/fontconfig/dc05db6664285cc2f12bf69c139ae4c3-le64.cache-6
7fc98c007000-7fc98c00a000 r--s 00000000 08:05 7999216                    /var/cache/fontconfig/767a8244fc0220cfb567a839d0392e0b-le64.cache-6
7fc98c00a000-7fc98c00b000 r--s 00000000 08:05 7999207                    /var/cache/fontconfig/4794a0821666d79190d59a36cb4f44b5-le64.cache-6
7fc98c00b000-7fc98c010000 r--s 00000000 08:05 7999219                    /var/cache/fontconfig/8801497958630a81b71ace7c5f9b32a8-le64.cache-6
7fc98c010000-7fc98c011000 r--s 00000000 08:05 7999226                    /var/cache/fontconfig/bab58bb527bb656aaa9f116d68a48d89-le64.cache-6
7fc98c011000-7fc98c018000 r--s 00000000 08:05 7999203                    /var/cache/fontconfig/3047814df9a2f067bd2d96a2b9c36e5a-le64.cache-6
7fc98c018000-7fc98c019000 r--s 00000000 08:05 7999210                    /var/cache/fontconfig/56cf4f4769d0f4abc89a4895d7bd3ae1-le64.cache-6
7fc98c019000-7fc98c01a000 r--s 00000000 08:05 7999225                    /var/cache/fontconfig/b9d506c9ac06c20b433354fa67a72993-le64.cache-6
7fc98c01a000-7fc98c020000 r--s 00000000 08:05 7999224                    /var/cache/fontconfig/b47c4e1ecd0709278f4910c18777a504-le64.cache-6
7fc98c020000-7fc98c626000 rw-p 00000000 00:00 0 
7fc98c626000-7fc98c800000 r--s 03d6f000 08:05 5245945                    /home/nico/Escritorio/programacion II/Netbeans/jdk1.8.0_201/jre/lib/rt.jar
7fc98c800000-7fc98d000000 rw-p 00000000 00:00 0 
7fc98d000000-7fc98d270000 rwxp 00000000 00:00 0 
7fc98d270000-7fc99c000000 ---p 00000000 00:00 0 
7fc99c000000-7fc99c561000 rw-p 00000000 00:00 0 
7fc99c561000-7fc9a0000000 ---p 00000000 00:00 0 
7fc9a0000000-7fc9a0013000 r--s 00000000 08:05 7999230                    /var/cache/fontconfig/d52a8644073d54c13679302ca1180695-le64.cache-6
7fc9a0013000-7fc9a0014000 r--s 00000000 08:05 7999209                    /var/cache/fontconfig/551ecf3b0e8b0bca0f25c0944f561853-le64.cache-6
7fc9a0014000-7fc9a001f000 r--s 00000000 08:05 7999515                    /var/cache/fontconfig/d589a48862398ed80a3d6066f4f56f4c-le64.cache-6
7fc9a001f000-7fc9a0020000 r--s 00000000 08:05 7999204                    /var/cache/fontconfig/30829fa25452a46451e813d634d7f916-le64.cache-6
7fc9a0020000-7fc9a002b000 r--s 00000000 08:05 7999218                    /var/cache/fontconfig/83bf95040141907cd45bb53cf7c1c148-le64.cache-6
7fc9a002b000-7fc9a003d000 r--s 00000000 08:05 7999222                    /var/cache/fontconfig/9b89f8e3dae116d678bbf48e5f21f69b-le64.cache-6
7fc9a003d000-7fc9a0062000 r--p 00000000 08:05 9068393                    /usr/share/locale-langpack/es/LC_MESSAGES/libc.mo
7fc9a0062000-7fc9a219d000 rw-p 00000000 00:00 0 
7fc9a219d000-7fc9a219e000 ---p 00000000 00:00 0 
7fc9a219e000-7fc9a229e000 rw-p 00000000 00:00 0 
7fc9a229e000-7fc9a229f000 ---p 00000000 00:00 0 
7fc9a229f000-7fc9a239f000 rw-p 00000000 00:00 0 
7fc9a239f000-7fc9a23a0000 ---p 00000000 00:00 0 
7fc9a23a0000-7fc9a24a0000 rw-p 00000000 00:00 0 
7fc9a24a0000-7fc9a24a1000 ---p 00000000 00:00 0 
7fc9a24a1000-7fc9a25b6000 rw-p 00000000 00:00 0 
7fc9a25b6000-7fc9a26e3000 ---p 00000000 00:00 0 
7fc9a26e3000-7fc9a26f8000 rw-p 00000000 00:00 0 
7fc9a26f8000-7fc9a2825000 ---p 00000000 00:00 0 
7fc9a2825000-7fc9a2830000 rw-p 00000000 00:00 0 
7fc9a2830000-7fc9a28c6000 ---p 00000000 00:00 0 
7fc9a28c6000-7fc9a28d1000 rw-p 00000000 00:00 0 
7fc9a28d1000-7fc9a2c87000 ---p 00000000 00:00 0 
7fc9a2c87000-7fc9a2ca2000 r-xp 00000000 08:05 6030790                    /home/nico/Escritorio/programacion II/Netbeans/jdk1.8.0_201/jre/lib/amd64/libzip.so
7fc9a2ca2000-7fc9a2ea1000 ---p 0001b000 08:05 6030790                    /home/nico/Escritorio/programacion II/Netbeans/jdk1.8.0_201/jre/lib/amd64/libzip.so
7fc9a2ea1000-7fc9a2ea2000 r--p 0001a000 08:05 6030790                    /home/nico/Escritorio/programacion II/Netbeans/jdk1.8.0_201/jre/lib/amd64/libzip.so
7fc9a2ea2000-7fc9a2ea3000 rw-p 0001b000 08:05 6030790                    /home/nico/Escritorio/programacion II/Netbeans/jdk1.8.0_201/jre/lib/amd64/libzip.so
7fc9a2ea3000-7fc9a2eae000 r-xp 00000000 08:05 7869004                    /lib/x86_64-linux-gnu/libnss_files-2.23.so
7fc9a2eae000-7fc9a30ad000 ---p 0000b000 08:05 7869004                    /lib/x86_64-linux-gnu/libnss_files-2.23.so
7fc9a30ad000-7fc9a30ae000 r--p 0000a000 08:05 7869004                    /lib/x86_64-linux-gnu/libnss_files-2.23.so
7fc9a30ae000-7fc9a30af000 rw-p 0000b000 08:05 7869004                    /lib/x86_64-linux-gnu/libnss_files-2.23.so
7fc9a30af000-7fc9a30b5000 rw-p 00000000 00:00 0 
7fc9a30b5000-7fc9a30c0000 r-xp 00000000 08:05 7869014                    /lib/x86_64-linux-gnu/libnss_nis-2.23.so
7fc9a30c0000-7fc9a32bf000 ---p 0000b000 08:05 7869014                    /lib/x86_64-linux-gnu/libnss_nis-2.23.so
7fc9a32bf000-7fc9a32c0000 r--p 0000a000 08:05 7869014                    /lib/x86_64-linux-gnu/libnss_nis-2.23.so
7fc9a32c0000-7fc9a32c1000 rw-p 0000b000 08:05 7869014                    /lib/x86_64-linux-gnu/libnss_nis-2.23.so
7fc9a32c1000-7fc9a32d7000 r-xp 00000000 08:05 7868998                    /lib/x86_64-linux-gnu/libnsl-2.23.so
7fc9a32d7000-7fc9a34d6000 ---p 00016000 08:05 7868998                    /lib/x86_64-linux-gnu/libnsl-2.23.so
7fc9a34d6000-7fc9a34d7000 r--p 00015000 08:05 7868998                    /lib/x86_64-linux-gnu/libnsl-2.23.so
7fc9a34d7000-7fc9a34d8000 rw-p 00016000 08:05 7868998                    /lib/x86_64-linux-gnu/libnsl-2.23.so
7fc9a34d8000-7fc9a34da000 rw-p 00000000 00:00 0 
7fc9a34da000-7fc9a34e2000 r-xp 00000000 08:05 7869000                    /lib/x86_64-linux-gnu/libnss_compat-2.23.so
7fc9a34e2000-7fc9a36e1000 ---p 00008000 08:05 7869000                    /lib/x86_64-linux-gnu/libnss_compat-2.23.so
7fc9a36e1000-7fc9a36e2000 r--p 00007000 08:05 7869000                    /lib/x86_64-linux-gnu/libnss_compat-2.23.so
7fc9a36e2000-7fc9a36e3000 rw-p 00008000 08:05 7869000                    /lib/x86_64-linux-gnu/libnss_compat-2.23.so
7fc9a36e3000-7fc9a370f000 r-xp 00000000 08:05 6030784                    /home/nico/Escritorio/programacion II/Netbeans/jdk1.8.0_201/jre/lib/amd64/libjava.so
7fc9a370f000-7fc9a390f000 ---p 0002c000 08:05 6030784                    /home/nico/Escritorio/programacion II/Netbeans/jdk1.8.0_201/jre/lib/amd64/libjava.so
7fc9a390f000-7fc9a3910000 r--p 0002c000 08:05 6030784                    /home/nico/Escritorio/programacion II/Netbeans/jdk1.8.0_201/jre/lib/amd64/libjava.so
7fc9a3910000-7fc9a3912000 rw-p 0002d000 08:05 6030784                    /home/nico/Escritorio/programacion II/Netbeans/jdk1.8.0_201/jre/lib/amd64/libjava.so
7fc9a3912000-7fc9a391f000 r-xp 00000000 08:05 6030789                    /home/nico/Escritorio/programacion II/Netbeans/jdk1.8.0_201/jre/lib/amd64/libverify.so
7fc9a391f000-7fc9a3b1e000 ---p 0000d000 08:05 6030789                    /home/nico/Escritorio/programacion II/Netbeans/jdk1.8.0_201/jre/lib/amd64/libverify.so
7fc9a3b1e000-7fc9a3b20000 r--p 0000c000 08:05 6030789                    /home/nico/Escritorio/programacion II/Netbeans/jdk1.8.0_201/jre/lib/amd64/libverify.so
7fc9a3b20000-7fc9a3b21000 rw-p 0000e000 08:05 6030789                    /home/nico/Escritorio/programacion II/Netbeans/jdk1.8.0_201/jre/lib/amd64/libverify.so
7fc9a3b21000-7fc9a3b28000 r-xp 00000000 08:05 7869059                    /lib/x86_64-linux-gnu/librt-2.23.so
7fc9a3b28000-7fc9a3d27000 ---p 00007000 08:05 7869059                    /lib/x86_64-linux-gnu/librt-2.23.so
7fc9a3d27000-7fc9a3d28000 r--p 00006000 08:05 7869059                    /lib/x86_64-linux-gnu/librt-2.23.so
7fc9a3d28000-7fc9a3d29000 rw-p 00007000 08:05 7869059                    /lib/x86_64-linux-gnu/librt-2.23.so
7fc9a3d29000-7fc9a3e31000 r-xp 00000000 08:05 7868975                    /lib/x86_64-linux-gnu/libm-2.23.so
7fc9a3e31000-7fc9a4030000 ---p 00108000 08:05 7868975                    /lib/x86_64-linux-gnu/libm-2.23.so
7fc9a4030000-7fc9a4031000 r--p 00107000 08:05 7868975                    /lib/x86_64-linux-gnu/libm-2.23.so
7fc9a4031000-7fc9a4032000 rw-p 00108000 08:05 7868975                    /lib/x86_64-linux-gnu/libm-2.23.so
7fc9a4032000-7fc9a4d1a000 r-xp 00000000 08:05 6030766                    /home/nico/Escritorio/programacion II/Netbeans/jdk1.8.0_201/jre/lib/amd64/server/libjvm.so
7fc9a4d1a000-7fc9a4f19000 ---p 00ce8000 08:05 6030766                    /home/nico/Escritorio/programacion II/Netbeans/jdk1.8.0_201/jre/lib/amd64/server/libjvm.so
7fc9a4f19000-7fc9a4faf000 r--p 00ce7000 08:05 6030766                    /home/nico/Escritorio/programacion II/Netbeans/jdk1.8.0_201/jre/lib/amd64/server/libjvm.so
7fc9a4faf000-7fc9a4fe0000 rw-p 00d7d000 08:05 6030766                    /home/nico/Escritorio/programacion II/Netbeans/jdk1.8.0_201/jre/lib/amd64/server/libjvm.so
7fc9a4fe0000-7fc9a501b000 rw-p 00000000 00:00 0 
7fc9a501b000-7fc9a51db000 r-xp 00000000 08:05 7868905                    /lib/x86_64-linux-gnu/libc-2.23.so
7fc9a51db000-7fc9a53db000 ---p 001c0000 08:05 7868905                    /lib/x86_64-linux-gnu/libc-2.23.so
7fc9a53db000-7fc9a53df000 r--p 001c0000 08:05 7868905                    /lib/x86_64-linux-gnu/libc-2.23.so
7fc9a53df000-7fc9a53e1000 rw-p 001c4000 08:05 7868905                    /lib/x86_64-linux-gnu/libc-2.23.so
7fc9a53e1000-7fc9a53e5000 rw-p 00000000 00:00 0 
7fc9a53e5000-7fc9a53e8000 r-xp 00000000 08:05 7868929                    /lib/x86_64-linux-gnu/libdl-2.23.so
7fc9a53e8000-7fc9a55e7000 ---p 00003000 08:05 7868929                    /lib/x86_64-linux-gnu/libdl-2.23.so
7fc9a55e7000-7fc9a55e8000 r--p 00002000 08:05 7868929                    /lib/x86_64-linux-gnu/libdl-2.23.so
7fc9a55e8000-7fc9a55e9000 rw-p 00003000 08:05 7868929                    /lib/x86_64-linux-gnu/libdl-2.23.so
7fc9a55e9000-7fc9a5600000 r-xp 00000000 08:05 5244916                    /home/nico/Escritorio/programacion II/Netbeans/jdk1.8.0_201/lib/amd64/jli/libjli.so
7fc9a5600000-7fc9a57ff000 ---p 00017000 08:05 5244916                    /home/nico/Escritorio/programacion II/Netbeans/jdk1.8.0_201/lib/amd64/jli/libjli.so
7fc9a57ff000-7fc9a5800000 r--p 00016000 08:05 5244916                    /home/nico/Escritorio/programacion II/Netbeans/jdk1.8.0_201/lib/amd64/jli/libjli.so
7fc9a5800000-7fc9a5801000 rw-p 00017000 08:05 5244916                    /home/nico/Escritorio/programacion II/Netbeans/jdk1.8.0_201/lib/amd64/jli/libjli.so
7fc9a5801000-7fc9a5819000 r-xp 00000000 08:05 7869051                    /lib/x86_64-linux-gnu/libpthread-2.23.so
7fc9a5819000-7fc9a5a18000 ---p 00018000 08:05 7869051                    /lib/x86_64-linux-gnu/libpthread-2.23.so
7fc9a5a18000-7fc9a5a19000 r--p 00017000 08:05 7869051                    /lib/x86_64-linux-gnu/libpthread-2.23.so
7fc9a5a19000-7fc9a5a1a000 rw-p 00018000 08:05 7869051                    /lib/x86_64-linux-gnu/libpthread-2.23.so
7fc9a5a1a000-7fc9a5a1e000 rw-p 00000000 00:00 0 
7fc9a5a1e000-7fc9a5a44000 r-xp 00000000 08:05 7868877                    /lib/x86_64-linux-gnu/ld-2.23.so
7fc9a5a44000-7fc9a5a45000 r--s 00000000 08:05 7999198                    /var/cache/fontconfig/0c9eb80ebd1c36541ebe2852d3bb0c49-le64.cache-6
7fc9a5a45000-7fc9a5a48000 r--s 00000000 08:05 7999215                    /var/cache/fontconfig/75114ca45c98e8a441da0ff356701271-le64.cache-6
7fc9a5a48000-7fc9a5a4c000 r--s 00000000 08:05 7999322                    /var/cache/fontconfig/7ef2298fde41cc6eeb7af42e48b7d293-le64.cache-6
7fc9a5a4c000-7fc9a5b24000 rw-p 00000000 00:00 0 
7fc9a5b24000-7fc9a5b27000 ---p 00000000 00:00 0 
7fc9a5b27000-7fc9a5c29000 rw-p 00000000 00:00 0 
7fc9a5c29000-7fc9a5c2c000 r--s 00000000 08:05 7999234                    /var/cache/fontconfig/e13b20fdb08344e0e664864cc2ede53d-le64.cache-6
7fc9a5c2c000-7fc9a5c33000 r--s 00000000 08:05 7736400                    /usr/lib/x86_64-linux-gnu/gconv/gconv-modules.cache
7fc9a5c33000-7fc9a5c38000 r--s 002f9000 08:05 5245943                    /home/nico/Escritorio/programacion II/Netbeans/jdk1.8.0_201/jre/lib/charsets.jar
7fc9a5c38000-7fc9a5c40000 rw-s 00000000 08:05 3933479                    /tmp/hsperfdata_nico/5076
7fc9a5c40000-7fc9a5c41000 rw-p 00000000 00:00 0 
7fc9a5c41000-7fc9a5c42000 r--p 00000000 00:00 0 
7fc9a5c42000-7fc9a5c43000 rw-p 00000000 00:00 0 
7fc9a5c43000-7fc9a5c44000 r--p 00025000 08:05 7868877                    /lib/x86_64-linux-gnu/ld-2.23.so
7fc9a5c44000-7fc9a5c45000 rw-p 00026000 08:05 7868877                    /lib/x86_64-linux-gnu/ld-2.23.so
7fc9a5c45000-7fc9a5c46000 rw-p 00000000 00:00 0 
7ffe0944e000-7ffe0946f000 rw-p 00000000 00:00 0                          [stack]
7ffe0952c000-7ffe0952f000 r--p 00000000 00:00 0                          [vvar]
7ffe0952f000-7ffe09531000 r-xp 00000000 00:00 0                          [vdso]
ffffffffff600000-ffffffffff601000 r-xp 00000000 00:00 0                  [vsyscall]

VM Arguments:
jvm_args: -Dfile.encoding=UTF-8 
java_command: proyectointe.NewJFrame
java_class_path (initial): /home/nico/Escritorio/programacion II/ProyectoInte/build/classes
Launcher Type: SUN_STANDARD

Environment Variables:
PATH=/home/nico/bin:/home/nico/.local/bin:/usr/local/sbin:/usr/local/bin:/usr/sbin:/usr/bin:/sbin:/bin:/usr/games:/usr/local/games:/snap/bin
LD_LIBRARY_PATH=/home/nico/Escritorio/programacion II/Netbeans/jdk1.8.0_201/jre/lib/amd64:/home/nico/Escritorio/programacion II/Netbeans/jdk1.8.0_201/jre/lib/i386:
SHELL=/bin/bash
DISPLAY=:0

Signal Handlers:
SIGSEGV: [libjvm.so+0xad3e60], sa_mask[0]=11111111011111111101111111111110, sa_flags=SA_RESTART|SA_SIGINFO
SIGBUS: [libjvm.so+0xad3e60], sa_mask[0]=11111111011111111101111111111110, sa_flags=SA_RESTART|SA_SIGINFO
SIGFPE: [libjvm.so+0x90b880], sa_mask[0]=11111111011111111101111111111110, sa_flags=SA_RESTART|SA_SIGINFO
SIGPIPE: [libjvm.so+0x90b880], sa_mask[0]=11111111011111111101111111111110, sa_flags=SA_RESTART|SA_SIGINFO
SIGXFSZ: [libjvm.so+0x90b880], sa_mask[0]=11111111011111111101111111111110, sa_flags=SA_RESTART|SA_SIGINFO
SIGILL: [libjvm.so+0x90b880], sa_mask[0]=11111111011111111101111111111110, sa_flags=SA_RESTART|SA_SIGINFO
SIGUSR1: SIG_DFL, sa_mask[0]=00000000000000000000000000000000, sa_flags=none
SIGUSR2: [libjvm.so+0x90b750], sa_mask[0]=00100000000000000000000000000000, sa_flags=SA_RESTART|SA_SIGINFO
SIGHUP: [libjvm.so+0x90bd70], sa_mask[0]=11111111011111111101111111111110, sa_flags=SA_RESTART|SA_SIGINFO
SIGINT: SIG_IGN, sa_mask[0]=00000000000000000000000000000000, sa_flags=none
SIGTERM: [libjvm.so+0x90bd70], sa_mask[0]=11111111011111111101111111111110, sa_flags=SA_RESTART|SA_SIGINFO
SIGQUIT: [libjvm.so+0x90bd70], sa_mask[0]=11111111011111111101111111111110, sa_flags=SA_RESTART|SA_SIGINFO


---------------  S Y S T E M  ---------------

OS:DISTRIB_ID=Ubuntu
DISTRIB_RELEASE=16.04
DISTRIB_CODENAME=xenial
DISTRIB_DESCRIPTION="Ubuntu 16.04.4 LTS"

uname:Linux 4.13.0-36-generic #40~16.04.1-Ubuntu SMP Fri Feb 16 23:25:58 UTC 2018 x86_64
libc:glibc 2.23 NPTL 2.23 
rlimit: STACK 8192k, CORE 0k, NPROC 14959, NOFILE 1048576, AS infinity
load average:22,96 8,08 4,85

/proc/meminfo:
MemTotal:        3950336 kB
MemFree:         2694208 kB
MemAvailable:    2654384 kB
Buffers:            8700 kB
Cached:           272844 kB
SwapCached:            0 kB
Active:           894264 kB
Inactive:         222712 kB
Active(anon):     841660 kB
Inactive(anon):   143628 kB
Active(file):      52604 kB
Inactive(file):    79084 kB
Unevictable:          32 kB
Mlocked:              32 kB
SwapTotal:             0 kB
SwapFree:              0 kB
Dirty:              1064 kB
Writeback:           108 kB
AnonPages:        835720 kB
Mapped:           149760 kB
Shmem:            149572 kB
Slab:              64788 kB
SReclaimable:      32312 kB
SUnreclaim:        32476 kB
KernelStack:        8984 kB
PageTables:         9712 kB
NFS_Unstable:          0 kB
Bounce:                0 kB
WritebackTmp:          0 kB
CommitLimit:     1975168 kB
Committed_AS:    3803372 kB
VmallocTotal:   34359738367 kB
VmallocUsed:           0 kB
VmallocChunk:          0 kB
HardwareCorrupted:     0 kB
AnonHugePages:         0 kB
ShmemHugePages:        0 kB
ShmemPmdMapped:        0 kB
CmaTotal:              0 kB
CmaFree:               0 kB
HugePages_Total:       0
HugePages_Free:        0
HugePages_Rsvd:        0
HugePages_Surp:        0
Hugepagesize:       2048 kB
DirectMap4k:      129836 kB
DirectMap2M:     3975168 kB
DirectMap1G:     1048576 kB

container (cgroup) information:
container_type: cgroupv1
cpu_cpuset_cpus: 0-3
cpu_memory_nodes: 0
active_processor_count: 4
cpu_quota: -1
cpu_period: 100000
cpu_shares: -1
memory_limit_in_bytes: -1
memory_and_swap_limit_in_bytes: -2
memory_soft_limit_in_bytes: -1
memory_usage_in_bytes: 1144279040
memory_max_usage_in_bytes: 0


CPU:total 4 (initial active 4) (2 cores per cpu, 2 threads per core) family 6 model 61 stepping 4, cmov, cx8, fxsr, mmx, sse, sse2, sse3, ssse3, sse4.1, sse4.2, popcnt, avx, avx2, aes, clmul, erms, 3dnowpref, lzcnt, ht, tsc, tscinvbit, bmi1, bmi2, adx

/proc/cpuinfo:
processor	: 0
vendor_id	: GenuineIntel
cpu family	: 6
model		: 61
model name	: Intel(R) Core(TM) i3-5015U CPU @ 2.10GHz
stepping	: 4
microcode	: 0x19
cpu MHz		: 2095.133
cache size	: 3072 KB
physical id	: 0
siblings	: 4
core id		: 0
cpu cores	: 2
apicid		: 0
initial apicid	: 0
fpu		: yes
fpu_exception	: yes
cpuid level	: 20
wp		: yes
flags		: fpu vme de pse tsc msr pae mce cx8 apic sep mtrr pge mca cmov pat pse36 clflush dts acpi mmx fxsr sse sse2 ss ht tm pbe syscall nx pdpe1gb rdtscp lm constant_tsc arch_perfmon pebs bts rep_good nopl xtopology nonstop_tsc cpuid aperfmperf pni pclmulqdq dtes64 monitor ds_cpl vmx est tm2 ssse3 sdbg fma cx16 xtpr pdcm pcid sse4_1 sse4_2 x2apic movbe popcnt aes xsave avx f16c rdrand lahf_lm abm 3dnowprefetch cpuid_fault epb invpcid_single pti retpoline intel_pt tpr_shadow vnmi flexpriority ept vpid fsgsbase tsc_adjust bmi1 avx2 smep bmi2 erms invpcid rdseed adx smap xsaveopt dtherm arat pln pts
bugs		: cpu_meltdown spectre_v1 spectre_v2
bogomips	: 4190.26
clflush size	: 64
cache_alignment	: 64
address sizes	: 39 bits physical, 48 bits virtual
power management:

processor	: 1
vendor_id	: GenuineIntel
cpu family	: 6
model		: 61
model name	: Intel(R) Core(TM) i3-5015U CPU @ 2.10GHz
stepping	: 4
microcode	: 0x19
cpu MHz		: 2095.133
cache size	: 3072 KB
physical id	: 0
siblings	: 4
core id		: 1
cpu cores	: 2
apicid		: 2
initial apicid	: 2
fpu		: yes
fpu_exception	: yes
cpuid level	: 20
wp		: yes
flags		: fpu vme de pse tsc msr pae mce cx8 apic sep mtrr pge mca cmov pat pse36 clflush dts acpi mmx fxsr sse sse2 ss ht tm pbe syscall nx pdpe1gb rdtscp lm constant_tsc arch_perfmon pebs bts rep_good nopl xtopology nonstop_tsc cpuid aperfmperf pni pclmulqdq dtes64 monitor ds_cpl vmx est tm2 ssse3 sdbg fma cx16 xtpr pdcm pcid sse4_1 sse4_2 x2apic movbe popcnt aes xsave avx f16c rdrand lahf_lm abm 3dnowprefetch cpuid_fault epb invpcid_single pti retpoline intel_pt tpr_shadow vnmi flexpriority ept vpid fsgsbase tsc_adjust bmi1 avx2 smep bmi2 erms invpcid rdseed adx smap xsaveopt dtherm arat pln pts
bugs		: cpu_meltdown spectre_v1 spectre_v2
bogomips	: 4190.26
clflush size	: 64
cache_alignment	: 64
address sizes	: 39 bits physical, 48 bits virtual
power management:

processor	: 2
vendor_id	: GenuineIntel
cpu family	: 6
model		: 61
model name	: Intel(R) Core(TM) i3-5015U CPU @ 2.10GHz
stepping	: 4
microcode	: 0x19
cpu MHz		: 2095.133
cache size	: 3072 KB
physical id	: 0
siblings	: 4
core id		: 0
cpu cores	: 2
apicid		: 1
initial apicid	: 1
fpu		: yes
fpu_exception	: yes
cpuid level	: 20
wp		: yes
flags		: fpu vme de pse tsc msr pae mce cx8 apic sep mtrr pge mca cmov pat pse36 clflush dts acpi mmx fxsr sse sse2 ss ht tm pbe syscall nx pdpe1gb rdtscp lm constant_tsc arch_perfmon pebs bts rep_good nopl xtopology nonstop_tsc cpuid aperfmperf pni pclmulqdq dtes64 monitor ds_cpl vmx est tm2 ssse3 sdbg fma cx16 xtpr pdcm pcid sse4_1 sse4_2 x2apic movbe popcnt aes xsave avx f16c rdrand lahf_lm abm 3dnowprefetch cpuid_fault epb invpcid_single pti retpoline intel_pt tpr_shadow vnmi flexpriority ept vpid fsgsbase tsc_adjust bmi1 avx2 smep bmi2 erms invpcid rdseed adx smap xsaveopt dtherm arat pln pts
bugs		: cpu_meltdown spectre_v1 spectre_v2
bogomips	: 4190.26
clflush size	: 64
cache_alignment	: 64
address sizes	: 39 bits physical, 48 bits virtual
power management:

processor	: 3
vendor_id	: GenuineIntel
cpu family	: 6
model		: 61
model name	: Intel(R) Core(TM) i3-5015U CPU @ 2.10GHz
stepping	: 4
microcode	: 0x19
cpu MHz		: 2095.133
cache size	: 3072 KB
physical id	: 0
siblings	: 4
core id		: 1
cpu cores	: 2
apicid		: 3
initial apicid	: 3
fpu		: yes
fpu_exception	: yes
cpuid level	: 20
wp		: yes
flags		: fpu vme de pse tsc msr pae mce cx8 apic sep mtrr pge mca cmov pat pse36 clflush dts acpi mmx fxsr sse sse2 ss ht tm pbe syscall nx pdpe1gb rdtscp lm constant_tsc arch_perfmon pebs bts rep_good nopl xtopology nonstop_tsc cpuid aperfmperf pni pclmulqdq dtes64 monitor ds_cpl vmx est tm2 ssse3 sdbg fma cx16 xtpr pdcm pcid sse4_1 sse4_2 x2apic movbe popcnt aes xsave avx f16c rdrand lahf_lm abm 3dnowprefetch cpuid_fault epb invpcid_single pti retpoline intel_pt tpr_shadow vnmi flexpriority ept vpid fsgsbase tsc_adjust bmi1 avx2 smep bmi2 erms invpcid rdseed adx smap xsaveopt dtherm arat pln pts
bugs		: cpu_meltdown spectre_v1 spectre_v2
bogomips	: 4190.26
clflush size	: 64
cache_alignment	: 64
address sizes	: 39 bits physical, 48 bits virtual
power management:



Memory: 4k page, physical 3950336k(2694084k free), swap 0k(0k free)

vm_info: Java HotSpot(TM) 64-Bit Server VM (25.201-b09) for linux-amd64 JRE (1.8.0_201-b09), built on Dec 15 2018 11:35:59 by "java_re" with gcc 7.3.0

time: Tue Aug 27 09:50:03 2019
timezone: -03
elapsed time: 1539 seconds (0d 0h 25m 39s)

