#
# A fatal error has been detected by the Java Runtime Environment:
#
#  SIGSEGV (0xb) at pc=0x00007fa151069eba, pid=4615, tid=0x00007fa11ac35700
#
# JRE version: Java(TM) SE Runtime Environment (8.0_201-b09) (build 1.8.0_201-b09)
# Java VM: Java HotSpot(TM) 64-Bit Server VM (25.201-b09 mixed mode linux-amd64 compressed oops)
# Problematic frame:
# v  ~BufferBlob::jni_fast_GetLongField
#
# Failed to write core dump. Core dumps have been disabled. To enable core dumping, try "ulimit -c unlimited" before starting Java again
#
# If you would like to submit a bug report, please visit:
#   http://bugreport.java.com/bugreport/crash.jsp
# The crash happened outside the Java Virtual Machine in native code.
# See problematic frame for where to report the bug.
#

---------------  T H R E A D  ---------------

Current thread (0x00007fa16024c000):  JavaThread "AWT-XAWT" daemon [_thread_in_native, id=4636, stack(0x00007fa11ab35000,0x00007fa11ac36000)]

siginfo: si_signo: 11 (SIGSEGV), si_code: 1 (SEGV_MAPERR), si_addr: 0x0000000000000000

Registers:
RAX=0x00007fa16782f400, RBX=0x00007fa16024c1f8, RCX=0x0000000000000001, RDX=0x0000000000000042
RSP=0x00007fa11ac34878, RBP=0x00007fa11ac348a0, RSI=0x0000000000000000, RDI=0x00007fa16024c1f8
R8 =0x00000000ebe6d7e8, R9 =0x0000000000000000, R10=0x0000000000000016, R11=0x00007fa15121d698
R12=0x00007fa0fc08c3d0, R13=0x0000000000000000, R14=0x00007fa148a35b00, R15=0x00007fa16024c000
RIP=0x00007fa151069eba, EFLAGS=0x0000000000010246, CSGSFS=0x002b000000000033, ERR=0x0000000000000004
  TRAPNO=0x000000000000000e

Top of Stack: (sp=0x00007fa11ac34878)
0x00007fa11ac34878:   00007fa148813f24 00007fa1644bd030
0x00007fa11ac34888:   00007fa0fc08c3d0 00007fa11ac34950
0x00007fa11ac34898:   00007fa11ac34920 0000000000000000
0x00007fa11ac348a8:   00007fa1482de3c0 00007fa1644bd030
0x00007fa11ac348b8:   00007fa11ac348e0 0000000000000000
0x00007fa11ac348c8:   00007fa1482d5f93 00007fa11ac34950
0x00007fa11ac348d8:   00007fa14880c2af 00007fa11ac34930
0x00007fa11ac348e8:   00007fa15121d736 0000000000000000
0x00007fa11ac348f8:   00007fa1512058f6 00007fa11ac34950
0x00007fa11ac34908:   00007fa151164cec 00007fa11ac349b0
0x00007fa11ac34918:   00000000ec05fc58 00000000ec060b48
0x00007fa11ac34928:   0000000000000001 00007fa11ac349b0
0x00007fa11ac34938:   00007fa151007a90 00007fa11ac349b0
0x00007fa11ac34948:   00007fa151007a90 0000000000000000
0x00007fa11ac34958:   00007fa151007dd0 00007fa108000e30
0x00007fa11ac34968:   00000000ec0cb0a0 00007fa11ac34970
0x00007fa11ac34978:   00007fa16449d18c 00007fa11ac349f8
0x00007fa11ac34988:   00007fa1644a6170 0000000000000000
0x00007fa11ac34998:   00007fa16449d2c8 00007fa11ac34950
0x00007fa11ac349a8:   00007fa11ac349f0 00007fa11ac34a40
0x00007fa11ac349b8:   00007fa1510082bd 0000000000000000
0x00007fa11ac349c8:   0000000000000000 0000000000000000
0x00007fa11ac349d8:   0000000000000000 0000000000000000
0x00007fa11ac349e8:   00000000ec0cb0a0 0000000000000000
0x00007fa11ac349f8:   00000000ec094c58 00007fa11ac34a00
0x00007fa11ac34a08:   00007fa16449cfcd 00007fa11ac34a50
0x00007fa11ac34a18:   00007fa1644a6170 0000000000000000
0x00007fa11ac34a28:   00007fa16449cfd8 00007fa11ac349f0
0x00007fa11ac34a38:   00007fa11ac34a50 00007fa11ac34a98
0x00007fa11ac34a48:   00007fa151008302 00000000ec094c58
0x00007fa11ac34a58:   00007fa11ac34a58 00007fa1640586cb
0x00007fa11ac34a68:   00007fa11ac34aa8 00007fa1640e03e8 

Instructions: (pc=0x00007fa151069eba)
0x00007fa151069e9a:   00 00 00 00 00 00 44 8b 15 95 50 80 16 4c 8b ce
0x00007fa151069eaa:   41 f6 c2 01 0f 85 2e 00 00 00 4d 33 ca 4d 33 ca
0x00007fa151069eba:   4d 8b 09 4c 8b da 49 c1 eb 02 4b 8b 04 19 49 bb
0x00007fa151069eca:   3c ef 86 67 a1 7f 00 00 4c 33 d8 4c 33 d8 45 3b 

Register to memory mapping:

RAX=0x00007fa16782f400: <offset 0xf8d400> in /home/nico/Escritorio/programacion II/Netbeans/jdk1.8.0_201/jre/lib/amd64/server/libjvm.so at 0x00007fa1668a2000
RBX=0x00007fa16024c1f8 is an unknown value
RCX=0x0000000000000001 is an unknown value
RDX=0x0000000000000042 is an unknown value
RSP=0x00007fa11ac34878 is pointing into the stack for thread: 0x00007fa16024c000
RBP=0x00007fa11ac348a0 is pointing into the stack for thread: 0x00007fa16024c000
RSI=0x0000000000000000 is an unknown value
RDI=0x00007fa16024c1f8 is an unknown value
R8 =0x00000000ebe6d7e8 is an oop
sun.util.logging.PlatformLogger$Level 
 - klass: 'sun/util/logging/PlatformLogger$Level'
R9 =0x0000000000000000 is an unknown value
R10=0x0000000000000016 is an unknown value
R11=0x00007fa15121d698 is at entry_point+24 in (nmethod*)0x00007fa15121d510
R12=0x00007fa0fc08c3d0 is an unknown value
R13=0x0000000000000000 is an unknown value
R14=0x00007fa148a35b00: <offset 0x256b00> in /home/nico/Escritorio/programacion II/Netbeans/jdk1.8.0_201/jre/lib/amd64/libawt_xawt.so at 0x00007fa1487df000
R15=0x00007fa16024c000 is a thread


Stack: [0x00007fa11ab35000,0x00007fa11ac36000],  sp=0x00007fa11ac34878,  free space=1022k
Native frames: (J=compiled Java code, j=interpreted, Vv=VM code, C=native code)
v  ~BufferBlob::jni_fast_GetLongField
C  [libX11.so.6+0x643c0]  _XimServerDestroy+0x70

Java frames: (J=compiled Java code, j=interpreted, Vv=VM code)
J 520  sun.awt.X11.XlibWrapper.XFilterEvent(JJ)Z (0 bytes) @ 0x00007fa15121d6c4 [0x00007fa15121d680+0x44]
j  sun.awt.X11.XToolkit.run(Z)V+300
j  sun.awt.X11.XToolkit.run()V+5
j  java.lang.Thread.run()V+11
v  ~StubRoutines::call_stub

---------------  P R O C E S S  ---------------

Java Threads: ( => current thread )
  0x00007fa10000e000 JavaThread "XToolkt-Shutdown-Thread" [_thread_in_native, id=5932, stack(0x00007fa11978e000,0x00007fa11988f000)]
  0x00007fa130003800 JavaThread "SIGTERM handler" daemon [_thread_blocked, id=5930, stack(0x00007fa11988f000,0x00007fa119990000)]
  0x00007fa130002000 JavaThread "SIGTERM handler" daemon [_thread_blocked, id=5905, stack(0x00007fa119e94000,0x00007fa119f95000)]
  0x00007fa130001000 JavaThread "SIGHUP handler" daemon [_thread_blocked, id=5886, stack(0x00007fa119f95000,0x00007fa11a096000)]
  0x00007fa16000a800 JavaThread "DestroyJavaVM" [_thread_blocked, id=4621, stack(0x00007fa168394000,0x00007fa168495000)]
  0x00007fa16027b000 JavaThread "AWT-EventQueue-0" [_thread_blocked, id=4638, stack(0x00007fa11a509000,0x00007fa11a60a000)]
  0x00007fa160266800 JavaThread "AWT-Shutdown" [_thread_blocked, id=4637, stack(0x00007fa11a60a000,0x00007fa11a70b000)]
=>0x00007fa16024c000 JavaThread "AWT-XAWT" daemon [_thread_in_native, id=4636, stack(0x00007fa11ab35000,0x00007fa11ac36000)]
  0x00007fa16022b000 JavaThread "Java2D Disposer" daemon [_thread_blocked, id=4635, stack(0x00007fa11b046000,0x00007fa11b147000)]
  0x00007fa1600c9800 JavaThread "Service Thread" daemon [_thread_blocked, id=4633, stack(0x00007fa148e07000,0x00007fa148f08000)]
  0x00007fa1600be800 JavaThread "C1 CompilerThread2" daemon [_thread_blocked, id=4632, stack(0x00007fa148f08000,0x00007fa149009000)]
  0x00007fa1600bc800 JavaThread "C2 CompilerThread1" daemon [_thread_blocked, id=4631, stack(0x00007fa149009000,0x00007fa14910a000)]
  0x00007fa1600b9800 JavaThread "C2 CompilerThread0" daemon [_thread_blocked, id=4630, stack(0x00007fa14910a000,0x00007fa14920b000)]
  0x00007fa1600b8000 JavaThread "Signal Dispatcher" daemon [_thread_blocked, id=4629, stack(0x00007fa14920b000,0x00007fa14930c000)]
  0x00007fa160085000 JavaThread "Finalizer" daemon [_thread_blocked, id=4628, stack(0x00007fa149ccb000,0x00007fa149dcc000)]
  0x00007fa160082800 JavaThread "Reference Handler" daemon [_thread_blocked, id=4627, stack(0x00007fa149dcc000,0x00007fa149ecd000)]

Other Threads:
  0x00007fa160079000 VMThread [stack: 0x00007fa149ecd000,0x00007fa149fce000] [id=4626]
  0x00007fa1600cc000 WatcherThread [stack: 0x00007fa148d06000,0x00007fa148e07000] [id=4634]

VM state:not at safepoint (normal execution)

VM Mutex/Monitor currently owned by a thread: None

heap address: 0x00000000c3a00000, size: 966 MB, Compressed Oops mode: 32-bit
Narrow klass base: 0x0000000000000000, Narrow klass shift: 3
Compressed class space size: 1073741824 Address: 0x0000000100000000

Heap:
 PSYoungGen      total 18432K, used 7024K [0x00000000ebe00000, 0x00000000ed280000, 0x0000000100000000)
  eden space 15872K, 44% used [0x00000000ebe00000,0x00000000ec4dc020,0x00000000ecd80000)
  from space 2560K, 0% used [0x00000000ed000000,0x00000000ed000000,0x00000000ed280000)
  to   space 2560K, 0% used [0x00000000ecd80000,0x00000000ecd80000,0x00000000ed000000)
 ParOldGen       total 42496K, used 0K [0x00000000c3a00000, 0x00000000c6380000, 0x00000000ebe00000)
  object space 42496K, 0% used [0x00000000c3a00000,0x00000000c3a00000,0x00000000c6380000)
 Metaspace       used 11827K, capacity 12014K, committed 12160K, reserved 1060864K
  class space    used 1476K, capacity 1575K, committed 1664K, reserved 1048576K

Card table byte_map: [0x00007fa164f53000,0x00007fa165137000] byte_map_base: 0x00007fa164936000

Marking Bits: (ParMarkBitMap*) 0x00007fa16786dd80
 Begin Bits: [0x00007fa14a1d0000, 0x00007fa14b0e8000)
 End Bits:   [0x00007fa14b0e8000, 0x00007fa14c000000)

Polling page: 0x00007fa1684b1000

CodeCache: size=245760Kb used=2304Kb max_used=2306Kb free=243456Kb
 bounds [0x00007fa151000000, 0x00007fa151270000, 0x00007fa160000000]
 total_blobs=1055 nmethods=525 adapters=444
 compilation: enabled

Compilation events (10 events):
Event: 909,776 Thread 0x00007fa1600be800  522       3       sun.awt.X11.XBaseWindow::dispatchToWindow (44 bytes)
Event: 909,777 Thread 0x00007fa1600be800 nmethod 522 0x00007fa15123c150 code [0x00007fa15123c3e0, 0x00007fa15123d488]
Event: 915,485 Thread 0x00007fa1600bc800  524       4       sun.awt.X11.XToolkit::getDisplay (20 bytes)
Event: 916,619 Thread 0x00007fa1600bc800 nmethod 524 0x00007fa15121ed90 code [0x00007fa15121eec0, 0x00007fa15121ef18]
Event: 954,356 Thread 0x00007fa1600b9800  525       4       sun.awt.SunToolkit::awtUnlock (7 bytes)
Event: 954,375 Thread 0x00007fa1600b9800 nmethod 525 0x00007fa15123f110 code [0x00007fa15123f260, 0x00007fa15123f348]
Event: 1043,793 Thread 0x00007fa1600bc800  526       4       sun.util.logging.PlatformLogger::isLoggable (38 bytes)
Event: 1046,294 Thread 0x00007fa1600bc800 nmethod 526 0x00007fa15123ec10 code [0x00007fa15123ed80, 0x00007fa15123eef8]
Event: 1734,279 Thread 0x00007fa1600be800  527   !   3       sun.awt.X11.XToolkit::notifyListeners (100 bytes)
Event: 1734,329 Thread 0x00007fa1600be800 nmethod 527 0x00007fa151241710 code [0x00007fa1512419e0, 0x00007fa151242c58]

GC Heap History (0 events):
No events

Deoptimization events (1 events):
Event: 0,494 Thread 0x00007fa16027b000 Uncommon trap: reason=unstable_if action=reinterpret pc=0x00007fa1511ca928 method=java.lang.String.<init>([CII)V @ 18

Classes redefined (0 events):
No events

Internal exceptions (10 events):
Event: 0,423 Thread 0x00007fa16000a800 Exception <a 'java/lang/ClassNotFoundException': ToolBar> (0x00000000ec228cf0) thrown at [/HUDSON/workspace/8-2-build-linux-amd64/jdk8u201/12317/hotspot/src/share/vm/classfile/systemDictionary.cpp, line 210]
Event: 0,423 Thread 0x00007fa16000a800 Exception <a 'java/lang/ClassNotFoundException': ToggleButton> (0x00000000ec2292a0) thrown at [/HUDSON/workspace/8-2-build-linux-amd64/jdk8u201/12317/hotspot/src/share/vm/classfile/systemDictionary.cpp, line 210]
Event: 0,423 Thread 0x00007fa16000a800 Exception <a 'java/lang/ClassNotFoundException': javax/swing/JToolBarSeparator> (0x00000000ec229700) thrown at [/HUDSON/workspace/8-2-build-linux-amd64/jdk8u201/12317/hotspot/src/share/vm/classfile/systemDictionary.cpp, line 210]
Event: 0,423 Thread 0x00007fa16000a800 Exception <a 'java/lang/ClassNotFoundException': ToolBarSeparator> (0x00000000ec229b98) thrown at [/HUDSON/workspace/8-2-build-linux-amd64/jdk8u201/12317/hotspot/src/share/vm/classfile/systemDictionary.cpp, line 210]
Event: 0,423 Thread 0x00007fa16000a800 Exception <a 'java/lang/ClassNotFoundException': ToolTip> (0x00000000ec22a2d8) thrown at [/HUDSON/workspace/8-2-build-linux-amd64/jdk8u201/12317/hotspot/src/share/vm/classfile/systemDictionary.cpp, line 210]
Event: 0,424 Thread 0x00007fa16000a800 Exception <a 'java/lang/ClassNotFoundException': Tree> (0x00000000ec22aef8) thrown at [/HUDSON/workspace/8-2-build-linux-amd64/jdk8u201/12317/hotspot/src/share/vm/classfile/systemDictionary.cpp, line 210]
Event: 0,424 Thread 0x00007fa16000a800 Exception <a 'java/lang/ClassNotFoundException': Tree> (0x00000000ec22b638) thrown at [/HUDSON/workspace/8-2-build-linux-amd64/jdk8u201/12317/hotspot/src/share/vm/classfile/systemDictionary.cpp, line 210]
Event: 0,424 Thread 0x00007fa16000a800 Exception <a 'java/lang/ClassNotFoundException': javax/swing/JTreeCell> (0x00000000ec22b9b8) thrown at [/HUDSON/workspace/8-2-build-linux-amd64/jdk8u201/12317/hotspot/src/share/vm/classfile/systemDictionary.cpp, line 210]
Event: 0,424 Thread 0x00007fa16000a800 Exception <a 'java/lang/ClassNotFoundException': TreeCell> (0x00000000ec22be40) thrown at [/HUDSON/workspace/8-2-build-linux-amd64/jdk8u201/12317/hotspot/src/share/vm/classfile/systemDictionary.cpp, line 210]
Event: 0,425 Thread 0x00007fa16000a800 Exception <a 'java/lang/ClassNotFoundException': RootPane> (0x00000000ec22c8a0) thrown at [/HUDSON/workspace/8-2-build-linux-amd64/jdk8u201/12317/hotspot/src/share/vm/classfile/systemDictionary.cpp, line 210]

Events (10 events):
Event: 438,907 loading class java/awt/AWTEvent$2
Event: 438,913 loading class java/awt/AWTEvent$2 done
Event: 438,913 loading class sun/reflect/UnsafeBooleanFieldAccessorImpl
Event: 438,941 loading class sun/reflect/UnsafeBooleanFieldAccessorImpl done
Event: 438,942 loading class java/awt/LightweightDispatcher$2
Event: 438,951 loading class java/awt/LightweightDispatcher$2 done
Event: 438,992 loading class sun/awt/X11/XButtonEvent
Event: 439,004 loading class sun/awt/X11/XButtonEvent done
Event: 445,403 loading class sun/awt/X11/XUnmapEvent
Event: 445,440 loading class sun/awt/X11/XUnmapEvent done


Dynamic libraries:
00400000-00401000 r-xp 00000000 08:05 5243413                            /home/nico/Escritorio/programacion II/Netbeans/jdk1.8.0_201/bin/java
00600000-00601000 r--p 00000000 08:05 5243413                            /home/nico/Escritorio/programacion II/Netbeans/jdk1.8.0_201/bin/java
00601000-00602000 rw-p 00001000 08:05 5243413                            /home/nico/Escritorio/programacion II/Netbeans/jdk1.8.0_201/bin/java
01359000-0137a000 rw-p 00000000 00:00 0                                  [heap]
c3a00000-c6380000 rw-p 00000000 00:00 0 
c6380000-ebe00000 ---p 00000000 00:00 0 
ebe00000-ed280000 rw-p 00000000 00:00 0 
ed280000-100000000 ---p 00000000 00:00 0 
100000000-1001a0000 rw-p 00000000 00:00 0 
1001a0000-140000000 ---p 00000000 00:00 0 
7fa0ec000000-7fa0ec021000 rw-p 00000000 00:00 0 
7fa0ec021000-7fa0f0000000 ---p 00000000 00:00 0 
7fa0f4000000-7fa0f4021000 rw-p 00000000 00:00 0 
7fa0f4021000-7fa0f8000000 ---p 00000000 00:00 0 
7fa0f8000000-7fa0f8021000 rw-p 00000000 00:00 0 
7fa0f8021000-7fa0fc000000 ---p 00000000 00:00 0 
7fa0fc000000-7fa0fc0ae000 rw-p 00000000 00:00 0 
7fa0fc0ae000-7fa100000000 ---p 00000000 00:00 0 
7fa100000000-7fa100021000 rw-p 00000000 00:00 0 
7fa100021000-7fa104000000 ---p 00000000 00:00 0 
7fa104000000-7fa104021000 rw-p 00000000 00:00 0 
7fa104021000-7fa108000000 ---p 00000000 00:00 0 
7fa108000000-7fa108035000 rw-p 00000000 00:00 0 
7fa108035000-7fa10c000000 ---p 00000000 00:00 0 
7fa10cfff000-7fa110000000 rw-p 00000000 00:00 0 
7fa110000000-7fa110021000 rw-p 00000000 00:00 0 
7fa110021000-7fa114000000 ---p 00000000 00:00 0 
7fa114000000-7fa114021000 rw-p 00000000 00:00 0 
7fa114021000-7fa118000000 ---p 00000000 00:00 0 
7fa11978e000-7fa119791000 ---p 00000000 00:00 0 
7fa119791000-7fa11988f000 rw-p 00000000 00:00 0 
7fa11988f000-7fa119892000 ---p 00000000 00:00 0 
7fa119892000-7fa1199d0000 rw-p 00000000 00:00 0 
7fa1199d0000-7fa119b90000 ---p 00000000 00:00 0 
7fa119b90000-7fa119bba000 r-xp 00000000 08:05 6030741                    /home/nico/Escritorio/programacion II/Netbeans/jdk1.8.0_201/jre/lib/amd64/libdcpr.so
7fa119bba000-7fa119db9000 ---p 0002a000 08:05 6030741                    /home/nico/Escritorio/programacion II/Netbeans/jdk1.8.0_201/jre/lib/amd64/libdcpr.so
7fa119db9000-7fa119dba000 r--p 00029000 08:05 6030741                    /home/nico/Escritorio/programacion II/Netbeans/jdk1.8.0_201/jre/lib/amd64/libdcpr.so
7fa119dba000-7fa119dbd000 rw-p 0002a000 08:05 6030741                    /home/nico/Escritorio/programacion II/Netbeans/jdk1.8.0_201/jre/lib/amd64/libdcpr.so
7fa119dbd000-7fa119dc8000 r--s 00000000 08:05 7999220                    /var/cache/fontconfig/945677eb7aeaf62f1d50efc3fb3ec7d8-le64.cache-6
7fa119e94000-7fa119e97000 ---p 00000000 00:00 0 
7fa119e97000-7fa119f95000 rw-p 00000000 00:00 0 
7fa119f95000-7fa119f98000 ---p 00000000 00:00 0 
7fa119f98000-7fa11a096000 rw-p 00000000 00:00 0 
7fa11a096000-7fa11a102000 r-xp 00000000 08:05 6030756                    /home/nico/Escritorio/programacion II/Netbeans/jdk1.8.0_201/jre/lib/amd64/libt2k.so
7fa11a102000-7fa11a302000 ---p 0006c000 08:05 6030756                    /home/nico/Escritorio/programacion II/Netbeans/jdk1.8.0_201/jre/lib/amd64/libt2k.so
7fa11a302000-7fa11a308000 r--p 0006c000 08:05 6030756                    /home/nico/Escritorio/programacion II/Netbeans/jdk1.8.0_201/jre/lib/amd64/libt2k.so
7fa11a308000-7fa11a309000 rw-p 00072000 08:05 6030756                    /home/nico/Escritorio/programacion II/Netbeans/jdk1.8.0_201/jre/lib/amd64/libt2k.so
7fa11a309000-7fa11a509000 rw-p 00000000 00:00 0 
7fa11a509000-7fa11a50c000 ---p 00000000 00:00 0 
7fa11a50c000-7fa11a60a000 rw-p 00000000 00:00 0 
7fa11a60a000-7fa11a60d000 ---p 00000000 00:00 0 
7fa11a60d000-7fa11a70b000 rw-p 00000000 00:00 0 
7fa11a70b000-7fa11a71c000 r-xp 00000000 08:05 6030797                    /home/nico/Escritorio/programacion II/Netbeans/jdk1.8.0_201/jre/lib/amd64/libnio.so
7fa11a71c000-7fa11a91b000 ---p 00011000 08:05 6030797                    /home/nico/Escritorio/programacion II/Netbeans/jdk1.8.0_201/jre/lib/amd64/libnio.so
7fa11a91b000-7fa11a91c000 r--p 00010000 08:05 6030797                    /home/nico/Escritorio/programacion II/Netbeans/jdk1.8.0_201/jre/lib/amd64/libnio.so
7fa11a91c000-7fa11a91d000 rw-p 00011000 08:05 6030797                    /home/nico/Escritorio/programacion II/Netbeans/jdk1.8.0_201/jre/lib/amd64/libnio.so
7fa11a91d000-7fa11a933000 r-xp 00000000 08:05 6030794                    /home/nico/Escritorio/programacion II/Netbeans/jdk1.8.0_201/jre/lib/amd64/libnet.so
7fa11a933000-7fa11ab33000 ---p 00016000 08:05 6030794                    /home/nico/Escritorio/programacion II/Netbeans/jdk1.8.0_201/jre/lib/amd64/libnet.so
7fa11ab33000-7fa11ab34000 r--p 00016000 08:05 6030794                    /home/nico/Escritorio/programacion II/Netbeans/jdk1.8.0_201/jre/lib/amd64/libnet.so
7fa11ab34000-7fa11ab35000 rw-p 00017000 08:05 6030794                    /home/nico/Escritorio/programacion II/Netbeans/jdk1.8.0_201/jre/lib/amd64/libnet.so
7fa11ab35000-7fa11ab38000 ---p 00000000 00:00 0 
7fa11ab38000-7fa11ac36000 rw-p 00000000 00:00 0 
7fa11ac36000-7fa11ac3b000 r-xp 00000000 08:05 7479373                    /usr/lib/x86_64-linux-gnu/libXfixes.so.3.1.0
7fa11ac3b000-7fa11ae3a000 ---p 00005000 08:05 7479373                    /usr/lib/x86_64-linux-gnu/libXfixes.so.3.1.0
7fa11ae3a000-7fa11ae3b000 r--p 00004000 08:05 7479373                    /usr/lib/x86_64-linux-gnu/libXfixes.so.3.1.0
7fa11ae3b000-7fa11ae3c000 rw-p 00005000 08:05 7479373                    /usr/lib/x86_64-linux-gnu/libXfixes.so.3.1.0
7fa11ae3c000-7fa11ae45000 r-xp 00000000 08:05 7479365                    /usr/lib/x86_64-linux-gnu/libXcursor.so.1.0.2
7fa11ae45000-7fa11b044000 ---p 00009000 08:05 7479365                    /usr/lib/x86_64-linux-gnu/libXcursor.so.1.0.2
7fa11b044000-7fa11b045000 r--p 00008000 08:05 7479365                    /usr/lib/x86_64-linux-gnu/libXcursor.so.1.0.2
7fa11b045000-7fa11b046000 rw-p 00009000 08:05 7479365                    /usr/lib/x86_64-linux-gnu/libXcursor.so.1.0.2
7fa11b046000-7fa11b049000 ---p 00000000 00:00 0 
7fa11b049000-7fa11b147000 rw-p 00000000 00:00 0 
7fa11b147000-7fa11b15d000 r-xp 00000000 08:05 7868943                    /lib/x86_64-linux-gnu/libgcc_s.so.1
7fa11b15d000-7fa11b35c000 ---p 00016000 08:05 7868943                    /lib/x86_64-linux-gnu/libgcc_s.so.1
7fa11b35c000-7fa11b35d000 rw-p 00015000 08:05 7868943                    /lib/x86_64-linux-gnu/libgcc_s.so.1
7fa11b35d000-7fa11b3ba000 r-xp 00000000 08:05 6030774                    /home/nico/Escritorio/programacion II/Netbeans/jdk1.8.0_201/jre/lib/amd64/libfontmanager.so
7fa11b3ba000-7fa11b5ba000 ---p 0005d000 08:05 6030774                    /home/nico/Escritorio/programacion II/Netbeans/jdk1.8.0_201/jre/lib/amd64/libfontmanager.so
7fa11b5ba000-7fa11b5bd000 r--p 0005d000 08:05 6030774                    /home/nico/Escritorio/programacion II/Netbeans/jdk1.8.0_201/jre/lib/amd64/libfontmanager.so
7fa11b5bd000-7fa11b5be000 rw-p 00060000 08:05 6030774                    /home/nico/Escritorio/programacion II/Netbeans/jdk1.8.0_201/jre/lib/amd64/libfontmanager.so
7fa11b5be000-7fa11b5c3000 r-xp 00000000 08:05 7479369                    /usr/lib/x86_64-linux-gnu/libXdmcp.so.6.0.0
7fa11b5c3000-7fa11b7c2000 ---p 00005000 08:05 7479369                    /usr/lib/x86_64-linux-gnu/libXdmcp.so.6.0.0
7fa11b7c2000-7fa11b7c3000 r--p 00004000 08:05 7479369                    /usr/lib/x86_64-linux-gnu/libXdmcp.so.6.0.0
7fa11b7c3000-7fa11b7c4000 rw-p 00005000 08:05 7479369                    /usr/lib/x86_64-linux-gnu/libXdmcp.so.6.0.0
7fa11b7c4000-7fa11b7c6000 r-xp 00000000 08:05 7479358                    /usr/lib/x86_64-linux-gnu/libXau.so.6.0.0
7fa11b7c6000-7fa11b9c6000 ---p 00002000 08:05 7479358                    /usr/lib/x86_64-linux-gnu/libXau.so.6.0.0
7fa11b9c6000-7fa11b9c7000 r--p 00002000 08:05 7479358                    /usr/lib/x86_64-linux-gnu/libXau.so.6.0.0
7fa11b9c7000-7fa11b9c8000 rw-p 00003000 08:05 7479358                    /usr/lib/x86_64-linux-gnu/libXau.so.6.0.0
7fa11b9c8000-7fa11b9e9000 r-xp 00000000 08:05 7480778                    /usr/lib/x86_64-linux-gnu/libxcb.so.1.1.0
7fa11b9e9000-7fa11bbe8000 ---p 00021000 08:05 7480778                    /usr/lib/x86_64-linux-gnu/libxcb.so.1.1.0
7fa11bbe8000-7fa11bbe9000 r--p 00020000 08:05 7480778                    /usr/lib/x86_64-linux-gnu/libxcb.so.1.1.0
7fa11bbe9000-7fa11bbea000 rw-p 00021000 08:05 7480778                    /usr/lib/x86_64-linux-gnu/libxcb.so.1.1.0
7fa11bbea000-7fa11bbf9000 r-xp 00000000 08:05 7479381                    /usr/lib/x86_64-linux-gnu/libXi.so.6.1.0
7fa11bbf9000-7fa11bdf8000 ---p 0000f000 08:05 7479381                    /usr/lib/x86_64-linux-gnu/libXi.so.6.1.0
7fa11bdf8000-7fa11bdf9000 r--p 0000e000 08:05 7479381                    /usr/lib/x86_64-linux-gnu/libXi.so.6.1.0
7fa11bdf9000-7fa11bdfa000 rw-p 0000f000 08:05 7479381                    /usr/lib/x86_64-linux-gnu/libXi.so.6.1.0
7fa11bdfa000-7fa11bdff000 r-xp 00000000 08:05 7479399                    /usr/lib/x86_64-linux-gnu/libXtst.so.6.1.0
7fa11bdff000-7fa11bffe000 ---p 00005000 08:05 7479399                    /usr/lib/x86_64-linux-gnu/libXtst.so.6.1.0
7fa11bffe000-7fa11bfff000 r--p 00004000 08:05 7479399                    /usr/lib/x86_64-linux-gnu/libXtst.so.6.1.0
7fa11bfff000-7fa11c000000 rw-p 00005000 08:05 7479399                    /usr/lib/x86_64-linux-gnu/libXtst.so.6.1.0
7fa11c000000-7fa11c4d3000 rw-p 00000000 00:00 0 
7fa11c4d3000-7fa120000000 ---p 00000000 00:00 0 
7fa120000000-7fa120021000 rw-p 00000000 00:00 0 
7fa120021000-7fa124000000 ---p 00000000 00:00 0 
7fa124000000-7fa1240ea000 rw-p 00000000 00:00 0 
7fa1240ea000-7fa128000000 ---p 00000000 00:00 0 
7fa128000000-7fa12815b000 rw-p 00000000 00:00 0 
7fa12815b000-7fa12c000000 ---p 00000000 00:00 0 
7fa12c000000-7fa12c021000 rw-p 00000000 00:00 0 
7fa12c021000-7fa130000000 ---p 00000000 00:00 0 
7fa130000000-7fa130021000 rw-p 00000000 00:00 0 
7fa130021000-7fa134000000 ---p 00000000 00:00 0 
7fa134000000-7fa134021000 rw-p 00000000 00:00 0 
7fa134021000-7fa138000000 ---p 00000000 00:00 0 
7fa138000000-7fa138021000 rw-p 00000000 00:00 0 
7fa138021000-7fa13c000000 ---p 00000000 00:00 0 
7fa13c000000-7fa13c021000 rw-p 00000000 00:00 0 
7fa13c021000-7fa140000000 ---p 00000000 00:00 0 
7fa140000000-7fa140021000 rw-p 00000000 00:00 0 
7fa140021000-7fa144000000 ---p 00000000 00:00 0 
7fa144000000-7fa144021000 rw-p 00000000 00:00 0 
7fa144021000-7fa148000000 ---p 00000000 00:00 0 
7fa148007000-7fa14800d000 r--s 00000000 08:05 7999202                    /var/cache/fontconfig/2cd17615ca594fa2959ae173292e504c-le64.cache-6
7fa14800d000-7fa14800e000 r--s 00000000 08:05 7999199                    /var/cache/fontconfig/0d8c3b2ac0904cb8a57a757ad11a4a08-le64.cache-6
7fa14800e000-7fa148023000 r--s 00000000 08:05 7999196                    /var/cache/fontconfig/04aabc0a78ac019cf9454389977116d2-le64.cache-6
7fa148023000-7fa148024000 r--s 00000000 08:05 7999201                    /var/cache/fontconfig/1ac9eb803944fde146138c791f5cc56a-le64.cache-6
7fa148024000-7fa148028000 r--s 00000000 08:05 7999206                    /var/cache/fontconfig/385c0604a188198f04d133e54aba7fe7-le64.cache-6
7fa148028000-7fa148029000 r--s 00000000 08:05 7999233                    /var/cache/fontconfig/dc05db6664285cc2f12bf69c139ae4c3-le64.cache-6
7fa148029000-7fa14802c000 r--s 00000000 08:05 7999216                    /var/cache/fontconfig/767a8244fc0220cfb567a839d0392e0b-le64.cache-6
7fa14802c000-7fa148031000 r--s 00000000 08:05 7999219                    /var/cache/fontconfig/8801497958630a81b71ace7c5f9b32a8-le64.cache-6
7fa148031000-7fa148038000 r--s 00000000 08:05 7999203                    /var/cache/fontconfig/3047814df9a2f067bd2d96a2b9c36e5a-le64.cache-6
7fa148038000-7fa14804b000 r--s 00000000 08:05 7999230                    /var/cache/fontconfig/d52a8644073d54c13679302ca1180695-le64.cache-6
7fa14804b000-7fa148070000 r--p 00000000 08:05 9068393                    /usr/share/locale-langpack/es/LC_MESSAGES/libc.mo
7fa148070000-7fa148079000 r-xp 00000000 08:05 7479393                    /usr/lib/x86_64-linux-gnu/libXrender.so.1.3.0
7fa148079000-7fa148278000 ---p 00009000 08:05 7479393                    /usr/lib/x86_64-linux-gnu/libXrender.so.1.3.0
7fa148278000-7fa148279000 r--p 00008000 08:05 7479393                    /usr/lib/x86_64-linux-gnu/libXrender.so.1.3.0
7fa148279000-7fa14827a000 rw-p 00009000 08:05 7479393                    /usr/lib/x86_64-linux-gnu/libXrender.so.1.3.0
7fa14827a000-7fa1483af000 r-xp 00000000 08:05 7479354                    /usr/lib/x86_64-linux-gnu/libX11.so.6.3.0
7fa1483af000-7fa1485af000 ---p 00135000 08:05 7479354                    /usr/lib/x86_64-linux-gnu/libX11.so.6.3.0
7fa1485af000-7fa1485b0000 r--p 00135000 08:05 7479354                    /usr/lib/x86_64-linux-gnu/libX11.so.6.3.0
7fa1485b0000-7fa1485b4000 rw-p 00136000 08:05 7479354                    /usr/lib/x86_64-linux-gnu/libX11.so.6.3.0
7fa1485b4000-7fa1485c5000 r-xp 00000000 08:05 7479371                    /usr/lib/x86_64-linux-gnu/libXext.so.6.4.0
7fa1485c5000-7fa1487c4000 ---p 00011000 08:05 7479371                    /usr/lib/x86_64-linux-gnu/libXext.so.6.4.0
7fa1487c4000-7fa1487c5000 r--p 00010000 08:05 7479371                    /usr/lib/x86_64-linux-gnu/libXext.so.6.4.0
7fa1487c5000-7fa1487c6000 rw-p 00011000 08:05 7479371                    /usr/lib/x86_64-linux-gnu/libXext.so.6.4.0
7fa1487c6000-7fa1487c7000 r--s 00000000 08:05 7999207                    /var/cache/fontconfig/4794a0821666d79190d59a36cb4f44b5-le64.cache-6
7fa1487c7000-7fa1487c8000 r--s 00000000 08:05 7999226                    /var/cache/fontconfig/bab58bb527bb656aaa9f116d68a48d89-le64.cache-6
7fa1487c8000-7fa1487c9000 r--s 00000000 08:05 7999210                    /var/cache/fontconfig/56cf4f4769d0f4abc89a4895d7bd3ae1-le64.cache-6
7fa1487c9000-7fa1487d4000 r--s 00000000 08:05 7999515                    /var/cache/fontconfig/d589a48862398ed80a3d6066f4f56f4c-le64.cache-6
7fa1487d4000-7fa1487df000 r--s 00000000 08:05 7999218                    /var/cache/fontconfig/83bf95040141907cd45bb53cf7c1c148-le64.cache-6
7fa1487df000-7fa148832000 r-xp 00000000 08:05 6030801                    /home/nico/Escritorio/programacion II/Netbeans/jdk1.8.0_201/jre/lib/amd64/libawt_xawt.so
7fa148832000-7fa148a31000 ---p 00053000 08:05 6030801                    /home/nico/Escritorio/programacion II/Netbeans/jdk1.8.0_201/jre/lib/amd64/libawt_xawt.so
7fa148a31000-7fa148a32000 r--p 00052000 08:05 6030801                    /home/nico/Escritorio/programacion II/Netbeans/jdk1.8.0_201/jre/lib/amd64/libawt_xawt.so
7fa148a32000-7fa148a35000 rw-p 00053000 08:05 6030801                    /home/nico/Escritorio/programacion II/Netbeans/jdk1.8.0_201/jre/lib/amd64/libawt_xawt.so
7fa148a35000-7fa148a36000 rw-p 00000000 00:00 0 
7fa148a36000-7fa148ad6000 r-xp 00000000 08:05 6030787                    /home/nico/Escritorio/programacion II/Netbeans/jdk1.8.0_201/jre/lib/amd64/libawt.so
7fa148ad6000-7fa148cd5000 ---p 000a0000 08:05 6030787                    /home/nico/Escritorio/programacion II/Netbeans/jdk1.8.0_201/jre/lib/amd64/libawt.so
7fa148cd5000-7fa148cd6000 r--p 0009f000 08:05 6030787                    /home/nico/Escritorio/programacion II/Netbeans/jdk1.8.0_201/jre/lib/amd64/libawt.so
7fa148cd6000-7fa148ce1000 rw-p 000a0000 08:05 6030787                    /home/nico/Escritorio/programacion II/Netbeans/jdk1.8.0_201/jre/lib/amd64/libawt.so
7fa148ce1000-7fa148d06000 rw-p 00000000 00:00 0 
7fa148d06000-7fa148d07000 ---p 00000000 00:00 0 
7fa148d07000-7fa148e07000 rw-p 00000000 00:00 0 
7fa148e07000-7fa148e0a000 ---p 00000000 00:00 0 
7fa148e0a000-7fa148f08000 rw-p 00000000 00:00 0 
7fa148f08000-7fa148f0b000 ---p 00000000 00:00 0 
7fa148f0b000-7fa149009000 rw-p 00000000 00:00 0 
7fa149009000-7fa14900c000 ---p 00000000 00:00 0 
7fa14900c000-7fa14910a000 rw-p 00000000 00:00 0 
7fa14910a000-7fa14910d000 ---p 00000000 00:00 0 
7fa14910d000-7fa14920b000 rw-p 00000000 00:00 0 
7fa14920b000-7fa14920e000 ---p 00000000 00:00 0 
7fa14920e000-7fa14930c000 rw-p 00000000 00:00 0 
7fa14930c000-7fa149ccb000 r--p 00000000 08:05 7478496                    /usr/lib/locale/locale-archive
7fa149ccb000-7fa149cce000 ---p 00000000 00:00 0 
7fa149cce000-7fa149dcc000 rw-p 00000000 00:00 0 
7fa149dcc000-7fa149dcf000 ---p 00000000 00:00 0 
7fa149dcf000-7fa149ecd000 rw-p 00000000 00:00 0 
7fa149ecd000-7fa149ece000 ---p 00000000 00:00 0 
7fa149ece000-7fa14c000000 rw-p 00000000 00:00 0 
7fa14c000000-7fa14c021000 rw-p 00000000 00:00 0 
7fa14c021000-7fa150000000 ---p 00000000 00:00 0 
7fa150000000-7fa150012000 r--s 00000000 08:05 7999222                    /var/cache/fontconfig/9b89f8e3dae116d678bbf48e5f21f69b-le64.cache-6
7fa150012000-7fa150db0000 rw-p 00000000 00:00 0 
7fa150db0000-7fa150f8a000 r--s 03d6f000 08:05 5245945                    /home/nico/Escritorio/programacion II/Netbeans/jdk1.8.0_201/jre/lib/rt.jar
7fa150f8a000-7fa151000000 rw-p 00000000 00:00 0 
7fa151000000-7fa151270000 rwxp 00000000 00:00 0 
7fa151270000-7fa160000000 ---p 00000000 00:00 0 
7fa160000000-7fa160569000 rw-p 00000000 00:00 0 
7fa160569000-7fa164000000 ---p 00000000 00:00 0 
7fa164000000-7fa164001000 r--s 00000000 08:05 7999225                    /var/cache/fontconfig/b9d506c9ac06c20b433354fa67a72993-le64.cache-6
7fa164001000-7fa164007000 r--s 00000000 08:05 7999224                    /var/cache/fontconfig/b47c4e1ecd0709278f4910c18777a504-le64.cache-6
7fa164007000-7fa164008000 r--s 00000000 08:05 7999209                    /var/cache/fontconfig/551ecf3b0e8b0bca0f25c0944f561853-le64.cache-6
7fa164008000-7fa164009000 r--s 00000000 08:05 7999204                    /var/cache/fontconfig/30829fa25452a46451e813d634d7f916-le64.cache-6
7fa164009000-7fa164a0d000 rw-p 00000000 00:00 0 
7fa164a0d000-7fa164a0e000 ---p 00000000 00:00 0 
7fa164a0e000-7fa164b0e000 rw-p 00000000 00:00 0 
7fa164b0e000-7fa164b0f000 ---p 00000000 00:00 0 
7fa164b0f000-7fa164c0f000 rw-p 00000000 00:00 0 
7fa164c0f000-7fa164c10000 ---p 00000000 00:00 0 
7fa164c10000-7fa164d10000 rw-p 00000000 00:00 0 
7fa164d10000-7fa164d11000 ---p 00000000 00:00 0 
7fa164d11000-7fa164e26000 rw-p 00000000 00:00 0 
7fa164e26000-7fa164f53000 ---p 00000000 00:00 0 
7fa164f53000-7fa164f68000 rw-p 00000000 00:00 0 
7fa164f68000-7fa165095000 ---p 00000000 00:00 0 
7fa165095000-7fa1650a0000 rw-p 00000000 00:00 0 
7fa1650a0000-7fa165136000 ---p 00000000 00:00 0 
7fa165136000-7fa165141000 rw-p 00000000 00:00 0 
7fa165141000-7fa1654f7000 ---p 00000000 00:00 0 
7fa1654f7000-7fa165512000 r-xp 00000000 08:05 6030790                    /home/nico/Escritorio/programacion II/Netbeans/jdk1.8.0_201/jre/lib/amd64/libzip.so
7fa165512000-7fa165711000 ---p 0001b000 08:05 6030790                    /home/nico/Escritorio/programacion II/Netbeans/jdk1.8.0_201/jre/lib/amd64/libzip.so
7fa165711000-7fa165712000 r--p 0001a000 08:05 6030790                    /home/nico/Escritorio/programacion II/Netbeans/jdk1.8.0_201/jre/lib/amd64/libzip.so
7fa165712000-7fa165713000 rw-p 0001b000 08:05 6030790                    /home/nico/Escritorio/programacion II/Netbeans/jdk1.8.0_201/jre/lib/amd64/libzip.so
7fa165713000-7fa16571e000 r-xp 00000000 08:05 7869004                    /lib/x86_64-linux-gnu/libnss_files-2.23.so
7fa16571e000-7fa16591d000 ---p 0000b000 08:05 7869004                    /lib/x86_64-linux-gnu/libnss_files-2.23.so
7fa16591d000-7fa16591e000 r--p 0000a000 08:05 7869004                    /lib/x86_64-linux-gnu/libnss_files-2.23.so
7fa16591e000-7fa16591f000 rw-p 0000b000 08:05 7869004                    /lib/x86_64-linux-gnu/libnss_files-2.23.so
7fa16591f000-7fa165925000 rw-p 00000000 00:00 0 
7fa165925000-7fa165930000 r-xp 00000000 08:05 7869014                    /lib/x86_64-linux-gnu/libnss_nis-2.23.so
7fa165930000-7fa165b2f000 ---p 0000b000 08:05 7869014                    /lib/x86_64-linux-gnu/libnss_nis-2.23.so
7fa165b2f000-7fa165b30000 r--p 0000a000 08:05 7869014                    /lib/x86_64-linux-gnu/libnss_nis-2.23.so
7fa165b30000-7fa165b31000 rw-p 0000b000 08:05 7869014                    /lib/x86_64-linux-gnu/libnss_nis-2.23.so
7fa165b31000-7fa165b47000 r-xp 00000000 08:05 7868998                    /lib/x86_64-linux-gnu/libnsl-2.23.so
7fa165b47000-7fa165d46000 ---p 00016000 08:05 7868998                    /lib/x86_64-linux-gnu/libnsl-2.23.so
7fa165d46000-7fa165d47000 r--p 00015000 08:05 7868998                    /lib/x86_64-linux-gnu/libnsl-2.23.so
7fa165d47000-7fa165d48000 rw-p 00016000 08:05 7868998                    /lib/x86_64-linux-gnu/libnsl-2.23.so
7fa165d48000-7fa165d4a000 rw-p 00000000 00:00 0 
7fa165d4a000-7fa165d52000 r-xp 00000000 08:05 7869000                    /lib/x86_64-linux-gnu/libnss_compat-2.23.so
7fa165d52000-7fa165f51000 ---p 00008000 08:05 7869000                    /lib/x86_64-linux-gnu/libnss_compat-2.23.so
7fa165f51000-7fa165f52000 r--p 00007000 08:05 7869000                    /lib/x86_64-linux-gnu/libnss_compat-2.23.so
7fa165f52000-7fa165f53000 rw-p 00008000 08:05 7869000                    /lib/x86_64-linux-gnu/libnss_compat-2.23.so
7fa165f53000-7fa165f7f000 r-xp 00000000 08:05 6030784                    /home/nico/Escritorio/programacion II/Netbeans/jdk1.8.0_201/jre/lib/amd64/libjava.so
7fa165f7f000-7fa16617f000 ---p 0002c000 08:05 6030784                    /home/nico/Escritorio/programacion II/Netbeans/jdk1.8.0_201/jre/lib/amd64/libjava.so
7fa16617f000-7fa166180000 r--p 0002c000 08:05 6030784                    /home/nico/Escritorio/programacion II/Netbeans/jdk1.8.0_201/jre/lib/amd64/libjava.so
7fa166180000-7fa166182000 rw-p 0002d000 08:05 6030784                    /home/nico/Escritorio/programacion II/Netbeans/jdk1.8.0_201/jre/lib/amd64/libjava.so
7fa166182000-7fa16618f000 r-xp 00000000 08:05 6030789                    /home/nico/Escritorio/programacion II/Netbeans/jdk1.8.0_201/jre/lib/amd64/libverify.so
7fa16618f000-7fa16638e000 ---p 0000d000 08:05 6030789                    /home/nico/Escritorio/programacion II/Netbeans/jdk1.8.0_201/jre/lib/amd64/libverify.so
7fa16638e000-7fa166390000 r--p 0000c000 08:05 6030789                    /home/nico/Escritorio/programacion II/Netbeans/jdk1.8.0_201/jre/lib/amd64/libverify.so
7fa166390000-7fa166391000 rw-p 0000e000 08:05 6030789                    /home/nico/Escritorio/programacion II/Netbeans/jdk1.8.0_201/jre/lib/amd64/libverify.so
7fa166391000-7fa166398000 r-xp 00000000 08:05 7869059                    /lib/x86_64-linux-gnu/librt-2.23.so
7fa166398000-7fa166597000 ---p 00007000 08:05 7869059                    /lib/x86_64-linux-gnu/librt-2.23.so
7fa166597000-7fa166598000 r--p 00006000 08:05 7869059                    /lib/x86_64-linux-gnu/librt-2.23.so
7fa166598000-7fa166599000 rw-p 00007000 08:05 7869059                    /lib/x86_64-linux-gnu/librt-2.23.so
7fa166599000-7fa1666a1000 r-xp 00000000 08:05 7868975                    /lib/x86_64-linux-gnu/libm-2.23.so
7fa1666a1000-7fa1668a0000 ---p 00108000 08:05 7868975                    /lib/x86_64-linux-gnu/libm-2.23.so
7fa1668a0000-7fa1668a1000 r--p 00107000 08:05 7868975                    /lib/x86_64-linux-gnu/libm-2.23.so
7fa1668a1000-7fa1668a2000 rw-p 00108000 08:05 7868975                    /lib/x86_64-linux-gnu/libm-2.23.so
7fa1668a2000-7fa16758a000 r-xp 00000000 08:05 6030766                    /home/nico/Escritorio/programacion II/Netbeans/jdk1.8.0_201/jre/lib/amd64/server/libjvm.so
7fa16758a000-7fa167789000 ---p 00ce8000 08:05 6030766                    /home/nico/Escritorio/programacion II/Netbeans/jdk1.8.0_201/jre/lib/amd64/server/libjvm.so
7fa167789000-7fa16781f000 r--p 00ce7000 08:05 6030766                    /home/nico/Escritorio/programacion II/Netbeans/jdk1.8.0_201/jre/lib/amd64/server/libjvm.so
7fa16781f000-7fa167850000 rw-p 00d7d000 08:05 6030766                    /home/nico/Escritorio/programacion II/Netbeans/jdk1.8.0_201/jre/lib/amd64/server/libjvm.so
7fa167850000-7fa16788b000 rw-p 00000000 00:00 0 
7fa16788b000-7fa167a4b000 r-xp 00000000 08:05 7868905                    /lib/x86_64-linux-gnu/libc-2.23.so
7fa167a4b000-7fa167c4b000 ---p 001c0000 08:05 7868905                    /lib/x86_64-linux-gnu/libc-2.23.so
7fa167c4b000-7fa167c4f000 r--p 001c0000 08:05 7868905                    /lib/x86_64-linux-gnu/libc-2.23.so
7fa167c4f000-7fa167c51000 rw-p 001c4000 08:05 7868905                    /lib/x86_64-linux-gnu/libc-2.23.so
7fa167c51000-7fa167c55000 rw-p 00000000 00:00 0 
7fa167c55000-7fa167c58000 r-xp 00000000 08:05 7868929                    /lib/x86_64-linux-gnu/libdl-2.23.so
7fa167c58000-7fa167e57000 ---p 00003000 08:05 7868929                    /lib/x86_64-linux-gnu/libdl-2.23.so
7fa167e57000-7fa167e58000 r--p 00002000 08:05 7868929                    /lib/x86_64-linux-gnu/libdl-2.23.so
7fa167e58000-7fa167e59000 rw-p 00003000 08:05 7868929                    /lib/x86_64-linux-gnu/libdl-2.23.so
7fa167e59000-7fa167e70000 r-xp 00000000 08:05 5244916                    /home/nico/Escritorio/programacion II/Netbeans/jdk1.8.0_201/lib/amd64/jli/libjli.so
7fa167e70000-7fa16806f000 ---p 00017000 08:05 5244916                    /home/nico/Escritorio/programacion II/Netbeans/jdk1.8.0_201/lib/amd64/jli/libjli.so
7fa16806f000-7fa168070000 r--p 00016000 08:05 5244916                    /home/nico/Escritorio/programacion II/Netbeans/jdk1.8.0_201/lib/amd64/jli/libjli.so
7fa168070000-7fa168071000 rw-p 00017000 08:05 5244916                    /home/nico/Escritorio/programacion II/Netbeans/jdk1.8.0_201/lib/amd64/jli/libjli.so
7fa168071000-7fa168089000 r-xp 00000000 08:05 7869051                    /lib/x86_64-linux-gnu/libpthread-2.23.so
7fa168089000-7fa168288000 ---p 00018000 08:05 7869051                    /lib/x86_64-linux-gnu/libpthread-2.23.so
7fa168288000-7fa168289000 r--p 00017000 08:05 7869051                    /lib/x86_64-linux-gnu/libpthread-2.23.so
7fa168289000-7fa16828a000 rw-p 00018000 08:05 7869051                    /lib/x86_64-linux-gnu/libpthread-2.23.so
7fa16828a000-7fa16828e000 rw-p 00000000 00:00 0 
7fa16828e000-7fa1682b4000 r-xp 00000000 08:05 7868877                    /lib/x86_64-linux-gnu/ld-2.23.so
7fa1682b4000-7fa1682b5000 r--s 00000000 08:05 7999198                    /var/cache/fontconfig/0c9eb80ebd1c36541ebe2852d3bb0c49-le64.cache-6
7fa1682b5000-7fa1682b8000 r--s 00000000 08:05 7999215                    /var/cache/fontconfig/75114ca45c98e8a441da0ff356701271-le64.cache-6
7fa1682b8000-7fa1682bc000 r--s 00000000 08:05 7999322                    /var/cache/fontconfig/7ef2298fde41cc6eeb7af42e48b7d293-le64.cache-6
7fa1682bc000-7fa168394000 rw-p 00000000 00:00 0 
7fa168394000-7fa168397000 ---p 00000000 00:00 0 
7fa168397000-7fa168499000 rw-p 00000000 00:00 0 
7fa168499000-7fa16849c000 r--s 00000000 08:05 7999234                    /var/cache/fontconfig/e13b20fdb08344e0e664864cc2ede53d-le64.cache-6
7fa16849c000-7fa1684a3000 r--s 00000000 08:05 7736400                    /usr/lib/x86_64-linux-gnu/gconv/gconv-modules.cache
7fa1684a3000-7fa1684a8000 r--s 002f9000 08:05 5245943                    /home/nico/Escritorio/programacion II/Netbeans/jdk1.8.0_201/jre/lib/charsets.jar
7fa1684a8000-7fa1684b0000 rw-s 00000000 08:05 3933469                    /tmp/hsperfdata_nico/4615
7fa1684b0000-7fa1684b1000 rw-p 00000000 00:00 0 
7fa1684b1000-7fa1684b2000 r--p 00000000 00:00 0 
7fa1684b2000-7fa1684b3000 rw-p 00000000 00:00 0 
7fa1684b3000-7fa1684b4000 r--p 00025000 08:05 7868877                    /lib/x86_64-linux-gnu/ld-2.23.so
7fa1684b4000-7fa1684b5000 rw-p 00026000 08:05 7868877                    /lib/x86_64-linux-gnu/ld-2.23.so
7fa1684b5000-7fa1684b6000 rw-p 00000000 00:00 0 
7fff4d5ad000-7fff4d5ce000 rw-p 00000000 00:00 0                          [stack]
7fff4d5f9000-7fff4d5fc000 r--p 00000000 00:00 0                          [vvar]
7fff4d5fc000-7fff4d5fe000 r-xp 00000000 00:00 0                          [vdso]
ffffffffff600000-ffffffffff601000 r-xp 00000000 00:00 0                  [vsyscall]

VM Arguments:
jvm_args: -Dfile.encoding=UTF-8 
java_command: proyectointe.NewJFrame
java_class_path (initial): /home/nico/Escritorio/programacion II/ProyectoInte/build/classes
Launcher Type: SUN_STANDARD

Environment Variables:
PATH=/home/nico/bin:/home/nico/.local/bin:/usr/local/sbin:/usr/local/bin:/usr/sbin:/usr/bin:/sbin:/bin:/usr/games:/usr/local/games:/snap/bin
LD_LIBRARY_PATH=/home/nico/Escritorio/programacion II/Netbeans/jdk1.8.0_201/jre/lib/amd64:/home/nico/Escritorio/programacion II/Netbeans/jdk1.8.0_201/jre/lib/i386:
SHELL=/bin/bash
DISPLAY=:0

Signal Handlers:
SIGSEGV: [libjvm.so+0xad3e60], sa_mask[0]=11111111011111111101111111111110, sa_flags=SA_RESTART|SA_SIGINFO
SIGBUS: [libjvm.so+0xad3e60], sa_mask[0]=11111111011111111101111111111110, sa_flags=SA_RESTART|SA_SIGINFO
SIGFPE: [libjvm.so+0x90b880], sa_mask[0]=11111111011111111101111111111110, sa_flags=SA_RESTART|SA_SIGINFO
SIGPIPE: [libjvm.so+0x90b880], sa_mask[0]=11111111011111111101111111111110, sa_flags=SA_RESTART|SA_SIGINFO
SIGXFSZ: [libjvm.so+0x90b880], sa_mask[0]=11111111011111111101111111111110, sa_flags=SA_RESTART|SA_SIGINFO
SIGILL: [libjvm.so+0x90b880], sa_mask[0]=11111111011111111101111111111110, sa_flags=SA_RESTART|SA_SIGINFO
SIGUSR1: SIG_DFL, sa_mask[0]=00000000000000000000000000000000, sa_flags=none
SIGUSR2: [libjvm.so+0x90b750], sa_mask[0]=00100000000000000000000000000000, sa_flags=SA_RESTART|SA_SIGINFO
SIGHUP: [libjvm.so+0x90bd70], sa_mask[0]=11111111011111111101111111111110, sa_flags=SA_RESTART|SA_SIGINFO
SIGINT: SIG_IGN, sa_mask[0]=00000000000000000000000000000000, sa_flags=none
SIGTERM: [libjvm.so+0x90bd70], sa_mask[0]=11111111011111111101111111111110, sa_flags=SA_RESTART|SA_SIGINFO
SIGQUIT: [libjvm.so+0x90bd70], sa_mask[0]=11111111011111111101111111111110, sa_flags=SA_RESTART|SA_SIGINFO


---------------  S Y S T E M  ---------------

OS:DISTRIB_ID=Ubuntu
DISTRIB_RELEASE=16.04
DISTRIB_CODENAME=xenial
DISTRIB_DESCRIPTION="Ubuntu 16.04.4 LTS"

uname:Linux 4.13.0-36-generic #40~16.04.1-Ubuntu SMP Fri Feb 16 23:25:58 UTC 2018 x86_64
libc:glibc 2.23 NPTL 2.23 
rlimit: STACK 8192k, CORE 0k, NPROC 14959, NOFILE 1048576, AS infinity
load average:22,96 8,08 4,85

/proc/meminfo:
MemTotal:        3950336 kB
MemFree:         2694208 kB
MemAvailable:    2654384 kB
Buffers:            8700 kB
Cached:           272844 kB
SwapCached:            0 kB
Active:           894264 kB
Inactive:         222712 kB
Active(anon):     841660 kB
Inactive(anon):   143628 kB
Active(file):      52604 kB
Inactive(file):    79084 kB
Unevictable:          32 kB
Mlocked:              32 kB
SwapTotal:             0 kB
SwapFree:              0 kB
Dirty:              1064 kB
Writeback:           108 kB
AnonPages:        835720 kB
Mapped:           149760 kB
Shmem:            149572 kB
Slab:              64788 kB
SReclaimable:      32312 kB
SUnreclaim:        32476 kB
KernelStack:        8984 kB
PageTables:         9712 kB
NFS_Unstable:          0 kB
Bounce:                0 kB
WritebackTmp:          0 kB
CommitLimit:     1975168 kB
Committed_AS:    3803372 kB
VmallocTotal:   34359738367 kB
VmallocUsed:           0 kB
VmallocChunk:          0 kB
HardwareCorrupted:     0 kB
AnonHugePages:         0 kB
ShmemHugePages:        0 kB
ShmemPmdMapped:        0 kB
CmaTotal:              0 kB
CmaFree:               0 kB
HugePages_Total:       0
HugePages_Free:        0
HugePages_Rsvd:        0
HugePages_Surp:        0
Hugepagesize:       2048 kB
DirectMap4k:      129836 kB
DirectMap2M:     3975168 kB
DirectMap1G:     1048576 kB

container (cgroup) information:
container_type: cgroupv1
cpu_cpuset_cpus: 0-3
cpu_memory_nodes: 0
active_processor_count: 4
cpu_quota: -1
cpu_period: 100000
cpu_shares: -1
memory_limit_in_bytes: -1
memory_and_swap_limit_in_bytes: -2
memory_soft_limit_in_bytes: -1
memory_usage_in_bytes: 1144295424
memory_max_usage_in_bytes: 0


CPU:total 4 (initial active 4) (2 cores per cpu, 2 threads per core) family 6 model 61 stepping 4, cmov, cx8, fxsr, mmx, sse, sse2, sse3, ssse3, sse4.1, sse4.2, popcnt, avx, avx2, aes, clmul, erms, 3dnowpref, lzcnt, ht, tsc, tscinvbit, bmi1, bmi2, adx

/proc/cpuinfo:
processor	: 0
vendor_id	: GenuineIntel
cpu family	: 6
model		: 61
model name	: Intel(R) Core(TM) i3-5015U CPU @ 2.10GHz
stepping	: 4
microcode	: 0x19
cpu MHz		: 2095.133
cache size	: 3072 KB
physical id	: 0
siblings	: 4
core id		: 0
cpu cores	: 2
apicid		: 0
initial apicid	: 0
fpu		: yes
fpu_exception	: yes
cpuid level	: 20
wp		: yes
flags		: fpu vme de pse tsc msr pae mce cx8 apic sep mtrr pge mca cmov pat pse36 clflush dts acpi mmx fxsr sse sse2 ss ht tm pbe syscall nx pdpe1gb rdtscp lm constant_tsc arch_perfmon pebs bts rep_good nopl xtopology nonstop_tsc cpuid aperfmperf pni pclmulqdq dtes64 monitor ds_cpl vmx est tm2 ssse3 sdbg fma cx16 xtpr pdcm pcid sse4_1 sse4_2 x2apic movbe popcnt aes xsave avx f16c rdrand lahf_lm abm 3dnowprefetch cpuid_fault epb invpcid_single pti retpoline intel_pt tpr_shadow vnmi flexpriority ept vpid fsgsbase tsc_adjust bmi1 avx2 smep bmi2 erms invpcid rdseed adx smap xsaveopt dtherm arat pln pts
bugs		: cpu_meltdown spectre_v1 spectre_v2
bogomips	: 4190.26
clflush size	: 64
cache_alignment	: 64
address sizes	: 39 bits physical, 48 bits virtual
power management:

processor	: 1
vendor_id	: GenuineIntel
cpu family	: 6
model		: 61
model name	: Intel(R) Core(TM) i3-5015U CPU @ 2.10GHz
stepping	: 4
microcode	: 0x19
cpu MHz		: 2095.133
cache size	: 3072 KB
physical id	: 0
siblings	: 4
core id		: 1
cpu cores	: 2
apicid		: 2
initial apicid	: 2
fpu		: yes
fpu_exception	: yes
cpuid level	: 20
wp		: yes
flags		: fpu vme de pse tsc msr pae mce cx8 apic sep mtrr pge mca cmov pat pse36 clflush dts acpi mmx fxsr sse sse2 ss ht tm pbe syscall nx pdpe1gb rdtscp lm constant_tsc arch_perfmon pebs bts rep_good nopl xtopology nonstop_tsc cpuid aperfmperf pni pclmulqdq dtes64 monitor ds_cpl vmx est tm2 ssse3 sdbg fma cx16 xtpr pdcm pcid sse4_1 sse4_2 x2apic movbe popcnt aes xsave avx f16c rdrand lahf_lm abm 3dnowprefetch cpuid_fault epb invpcid_single pti retpoline intel_pt tpr_shadow vnmi flexpriority ept vpid fsgsbase tsc_adjust bmi1 avx2 smep bmi2 erms invpcid rdseed adx smap xsaveopt dtherm arat pln pts
bugs		: cpu_meltdown spectre_v1 spectre_v2
bogomips	: 4190.26
clflush size	: 64
cache_alignment	: 64
address sizes	: 39 bits physical, 48 bits virtual
power management:

processor	: 2
vendor_id	: GenuineIntel
cpu family	: 6
model		: 61
model name	: Intel(R) Core(TM) i3-5015U CPU @ 2.10GHz
stepping	: 4
microcode	: 0x19
cpu MHz		: 2095.133
cache size	: 3072 KB
physical id	: 0
siblings	: 4
core id		: 0
cpu cores	: 2
apicid		: 1
initial apicid	: 1
fpu		: yes
fpu_exception	: yes
cpuid level	: 20
wp		: yes
flags		: fpu vme de pse tsc msr pae mce cx8 apic sep mtrr pge mca cmov pat pse36 clflush dts acpi mmx fxsr sse sse2 ss ht tm pbe syscall nx pdpe1gb rdtscp lm constant_tsc arch_perfmon pebs bts rep_good nopl xtopology nonstop_tsc cpuid aperfmperf pni pclmulqdq dtes64 monitor ds_cpl vmx est tm2 ssse3 sdbg fma cx16 xtpr pdcm pcid sse4_1 sse4_2 x2apic movbe popcnt aes xsave avx f16c rdrand lahf_lm abm 3dnowprefetch cpuid_fault epb invpcid_single pti retpoline intel_pt tpr_shadow vnmi flexpriority ept vpid fsgsbase tsc_adjust bmi1 avx2 smep bmi2 erms invpcid rdseed adx smap xsaveopt dtherm arat pln pts
bugs		: cpu_meltdown spectre_v1 spectre_v2
bogomips	: 4190.26
clflush size	: 64
cache_alignment	: 64
address sizes	: 39 bits physical, 48 bits virtual
power management:

processor	: 3
vendor_id	: GenuineIntel
cpu family	: 6
model		: 61
model name	: Intel(R) Core(TM) i3-5015U CPU @ 2.10GHz
stepping	: 4
microcode	: 0x19
cpu MHz		: 2095.133
cache size	: 3072 KB
physical id	: 0
siblings	: 4
core id		: 1
cpu cores	: 2
apicid		: 3
initial apicid	: 3
fpu		: yes
fpu_exception	: yes
cpuid level	: 20
wp		: yes
flags		: fpu vme de pse tsc msr pae mce cx8 apic sep mtrr pge mca cmov pat pse36 clflush dts acpi mmx fxsr sse sse2 ss ht tm pbe syscall nx pdpe1gb rdtscp lm constant_tsc arch_perfmon pebs bts rep_good nopl xtopology nonstop_tsc cpuid aperfmperf pni pclmulqdq dtes64 monitor ds_cpl vmx est tm2 ssse3 sdbg fma cx16 xtpr pdcm pcid sse4_1 sse4_2 x2apic movbe popcnt aes xsave avx f16c rdrand lahf_lm abm 3dnowprefetch cpuid_fault epb invpcid_single pti retpoline intel_pt tpr_shadow vnmi flexpriority ept vpid fsgsbase tsc_adjust bmi1 avx2 smep bmi2 erms invpcid rdseed adx smap xsaveopt dtherm arat pln pts
bugs		: cpu_meltdown spectre_v1 spectre_v2
bogomips	: 4190.26
clflush size	: 64
cache_alignment	: 64
address sizes	: 39 bits physical, 48 bits virtual
power management:



Memory: 4k page, physical 3950336k(2694084k free), swap 0k(0k free)

vm_info: Java HotSpot(TM) 64-Bit Server VM (25.201-b09) for linux-amd64 JRE (1.8.0_201-b09), built on Dec 15 2018 11:35:59 by "java_re" with gcc 7.3.0

time: Tue Aug 27 09:50:03 2019
timezone: -03
elapsed time: 2180 seconds (0d 0h 36m 20s)

